- 18:56:03.477 INFO: Searching 12365503 column state sequences.

- 18:56:03.543 INFO: /var/www/html/services/NetSurfP-2.0/tmp/60159DA800005BF6B43D2CD9/0000_NP_001138574_1/0000_NP_001138574_1_INPUT.fasta is in A2M, A3M or FASTA format

- 18:56:03.543 INFO: Iteration 1

- 18:56:03.606 INFO: Prefiltering database

- 18:56:15.682 INFO: HMMs passed 1st prefilter (gapless profile-profile alignment)  : 233741

- 18:56:17.390 INFO: HMMs passed 2nd prefilter (gapped profile-profile alignment)   : 659

- 18:56:17.390 INFO: HMMs passed 2nd prefilter and not found in previous iterations : 659

- 18:56:17.390 INFO: Scoring 659 HMMs using HMM-HMM Viterbi alignment

- 18:56:17.621 INFO: Alternative alignment: 0

- 18:56:19.669 INFO: 659 alignments done

- 18:56:19.672 INFO: Alternative alignment: 1

- 18:56:19.824 INFO: 614 alignments done

- 18:56:19.825 INFO: Alternative alignment: 2

- 18:56:19.872 INFO: 99 alignments done

- 18:56:19.872 INFO: Alternative alignment: 3

- 18:56:19.894 INFO: 10 alignments done

- 18:56:20.017 INFO: Realigning 500 HMM-HMM alignments using Maximum Accuracy algorithm

- 18:56:21.025 INFO: 359 sequences belonging to 359 database HMMs found with an E-value < 0.001

- 18:56:21.026 INFO: Number of effective sequences of resulting query HMM: Neff = 5.99745

- 18:56:21.050 INFO: Iteration 2

- 18:56:21.123 INFO: Prefiltering database

- 18:56:33.040 INFO: HMMs passed 1st prefilter (gapless profile-profile alignment)  : 546122

- 18:56:37.869 INFO: HMMs passed 2nd prefilter (gapped profile-profile alignment)   : 7426

- 18:56:37.869 INFO: HMMs passed 2nd prefilter and not found in previous iterations : 7079

- 18:56:37.869 INFO: Scoring 7079 HMMs using HMM-HMM Viterbi alignment

- 18:56:38.092 INFO: Alternative alignment: 0

- 18:56:47.298 INFO: 2000 alignments done

- 18:56:58.940 INFO: 4000 alignments done

- 18:56:58.946 INFO: Stop after DB-HHM: 4000 because early stop  9.0997 < filter cutoff 20

- 18:56:58.946 INFO: Alternative alignment: 1

- 18:56:59.150 INFO: 580 alignments done

- 18:56:59.153 INFO: Alternative alignment: 2

- 18:56:59.223 INFO: 60 alignments done

- 18:56:59.223 INFO: Alternative alignment: 3

- 18:56:59.257 INFO: 9 alignments done

- 18:56:59.429 INFO: Rescoring previously found HMMs with Viterbi algorithm

- 18:56:59.587 INFO: Alternative alignment: 0

- 18:56:59.642 INFO: 347 alignments done

- 18:56:59.643 INFO: Alternative alignment: 1

- 18:56:59.702 INFO: 347 alignments done

- 18:56:59.703 INFO: Alternative alignment: 2

- 18:56:59.736 INFO: 28 alignments done

- 18:56:59.736 INFO: Alternative alignment: 3

- 18:56:59.751 INFO: 2 alignments done

- 18:56:59.882 INFO: Realigning 500 HMM-HMM alignments using Maximum Accuracy algorithm

- 18:57:00.716 INFO: 489 sequences belonging to 489 database HMMs found with an E-value < 0.001

- 18:57:00.716 INFO: Number of effective sequences of resulting query HMM: Neff = 6.57746

Query         0000_NP_001138574_1
Match_columns 320
No_of_seqs    658 out of 1248
Neff          6.57746
Searched_HMMs 7607
Date          Sat Jan 30 18:57:00 2021
Command       /tools/src/netsurfp-2.0/hhsuite/bin/hhblits -i /var/www/html/services/NetSurfP-2.0/tmp/60159DA800005BF6B43D2CD9/0000_NP_001138574_1/0000_NP_001138574_1_INPUT.fasta -o /dev/null -ohhm /var/www/html/services/NetSurfP-2.0/tmp/60159DA800005BF6B43D2CD9/0000_NP_001138574_1/0000_NP_001138574_1_PROFILE.hhm -n 2 -d /net/nas/storage/databases/userdb/netsurfp2-db/uniclust30_2017_04/uniclust30_2017_04 -oa3m /var/www/html/services/NetSurfP-2.0/tmp/60159DA800005BF6B43D2CD9/0000_NP_001138574_1/0000_NP_001138574_1_MSA.a3m -cpu 10 

 No Hit                             Prob E-value P-value  Score    SS Cols Query HMM  Template HMM
  1 tr|G1L9I9|G1L9I9_AILME Mothers 100.0  1E-130  5E-136  911.1   0.0  320    1-320    42-363 (363)
  2 tr|G3WGZ1|G3WGZ1_SARHA Mothers 100.0  2E-126  7E-132  889.9   0.0  316    1-320    51-367 (367)
  3 tr|I3N1J3|I3N1J3_ICTTR Mothers 100.0  3E-120  1E-125  890.4   0.0  318    1-320   110-472 (472)
  4 tr|S9WKJ9|S9WKJ9_CAMFR Mothers 100.0  3E-118  1E-123  827.4   0.0  313    2-320    41-403 (403)
  5 tr|G1RRB2|G1RRB2_NOMLE Mothers 100.0  9E-118  3E-123  841.8   0.0  320    1-320   292-611 (611)
  6 tr|A0A182V8X0|A0A182V8X0_ANOME 100.0  5E-116  2E-121  847.9   0.0  309    1-320   221-602 (602)
  7 tr|A0A182P6G2|A0A182P6G2_9DIPT 100.0  1E-108  4E-114  771.5   0.0  217   72-320   153-370 (370)
  8 tr|H2RRN0|H2RRN0_TAKRU Mothers 100.0  8E-108  3E-113  762.3   0.0  234    1-320   110-344 (344)
  9 tr|A0A146N3I3|A0A146N3I3_FUNHE 100.0  7E-106  2E-111  759.6   0.0  319    1-320   173-593 (593)
 10 tr|W8VLJ6|W8VLJ6_LACAG Mothers 100.0  2E-103  6E-109  721.8   0.0  272    9-284     1-315 (315)
 11 tr|A0A0P8XDS3|A0A0P8XDS3_DROAN 100.0  3E-103  1E-108  740.4   0.0  306    1-320   248-581 (581)
 12 tr|A0A0M3J077|A0A0M3J077_ANISI 100.0  3E-102  1E-107  731.4   0.0  309    1-320    30-377 (377)
 13 tr|H2YHM4|H2YHM4_CIOSA Mothers 100.0  1E-101  4E-107  747.3   0.0  207  114-320   422-629 (629)
 14 tr|A0A139WG04|A0A139WG04_TRICA 100.0  2E-101  5E-107  732.8   0.0  304    1-320   120-454 (620)
 15 tr|J9JYM8|J9JYM8_ACYPI Unchara 100.0  4E-101  2E-106  695.1   0.0  236   73-320     5-240 (240)
 16 tr|A0A094ZEM0|A0A094ZEM0_SCHHA 100.0  7E-100  3E-105  728.7   0.0  208  113-320   447-654 (654)
 17 tr|A0A0N5E392|A0A0N5E392_TRIMR 100.0 1.1E-98  4E-104  707.9   0.0  311    1-320   233-560 (560)
 18 tr|A0A154PB00|A0A154PB00_9HYME 100.0 1.7E-98  6E-104  749.4   0.0  311    1-320  1115-1464(1464)
 19 tr|W6V6H0|W6V6H0_ECHGR Mothers 100.0 1.8E-98  7E-104  727.8   0.0  236   73-320   452-687 (687)
 20 tr|L7TA28|L7TA28_SCHMD Smad2/3 100.0 3.2E-98  1E-103  678.5   0.0  299    1-314     5-326 (327)
 21 tr|A0A139WG28|A0A139WG28_TRICA 100.0 4.5E-98  2E-103  721.5   0.0  304    1-320   455-789 (789)
 22 tr|A0A074Z266|A0A074Z266_9TREM 100.0 2.3E-97  8E-103  717.0   0.0  205  116-320   459-663 (663)
 23 tr|A0A146VGV2|A0A146VGV2_FUNHE 100.0 6.5E-93 2.3E-98  660.1   0.0  278    1-278   105-383 (477)
 24 tr|A0A0N4W0X8|A0A0N4W0X8_HAEPC 100.0 9.8E-93 3.6E-98  630.5   0.0  256    1-320    13-273 (273)
 25 tr|A0A0V1BXV2|A0A0V1BXV2_TRISP 100.0 2.5E-92 8.8E-98  719.0   0.0  309    1-319  1551-1871(2548)
 26 tr|A0A0X3P7H7|A0A0X3P7H7_SCHSO 100.0 8.1E-89 2.8E-94  646.8   0.0  204  117-320   420-623 (623)
 27 tr|A0A1A6GWV5|A0A1A6GWV5_NEOLE 100.0 2.2E-87 7.8E-93  599.1   0.0  206  113-318    79-284 (315)
 28 tr|A0A068XT08|A0A068XT08_HYMMI 100.0 2.4E-85 8.5E-91  625.5   0.0  204  117-320   451-654 (654)
 29 tr|M7AZU2|M7AZU2_CHEMY Mothers 100.0 3.2E-85 1.1E-90  612.1   0.0  277   25-308    29-349 (505)
 30 tr|S9X2D9|S9X2D9_CAMFR Mothers 100.0 1.4E-84 4.9E-90  607.1   0.0  247    1-318    73-319 (498)
 31 tr|A0A068YE11|A0A068YE11_ECHMU 100.0   2E-84   7E-90  626.6   0.0  203  117-319   457-659 (774)
 32 tr|A0A095BWC9|A0A095BWC9_SCHHA 100.0 2.8E-84   1E-89  576.0   0.0  208  113-320    65-273 (273)
 33 tr|A0A068WJL1|A0A068WJL1_ECHGR 100.0 4.9E-84 1.7E-89  625.2   0.0  203  117-319   481-683 (798)
 34 tr|A0A143WDL7|A0A143WDL7_BLAGE 100.0 2.3E-83   1E-88  646.0   0.0  190  122-311   417-644 (651)
 35 tr|I1FWP2|I1FWP2_AMPQE Mothers 100.0 3.4E-83 1.2E-88  592.2   0.0  240    1-316   114-353 (447)
 36 tr|M7AN31|M7AN31_CHEMY Mothers 100.0 3.4E-82 1.2E-87  600.2   0.0  272    1-280   106-386 (601)
 37 tr|A0A0Q3LY59|A0A0Q3LY59_AMAAE 100.0 7.6E-82 2.8E-87  609.9   0.0  191  122-312   373-601 (607)
 38 tr|T1KH52|T1KH52_TETUR Unchara 100.0 1.8E-81 6.2E-87  562.6   0.0  209  112-320   113-321 (321)
 39 tr|Q70TA8|Q70TA8_ECHMU Mothers 100.0 3.9E-81 1.4E-86  567.4   0.0  201  120-320   117-318 (318)
 40 tr|A0A158QUQ9|A0A158QUQ9_9CEST 100.0   6E-81 2.1E-86  599.0   0.0  206  115-320   482-709 (709)
 41 tr|A0A0N5ANC1|A0A0N5ANC1_9BILA 100.0 5.4E-78 2.1E-83  570.7   0.0  183  124-311   211-427 (432)
 42 tr|A0A091LKR7|A0A091LKR7_CATAU 100.0 7.9E-78 3.1E-83  563.4   0.0  183  116-309   191-377 (377)
 43 tr|A0A1D5NWW6|A0A1D5NWW6_CHICK 100.0 1.3E-77 4.7E-83  570.0   0.0  192  121-312   258-494 (500)
 44 tr|A0A158QG17|A0A158QG17_HYMDI 100.0 3.3E-77 1.1E-82  553.9   0.0  206  115-320   253-458 (458)
 45 tr|A0A183E8C5|A0A183E8C5_9BILA 100.0 2.5E-75 8.6E-81  529.7   0.0  207  113-319   155-361 (362)
 46 tr|S9YEN5|S9YEN5_CAMFR Mothers 100.0 3.5E-75 1.2E-80  544.2   0.0  288    1-312   162-490 (496)
 47 tr|A0A0D6LHI7|A0A0D6LHI7_9BILA 100.0 2.9E-74 1.1E-79  483.2   0.0  165  129-320     2-166 (166)
 48 tr|G4M186|G4M186_SCHMA Smad1,  100.0 6.6E-74 2.3E-79  562.4   0.0  269    1-320   712-981 (981)
 49 tr|A0A0R3WMU1|A0A0R3WMU1_HYDTA 100.0 7.8E-74 2.8E-79  541.9   0.0  205  116-320   360-576 (576)
 50 tr|A0A146ZGG0|A0A146ZGG0_FUNHE 100.0 2.5E-73 8.6E-79  527.6   0.0  197  122-318   253-449 (451)
 51 tr|Q9CRR7|Q9CRR7_MOUSE Mothers 100.0 3.7E-71 1.5E-76  525.7   0.0  226    1-290   107-377 (377)
 52 tr|H2WL73|H2WL73_CAEJA Dwarfin 100.0 4.1E-71 1.6E-76  512.4   0.0  214    1-266   107-334 (334)
 53 tr|A0A1D1WA18|A0A1D1WA18_RAMVA 100.0 5.3E-71 1.8E-76  487.8   0.0  207  114-320    70-277 (277)
 54 tr|G7YQV8|G7YQV8_CLOSI Mitogen 100.0 7.2E-71 2.5E-76  556.2   0.0  203  116-318  1525-1727(1727)
 55 tr|A0A1B6LR12|A0A1B6LR12_9HEMI 100.0 4.5E-69 1.6E-74  520.8   0.0  190  122-311   537-764 (771)
 56 tr|A0A0B7APG9|A0A0B7APG9_9EUPU 100.0 5.3E-69 2.1E-74  488.2   0.0  205    1-205    34-264 (265)
 57 tr|A0A0F8AVI9|A0A0F8AVI9_LARCR 100.0 7.2E-69 2.5E-74  535.0   0.0  191  122-312  1054-1282(1288)
 58 tr|A0A0V0J6U0|A0A0V0J6U0_SCHSO 100.0 7.9E-69 2.8E-74  474.3   0.0  199  122-320    79-278 (278)
 59 tr|A0A146UPC3|A0A146UPC3_FUNHE 100.0 5.6E-68   2E-73  477.0   0.0  197  122-318    74-324 (326)
 60 tr|I1G7F7|I1G7F7_AMPQE Mothers 100.0 1.2E-67 4.3E-73  507.7   0.0  313    2-318   379-702 (704)
 61 tr|A0A158QVE2|A0A158QVE2_9CEST 100.0 2.8E-67 1.1E-72  465.0   0.0  188  123-310     6-239 (240)
 62 tr|U6P368|U6P368_HAECO Mothers 100.0 6.2E-67 2.2E-72  526.0   0.0  203  117-319   299-501 (1574)
 63 tr|A0A060Y004|A0A060Y004_ONCMY 100.0 1.5E-66 5.4E-72  459.2   0.0  197   73-278    65-262 (274)
 64 tr|A0A183K2K5|A0A183K2K5_9TREM 100.0   2E-66 7.1E-72  477.4   0.0  202  119-320   205-407 (407)
 65 tr|Q4T1H9|Q4T1H9_TETNG Mothers 100.0   2E-66 7.2E-72  497.4   0.0  179  122-311   408-590 (595)
 66 tr|A0A068XFU7|A0A068XFU7_HYMMI 100.0 5.2E-66 1.8E-71  475.8   0.0  198  123-320   219-417 (417)
 67 tr|A0A1B0B381|A0A1B0B381_9MUSC 100.0 5.9E-66 2.1E-71  507.2   0.0  190  122-311   644-867 (874)
 68 tr|G5E0U9|G5E0U9_9PIPI Mothers 100.0 1.2E-65 4.3E-71  443.5   0.0  183  119-320    18-201 (201)
 69 tr|H3AI41|H3AI41_LATCH Unchara 100.0 2.3E-65 8.6E-71  477.5   0.0  189  123-311   179-405 (412)
 70 tr|A0A182H6G8|A0A182H6G8_AEDAL 100.0 2.5E-65 8.9E-71  499.8   0.0  190  122-311   667-889 (897)
 71 tr|A0A0V1EVX9|A0A0V1EVX9_TRIPS 100.0 7.3E-65 2.6E-70  498.1   0.0  190  122-311   712-938 (941)
 72 tr|E4Y741|E4Y741_OIKDI Mothers 100.0 1.1E-64 3.9E-70  485.3   0.0  288    1-315    58-347 (661)
 73 tr|G4VAI1|G4VAI1_SCHMA Putativ 100.0 1.2E-64 4.2E-70  478.8   0.0  202  119-320   357-559 (559)
 74 tr|A0A182RUB1|A0A182RUB1_ANOFN 100.0 1.5E-64 5.1E-70  497.5   0.0  190  122-311   764-984 (991)
 75 tr|A0A0V1L6I1|A0A0V1L6I1_9BILA 100.0 2.2E-64 7.7E-70  494.6   0.0  190  122-311   707-933 (936)
 76 tr|A0A182FSF8|A0A182FSF8_ANOAL 100.0 2.6E-64 9.2E-70  498.1   0.0  190  122-311   852-1072(1079)
 77 tr|V8NXX3|V8NXX3_OPHHA Mothers 100.0 3.6E-64 1.2E-69  408.7   0.0  140  117-319     2-142 (142)
 78 tr|A0A182UCW7|A0A182UCW7_9DIPT 100.0 4.3E-64 1.6E-69  447.4   0.0  177  124-311    71-251 (258)
 79 tr|A0A1A9U2W8|A0A1A9U2W8_ANOST 100.0 4.8E-64 1.7E-69  495.9   0.0  190  122-311   836-1056(1063)
 80 tr|A0A182HTV9|A0A182HTV9_ANOAR 100.0 4.8E-64 1.7E-69  496.5   0.0  190  122-311   862-1082(1089)
 81 tr|A0A182P637|A0A182P637_9DIPT 100.0 1.1E-63 3.7E-69  492.9   0.0  190  122-311   816-1036(1043)
 82 tr|G7Y6W2|G7Y6W2_CLOSI Mothers 100.0 3.2E-63 1.1E-68  466.3   0.0  206  115-320   311-517 (517)
 83 tr|A0A1I8HKN7|A0A1I8HKN7_9PLAT 100.0 4.4E-63 1.6E-68  461.0   0.0  187  125-311   183-406 (464)
 84 tr|G5C5G3|G5C5G3_HETGA Mothers 100.0 4.7E-63 2.2E-68  439.0   0.0  173  120-297     4-181 (183)
 85 tr|A0A0R3S6L7|A0A0R3S6L7_9BILA 100.0 8.4E-63 3.2E-68  465.0   0.0  197  118-319   226-422 (423)
 86 tr|A0A151X5F3|A0A151X5F3_9HYME 100.0 1.4E-62 4.8E-68  491.6   0.0  190  122-311  1118-1340(1347)
 87 tr|A0A1S3RQM5|A0A1S3RQM5_SALSA 100.0 2.5E-62 8.8E-68  425.3   0.0  134  187-320   103-236 (236)
 88 tr|A0A146Z808|A0A146Z808_FUNHE 100.0 2.6E-62   9E-68  448.4   0.0  190  122-311   153-380 (387)
 89 tr|A0A1S3J4E9|A0A1S3J4E9_LINUN 100.0 5.9E-62 2.1E-67  444.6   0.0  190  122-311   136-363 (374)
 90 tr|A0A0M3K4Z9|A0A0M3K4Z9_ANISI 100.0 1.6E-61 6.1E-67  487.5   0.0  190  122-311   660-905 (911)
 91 tr|A0A182DX11|A0A182DX11_ONCOC 100.0 2.4E-61 8.5E-67  476.4   0.0  187  122-308   720-944 (955)
 92 tr|A0A0N5A8D4|A0A0N5A8D4_9BILA 100.0 4.5E-61 1.6E-66  427.6   0.0  206  114-319    84-290 (291)
 93 tr|G3SC38|G3SC38_GORGO Mothers 100.0 7.3E-61 3.2E-66  463.2   0.0  170  122-298   231-400 (401)
 94 tr|U1M5E5|U1M5E5_ASCSU Mothers 100.0 1.2E-60 4.5E-66  465.5   0.0  179  122-308   478-688 (697)
 95 tr|W8CCH4|W8CCH4_CERCA Mothers 100.0 1.8E-60 6.2E-66  445.0   0.0  190  122-311   249-472 (479)
 96 tr|T1GAI3|T1GAI3_MEGSC Unchara 100.0 5.6E-60   2E-65  403.8   0.0  172   73-255    29-200 (205)
 97 tr|A0A1I8H0F8|A0A1I8H0F8_9PLAT 100.0 6.7E-60 2.4E-65  443.2   0.0  143  176-318   174-316 (447)
 98 tr|A8X7T9|A8X7T9_CAEBR Dwarfin 100.0   7E-60 2.8E-65  465.7   0.0  185  123-309   379-597 (603)
 99 tr|A0A1I8C053|A0A1I8C053_MELHA 100.0   1E-59 3.6E-65  432.7   0.0  206  115-320   186-399 (399)
100 tr|U4TVN6|U4TVN6_DENPD Unchara 100.0 1.4E-59 4.7E-65  427.3   0.0  191  122-312   123-351 (357)
101 tr|A0A067QH14|A0A067QH14_ZOONE 100.0   1E-59 5.1E-65  449.2   0.0  168  122-297   138-306 (308)
102 tr|A0A0P5F4U1|A0A0P5F4U1_9CRUS 100.0 1.5E-59 5.4E-65  435.7   0.0  190  122-311   208-435 (442)
103 tr|A0A177AS11|A0A177AS11_9METZ 100.0 1.9E-59 7.3E-65  384.1   0.0  133  184-320     2-134 (134)
104 tr|A0A146RAS9|A0A146RAS9_FUNHE 100.0 4.3E-59 1.5E-64  416.2   0.0  168  112-279    26-194 (298)
105 tr|F1DT95|F1DT95_SCHMD Smad4 O 100.0 8.4E-59 2.9E-64  420.0   0.0  190  122-311    80-309 (339)
106 tr|A0A183HJJ1|A0A183HJJ1_9BILA 100.0 1.2E-58 4.1E-64  405.9   0.0  184  118-301    35-222 (253)
107 tr|E5RZD1|E5RZD1_TRISP Putativ 100.0 1.4E-58   5E-64  429.5   0.0  190  122-311   222-442 (445)
108 tr|A0A183UKG8|A0A183UKG8_TOXCA 100.0 2.3E-58 8.8E-64  452.3   0.0  188  121-308   428-651 (659)
109 tr|H2KTB1|H2KTB1_CLOSI Mothers 100.0 5.6E-58   2E-63  414.9   0.0  190  122-311    39-307 (341)
110 tr|Q4SJG4|Q4SJG4_TETNG Mothers 100.0 5.6E-58   2E-63  441.8   0.0  190  122-311   296-517 (629)
111 tr|A0A0D6M079|A0A0D6M079_9BILA 100.0 5.9E-58 2.1E-63  396.6   0.0  184  119-306    31-217 (217)
112 tr|E0W3Y2|E0W3Y2_PEDHC Protein 100.0 9.2E-58 3.8E-63  424.5   0.0  180    1-188   111-300 (300)
113 tr|A0A060YVG3|A0A060YVG3_ONCMY 100.0 1.1E-57 3.8E-63  389.9   0.0  134  187-320    72-205 (205)
114 tr|A0A183BIR5|A0A183BIR5_GLOPA 100.0 1.1E-57   4E-63  401.6   0.0  198  112-320    65-263 (263)
115 tr|A0A151NFJ8|A0A151NFJ8_ALLMI 100.0 2.9E-57 1.2E-62  405.0   0.0  169  122-298    46-214 (215)
116 tr|A0A146PEC6|A0A146PEC6_FUNHE 100.0 1.1E-56 3.9E-62  430.4   0.0  170  123-298   341-510 (511)
117 tr|A0A016T9K9|A0A016T9K9_9BILA 100.0 3.4E-56 1.3E-61  443.2   0.0  187  123-311   586-828 (842)
118 tr|G0NK68|G0NK68_CAEBE Dwarfin 100.0 3.2E-55 1.3E-60  427.4   0.0  207  114-320   344-557 (557)
119 tr|A0A087XK77|A0A087XK77_POEFO 100.0 3.2E-55 1.3E-60  425.9   0.0  169  123-297   301-504 (506)
120 tr|C1LFV7|C1LFV7_SCHJA MAD hom 100.0 4.1E-55 1.4E-60  409.0   0.0  191  122-312   170-418 (447)
121 tr|A0A183E549|A0A183E549_9BILA 100.0 4.9E-55 1.7E-60  379.7   0.0  174  119-304     1-176 (233)
122 tr|L9JA14|L9JA14_TUPCH Mothers 100.0 5.1E-55 1.8E-60  388.4   0.0  134  187-320   152-285 (285)
123 tr|A0A0P5ZKV9|A0A0P5ZKV9_9CRUS 100.0 5.6E-55   2E-60  412.3   0.0  182  122-303   272-491 (534)
124 tr|Q5DBJ6|Q5DBJ6_SCHJA SJCHGC0 100.0 1.9E-54 6.6E-60  370.7   0.0  150  112-261    56-206 (207)
125 tr|A0A183AQB8|A0A183AQB8_9TREM 100.0   2E-54   7E-60  380.4   0.0  144  177-320   115-258 (258)
126 tr|A0A0R3R1U4|A0A0R3R1U4_9BILA 100.0 3.7E-53 1.3E-58  383.1   0.0  185  119-319   149-333 (334)
127 tr|A0A0P7WFH3|A0A0P7WFH3_9TELE 100.0 1.6E-52 6.3E-58  407.5   0.0  117  129-245   328-448 (497)
128 tr|A0A0K0EDX7|A0A0K0EDX7_STRER 100.0 2.2E-52 8.1E-58  405.4   0.0  189  121-309   434-657 (660)
129 tr|A0A1I7YCX1|A0A1I7YCX1_9BILA 100.0 1.1E-51 3.7E-57  396.7   0.0  186  123-308   431-649 (656)
130 tr|A0A1S3QMC6|A0A1S3QMC6_SALSA 100.0 4.2E-50 1.5E-55  316.8   0.0  114  167-280     1-114 (114)
131 tr|R4GHM2|R4GHM2_CHICK Unchara 100.0 4.3E-50 1.6E-55  366.3   0.0  169  123-297   131-299 (300)
132 tr|A0A0N4X714|A0A0N4X714_HAEPC 100.0 1.8E-49 6.5E-55  359.0   0.0  211    1-245    65-287 (297)
133 tr|A0A146UMC8|A0A146UMC8_FUNHE 100.0 3.2E-49 1.1E-54  363.1   0.0  189  120-308    67-386 (387)
134 tr|A0A146ZHR0|A0A146ZHR0_FUNHE 100.0 4.1E-49 1.4E-54  365.5   0.0  188  120-307    86-330 (424)
135 tr|A0A146UMT4|A0A146UMT4_FUNHE 100.0   9E-49 3.1E-54  361.2   0.0  187  120-306    86-329 (398)
136 tr|G3ULK3|G3ULK3_LOXAF Mothers 100.0 1.1E-48 3.9E-54  368.0   0.0  171  121-297   234-404 (405)
137 tr|E4XWJ6|E4XWJ6_OIKDI Unchara 100.0 1.2E-48 4.3E-54  361.0   0.0  187  123-309    63-256 (406)
138 tr|A0A1D5PJL5|A0A1D5PJL5_CHICK 100.0 6.5E-48 2.4E-53  347.8   0.0  169  123-297   120-288 (290)
139 tr|B3KYA8|B3KYA8_HUMAN cDNA FL 100.0   7E-48 2.6E-53  341.8   0.0  170  122-297    68-237 (238)
140 tr|L5LF53|L5LF53_MYODS Protein 100.0   2E-47 7.3E-53  366.9   0.0  170  122-297   441-610 (612)
141 tr|A0A0R3U5G2|A0A0R3U5G2_9CEST 100.0 4.1E-46 1.5E-51  322.0   0.0  139  182-320    24-218 (218)
142 tr|C3ZFF5|C3ZFF5_BRAFL Mothers 100.0 7.1E-46 2.5E-51  363.6   0.0  170  121-296   681-851 (854)
143 tr|S9XCE8|S9XCE8_CAMFR Mothers 100.0 1.2E-45 4.3E-51  335.7   0.0   98  184-281   142-239 (343)
144 tr|E4XF28|E4XF28_OIKDI Mothers 100.0 2.3E-45 8.1E-51  331.9   0.0  196  123-319   123-322 (323)
145 tr|A0A158R528|A0A158R528_9BILA 100.0 3.1E-45 1.1E-50  371.5   0.0  175  123-299   934-1136(1136)
146 tr|A0A0N5ALG2|A0A0N5ALG2_9BILA 100.0 5.4E-45 1.9E-50  330.9   0.0  196  123-319   102-318 (319)
147 tr|A0A158QKX9|A0A158QKX9_HAEPC 100.0 1.1E-44   4E-50  338.1   0.0  164  145-309   155-348 (387)
148 tr|B4GDZ0|B4GDZ0_DROPE Mothers 100.0 1.4E-44 5.8E-50  356.7   0.0  165  124-296   336-505 (508)
149 tr|A0A1I8FSD9|A0A1I8FSD9_9PLAT 100.0 1.8E-44 6.3E-50  334.0   0.0  183  114-314   225-409 (410)
150 tr|A0A0N4U9G2|A0A0N4U9G2_DRAME 100.0 4.3E-44 1.5E-49  331.4   0.0  196  114-309   202-397 (408)
151 tr|W5K8C6|W5K8C6_ASTMX Unchara 100.0 1.4E-43 5.3E-49  301.1   0.0  131  182-312     1-168 (174)
152 tr|A0A0N4YSH1|A0A0N4YSH1_NIPBR 100.0 4.7E-43 1.6E-48  298.3   0.0  155  135-289     1-158 (191)
153 tr|H2VPQ3|H2VPQ3_CAEJA Unchara 100.0 9.4E-43 3.3E-48  312.9   0.0  208  113-320    91-301 (301)
154 tr|A0A183CPN8|A0A183CPN8_GLOPA 100.0 1.1E-42   4E-48  312.5   0.0  197  113-309    75-289 (302)
155 tr|G3HQJ4|G3HQJ4_CRIGR Mothers 100.0 2.6E-42 9.6E-48  308.3   0.0  165  123-293    79-243 (256)
156 tr|A0A1I9GAH3|A0A1I9GAH3_BRUMA 100.0 3.2E-42 1.1E-47  276.1   0.0  118  115-232     6-123 (124)
157 tr|A0A158NLE2|A0A158NLE2_ATTCE 100.0 7.3E-42 2.6E-47  317.4   0.0  169  124-296   218-390 (393)
158 tr|D2GYU3|D2GYU3_AILME Putativ 100.0 1.2E-41   4E-47  324.6   0.0  170  122-297   394-563 (565)
159 tr|A0A195F1C0|A0A195F1C0_9HYME 100.0   4E-41 1.4E-46  322.8   0.0  169  124-296   380-552 (555)
160 tr|U3IBC8|U3IBC8_ANAPL Mothers 100.0 9.2E-41 3.2E-46  279.2   0.0   70  120-189    96-165 (166)
161 tr|A0A0K2TUL2|A0A0K2TUL2_LEPSM 100.0 1.2E-40 4.5E-46  292.6   0.0  168  124-298    33-202 (215)
162 tr|W2TEU3|W2TEU3_NECAM MH2 dom 100.0 1.6E-40 5.7E-46  293.8   0.0  197  122-318    35-239 (241)
163 tr|I1FGT6|I1FGT6_AMPQE Mothers 100.0 1.7E-40 5.8E-46  297.2   0.0  139  120-258   146-285 (288)
164 tr|B0W697|B0W697_CULQU Smad4 O 100.0 2.4E-40 8.3E-46  285.9   0.0  136  176-311    11-177 (213)
165 tr|U6NX60|U6NX60_HAECO Mothers 100.0 4.1E-40 1.5E-45  325.6   0.0  186  121-308   723-940 (941)
166 tr|A0A154NYQ8|A0A154NYQ8_9HYME 100.0 5.9E-40 2.1E-45  309.8   0.0  168  124-296   319-494 (497)
167 tr|W4XF34|W4XF34_STRPU Unchara 100.0 6.3E-40 2.2E-45  290.9   0.0  169  123-299    97-265 (266)
168 tr|A0A091KMM4|A0A091KMM4_COLST 100.0 1.7E-39 6.4E-45  269.8   0.0  135  152-296     4-138 (139)
169 tr|A0A183UTS2|A0A183UTS2_TOXCA 100.0 2.3E-39 7.9E-45  265.7   0.0  134  187-320     3-144 (144)
170 tr|A0A1A9X1J9|A0A1A9X1J9_9MUSC 100.0 2.7E-39 9.5E-45  323.5   0.0  130  182-311   975-1136(1143)
171 tr|A0A0P4WNK2|A0A0P4WNK2_9CRUS 100.0 2.9E-39   1E-44  297.3   0.0  153  122-274   123-313 (374)
172 tr|S7QBV3|S7QBV3_MYOBR Mothers 100.0 3.5E-39 1.2E-44  279.6   0.0  125  181-305    10-170 (218)
173 tr|L9L2Q5|L9L2Q5_TUPCH Mothers 100.0 3.5E-39 1.2E-44  301.2   0.0  173  119-297   265-437 (438)
174 tr|A0A0C2GM82|A0A0C2GM82_9BILA 100.0 7.2E-39 2.7E-44  309.0   0.0  198  123-320   315-528 (528)
175 tr|A0A0K0FC00|A0A0K0FC00_9BILA 100.0   6E-38 2.2E-43  287.8   0.0  197  116-314   117-314 (321)
176 tr|V5FXH6|V5FXH6_ANOGL Mothers 100.0 1.2E-37 4.4E-43  278.8   0.0  121  122-242   159-283 (286)
177 tr|A0A1I8GN38|A0A1I8GN38_9PLAT 100.0 1.9E-37 6.6E-43  273.2   0.0  183  123-308    49-237 (248)
178 tr|K1QIR4|K1QIR4_CRAGI Mothers 100.0 3.8E-37 1.3E-42  276.3   0.0  167  124-296   122-288 (291)
179 tr|A0A0K0DFM2|A0A0K0DFM2_ANGCA 100.0 4.1E-37 1.5E-42  265.8   0.0  149  160-308     7-184 (189)
180 tr|D6WRP2|D6WRP2_TRICA SMAD fa 100.0 4.6E-37 1.6E-42  278.8   0.0  187  125-313   130-319 (323)
181 tr|A0A1B6FLX0|A0A1B6FLX0_9HEMI 100.0 6.3E-37 2.2E-42  280.4   0.0  127  122-248   203-333 (352)
182 tr|A0A0N4VV20|A0A0N4VV20_HAEPC 100.0 7.6E-37 2.7E-42  281.5   0.0  186  123-308   148-341 (342)
183 tr|A0A183FBF4|A0A183FBF4_HELBK 100.0   1E-36 3.5E-42  252.1   0.0  120  181-300    28-149 (151)
184 tr|A0A1I7RHS1|A0A1I7RHS1_BURXY 100.0 2.1E-36 7.3E-42  274.0   0.0  187  124-311    75-263 (316)
185 tr|A0A183CG27|A0A183CG27_GLOPA 100.0 2.1E-36 7.4E-42  300.1   0.0  184  126-309   744-945 (958)
186 tr|A0A183T8N2|A0A183T8N2_SCHSO 100.0 2.4E-36 8.5E-42  251.4   0.0  118  122-239     8-129 (158)
187 tr|G5C2B0|G5C2B0_HETGA Mothers 100.0 2.7E-36 9.3E-42  278.3   0.0  164    1-168   106-312 (378)
188 tr|A0A162S1Y3|A0A162S1Y3_9CRUS 100.0 4.1E-36 1.4E-41  286.0   0.0  169  124-296   300-533 (536)
189 tr|A0A0K8VRS6|A0A0K8VRS6_BACLA 100.0 7.5E-36 2.7E-41  281.5   0.0  168  123-296   258-430 (432)
190 tr|G6CR51|G6CR51_DANPL Mothers 100.0 1.2E-35 4.2E-41  276.5   0.0  162  123-296   246-412 (415)
191 tr|A0A183G3K6|A0A183G3K6_HELBK 100.0 2.4E-35 8.5E-41  282.0   0.0  179  122-302   289-499 (518)
192 tr|A0A183B8C1|A0A183B8C1_9TREM 100.0 3.1E-35 1.1E-40  253.8   0.0  116  122-237    56-175 (207)
193 tr|A0A146ZGA8|A0A146ZGA8_FUNHE 100.0 4.4E-35 1.5E-40  254.4   0.0  144  161-304    19-217 (217)
194 tr|A0A0N0BFF6|A0A0N0BFF6_9HYME 100.0 6.9E-35 2.4E-40  281.3   0.0  168  124-296   365-540 (628)
195 tr|A0A0D8XDC7|A0A0D8XDC7_DICVI 100.0 8.4E-35 2.9E-40  238.5   0.0  113  188-300    25-139 (141)
196 tr|A0A183NN14|A0A183NN14_9TREM 100.0 1.3E-34 4.6E-40  253.5   0.0  136  172-307     5-196 (232)
197 tr|A0A1L8F5B3|A0A1L8F5B3_XENLA 100.0 1.4E-34   5E-40  264.1   0.0  146  123-297   183-328 (338)
198 tr|E9IJM6|E9IJM6_SOLIN Putativ 100.0 1.6E-34 5.5E-40  260.0   0.0  169  124-296     4-238 (294)
199 tr|K7GLI5|K7GLI5_PIG Uncharact 100.0 2.1E-34 7.2E-40  246.8   0.0   87    1-173   107-194 (194)
200 tr|A0A1S3PWF0|A0A1S3PWF0_SALSA 100.0 3.8E-34 1.3E-39  224.2   0.0   96   92-187     2-97  (104)
201 tr|H3EZI2|H3EZI2_PRIPA Unchara 100.0 1.7E-33 5.9E-39  243.8   0.0  163    1-318    29-202 (211)
202 tr|A0A182YZ59|A0A182YZ59_BIOGL 100.0 2.5E-33 8.8E-39  259.8   0.0  110  189-299   268-377 (390)
203 tr|A0A1I8F9A2|A0A1I8F9A2_9PLAT 100.0 3.1E-33 1.1E-38  264.4   0.0  260    1-313   215-483 (484)
204 tr|A0A1I8MSR2|A0A1I8MSR2_MUSDO 100.0 5.1E-33 1.9E-38  271.8   0.0  166  122-296   467-642 (645)
205 tr|A0A158QJF9|A0A158QJF9_HYMNN  99.9 1.6E-32 5.7E-38  256.5   0.0  118  120-237   231-352 (424)
206 tr|A0A0B1SI70|A0A0B1SI70_OESDE  99.9 2.2E-32 7.7E-38  232.2   0.0  127  119-245    20-149 (180)
207 tr|A0A158R528|A0A158R528_9BILA  99.9 6.2E-32 2.3E-37  276.4   0.0  172  122-300   402-596 (1136)
208 tr|A0A0S7I3T3|A0A0S7I3T3_9TELE  99.9 8.2E-32 2.9E-37  229.2   0.0  100  196-295    48-182 (182)
209 tr|S9YPX9|S9YPX9_CAMFR Mothers  99.9 8.7E-32 3.1E-37  236.7   0.0  133  161-297   104-236 (237)
210 tr|A0A1I8GHQ6|A0A1I8GHQ6_9PLAT  99.9 1.8E-31 6.4E-37  269.5   0.0  184  123-309  1034-1223(1233)
211 tr|A0A0P5ECT5|A0A0P5ECT5_9CRUS  99.9 6.2E-31 2.2E-36  249.8   0.0   81  123-203   390-473 (499)
212 tr|H0YL71|H0YL71_HUMAN Mothers  99.9 6.4E-31 2.2E-36  202.3   0.0   91    1-91      1-91  (92)
213 tr|A0A0N4YBE7|A0A0N4YBE7_NIPBR  99.9 6.5E-31 2.3E-36  250.5   0.0  100  120-219   339-441 (472)
214 tr|A0A0S7IK52|A0A0S7IK52_9TELE  99.9 8.9E-31 3.1E-36  218.6   0.0  118  176-297    37-155 (157)
215 tr|A0A131YKD8|A0A131YKD8_RHIAP  99.9 1.1E-30 3.8E-36  234.2   0.0  168  121-296    90-270 (277)
216 tr|A0A146UIW1|A0A146UIW1_FUNHE  99.9 1.3E-30 4.7E-36  218.1   0.0  130  161-290    19-160 (160)
217 tr|A0A183RP08|A0A183RP08_9TREM  99.9 1.5E-30 5.2E-36  236.4   0.0  114  119-232   199-313 (313)
218 tr|A0A0N4V0U9|A0A0N4V0U9_ENTVE  99.9 1.8E-30 6.3E-36  250.0   0.0  181  122-302   328-533 (585)
219 tr|A0A0S7J2H0|A0A0S7J2H0_9TELE  99.9 4.7E-30 1.6E-35  204.0   0.0   82  112-193    23-105 (112)
220 tr|G0PLJ0|G0PLJ0_CAEBE Putativ  99.9 5.4E-30   2E-35  242.8   0.0  197  122-320   198-412 (412)
221 tr|A0A1I8H0F8|A0A1I8H0F8_9PLAT  99.9 6.2E-30 2.2E-35  243.4   0.0  112  181-292   311-422 (447)
222 tr|A0A1S3RP49|A0A1S3RP49_SALSA  99.9 6.5E-30 2.3E-35  205.1   0.0   81  112-192    24-105 (119)
223 tr|A0A0R3TUF2|A0A0R3TUF2_HYMNN  99.9 7.5E-30 2.6E-35  244.9   0.0   71  117-187   487-557 (559)
224 tr|A0A061I3U8|A0A061I3U8_CRIGR  99.9 1.5E-29 5.4E-35  204.5   0.0   89  187-275     9-97  (125)
225 tr|A0A1I8AF83|A0A1I8AF83_9BILA  99.9 1.7E-29 5.8E-35  237.5   0.0  154  114-267   232-390 (439)
226 tr|I1F199|I1F199_AMPQE Unchara  99.9   2E-29   7E-35  221.8   0.0  126  187-312    70-224 (234)
227 tr|F5GUE5|F5GUE5_CAEEL Unchara  99.9 2.1E-29 7.3E-35  230.4   0.0  195  114-309   121-321 (331)
228 tr|A0A1I7ZSS5|A0A1I7ZSS5_9BILA  99.9 2.4E-29 8.4E-35  240.7   0.0  187  123-310   338-525 (538)
229 tr|G3IM29|G3IM29_CRIGR Mothers  99.9   5E-29 1.8E-34  209.0   0.0   91  184-274    68-159 (161)
230 tr|R0LV88|R0LV88_ANAPL Mothers  99.9   6E-29 2.1E-34  213.2   0.0  117  123-242    57-173 (190)
231 tr|A0A1I7ZRW6|A0A1I7ZRW6_9BILA  99.9 8.5E-29   3E-34  227.8   0.0  187  123-310   115-336 (349)
232 tr|A0A0M3KC66|A0A0M3KC66_ANISI  99.9 9.2E-29 3.2E-34  207.8   0.0   64  257-320   100-163 (163)
233 tr|A0A183GK81|A0A183GK81_HELBK  99.9 1.9E-28 6.6E-34  203.4   0.0  121  183-303    20-142 (149)
234 tr|H3DTR3|H3DTR3_PRIPA Mothers  99.9   3E-28   1E-33  226.8   0.0   96  122-217   290-387 (391)
235 tr|V9LBG1|V9LBG1_CALMI Mothers  99.9   3E-28 1.1E-33  218.4   0.0  100    1-100   119-219 (273)
236 tr|G3IN07|G3IN07_CRIGR Mothers  99.9 4.6E-28 1.6E-33  190.6   0.0   82  111-192    14-96  (104)
237 tr|A0A0R3Q5E3|A0A0R3Q5E3_9BILA  99.9 4.7E-28 1.7E-33  226.0   0.0  142    1-146   136-347 (347)
238 tr|A0A1I8F8W2|A0A1I8F8W2_9PLAT  99.9 1.3E-27 4.6E-33  233.4   0.0  194  115-310   157-381 (682)
239 tr|A0A0K3AVK9|A0A0K3AVK9_CAEEL  99.9 1.3E-27 5.2E-33  245.0   0.0  188  122-311   655-875 (895)
240 tr|S4RHE4|S4RHE4_PETMA Unchara  99.9 1.6E-27 5.8E-33  194.7   0.0   88    1-91     38-125 (128)
241 tr|A0A1I7SQS2|A0A1I7SQS2_BURXY  99.9 3.9E-27 1.4E-32  224.3   0.0  114  124-237   327-446 (494)
242 tr|H3EAD5|H3EAD5_PRIPA Unchara  99.9 5.3E-27 1.9E-32  197.3   0.0  129  161-320    32-162 (162)
243 tr|A0A1B1W2F1|A0A1B1W2F1_RANSY  99.9 6.7E-27 2.3E-32  179.6   0.0   83  161-243     1-85  (89)
244 tr|A0A183R143|A0A183R143_9TREM  99.9 1.6E-26 5.6E-32  172.5   0.0   56  254-315     4-59  (75)
245 tr|A0A0F5BW85|A0A0F5BW85_PRIPA  99.9 3.6E-26 1.3E-31  220.9   0.0  187  123-309   347-569 (585)
246 tr|A0A1I8AZR2|A0A1I8AZR2_MELHA  99.9 1.4E-25 4.8E-31  227.7   0.0  164  123-286   488-704 (1204)
247 tr|A0A0P5AW03|A0A0P5AW03_9CRUS  99.9 1.4E-25 5.2E-31  220.3   0.0   61  122-182   453-515 (515)
248 tr|A0A1A6HPR2|A0A1A6HPR2_NEOLE  99.9 1.8E-25 6.6E-31  203.6   0.0   70    1-70    134-209 (260)
249 tr|E4XXS7|E4XXS7_OIKDI Unchara  99.8 3.3E-25 1.1E-30  201.9   0.0  193  116-310    93-304 (307)
250 tr|A0A183S0S5|A0A183S0S5_9TREM  99.8 4.3E-25 1.5E-30  173.7   0.0   79  115-193    11-89  (102)
251 tr|A0A074Z2G5|A0A074Z2G5_9TREM  99.8 3.8E-24 1.3E-29  197.2   0.0  101  117-217     2-103 (339)
252 tr|A0A077SP58|A0A077SP58_9METZ  99.8 8.8E-24 3.3E-29  202.5   0.0  174  123-299   234-418 (421)
253 tr|A0A183BC70|A0A183BC70_9TREM  99.8 9.7E-24 3.4E-29  179.9   0.0   75  114-188    97-171 (175)
254 tr|B0W698|B0W698_CULQU Smad4 O  99.8 1.4E-23   5E-29  206.7   0.0   61  122-182   661-723 (723)
255 tr|A0A183WHP2|A0A183WHP2_TRIRE  99.8 1.5E-23 5.4E-29  161.8   0.0   78  115-192    10-88  (90)
256 tr|S9XXU8|S9XXU8_CAMFR Unchara  99.8 1.9E-23 6.7E-29  199.5   0.0   87  188-274   262-348 (488)
257 tr|K7H3R6|K7H3R6_CAEJA Unchara  99.8 2.1E-23 7.5E-29  197.0   0.0  193  123-316   227-428 (432)
258 tr|A0A0N4VXZ0|A0A0N4VXZ0_HAEPC  99.8 6.8E-23 2.4E-28  150.9   0.0   57  245-301     4-60  (68)
259 tr|A0A0C2GAQ4|A0A0C2GAQ4_9BILA  99.8 8.9E-23 3.1E-28  162.6   0.0   72  121-192    25-96  (109)
260 tr|A0A0C2J427|A0A0C2J427_THEKT  99.8 9.9E-23 3.5E-28  193.4   0.0  121  124-244   273-397 (452)
261 tr|V8NCH2|V8NCH2_OPHHA Unchara  99.8   2E-22 6.8E-28  169.9   0.0   71    1-71      1-71  (159)
262 tr|K7JPP0|K7JPP0_NASVI Unchara  99.8 2.1E-22 7.5E-28  176.2   0.0  186  124-311     8-198 (212)
263 tr|H3FQN4|H3FQN4_PRIPA Unchara  99.8 3.3E-22 1.1E-27  172.1   0.0  130  184-313     1-166 (185)
264 tr|E4XWJ7|E4XWJ7_OIKDI Unchara  99.8 3.5E-22 1.2E-27  185.2   0.0  154  121-274   131-300 (350)
265 tr|A0A146UJB4|A0A146UJB4_FUNHE  99.8 3.7E-22 1.3E-27  158.5   0.0   80  225-304    17-106 (106)
266 tr|A0A183DJT2|A0A183DJT2_9BILA  99.8 3.7E-22 1.3E-27  170.3   0.0   75  113-187    75-149 (173)
267 tr|A0A146UMG4|A0A146UMG4_FUNHE  99.8 6.4E-22 2.2E-27  181.5   0.0   97  120-216    67-168 (315)
268 tr|A0A1I8J4D9|A0A1I8J4D9_9PLAT  99.7 1.4E-21 5.1E-27  176.5   0.0  113  129-241   129-246 (263)
269 tr|A0A1I7XIY6|A0A1I7XIY6_HETBA  99.7 3.2E-21 1.1E-26  189.6   0.0  119  190-308   268-393 (672)
270 tr|A0A183HJL3|A0A183HJL3_9BILA  99.7 3.5E-21 1.2E-26  136.2   0.0   38  264-301     1-38  (54)
271 tr|A0A183EJT0|A0A183EJT0_9BILA  99.7   4E-21 1.4E-26  152.3   0.0   61  243-303    34-95  (104)
272 tr|M7BIZ5|M7BIZ5_CHEMY Mothers  99.7 6.6E-21 2.3E-26  163.4   0.0   56  256-311   116-171 (178)
273 tr|A0A068X427|A0A068X427_HYMMI  99.7 1.1E-20 3.9E-26  162.0   0.0   55  257-311    83-137 (178)
274 tr|X1XTL8|X1XTL8_ACYPI Unchara  99.7 1.5E-20 5.3E-26  160.3   0.0  100  181-280    35-170 (170)
275 tr|A0A1I8BEY2|A0A1I8BEY2_MELHA  99.7 1.7E-20 5.8E-26  156.1   0.0  120  135-308     1-128 (142)
276 tr|A0A177B2H4|A0A177B2H4_9METZ  99.7 1.8E-20 6.3E-26  189.0   0.0   61  121-181   890-952 (952)
277 tr|A0A0X3PVD1|A0A0X3PVD1_SCHSO  99.7 2.9E-20   1E-25  167.7   0.0   67    1-67    111-196 (244)
278 tr|K7HHP2|K7HHP2_CAEJA Unchara  99.7 3.3E-20 1.2E-25  161.5   0.0  126    1-162    69-196 (198)
279 tr|A0A023ZSQ8|A0A023ZSQ8_SCHMD  99.7 4.3E-20 1.5E-25  142.4   0.0   52  257-308    20-71  (87)
280 tr|A0A1I7SZS5|A0A1I7SZS5_9PELO  99.7   5E-20 1.8E-25  188.9   0.0  185  123-309  1024-1241(1264)
281 tr|A0A183TED5|A0A183TED5_SCHSO  99.7 5.6E-20   2E-25  162.0   0.0   56  256-311    63-118 (218)
282 tr|A0A0D6LLY3|A0A0D6LLY3_9BILA  99.7 5.8E-20   2E-25  160.0   0.0  136  127-262    27-170 (198)
283 tr|T1GA92|T1GA92_MEGSC Unchara  99.7 7.3E-20 2.5E-25  152.1   0.0   90   70-171    49-140 (140)
284 tr|A8XFY2|A8XFY2_CAEBR Dwarfin  99.7 1.2E-19 4.2E-25  176.9   0.0  134  116-251   328-462 (585)
285 tr|H3DXH7|H3DXH7_PRIPA Unchara  99.6 1.7E-19 5.8E-25  157.7   0.0  183  123-307     3-193 (203)
286 tr|A0A060WJ39|A0A060WJ39_ONCMY  99.6 1.7E-19 5.9E-25  123.5   0.0   42  279-320     4-45  (45)
287 tr|A0A1I7X747|A0A1I7X747_HETBA  99.6 2.2E-19 7.9E-25  146.9   0.0   74  115-188    52-126 (126)
288 tr|A0A1D1V6X0|A0A1D1V6X0_RAMVA  99.6 7.2E-19 2.5E-24  169.9   0.0  164  123-297   332-506 (515)
289 tr|A0A061I3U1|A0A061I3U1_CRIGR  99.6 7.6E-19 2.8E-24  158.8   0.0  103  173-275    91-193 (239)
290 tr|L5LWB0|L5LWB0_MYODS Mothers  99.6   1E-18 3.7E-24  131.3   0.0   58  256-313    12-69  (74)
291 tr|E1FWQ5|E1FWQ5_LOALO MH1 dom  99.6 3.9E-18 1.4E-23  165.7   0.0   65  122-186   454-522 (543)
292 tr|A0A183FA99|A0A183FA99_HELBK  99.5 5.9E-18 2.1E-23  131.7   0.0   72  119-190     6-78  (90)
293 tr|A0A0B6XXC7|A0A0B6XXC7_9EUPU  99.5 6.3E-18 2.3E-23  119.7   0.0   51   10-61      1-51  (51)
294 tr|A0A068CMY8|A0A068CMY8_HOFMI  99.5 8.3E-18 2.9E-23  155.9   0.0  163  121-296   161-327 (328)
295 tr|V8NEJ4|V8NEJ4_OPHHA Mothers  99.5 9.5E-18 3.3E-23  152.3   0.0   51    1-51    110-160 (272)
296 tr|A0A132A3X8|A0A132A3X8_SARSC  99.5 1.1E-17 3.8E-23  142.6   0.0  122  173-296    39-163 (164)
297 tr|G3W274|G3W274_SARHA Unchara  99.5 1.2E-17   4E-23  125.6   0.0   59  184-242    10-68  (73)
298 tr|A0A0P6C975|A0A0P6C975_9CRUS  99.5 2.7E-17 9.3E-23  160.7   0.0  116  124-239   215-394 (566)
299 tr|A0A0R3TZ94|A0A0R3TZ94_HYMNN  99.5 2.9E-17   1E-22  128.7   0.0   43  256-298    50-92  (93)
300 tr|A0A1I7SGQ1|A0A1I7SGQ1_BURXY  99.5 4.3E-17 1.5E-22  129.7   0.0   53  256-308    47-100 (102)
301 tr|A0A146UJG4|A0A146UJG4_FUNHE  99.5 4.6E-17 1.6E-22  151.6   0.0  103  115-217    71-260 (338)
302 tr|W4XBJ1|W4XBJ1_STRPU Unchara  99.5 7.7E-17 2.7E-22  151.6   0.0  168  123-298   177-350 (371)
303 tr|S9WTH2|S9WTH2_CAMFR Unchara  99.5 8.5E-17   3E-22  126.8   0.0   78  123-202     7-85  (96)
304 tr|A0A183EBJ0|A0A183EBJ0_9BILA  99.5 8.8E-17 3.1E-22  134.1   0.0   81  113-193    54-134 (139)
305 tr|A0A182ZZL3|A0A182ZZL3_9TREM  99.5 8.9E-17 3.1E-22  132.2   0.0   46  256-301    72-117 (126)
306 tr|A0A0N4XPL5|A0A0N4XPL5_NIPBR  99.5 9.2E-17 3.2E-22  125.5   0.0   70  183-252     7-78  (91)
307 tr|A0A1B6HPU7|A0A1B6HPU7_9HEMI  99.4 1.5E-16 5.1E-22  138.7   0.0   55  122-176   133-189 (190)
308 tr|A0A183GVC6|A0A183GVC6_HELBK  99.4 7.7E-16 2.7E-21  125.9   0.0   43    1-43     46-89  (120)
309 tr|A0A177B3C0|A0A177B3C0_9METZ  99.4 8.3E-16 2.9E-21  151.2   0.0   52  117-168   225-276 (592)
310 tr|A0A0D8XET4|A0A0D8XET4_DICVI  99.4 9.5E-16 3.3E-21  148.4   0.0  125  122-248   348-473 (491)
311 tr|A0A1S3K648|A0A1S3K648_LINUN  99.3 3.1E-15 1.1E-20  156.1   0.0  184  120-310  1109-1298(1445)
312 tr|A0A0C2GZZ4|A0A0C2GZZ4_9BILA  99.3 4.2E-15 1.5E-20  122.4   0.0   43    1-43     45-88  (124)
313 tr|A0A0R3SQD1|A0A0R3SQD1_HYMDI  99.3 4.5E-15 1.6E-20  133.2   0.0   65  123-187   166-231 (235)
314 tr|A0A183WHY2|A0A183WHY2_TRIRE  99.3 4.6E-15 1.6E-20  138.9   0.0   68  119-186   274-342 (342)
315 tr|S9X3L4|S9X3L4_CAMFR Unchara  99.3 7.3E-15 2.5E-20  127.8   0.0   29    1-29    107-135 (182)
316 tr|A0A0C2G807|A0A0C2G807_9BILA  99.3 8.2E-15 2.9E-20  122.5   0.0   43    1-43     49-92  (137)
317 tr|E3M5B7|E3M5B7_CAERE Putativ  99.2 1.8E-14 6.3E-20  135.5   0.0  196  123-319   131-351 (352)
318 tr|A0A0C2H6A0|A0A0C2H6A0_9BILA  99.2 2.1E-14 7.2E-20  119.3   0.0   67  119-185    20-87  (130)
319 tr|W2TZZ7|W2TZZ7_NECAM Unchara  99.2 3.7E-14 1.3E-19  110.0   0.0   38    6-43      1-39  (84)
320 tr|A0A0R3UL14|A0A0R3UL14_9CEST  99.2   4E-14 1.5E-19  131.0   0.0  173  124-298    33-248 (258)
321 tr|D6W7H1|D6W7H1_TRICA Unchara  99.2 4.2E-14 1.7E-19  142.1   0.0  178  121-306    51-234 (453)
322 tr|A0A183E550|A0A183E550_9BILA  99.2 5.1E-14 1.8E-19  117.2   0.0   44    1-44      4-48  (131)
323 tr|A0A0R3UL18|A0A0R3UL18_9CEST  99.2 9.9E-14 3.5E-19  128.7   0.0   69  123-191   121-190 (305)
324 tr|G0NB70|G0NB70_CAEBE CBN-SMA  99.1 1.2E-13 4.3E-19  121.1   0.0   44    1-44    103-147 (178)
325 tr|I1EIV8|I1EIV8_AMPQE Unchara  99.1 1.8E-13 6.2E-19   94.8   0.0   37  264-300     1-37  (45)
326 tr|G3INE2|G3INE2_CRIGR Mothers  99.1 2.8E-13 9.9E-19  111.0   0.0   30    1-30     59-88  (117)
327 tr|A0A0R3PF73|A0A0R3PF73_ANGCS  99.1 4.9E-13 1.7E-18  118.8   0.0  101  132-232    91-191 (208)
328 tr|A0A0N5C457|A0A0N5C457_STREA  99.0 7.4E-13 2.6E-18  134.4   0.0  185  124-309   476-713 (807)
329 tr|A0A1D1VJB4|A0A1D1VJB4_RAMVA  99.0 8.4E-13 2.9E-18  129.9   0.0  175  122-303   103-285 (544)
330 tr|A0A183WLH9|A0A183WLH9_TRIRE  99.0 8.9E-13 3.1E-18   95.8   0.0   53  183-235     5-57  (57)
331 tr|A0A1I8C675|A0A1I8C675_9BILA  99.0 9.6E-13 3.4E-18  137.5   0.0  199  117-320  1080-1283(1283)
332 tr|A0A068XPH7|A0A068XPH7_HYMMI  99.0 1.3E-12 4.5E-18  122.6   0.0  172  124-297   108-316 (326)
333 tr|A0A1E1WL89|A0A1E1WL89_PECGO  99.0 1.4E-12 4.9E-18  114.6   0.0   41    1-41    107-147 (188)
334 tr|A0A0N4ZWP2|A0A0N4ZWP2_PARTI  99.0 1.8E-12 6.2E-18  131.7   0.0  182  124-309   475-712 (802)
335 tr|A0A0S7HJ33|A0A0S7HJ33_9TELE  99.0   2E-12 7.9E-18  113.5   0.0   30    1-30    105-134 (147)
336 tr|A0A0K0E0W2|A0A0K0E0W2_STRER  98.9 3.1E-12 1.1E-17  130.0   0.0  184  124-309   475-712 (806)
337 tr|S9XVF1|S9XVF1_CAMFR Mothers  98.9 4.8E-12 1.7E-17  111.9   0.0   29    1-29    166-194 (195)
338 tr|Q8C2Z0|Q8C2Z0_MOUSE Putativ  98.9 5.4E-12 1.9E-17  111.5   0.0   29    1-29    106-134 (194)
339 tr|H2X8H8|H2X8H8_CAEJA Unchara  98.9 6.9E-12 2.4E-17  101.8   0.0   57  257-313    32-89  (107)
340 tr|A0A183VSB0|A0A183VSB0_TRIRE  98.8 1.1E-11   4E-17  120.2   0.0   40    1-40    104-143 (448)
341 tr|A0A0N4XRS6|A0A0N4XRS6_NIPBR  98.8 1.1E-11   4E-17  107.0   0.0   38    1-38     25-63  (163)
342 tr|G7YI42|G7YI42_CLOSI Mothers  98.8 1.2E-11 4.1E-17  116.9   0.0   42    1-42    111-152 (339)
343 tr|A0A0N0PDF5|A0A0N0PDF5_PAPMA  98.8 2.4E-11   9E-17  112.2   0.0  182  120-318    31-223 (242)
344 tr|G4VFA9|G4VFA9_SCHMA Mothers  98.7 5.7E-11   2E-16  121.6   0.0  173  122-296   517-768 (780)
345 tr|N6U1Y2|N6U1Y2_DENPD Unchara  98.7 6.7E-11 2.5E-16  105.3   0.0   31    1-31    111-141 (173)
346 tr|E9IJM6|E9IJM6_SOLIN Putativ  98.7 7.2E-11 2.5E-16  110.1   0.0   43  253-296   249-291 (294)
347 tr|E4XDI6|E4XDI6_OIKDI Unchara  98.7 8.6E-11   3E-16  105.9   0.0  179  124-311    15-196 (220)
348 tr|V5IIQ1|V5IIQ1_IXORI Putativ  98.6 1.4E-10 5.3E-16  114.3   0.0   30    1-30    111-140 (405)
349 tr|A0A183DW38|A0A183DW38_9BILA  98.6 1.6E-10 5.7E-16  111.5   0.0   43  115-157   333-375 (403)
350 tr|K7EEQ4|K7EEQ4_ORNAN Unchara  98.6 1.8E-10 6.4E-16   99.0   0.0   31    1-31    112-142 (153)
351 tr|A0A183BFK0|A0A183BFK0_9TREM  98.6 1.8E-10 6.7E-16  103.0   0.0   29    1-29    111-139 (180)
352 tr|A0A0P6INP4|A0A0P6INP4_9CRUS  98.6 2.1E-10 7.2E-16   99.4   0.0   30    1-30     89-118 (161)
353 tr|A0A183VAU6|A0A183VAU6_TOXCA  98.6   2E-10 8.3E-16  115.9   0.0  160  121-296   245-408 (412)
354 tr|A0A1I8A7D8|A0A1I8A7D8_9BILA  98.6 2.8E-10 9.7E-16  113.8   0.0  120  129-248   360-482 (590)
355 tr|H3FWS7|H3FWS7_PRIPA Mothers  98.6 3.2E-10 1.1E-15  109.2   0.0  162  123-295   201-368 (388)
356 tr|A0A182SRK2|A0A182SRK2_9DIPT  98.6 3.8E-10 1.3E-15   96.2   0.0   28    1-28     44-71  (142)
357 tr|A0A183SH89|A0A183SH89_SCHSO  98.5 4.6E-10 1.6E-15  107.9   0.0   40    1-40    133-182 (379)
358 tr|A0A182ZYS9|A0A182ZYS9_BIOGL  98.5   5E-10 1.8E-15  107.8   0.0   32    1-32    108-139 (387)
359 tr|G5DY37|G5DY37_9PIPI Putativ  98.5 5.4E-10 1.9E-15   96.5   0.0   95   33-131    19-155 (155)
360 tr|A0A1B6IJF9|A0A1B6IJF9_9HEMI  98.5 5.9E-10 2.1E-15   95.6   0.0   27    4-30      1-27  (148)
361 tr|A8WXH4|A8WXH4_CAEBR Protein  98.5 6.8E-10 2.4E-15  109.3   0.0  156  124-283   276-451 (486)
362 tr|D2HZV6|D2HZV6_AILME Putativ  98.5 9.1E-10 3.2E-15  102.6   0.0   30    1-30    250-279 (281)
363 tr|A0A183XPD6|A0A183XPD6_WUCBA  98.4 1.4E-09 5.4E-15  103.0   0.0  177  123-306    67-259 (273)
364 tr|E4XBL2|E4XBL2_OIKDI Unchara  98.4 1.6E-09 5.4E-15  109.9   0.0  182  124-307   400-606 (670)
365 tr|A0A131ZAZ5|A0A131ZAZ5_RHIAP  98.4 1.7E-09   6E-15  102.3   0.0   30    1-30    120-149 (308)
366 tr|A0A183LW78|A0A183LW78_9TREM  98.4 1.9E-09 6.9E-15   93.0   0.0   29    1-29    107-135 (137)
367 tr|A7SFA9|A7SFA9_NEMVE Predict  98.4 1.9E-09   7E-15   90.4   0.0   29    1-29     85-113 (113)
368 tr|S4RVK9|S4RVK9_PETMA Unchara  98.4 2.1E-09 7.6E-15  102.3   0.0   30    1-30    111-140 (305)
369 tr|T1PQI6|T1PQI6_MUSDO MH1 dom  98.4 2.6E-09 9.1E-15   99.2   0.0   39    1-39    156-194 (255)
370 tr|A0A0Q5VPH7|A0A0Q5VPH7_DROER  98.4 2.7E-09   1E-14  114.3   0.0  176  122-304    52-234 (1029)
371 tr|A0A0R3WP47|A0A0R3WP47_HYDTA  98.4   3E-09   1E-14   94.5   0.0   29    1-29    119-147 (186)
372 tr|A0A183D880|A0A183D880_9BILA  98.3 3.2E-09 1.1E-14   80.8   0.0   29    1-29     36-64  (69)
373 tr|A0A068CRN2|A0A068CRN2_HOFMI  98.3 3.7E-09 1.3E-14   99.9   0.0  162  121-299   147-309 (310)
374 tr|A0A1B6D1E1|A0A1B6D1E1_9HEMI  98.3 3.9E-09 1.4E-14  100.1   0.0  181  122-309    84-269 (321)
375 tr|A0A0F5C291|A0A0F5C291_PRIPA  98.3   4E-09 1.4E-14   96.1   0.0   26  120-145   201-226 (226)
376 tr|A0A194QRV1|A0A194QRV1_PAPMA  98.3 4.7E-09 1.6E-14  109.1   0.0   50  154-203   867-918 (919)
377 tr|A0A183JDC7|A0A183JDC7_9TREM  98.3   5E-09 1.8E-14  106.0   0.0  111  186-296   418-592 (604)
378 tr|A0A0P6BFH2|A0A0P6BFH2_9CRUS  98.3 5.1E-09 1.8E-14  106.4   0.0  172  122-303   155-332 (576)
379 tr|A0A1B6H975|A0A1B6H975_9HEMI  98.2 8.1E-09 2.8E-14  101.6   0.0   30    1-30    313-342 (458)
380 tr|W8BNZ5|W8BNZ5_CERCA Mothers  98.2 8.8E-09 3.1E-14   96.9   0.0   30    1-30    139-168 (296)
381 tr|A0A183W0V8|A0A183W0V8_TRIRE  98.2   1E-08 3.6E-14  100.3   0.0  115  182-296   246-416 (428)
382 tr|N6T8V7|N6T8V7_DENPD Unchara  98.2 9.9E-09 3.6E-14   98.2   0.0  174  122-306    13-192 (302)
383 tr|A0A1J1IK81|A0A1J1IK81_9DIPT  98.2 1.1E-08   4E-14  106.8   0.0  174  123-304   510-691 (961)
384 tr|A0A1I7S0X0|A0A1I7S0X0_BURXY  98.2 1.2E-08   4E-14  107.7   0.0  182  125-308   871-1078(1110)
385 tr|A0A1I8NID1|A0A1I8NID1_MUSDO  98.2 1.2E-08 4.2E-14  108.7   0.0  176  122-304    52-234 (1332)
386 tr|A0A183X4F2|A0A183X4F2_TRIRE  98.2 1.4E-08 4.9E-14   92.1   0.0   28    2-29    115-142 (215)
387 tr|A0A074ZPY9|A0A074ZPY9_9TREM  98.2 1.6E-08 5.7E-14  104.3   0.0  117  180-296   650-784 (795)
388 tr|A0A1I8CD03|A0A1I8CD03_9BILA  98.2 1.6E-08 5.7E-14  100.3   0.0  187  123-309   218-441 (495)
389 tr|A0A0D6M322|A0A0D6M322_9BILA  98.1 2.2E-08 7.6E-14   95.3   0.0   75  162-236   174-251 (320)
390 tr|A0A183BGD5|A0A183BGD5_9TREM  98.1 2.5E-08 8.7E-14   91.3   0.0   29    1-29    138-166 (228)
391 tr|A9URE2|A9URE2_MONBE Predict  98.1 2.6E-08 9.3E-14   99.2   0.0  169  124-305   333-504 (512)
392 tr|A0A183BCM9|A0A183BCM9_9TREM  98.1 3.1E-08 1.1E-13   96.2   0.0  127  177-306   235-379 (386)
393 tr|A0A0N0P9E4|A0A0N0P9E4_PAPXU  98.1 3.3E-08 1.1E-13  103.2   0.0   30    1-30    299-328 (910)
394 tr|E5RZD0|E5RZD0_TRISP Mothers  98.1 3.3E-08 1.2E-13   92.1   0.0   29    2-30    220-248 (264)
395 tr|G3UX42|G3UX42_MOUSE Mothers  98.1 3.4E-08 1.2E-13   92.0   0.0   44  123-168   221-264 (264)
396 tr|A0A0M4E7Z2|A0A0M4E7Z2_DROBS  98.1 3.5E-08 1.2E-13  101.8   0.0  177  122-305    52-233 (778)
397 tr|A0A183UEJ0|A0A183UEJ0_TOXCA  98.0 4.2E-08 1.5E-13  101.5   0.0  166  123-295    72-253 (799)
398 tr|M7BIZ5|M7BIZ5_CHEMY Mothers  98.0 4.4E-08 1.5E-13   86.9   0.0   28    4-31     75-102 (178)
399 tr|A0A090L8K3|A0A090L8K3_STRRB  98.0 5.2E-08 1.8E-13  100.7   0.0  166  124-308   472-692 (783)
400 tr|A0A183EKH5|A0A183EKH5_9BILA  98.0 5.4E-08 1.9E-13   84.9   0.0   31    1-31     81-111 (157)
401 tr|A0A0D6LFA7|A0A0D6LFA7_9BILA  98.0 5.5E-08 1.9E-13   84.4   0.0   41    1-41     84-126 (151)
402 tr|A0A0M3JWC1|A0A0M3JWC1_ANISI  98.0 7.8E-08 2.7E-13  101.8   0.0  172  123-301    71-258 (1094)
403 tr|I3RSU2|I3RSU2_SCHMD SMED-SM  97.9 9.2E-08 3.2E-13   85.3   0.0  106  189-296    60-168 (182)
404 tr|A8XM33|A8XM33_CAEBR Protein  97.9   1E-07 3.6E-13   98.7   0.0  174  122-303    46-231 (747)
405 tr|K1RJT3|K1RJT3_CRAGI Myosin-  97.9 1.1E-07 3.7E-13  100.6   0.0  176  122-304   709-890 (1058)
406 tr|A0A194PVD1|A0A194PVD1_PAPXU  97.9   1E-07 3.8E-13   97.7   0.0  128  168-302   169-304 (631)
407 tr|H3FD85|H3FD85_PRIPA Unchara  97.9 1.1E-07 3.9E-13   97.5   0.0  169  123-299    23-196 (693)
408 tr|A0A0M3IQL2|A0A0M3IQL2_ASCLU  97.9 1.4E-07 4.9E-13   79.0   0.0   28    2-29     80-107 (117)
409 tr|A0A1P6C4E5|A0A1P6C4E5_BRUMA  97.9 1.6E-07 5.7E-13   85.3   0.0   39    2-41    107-145 (210)
410 tr|A0A0K0FZ08|A0A0K0FZ08_9BILA  97.9 1.7E-07 6.2E-13  101.1   0.0  181  123-311    55-248 (1338)
411 tr|A0A183I261|A0A183I261_9BILA  97.9 1.8E-07 6.2E-13   91.1   0.0   31    1-31    187-217 (383)
412 tr|A0A146UIT4|A0A146UIT4_FUNHE  97.8 2.3E-07 8.2E-13   79.7   0.0   45  115-159    72-116 (138)
413 tr|A0A0B2UZF0|A0A0B2UZF0_TOXCA  97.8 2.8E-07 1.1E-12   92.7   0.0  166  119-306    52-220 (382)
414 tr|A0A0P5DXU8|A0A0P5DXU8_9CRUS  97.8 3.4E-07 1.2E-12   90.2   0.0  172  121-302    48-225 (421)
415 tr|A0A0M3KIE1|A0A0M3KIE1_ANISI  97.8 3.4E-07 1.2E-12   79.6   0.0   29    2-30    105-133 (148)
416 tr|E0AHB1|E0AHB1_CAEEL Unchara  97.8 3.4E-07 1.2E-12   96.4   0.0  175  122-304    79-263 (792)
417 tr|A0A1J1IK81|A0A1J1IK81_9DIPT  97.8 3.6E-07 1.2E-12   96.3   0.0  179  122-307    50-235 (961)
418 tr|A0A067RLR0|A0A067RLR0_ZOONE  97.7 3.8E-07 1.5E-12   91.2   0.0  125  174-305     2-132 (387)
419 tr|A0A090LGK8|A0A090LGK8_STRRB  97.7 4.3E-07 1.5E-12   98.2   0.0  178  123-310    58-250 (1240)
420 tr|A0A0P6E9P1|A0A0P6E9P1_9CRUS  97.7 4.6E-07 1.6E-12   91.7   0.0  172  121-302    48-225 (559)
421 tr|A0A1I8CIU3|A0A1I8CIU3_9BILA  97.7 4.8E-07 1.7E-12   96.2   0.0  176  123-310    47-243 (1099)
422 tr|Q27W07|Q27W07_NEMVE Smad4 O  97.7 5.9E-07 2.1E-12   82.3   0.0   29    1-29    121-149 (218)
423 tr|A0A1D1UF62|A0A1D1UF62_RAMVA  97.7 6.2E-07 2.2E-12   88.2   0.0  174  122-303    59-237 (412)
424 tr|E4YQ10|E4YQ10_OIKDI Unchara  97.6 7.3E-07 2.6E-12   87.9   0.0  123  123-247   278-413 (417)
425 tr|A0A016SFN2|A0A016SFN2_9BILA  97.6 7.6E-07 2.7E-12   85.7   0.0   42    1-42    111-154 (329)
426 tr|A0A0K8VLG0|A0A0K8VLG0_BACLA  97.6 7.9E-07 2.8E-12   85.4   0.0  170  122-298    49-224 (322)
427 tr|A0A1I7RYD1|A0A1I7RYD1_BURXY  97.6   9E-07 3.3E-12   91.5   0.0  150  123-296   430-593 (593)
428 tr|A0A183BX60|A0A183BX60_GLOPA  97.6 9.7E-07 3.4E-12   92.7   0.0  180  126-308   612-836 (879)
429 tr|A0A0N4VGD1|A0A0N4VGD1_ENTVE  97.6 9.3E-07 3.4E-12   85.8   0.0  151  123-297   145-309 (316)
430 tr|A0A1I8AQB7|A0A1I8AQB7_9BILA  97.5 1.4E-06   5E-12   84.5   0.0  118  120-239    58-180 (354)
431 tr|A0A1I8BHY9|A0A1I8BHY9_MELHA  97.5 1.7E-06 6.1E-12   91.5   0.0  125  174-298   755-902 (953)
432 tr|U6PIA7|U6PIA7_HAECO MAD hom  97.5 1.9E-06 6.6E-12   83.3   0.0   39    3-41    132-172 (334)
433 tr|A0A0P4WGB5|A0A0P4WGB5_9EUCA  97.5 2.1E-06 7.3E-12   77.4   0.0   64  124-189   108-174 (187)
434 tr|A0A131ZYS1|A0A131ZYS1_SARSC  97.5 2.3E-06 8.1E-12   82.5   0.0  178  122-305    34-214 (325)
435 tr|T1EUF8|T1EUF8_HELRO Unchara  97.4 2.9E-06   1E-11   90.1   0.0   33  264-296   950-982 (984)
436 tr|A0A1A9UU08|A0A1A9UU08_GLOAU  97.4 3.8E-06 1.3E-11   75.8   0.0  130  167-302    14-150 (186)
437 tr|A0A183DX34|A0A183DX34_9BILA  97.4   4E-06 1.4E-11   78.5   0.0   31    1-31    164-213 (248)
438 tr|A0A132A4B2|A0A132A4B2_SARSC  97.4 4.3E-06 1.5E-11   88.9   0.0  176  122-303   410-590 (970)
439 tr|A0A1A9W6X6|A0A1A9W6X6_9MUSC  97.3 4.7E-06 1.6E-11   73.6   0.0  123  174-302     2-131 (158)
440 tr|I3RSU1|I3RSU1_SCHMD SMED-SM  97.3 4.7E-06 1.7E-11   80.9   0.0   95  197-297   235-336 (340)
441 tr|W2TXV8|W2TXV8_NECAM Unchara  97.3 5.5E-06 1.9E-11   73.9   0.0   92  196-296    63-168 (169)
442 tr|A0A0K0CU93|A0A0K0CU93_ANGCA  97.3   6E-06 2.1E-11   70.2   0.0   28    1-28     73-100 (121)
443 tr|A0A077SMW2|A0A077SMW2_9METZ  97.3 6.1E-06 2.1E-11   75.9   0.0   31    1-31    104-134 (213)
444 tr|A0A0V1E724|A0A0V1E724_TRIPS  97.3 6.8E-06 2.4E-11   82.6   0.0  170  122-303   132-322 (478)
445 tr|I4DRI7|I4DRI7_PAPPL Simila   97.3   7E-06 2.4E-11   74.8   0.0   93  122-215    89-182 (198)
446 tr|A0A0R3RKM1|A0A0R3RKM1_9BILA  97.3   7E-06 2.4E-11   77.3   0.0   97  196-296   155-252 (256)
447 tr|A0A183EHC5|A0A183EHC5_9BILA  97.3 7.1E-06 2.5E-11   72.1   0.0   47  123-169    97-143 (151)
448 tr|A0A0N5A2Q0|A0A0N5A2Q0_PARTI  97.3 7.3E-06 2.6E-11   84.7   0.0  163  123-295    52-232 (657)
449 tr|A0A1I7VND4|A0A1I7VND4_LOALO  97.2 8.7E-06   3E-11   86.2   0.0  178  122-307    65-259 (895)
450 tr|A0A1B6I7W9|A0A1B6I7W9_9HEMI  97.2   1E-05 3.5E-11   76.1   0.0  127  122-250    99-231 (251)
451 tr|T1F4Y5|T1F4Y5_HELRO Unchara  97.2 1.1E-05 3.8E-11   82.3   0.0   36  263-298   509-545 (550)
452 tr|A0A1I7WGF1|A0A1I7WGF1_HETBA  97.2 1.1E-05   4E-11   71.8   0.0   77  220-296    21-97  (165)
453 tr|A0A1I8ARA2|A0A1I8ARA2_9BILA  97.1 1.4E-05 4.9E-11   75.9   0.0   27    2-28    150-176 (270)
454 tr|A0A183GRP7|A0A183GRP7_HELBK  97.1 1.4E-05 4.9E-11   71.1   0.0   29    3-32    125-153 (163)
455 tr|A0A1I7SF66|A0A1I7SF66_BURXY  97.1 1.8E-05 6.3E-11   83.7   0.0  182  123-312    44-241 (848)
456 tr|V5GFK8|V5GFK8_ANOGL Mothers  97.1   2E-05 7.1E-11   67.4   0.0   66  159-243    41-106 (123)
457 tr|A0A1I8C6B0|A0A1I8C6B0_9BILA  97.0 2.3E-05 8.1E-11   80.8   0.0  179  122-301   309-489 (611)
458 tr|A0A085N694|A0A085N694_9BILA  97.0 2.8E-05   1E-10   82.7   0.0  167  121-294    43-213 (790)
459 tr|A0A0R3UJP8|A0A0R3UJP8_9CEST  97.0 3.5E-05 1.2E-10   77.1   0.0   29    1-29    134-162 (429)
460 tr|A0A0C9RIL2|A0A0C9RIL2_9HYME  96.9 4.2E-05 1.5E-10   75.9   0.0   32  120-151   303-334 (345)
461 tr|A0A1A9ZIK6|A0A1A9ZIK6_GLOPL  96.9 5.1E-05 1.8E-10   65.3   0.0   46    3-48     16-61  (126)
462 tr|A0A0N4YVF2|A0A0N4YVF2_NIPBR  96.9 5.1E-05 1.8E-10   69.5   0.0   29    3-32    114-142 (197)
463 tr|U1MDC9|U1MDC9_ASCSU Unchara  96.8 6.4E-05 2.3E-10   73.3   0.0  121  174-300     2-138 (330)
464 tr|I4DSB4|I4DSB4_PAPPL Unchara  96.7 0.00011 3.9E-10   58.8   0.0   45  197-242     1-45  (79)
465 tr|A0A1A9Z6I9|A0A1A9Z6I9_GLOPL  96.7 0.00013 4.7E-10   61.6   0.0   49  199-247    20-72  (109)
466 tr|T1KQ28|T1KQ28_TETUR Unchara  96.6 0.00017 5.8E-10   73.9   0.0  181  122-307   131-325 (516)
467 tr|A0A1B0BPA6|A0A1B0BPA6_9MUSC  96.6 0.00019 6.6E-10   68.6   0.0   30    1-30    143-172 (264)
468 tr|H2W002|H2W002_CAEJA Unchara  96.5  0.0002   7E-10   70.8   0.0   28    1-28    308-335 (358)
469 tr|A0A158PEA5|A0A158PEA5_ANGCS  96.4 0.00031 1.1E-09   68.0   0.0   27    3-30    242-268 (292)
470 tr|H3FIC0|H3FIC0_PRIPA Unchara  96.4 0.00034 1.2E-09   71.2   0.0   28    1-28    385-420 (463)
471 tr|T1KFP8|T1KFP8_TETUR Unchara  96.4 0.00034 1.2E-09   71.9   0.0  147  124-273    65-224 (522)
472 tr|A0A0C2CVU1|A0A0C2CVU1_9BILA  96.4 0.00041 1.4E-09   67.5   0.0   28    1-28    250-279 (301)
473 tr|T1F344|T1F344_HELRO Unchara  96.3  0.0005 1.8E-09   68.9   0.0  173  123-304   206-384 (397)
474 tr|A0A1I7SGU2|A0A1I7SGU2_BURXY  96.3 0.00052 1.8E-09   68.2   0.0  172  121-306    53-226 (363)
475 tr|A0A1I8CPW6|A0A1I8CPW6_9BILA  96.2 0.00058   2E-09   74.7   0.0  123  184-308   956-1109(1125)
476 tr|G7YKY6|G7YKY6_CLOSI SMAD mo  96.2  0.0007 2.4E-09   74.3   0.0   18   12-29    464-481 (1164)
477 tr|A0A1I7X710|A0A1I7X710_HETBA  96.2 0.00078 2.7E-09   41.7   0.0   21  300-320     1-21  (21)
478 tr|H9JVB3|H9JVB3_BOMMO Unchara  96.1 0.00081 2.8E-09   62.3   0.0   51  123-173   110-163 (196)
479 tr|A0A0N4ZWP2|A0A0N4ZWP2_PARTI  96.1 0.00081 2.8E-09   72.0   0.0   26    3-28    115-140 (802)
480 tr|A0A0F5CXK8|A0A0F5CXK8_PRIPA  96.1 0.00087 3.1E-09   67.2   0.0   15   14-28    304-318 (387)
481 tr|A0A0N5C457|A0A0N5C457_STREA  96.1 0.00099 3.5E-09   71.4   0.0   27    3-29    115-141 (807)
482 tr|A0A090L8K3|A0A090L8K3_STRRB  96.1   0.001 3.6E-09   71.1   0.0   27    3-29    115-141 (783)
483 tr|A0A0K0E0W2|A0A0K0E0W2_STRER  96.0  0.0011 3.9E-09   71.1   0.0   27    3-29    115-141 (806)
484 tr|H2X602|H2X602_CAEJA Unchara  95.9  0.0015 5.2E-09   57.5   0.0   59  122-182    75-133 (133)
485 tr|A0A1I7S0X0|A0A1I7S0X0_BURXY  95.9  0.0015 5.3E-09   71.8   0.0   28    2-29    388-415 (1110)
486 tr|F2UQ45|F2UQ45_SALR5 Kinase   95.9  0.0016 5.8E-09   73.2   0.0  127  163-305  1509-1637(1652)
487 tr|A0A1I8ETX0|A0A1I8ETX0_WUCBA  95.8   0.002 7.3E-09   64.2   0.0  115  118-245    48-163 (323)
488 tr|W6UUF5|W6UUF5_ECHGR Smad OS  95.8  0.0023 8.1E-09   68.7   0.0  128  122-249    31-202 (787)
489 tr|A0A1I7SZS5|A0A1I7SZS5_9PELO  95.8  0.0024 8.3E-09   71.0   0.0   26    1-26    391-416 (1264)
490 tr|T1KCH8|T1KCH8_TETUR Unchara  95.6  0.0034 1.2E-08   64.8   0.0  172  122-300    49-223 (485)
491 tr|K7ELK2|K7ELK2_HUMAN Mothers  95.5  0.0043 1.5E-08   50.7   0.0   35  213-247     1-36  (82)
492 tr|C3ZAX4|C3ZAX4_BRAFL Putativ  95.3  0.0068 2.4E-08   63.6   0.0  105  176-294   410-514 (530)
493 tr|A0A0B6YLJ8|A0A0B6YLJ8_9EUPU  95.2  0.0071 2.5E-08   47.9   0.0   30  189-218    30-59  (67)
494 tr|A0A1I8CN05|A0A1I8CN05_9BILA  95.2  0.0077 2.7E-08   67.7   0.0   26    2-27    129-154 (1392)
495 tr|A0A0K0D810|A0A0K0D810_ANGCA  95.1  0.0085   3E-08   57.4   0.0   64  116-181   169-232 (233)
496 tr|E4Y782|E4Y782_OIKDI Unchara  95.1  0.0091 3.2E-08   50.7   0.0   26    3-28     52-79  (100)
497 tr|F6WZ85|F6WZ85_CIOIN Unchara  95.0    0.01 3.7E-08   63.6   0.0   81  186-277   417-498 (616)
498 tr|A0A183DFP9|A0A183DFP9_9BILA  94.8   0.014 5.1E-08   53.2   0.0   85  124-212    14-99  (160)
499 tr|T1K6C1|T1K6C1_TETUR Unchara  94.8   0.015 5.1E-08   60.3   0.0  122  123-248    43-176 (460)
500 tr|A0A1I7ZKB6|A0A1I7ZKB6_9BILA  94.8   0.016 5.5E-08   59.6   0.0  106  190-301     5-121 (425)

