- 18:36:09.551 INFO: Searching 12365503 column state sequences.

- 18:36:09.629 INFO: /var/www/html/services/NetSurfP-2.0/tmp/601598FA000057A2F8445A57/0000_NP_001011724_1/0000_NP_001011724_1_INPUT.fasta is in A2M, A3M or FASTA format

- 18:36:09.630 INFO: Iteration 1

- 18:36:09.700 INFO: Prefiltering database

- 18:36:21.852 INFO: HMMs passed 1st prefilter (gapless profile-profile alignment)  : 457156

- 18:36:25.333 WARNING: Number of hits passing 2nd prefilter (reduced from 28949 to allowed maximum of 20000).
You can increase the allowed maximum using the -maxfilt <max> option.

- 18:36:25.486 INFO: HMMs passed 2nd prefilter (gapped profile-profile alignment)   : 20000

- 18:36:25.486 INFO: HMMs passed 2nd prefilter and not found in previous iterations : 20000

- 18:36:25.486 INFO: Scoring 20000 HMMs using HMM-HMM Viterbi alignment

- 18:36:25.754 INFO: Alternative alignment: 0

- 18:36:25.915 INFO: 2000 alignments done

- 18:36:26.160 INFO: 4000 alignments done

- 18:36:26.490 INFO: 6000 alignments done

- 18:36:26.987 INFO: 8000 alignments done

- 18:36:27.437 INFO: 10000 alignments done

- 18:36:27.506 WARNING: Warning in /usr/cbs/bio/src/netsurfp-2.0/hhsuite-3.0-beta.3-Source/src/hhalignment.cpp:1782: Filter2:

- 18:36:27.506 WARNING: 	Filtering removed all sequences in alignment tr|W4Z624_1|W4Z624_STRPU. Inserting back first sequence.

- 18:36:27.513 WARNING: Warning in /usr/cbs/bio/src/netsurfp-2.0/hhsuite-3.0-beta.3-Source/src/hhalignment.cpp:1782: Filter2:

- 18:36:27.514 WARNING: 	Filtering removed all sequences in alignment tr|W4XWK7_1|W4XWK7_STRPU. Inserting back first sequence.

- 18:36:27.845 INFO: 12000 alignments done

- 18:36:28.223 INFO: 14000 alignments done

- 18:36:28.872 INFO: 16000 alignments done

- 18:36:31.215 INFO: 18000 alignments done

- 18:36:36.490 INFO: 20000 alignments done

- 18:36:36.497 INFO: Alternative alignment: 1

- 18:36:39.898 INFO: 18194 alignments done

- 18:36:39.995 INFO: Alternative alignment: 2

- 18:36:42.955 INFO: 15692 alignments done

- 18:36:42.987 INFO: Alternative alignment: 3

- 18:36:44.600 INFO: 6333 alignments done

- 18:36:45.144 INFO: Realigning 500 HMM-HMM alignments using Maximum Accuracy algorithm

- 18:37:15.311 INFO: 8456 sequences belonging to 8456 database HMMs found with an E-value < 0.001

- 18:37:15.311 INFO: Number of effective sequences of resulting query HMM: Neff = 8.37807

- 18:37:15.701 INFO: Iteration 2

- 18:37:15.787 INFO: Prefiltering database

- 18:37:26.205 INFO: HMMs passed 1st prefilter (gapless profile-profile alignment)  : 4447637

- 18:37:56.725 WARNING: Number of hits passing 2nd prefilter (reduced from 428062 to allowed maximum of 20000).
You can increase the allowed maximum using the -maxfilt <max> option.

- 18:37:56.794 INFO: HMMs passed 2nd prefilter (gapped profile-profile alignment)   : 20000

- 18:37:56.794 INFO: HMMs passed 2nd prefilter and not found in previous iterations : 15602

- 18:37:56.794 INFO: Scoring 15602 HMMs using HMM-HMM Viterbi alignment

- 18:37:57.011 INFO: Alternative alignment: 0

- 18:37:57.211 INFO: 2000 alignments done

- 18:37:57.416 INFO: 4000 alignments done

- 18:37:57.664 INFO: 6000 alignments done

- 18:37:58.362 INFO: 8000 alignments done

- 18:38:01.194 INFO: 10000 alignments done

- 18:38:03.372 INFO: 12000 alignments done

- 18:38:05.728 INFO: 14000 alignments done

- 18:38:07.102 INFO: 15602 alignments done

- 18:38:07.107 INFO: Alternative alignment: 1

- 18:38:09.071 INFO: 14894 alignments done

- 18:38:09.248 INFO: Alternative alignment: 2

- 18:38:11.186 INFO: 14417 alignments done

- 18:38:11.287 INFO: Alternative alignment: 3

- 18:38:12.048 INFO: 4401 alignments done

- 18:38:12.543 INFO: Rescoring previously found HMMs with Viterbi algorithm

- 18:38:12.813 INFO: Alternative alignment: 0

- 18:38:13.159 INFO: 2000 alignments done

- 18:38:13.483 INFO: 4000 alignments done

- 18:38:13.698 INFO: 5295 alignments done

- 18:38:13.705 INFO: Alternative alignment: 1

- 18:38:14.662 INFO: 5295 alignments done

- 18:38:14.689 INFO: Alternative alignment: 2

- 18:38:15.662 INFO: 5270 alignments done

- 18:38:15.672 INFO: Alternative alignment: 3

- 18:38:16.401 INFO: 3299 alignments done

- 18:38:17.161 INFO: Realigning 500 HMM-HMM alignments using Maximum Accuracy algorithm

- 18:38:50.759 INFO: 27837 sequences belonging to 27837 database HMMs found with an E-value < 0.001

- 18:38:50.759 INFO: Number of effective sequences of resulting query HMM: Neff = 9.24003

Query         0000_NP_001011724_1
Match_columns 320
No_of_seqs    3995 out of 49472
Neff          9.24003
Searched_HMMs 27161
Date          Sat Jan 30 18:38:50 2021
Command       /tools/src/netsurfp-2.0/hhsuite/bin/hhblits -i /var/www/html/services/NetSurfP-2.0/tmp/601598FA000057A2F8445A57/0000_NP_001011724_1/0000_NP_001011724_1_INPUT.fasta -o /dev/null -ohhm /var/www/html/services/NetSurfP-2.0/tmp/601598FA000057A2F8445A57/0000_NP_001011724_1/0000_NP_001011724_1_PROFILE.hhm -n 2 -d /net/nas/storage/databases/userdb/netsurfp2-db/uniclust30_2017_04/uniclust30_2017_04 -oa3m /var/www/html/services/NetSurfP-2.0/tmp/601598FA000057A2F8445A57/0000_NP_001011724_1/0000_NP_001011724_1_MSA.a3m -cpu 10 

 No Hit                             Prob E-value P-value  Score    SS Cols Query HMM  Template HMM
  1 sp|P51992|RO32_XENLA Heterogen 100.0 2.9E-69 1.1E-74  480.6   0.0  187    3-189    16-202 (385)
  2 tr|A0A0K8RU64|A0A0K8RU64_CROHD 100.0 1.2E-66 4.5E-72  454.1   0.0  231    1-231    14-244 (314)
  3 sp|Q9CX86|ROA0_MOUSE Heterogen 100.0 2.2E-66 8.5E-72  452.9   0.0  271    9-282     2-277 (305)
  4 tr|G5C268|G5C268_HETGA Putativ 100.0 4.6E-65 1.7E-70  438.0   0.0  268    1-320    37-308 (332)
  5 tr|A0A023FJS1|A0A023FJS1_9ACAR 100.0   1E-64 3.9E-70  444.3   0.0  190    3-192     3-192 (309)
  6 tr|H2UQN8|H2UQN8_TAKRU Unchara 100.0 1.4E-62 5.1E-68  417.4   0.0  209    1-209     7-215 (279)
  7 tr|L8Y631|L8Y631_TUPCH Heterog 100.0 2.3E-62   8E-68  427.1   0.0  245    6-250     1-245 (432)
  8 tr|F1KXA9|F1KXA9_ASCSU Heterog 100.0 3.7E-61 1.4E-66  423.4   0.0  186    5-190    13-198 (357)
  9 tr|G1NBC8|G1NBC8_MELGA Unchara 100.0 2.4E-60 8.9E-66  406.7   0.0  194    1-194    20-213 (272)
 10 tr|G5BTZ8|G5BTZ8_HETGA Heterog 100.0   1E-59 3.6E-65  404.1   0.0  272    5-276    90-363 (392)
 11 tr|A0A151MUT9|A0A151MUT9_ALLMI 100.0 2.2E-59 7.6E-65  402.4   0.0  246    4-250    10-255 (409)
 12 tr|A0A0Q3X921|A0A0Q3X921_AMAAE 100.0 3.2E-59 1.1E-64  405.9   0.0  189    3-191    52-240 (456)
 13 tr|A0A0L8H0G9|A0A0L8H0G9_OCTBM 100.0 6.6E-58 2.6E-63  405.8   0.0  181    7-190    24-204 (321)
 14 tr|A0A026VWW8|A0A026VWW8_CERBI 100.0 2.3E-57 8.8E-63  406.2   0.0  187    5-191     8-194 (396)
 15 tr|G3U5W7|G3U5W7_LOXAF Unchara 100.0 2.8E-54   1E-59  367.8   0.0  218    3-221    21-240 (307)
 16 tr|A0A146S924|A0A146S924_FUNHE 100.0 3.4E-54 1.4E-59  365.2   0.0  188    4-191     3-190 (221)
 17 tr|M7BWI4|M7BWI4_CHEMY Heterog 100.0 6.4E-54 2.2E-59  370.0   0.0  285    5-292    15-338 (419)
 18 tr|H0W8M5|H0W8M5_CAVPO Unchara 100.0   2E-53 7.7E-59  353.0   0.0  173    8-180     1-173 (205)
 19 tr|G3P4C3|G3P4C3_GASAC Unchara 100.0 3.3E-53 1.2E-58  365.6   0.0  149   46-194     1-149 (303)
 20 tr|A0A146WPW0|A0A146WPW0_FUNHE 100.0 2.1E-52 7.3E-58  360.2   0.0  191    1-192     1-191 (414)
 21 tr|A0A1A6HLU7|A0A1A6HLU7_NEOLE 100.0   2E-52 7.3E-58  354.2   0.0  187    5-191     4-190 (309)
 22 tr|A0A091CWY6|A0A091CWY6_FUKDA 100.0 8.6E-51   3E-56  347.5   0.0  232    6-267   114-347 (384)
 23 tr|A0A147AQ10|A0A147AQ10_FUNHE 100.0 1.7E-50   6E-56  347.3   0.0  188    5-192     4-191 (401)
 24 tr|A0A1B0C3I3|A0A1B0C3I3_9MUSC 100.0 2.9E-50 1.1E-55  354.1   0.0  186    5-190    22-207 (423)
 25 tr|A0A146U5L9|A0A146U5L9_FUNHE 100.0 3.7E-50 1.3E-55  329.6   0.0  186    4-189    26-211 (237)
 26 tr|G1L7N4|G1L7N4_AILME Unchara 100.0 4.4E-50 1.6E-55  330.7   0.0  232    1-299     1-232 (232)
 27 tr|A0A0R3RN89|A0A0R3RN89_9BILA 100.0 4.5E-50 1.7E-55  331.2   0.0  176   16-191     1-176 (206)
 28 tr|T2MGN4|T2MGN4_HYDVU Heterog 100.0 1.2E-49 4.3E-55  345.2   0.0  183    5-188    11-199 (334)
 29 tr|A0A1A6HQZ6|A0A1A6HQZ6_NEOLE 100.0 1.3E-49   5E-55  330.6   0.0  220   72-320     1-222 (222)
 30 tr|W8CD64|W8CD64_CERCA Heterog 100.0 7.1E-49 2.5E-54  344.8   0.0  186    5-190    96-281 (452)
 31 tr|A0A146NPB6|A0A146NPB6_FUNHE 100.0 7.9E-49 2.8E-54  342.8   0.0  191    1-192     1-191 (470)
 32 tr|A0A023FI60|A0A023FI60_9ACAR 100.0 1.1E-48 4.3E-54  337.4   0.0  169   10-187     3-171 (266)
 33 tr|A0A1S3HFP9|A0A1S3HFP9_LINUN 100.0 1.3E-48 4.4E-54  337.7   0.0  184    6-189     4-187 (421)
 34 tr|Q6PNM9|Q6PNM9_PARLI AUF1 si 100.0 2.7E-48   1E-53  344.1   0.0  180    6-191    42-221 (361)
 35 tr|L8Y483|L8Y483_TUPCH Heterog 100.0 3.2E-48 1.1E-53  328.1   0.0  229    1-229     1-229 (346)
 36 tr|U5GQE1|U5GQE1_POPTR Unchara 100.0   5E-48 1.9E-53  352.7   0.0  175   12-189    74-249 (408)
 37 tr|A0A1A9VKJ8|A0A1A9VKJ8_GLOAU 100.0 5.1E-48   2E-53  350.0   0.0  182    6-190    21-202 (381)
 38 tr|A0A146LCS5|A0A146LCS5_LYGHE 100.0 1.9E-47 7.2E-53  335.5   0.0  168    9-187    51-218 (331)
 39 tr|A0A0L0UWL6|A0A0L0UWL6_9BASI 100.0 4.3E-47 1.6E-52  357.4   0.0  177    9-185   328-516 (616)
 40 tr|A0A150G3D2|A0A150G3D2_GONPE 100.0   5E-47 1.9E-52  329.0   0.0  176   10-189    15-191 (301)
 41 tr|A0A199W3Z7|A0A199W3Z7_ANACO 100.0   6E-47 2.3E-52  338.8   0.0  176   10-187    77-253 (389)
 42 tr|A0A182Z5D7|A0A182Z5D7_BIOGL 100.0 7.4E-47 2.6E-52  323.9   0.0  182    7-189    89-270 (386)
 43 tr|D0MWU0|D0MWU0_PHYIT Nucleol 100.0 7.5E-47 2.9E-52  353.1   0.0  173    9-185   244-416 (496)
 44 tr|T1G1D1|T1G1D1_HELRO Unchara 100.0   1E-46 4.1E-52  318.0   0.0  176   15-190     1-178 (212)
 45 tr|X2AZP4|X2AZP4_CAPTE Unchara 100.0 1.3E-46 5.1E-52  332.8   0.0  171    9-185    50-221 (352)
 46 tr|A0A151WHT5|A0A151WHT5_9HYME 100.0 4.5E-46 1.6E-51  323.6   0.0  168    9-187    41-208 (357)
 47 tr|A0A135LB36|A0A135LB36_PENPA 100.0 4.2E-46 1.6E-51  348.1   0.0  176   10-185   239-428 (499)
 48 tr|E4YAN3|E4YAN3_OIKDI Unchara 100.0 4.5E-46 1.7E-51  323.5   0.0  170    9-189    51-220 (331)
 49 tr|A0A177TND1|A0A177TND1_9BASI 100.0 5.2E-46   2E-51  339.9   0.0  179    9-187   198-393 (485)
 50 tr|B9VS67|B9VS67_BOMMO HnRNPA/ 100.0 8.5E-46 3.2E-51  313.3   0.0  176   10-186     9-184 (256)
 51 tr|K4CW78|K4CW78_SOLLC Unchara 100.0 1.2E-45 4.4E-51  338.6   0.0  175   12-187     4-191 (475)
 52 tr|M2LHG8|M2LHG8_BAUCO Unchara 100.0 1.2E-45 4.6E-51  317.1   0.0  172   14-185     1-189 (253)
 53 tr|G4TQ35|G4TQ35_SERID Related 100.0 1.8E-45 6.8E-51  350.4   0.0  177    9-185   386-571 (657)
 54 tr|A0A1L8HIE0|A0A1L8HIE0_XENLA 100.0 2.1E-45 7.3E-51  312.4   0.0  194    1-194     1-194 (358)
 55 tr|A0A183SY65|A0A183SY65_SCHSO 100.0   2E-45 7.6E-51  312.5   0.0  182    8-190     7-188 (260)
 56 tr|B4G2V0|B4G2V0_DROPE GL23974 100.0 2.5E-45 9.1E-51  320.1   0.0  171    9-190    50-220 (341)
 57 tr|A0A0D6R503|A0A0D6R503_ARACU 100.0 2.9E-45 1.1E-50  333.6   0.0  176   12-188     4-195 (429)
 58 tr|A0A165IKH1|A0A165IKH1_9APHY 100.0 3.9E-45 1.5E-50  314.2   0.0  176   10-185    42-227 (277)
 59 tr|A0A0V0I9I3|A0A0V0I9I3_SOLCH 100.0 4.5E-45 1.7E-50  327.1   0.0  176   12-189    46-222 (391)
 60 tr|A0A183I5A3|A0A183I5A3_9BILA 100.0   8E-45 2.9E-50  302.6   0.0  169   16-192     1-169 (256)
 61 tr|A0A194RF21|A0A194RF21_PAPMA 100.0 1.1E-44   4E-50  297.3   0.0  182    7-188    12-193 (243)
 62 tr|A0A0B1PSA7|A0A0B1PSA7_9BILA 100.0 1.5E-44 5.3E-50  306.8   0.0  183    8-190     6-206 (306)
 63 tr|A0A151I394|A0A151I394_9HYME 100.0 1.6E-44 5.5E-50  318.4   0.0  188    4-191    13-200 (505)
 64 tr|M7BDL6|M7BDL6_CHEMY Heterog 100.0 1.6E-44 5.7E-50  291.4   0.0  210    6-265     1-211 (212)
 65 tr|A0A151IS60|A0A151IS60_9HYME 100.0   2E-44 7.1E-50  315.6   0.0  185    7-191    46-230 (472)
 66 tr|G5B706|G5B706_HETGA Heterog 100.0 2.1E-44 7.8E-50  291.9   0.0  159    4-165    22-180 (181)
 67 tr|A0A151JWA4|A0A151JWA4_9HYME 100.0 2.5E-44 8.9E-50  316.2   0.0  188    5-192    62-249 (490)
 68 tr|B3RKY0|B3RKY0_TRIAD Putativ 100.0 2.7E-44 9.8E-50  285.8   0.0  167   13-186     2-168 (172)
 69 tr|T1FGB9|T1FGB9_HELRO Unchara 100.0   3E-44   1E-49  321.4   0.0  190    1-190     1-190 (592)
 70 tr|A0A067DA27|A0A067DA27_SAPPC 100.0 3.8E-44 1.4E-49  318.8   0.0  177   11-189    75-267 (433)
 71 tr|W5MU82|W5MU82_LEPOC Unchara 100.0 4.7E-44 1.7E-49  311.8   0.0  175    8-189    81-263 (359)
 72 tr|G3WSI6|G3WSI6_SARHA Unchara 100.0 4.8E-44 1.7E-49  292.4   0.0  179   10-188     3-181 (219)
 73 tr|M1A1H0|M1A1H0_SOLTU Unchara 100.0 5.4E-44 2.1E-49  319.2   0.0  176   11-187     4-197 (344)
 74 tr|A0A131YIH8|A0A131YIH8_RHIAP 100.0 9.7E-44 3.7E-49  307.7   0.0  182    8-189    17-221 (294)
 75 tr|A0A154PD25|A0A154PD25_9HYME 100.0 1.1E-43 3.8E-49  329.0   0.0  187    7-193   562-748 (910)
 76 tr|A0A0P6D933|A0A0P6D933_9CRUS 100.0 1.3E-43 4.6E-49  290.8   0.0  185    7-191    60-244 (264)
 77 tr|B4QYR3|B4QYR3_DROSI GD21374 100.0 2.9E-43   1E-48  345.6   0.0  184    5-188  2608-2791(2951)
 78 tr|A0A1A9VKJ7|A0A1A9VKJ7_GLOAU 100.0   4E-43 1.5E-48  310.8   0.0  170    9-189    44-213 (361)
 79 tr|A0A166T2H3|A0A166T2H3_9HOMO 100.0 3.9E-43 1.6E-48  288.0   0.0  160   16-182     1-160 (168)
 80 tr|K9IRC7|K9IRC7_DESRO Putativ 100.0 4.2E-43 1.6E-48  304.6   0.0  174    8-188    24-198 (292)
 81 tr|A0A1B0BUM5|A0A1B0BUM5_9MUSC 100.0 5.3E-43   2E-48  318.1   0.0  179    9-187    32-211 (469)
 82 tr|A0A087WUI2|A0A087WUI2_HUMAN 100.0 8.5E-43 3.1E-48  290.3   0.0  182    8-189    15-196 (261)
 83 tr|A0A0L6WMS9|A0A0L6WMS9_9AGAR 100.0 9.9E-43 3.9E-48  315.0   0.0  165   16-189     1-165 (358)
 84 tr|H2RZY0|H2RZY0_TAKRU Unchara 100.0 1.4E-42 5.2E-48  308.8   0.0  179    9-187     6-197 (408)
 85 tr|B4GP01|B4GP01_DROPE GL13791 100.0   2E-42 6.9E-48  300.5   0.0  179    7-185    19-197 (431)
 86 tr|A0A0L8RIE3|A0A0L8RIE3_SACEU 100.0   2E-42 7.9E-48  328.6   0.0  173    9-188   156-328 (554)
 87 tr|A0A182DXG2|A0A182DXG2_ONCOC 100.0   4E-42 1.4E-47  316.2   0.0  183    8-190    82-264 (819)
 88 tr|S4PLS6|S4PLS6_9NEOP Heterog 100.0   4E-42 1.5E-47  293.7   0.0  179    9-188     8-186 (281)
 89 tr|M4FG07|M4FG07_BRARP Unchara 100.0   4E-42 1.5E-47  316.5   0.0  177   12-189     4-192 (486)
 90 tr|B4KJW4|B4KJW4_DROMO Unchara 100.0 4.7E-42 1.7E-47  306.7   0.0  173   11-185     4-176 (423)
 91 tr|T1IXR2|T1IXR2_STRMM Unchara 100.0 5.1E-42 1.9E-47  298.6   0.0  174    7-189    67-240 (364)
 92 tr|F0XDB2|F0XDB2_GROCL Nucleol 100.0 5.3E-42   2E-47  311.9   0.0  176   10-185   162-351 (413)
 93 tr|V9E3S6|V9E3S6_PHYPR Unchara 100.0   8E-42 2.9E-47  303.3   0.0  175   10-186   106-294 (468)
 94 tr|A0A162YI91|A0A162YI91_MUCCL 100.0 1.4E-41 5.1E-47  273.2   0.0  166   13-184     8-173 (180)
 95 tr|A0A1S3EKM0|A0A1S3EKM0_DIPOR 100.0 1.6E-41 5.5E-47  284.5   0.0  185    6-190    27-211 (312)
 96 tr|U6KT01|U6KT01_EIMTE Nucleol 100.0 1.7E-41 6.4E-47  328.9   0.0  167   12-184   521-701 (767)
 97 tr|A0A0R3X6H9|A0A0R3X6H9_HYDTA 100.0 2.4E-41 8.7E-47  311.0   0.0  183    7-190     6-188 (611)
 98 tr|J3MN93|J3MN93_ORYBR Unchara 100.0 2.3E-41 9.1E-47  289.2   0.0  176    9-184    32-217 (221)
 99 tr|A0A167S1E0|A0A167S1E0_9PEZI 100.0 2.4E-41 9.2E-47  324.5   0.0  169   11-187   166-334 (676)
100 tr|F7EH18|F7EH18_MONDO Unchara 100.0   3E-41 1.1E-46  292.7   0.0  172   12-189   116-288 (377)
101 tr|S2JPJ3|S2JPJ3_MUCC1 Unchara 100.0 3.6E-41 1.3E-46  300.1   0.0  176    9-184   126-310 (364)
102 tr|N4V216|N4V216_COLOR Heterog 100.0 4.9E-41 1.9E-46  305.7   0.0  165   16-188     1-165 (425)
103 tr|I1GMV1|I1GMV1_BRADI Unchara 100.0   5E-41 1.9E-46  299.8   0.0  176   12-187     4-212 (345)
104 tr|U1NRS1|U1NRS1_ASCSU Heterog 100.0 6.1E-41 2.2E-46  294.5   0.0  185    7-191   147-331 (479)
105 tr|Q6FVB4|Q6FVB4_CANGA Unchara 100.0   6E-41 2.2E-46  303.8   0.0  178    8-185   170-358 (425)
106 tr|W4YP82|W4YP82_STRPU Unchara 100.0 8.3E-41 2.9E-46  287.1   0.0  175    7-190    30-207 (385)
107 tr|A0A0A6KRC3|A0A0A6KRC3_CANAX 100.0 8.3E-41 3.2E-46  309.1   0.0  170   11-187   159-328 (475)
108 tr|T1EHX0|T1EHX0_HELRO Unchara 100.0 9.1E-41 3.5E-46  269.5   0.0  165   10-174     3-168 (169)
109 tr|H3D7K3|H3D7K3_TETNG Unchara 100.0 1.1E-40 4.1E-46  278.9   0.0  177    7-189    23-200 (241)
110 tr|A0A0V1B740|A0A0V1B740_TRISP 100.0 1.2E-40 4.2E-46  286.3   0.0  185    7-191    20-204 (338)
111 tr|A0A0L7QXY8|A0A0L7QXY8_9HYME 100.0 1.6E-40 5.7E-46  294.8   0.0  177   16-192   194-370 (531)
112 tr|W8ADG4|W8ADG4_CERCA Ribonuc 100.0 1.6E-40 5.7E-46  296.1   0.0  181    8-188    29-209 (422)
113 tr|A0A0N1ITV3|A0A0N1ITV3_9HYME 100.0 1.9E-40 6.7E-46  291.3   0.0  167   10-187    50-216 (456)
114 tr|T1J997|T1J997_STRMM Unchara 100.0 1.9E-40   7E-46  291.7   0.0  185    2-187    15-199 (391)
115 tr|A0A078J3D4|A0A078J3D4_BRANA 100.0 1.9E-40 7.1E-46  298.1   0.0  179    8-187    12-200 (411)
116 tr|Q3TE41|Q3TE41_MOUSE Putativ 100.0 2.8E-40 1.1E-45  291.1   0.0  180    9-190    16-195 (346)
117 tr|A0A0K8TRL6|A0A0K8TRL6_TABBR 100.0 2.9E-40 1.1E-45  297.8   0.0  176   11-188     4-179 (425)
118 tr|A0A1A9VF89|A0A1A9VF89_GLOAU 100.0 3.2E-40 1.2E-45  282.5   0.0  171   16-189     1-171 (281)
119 tr|I8TG63|I8TG63_ASPO3 RNA-bin 100.0 4.3E-40 1.6E-45  306.8   0.0  170   12-189    97-266 (545)
120 tr|A0A1I8ECF0|A0A1I8ECF0_WUCBA 100.0 5.2E-40 1.8E-45  289.3   0.0  175    8-190   181-355 (489)
121 tr|R7V854|R7V854_CAPTE Unchara 100.0 5.5E-40   2E-45  279.9   0.0  174   13-191     1-174 (314)
122 tr|A0A1I8AZ97|A0A1I8AZ97_MELHA 100.0 6.1E-40 2.1E-45  282.2   0.0  188    3-190    62-249 (390)
123 tr|A0A139AVA8|A0A139AVA8_GONPR 100.0 5.6E-40 2.2E-45  280.4   0.0  176    9-185    31-231 (238)
124 tr|A0A0R3X6H9|A0A0R3X6H9_HYDTA 100.0 6.5E-40 2.4E-45  301.7   0.0  182    8-190   331-512 (611)
125 tr|F6TNN9|F6TNN9_CIOIN Unchara 100.0 6.9E-40 2.4E-45  280.8   0.0  184    7-190    14-197 (376)
126 tr|M1A155|M1A155_SOLTU Unchara 100.0 8.1E-40   3E-45  291.8   0.0  165   12-188    40-205 (437)
127 tr|A0A1A6HFH0|A0A1A6HFH0_NEOLE 100.0 8.3E-40   3E-45  275.6   0.0  200    1-249     1-200 (308)
128 tr|H2ZGC1|H2ZGC1_CIOSA Unchara 100.0 8.5E-40 3.1E-45  284.0   0.0  166   12-186   101-266 (354)
129 tr|A0A1J3CRB6|A0A1J3CRB6_NOCCA 100.0 9.8E-40 3.5E-45  287.5   0.0  175   12-189    40-215 (420)
130 tr|A0A0K2TCT3|A0A0K2TCT3_LEPSM 100.0 1.1E-39 3.8E-45  283.4   0.0  181    7-187   102-282 (427)
131 tr|Q26658|Q26658_STRPU Stage s 100.0 1.1E-39 3.8E-45  287.0   0.0  176   11-186     3-180 (382)
132 tr|A0A0L6W8Q5|A0A0L6W8Q5_9AGAR 100.0 1.1E-39 4.1E-45  304.6   0.0  175    7-189   132-306 (508)
133 tr|A0A0N0BGY1|A0A0N0BGY1_9HYME 100.0 1.2E-39 4.3E-45  283.4   0.0  166   27-192     9-174 (432)
134 tr|A0A0V0U7U5|A0A0V0U7U5_9BILA 100.0 1.2E-39 4.4E-45  283.6   0.0  181    7-189    14-194 (335)
135 tr|H2YI67|H2YI67_CIOSA Unchara 100.0 1.5E-39 5.3E-45  284.1   0.0  182    7-188    14-195 (451)
136 tr|A0A163KZI5|A0A163KZI5_ABSGL 100.0   2E-39 7.4E-45  294.2   0.0  178   11-188   168-357 (501)
137 tr|A0A0P5TM78|A0A0P5TM78_9CRUS 100.0   2E-39 7.8E-45  286.8   0.0  170    7-187    62-265 (297)
138 tr|Q4SQV2|Q4SQV2_TETNG Chromos 100.0 3.3E-39 1.2E-44  289.6   0.0  179   11-189     2-180 (487)
139 tr|A0A0P6BGE0|A0A0P6BGE0_9CRUS 100.0   4E-39 1.4E-44  280.3   0.0  183    8-190    35-217 (432)
140 tr|M2PGE0|M2PGE0_CERS8 Unchara 100.0 4.2E-39 1.6E-44  254.2   0.0  137   11-155     8-144 (144)
141 tr|A0A1I8CI17|A0A1I8CI17_9BILA 100.0   5E-39 1.8E-44  283.8   0.0  186    6-191   126-312 (500)
142 tr|A0A199VPC9|A0A199VPC9_ANACO 100.0 5.2E-39 1.9E-44  284.5   0.0  175   11-186    25-232 (385)
143 tr|F1KRR4|F1KRR4_ASCSU RNA-bin 100.0 6.8E-39 2.5E-44  277.5   0.0  166   11-186    35-200 (303)
144 tr|U5CQ50|U5CQ50_AMBTC Unchara 100.0 7.5E-39 2.7E-44  280.7   0.0  174   12-189   122-296 (410)
145 tr|L5LME2|L5LME2_MYODS Heterog 100.0 7.9E-39 2.8E-44  254.7   0.0  183  137-320     1-183 (183)
146 tr|A0A091E3G4|A0A091E3G4_FUKDA 100.0 8.7E-39 3.1E-44  274.1   0.0  173   11-189    46-218 (329)
147 tr|G1LII6|G1LII6_AILME Unchara 100.0 9.4E-39 3.4E-44  251.6   0.0  174  106-320     1-174 (174)
148 tr|A0A0K2TY40|A0A0K2TY40_LEPSM 100.0 9.4E-39 3.4E-44  289.5   0.0  181    8-189    35-215 (484)
149 tr|A9T3G3|A9T3G3_PHYPA Predict 100.0   1E-38 3.8E-44  259.0   0.0  170   15-186     2-172 (199)
150 tr|A0A085MMP9|A0A085MMP9_9BILA 100.0 1.1E-38 3.8E-44  276.0   0.0  183    8-190     6-188 (408)
151 tr|Q4SQV2|Q4SQV2_TETNG Chromos 100.0 1.1E-38 4.1E-44  286.3   0.0  180   11-190   251-434 (487)
152 tr|B9F4C0|B9F4C0_ORYSJ Unchara 100.0 1.2E-38 4.3E-44  283.5   0.0  177   11-189   176-353 (510)
153 tr|A0A0N5CXE3|A0A0N5CXE3_THECL 100.0 1.4E-38 4.9E-44  258.0   0.0  183    7-189    41-223 (237)
154 tr|B4DP35|B4DP35_HUMAN cDNA FL 100.0 1.6E-38 6.1E-44  261.9   0.0  171    1-318     1-171 (208)
155 tr|F1L400|F1L400_ASCSU RNA-bin 100.0 2.1E-38 7.7E-44  277.6   0.0  177   10-188    40-216 (345)
156 tr|H3FLH4|H3FLH4_PRIPA Unchara 100.0 2.4E-38 8.3E-44  297.0   0.0  186    5-190   674-893 (1053)
157 tr|A0A0H5C1Q1|A0A0H5C1Q1_CYBJA 100.0 2.5E-38 9.3E-44  284.5   0.0  168   12-186   122-289 (436)
158 tr|A0A0N4V0U2|A0A0N4V0U2_ENTVE 100.0 2.7E-38 9.5E-44  274.4   0.0  173    7-179   151-323 (420)
159 tr|A0A0N4Z8P6|A0A0N4Z8P6_PARTI 100.0   3E-38 1.1E-43  275.9   0.0  185    5-189    85-270 (447)
160 tr|M5W921|M5W921_PRUPE Unchara 100.0 3.3E-38 1.2E-43  263.9   0.0  174   11-185     4-183 (242)
161 tr|A0A1A6GKY7|A0A1A6GKY7_NEOLE 100.0 3.5E-38 1.2E-43  267.5   0.0  170    7-176    14-183 (327)
162 tr|A0A0K0FU14|A0A0K0FU14_9BILA 100.0 3.6E-38 1.3E-43  276.7   0.0  185    5-189    88-273 (451)
163 tr|A0A0M3K1M4|A0A0M3K1M4_ANISI 100.0 4.2E-38 1.5E-43  256.9   0.0  182    7-188    67-248 (249)
164 tr|B5X9N1|B5X9N1_SALSA Heterog 100.0 4.3E-38 1.5E-43  258.4   0.0  181    9-189     3-183 (261)
165 tr|F2CX56|F2CX56_HORVD Predict 100.0 4.3E-38 1.6E-43  273.4   0.0  176   11-186    84-274 (278)
166 tr|G3UP47|G3UP47_MELGA Unchara 100.0 4.7E-38 1.7E-43  267.9   0.0  175   15-189     1-187 (319)
167 tr|A0A167LMZ4|A0A167LMZ4_PHYB8 100.0   5E-38 1.8E-43  259.5   0.0  170   16-185     1-173 (216)
168 tr|A0A182DXG2|A0A182DXG2_ONCOC 100.0 5.8E-38   2E-43  289.3   0.0  175    8-190   511-685 (819)
169 tr|A0A016WFN7|A0A016WFN7_9BILA 100.0 6.3E-38 2.2E-43  278.1   0.0  186    6-191    12-215 (522)
170 tr|M9M7I2|M9M7I2_PSEA3 Nuclear 100.0   6E-38 2.3E-43  283.8   0.0  176   10-185   199-383 (400)
171 sp|Q9FGS0|CP31B_ARATH RNA-bind 100.0 6.2E-38 2.3E-43  271.9   0.0  176    8-183   107-286 (289)
172 tr|A0A183DU59|A0A183DU59_9BILA 100.0 6.7E-38 2.4E-43  257.4   0.0  161    7-189    10-170 (229)
173 tr|G0W4N4|G0W4N4_NAUDC Unchara 100.0 6.7E-38 2.5E-43  288.5   0.0  173    9-188   224-396 (552)
174 tr|U6NTU7|U6NTU7_HAECO Unchara 100.0 7.8E-38 2.7E-43  278.1   0.0  185    6-190    11-195 (534)
175 tr|G5A805|G5A805_PHYSP Putativ 100.0 7.4E-38 2.8E-43  249.3   0.0  144   11-156    15-158 (158)
176 tr|T1JIY3|T1JIY3_STRMM Unchara 100.0 7.8E-38 2.8E-43  275.9   0.0  174   15-188     1-181 (396)
177 tr|A0A0P6A159|A0A0P6A159_9CRUS 100.0 1.2E-37 4.1E-43  268.4   0.0  183    8-190    30-212 (390)
178 tr|A0A1D1VLD7|A0A1D1VLD7_RAMVA 100.0 1.2E-37 4.2E-43  278.1   0.0  184    7-190   133-316 (557)
179 tr|A0A146KVB6|A0A146KVB6_LYGHE 100.0 1.3E-37 4.6E-43  269.5   0.0  176    8-184   125-301 (410)
180 tr|A0A0P6FLQ8|A0A0P6FLQ8_9CRUS 100.0 1.3E-37 4.7E-43  281.1   0.0  178   11-188    17-198 (466)
181 tr|Q41042|Q41042_PEA L. (clone 100.0 1.4E-37 5.6E-43  295.5   0.0  173   13-186   354-536 (611)
182 tr|A0A0P5Z891|A0A0P5Z891_9CRUS 100.0 1.6E-37 5.6E-43  266.6   0.0  183    8-190    30-212 (378)
183 tr|D2H3U8|D2H3U8_AILME Putativ 100.0 1.8E-37 6.6E-43  249.4   0.0  196   70-267     2-199 (202)
184 tr|A0A0N5DEM5|A0A0N5DEM5_TRIMR 100.0 1.9E-37 6.7E-43  262.5   0.0  183    8-190     6-188 (335)
185 tr|A0A182F6T9|A0A182F6T9_ANOAL 100.0 1.9E-37 6.8E-43  278.3   0.0  178   10-189    59-236 (438)
186 tr|A0A131ZW35|A0A131ZW35_SARSC 100.0 2.2E-37 7.8E-43  284.5   0.0  159   22-188   495-653 (784)
187 tr|E0W4A9|E0W4A9_PEDHC RNA-bin 100.0 2.3E-37 8.5E-43  262.5   0.0  169   10-187    17-185 (272)
188 tr|G1KTC4|G1KTC4_ANOCA Unchara 100.0 2.5E-37 9.1E-43  264.1   0.0  174    8-188   106-279 (316)
189 tr|I2K223|I2K223_DEKBR Nuclear 100.0 2.9E-37 1.1E-42  274.1   0.0  177    9-185   103-296 (358)
190 tr|J9P972|J9P972_CANLF Unchara 100.0 3.7E-37 1.3E-42  252.6   0.0  174    9-188    50-223 (258)
191 tr|A0A1I8ID44|A0A1I8ID44_9PLAT 100.0 3.8E-37 1.3E-42  285.9   0.0  184    7-190    10-194 (900)
192 tr|G4UDK6|G4UDK6_NEUT9 RNA-bin 100.0   4E-37 1.4E-42  264.8   0.0  164   16-187     1-164 (324)
193 tr|A0A1S3AEF5|A0A1S3AEF5_ERIEU 100.0 4.4E-37 1.5E-42  258.2   0.0  206   11-216    18-223 (312)
194 tr|A0A146PVH3|A0A146PVH3_FUNHE 100.0   5E-37 1.8E-42  263.1   0.0  176    7-189    46-221 (331)
195 tr|G1LEV4|G1LEV4_AILME Unchara 100.0 5.3E-37 1.9E-42  263.2   0.0  177    7-189    95-271 (374)
196 tr|A0A087W257|A0A087W257_ECHMU 100.0 5.2E-37 1.9E-42  265.9   0.0  181    9-189    62-259 (338)
197 tr|M0UAS5|M0UAS5_MUSAM Unchara 100.0 7.1E-37 2.7E-42  265.0   0.0  175    9-183   108-285 (291)
198 tr|A0A1D6QQA9|A0A1D6QQA9_MAIZE 100.0   8E-37 2.8E-42  270.6   0.0  179   11-191   178-357 (510)
199 tr|A0A068XS59|A0A068XS59_HYMMI 100.0 8.5E-37   3E-42  253.9   0.0  182    9-190    12-193 (287)
200 tr|E4WW55|E4WW55_OIKDI Unchara 100.0 8.6E-37   3E-42  263.9   0.0  183    6-188     4-186 (402)
201 tr|A0A183EEP2|A0A183EEP2_9BILA 100.0 9.6E-37 3.4E-42  249.1   0.0  178    8-188    67-244 (249)
202 tr|A0A1I8ID44|A0A1I8ID44_9PLAT 100.0 9.6E-37 3.4E-42  283.3   0.0  177    6-182   333-510 (900)
203 tr|F6ZD92|F6ZD92_MONDO Unchara 100.0 9.7E-37 3.4E-42  250.5   0.0  180    8-187    72-251 (261)
204 tr|H2PJA2|H2PJA2_PONAB Unchara 100.0   1E-36 3.5E-42  248.3   0.0  171   12-182     1-171 (244)
205 tr|A0A162RUG2|A0A162RUG2_9CRUS 100.0   1E-36 3.6E-42  289.7   0.0  183    8-190    35-217 (1283)
206 tr|Q6CC04|Q6CC04_YARLI YALI0C1 100.0 1.1E-36 3.8E-42  266.3   0.0  165   16-187     1-165 (367)
207 tr|Q9Z0U8|Q9Z0U8_RAT Nucleic a 100.0 1.1E-36   4E-42  259.6   0.0  175    8-189    82-256 (298)
208 tr|M8CFA5|M8CFA5_AEGTA Heterog 100.0 1.1E-36 4.1E-42  272.9   0.0  167   21-189   159-326 (484)
209 tr|V9FY09|V9FY09_PHYPR Unchara 100.0 1.2E-36 4.5E-42  283.3   0.0  180   10-189     4-205 (629)
210 tr|A0A077ZTW0|A0A077ZTW0_STYLE 100.0 1.2E-36 4.5E-42  282.5   0.0  170   11-183   309-493 (562)
211 tr|A0A146INT8|A0A146INT8_9AGAR 100.0 1.3E-36   5E-42  277.3   0.0  174    6-188   113-286 (440)
212 tr|A0A183UCX3|A0A183UCX3_TOXCA 100.0 1.7E-36 5.9E-42  259.2   0.0  182    8-189    44-225 (362)
213 tr|A0A078HXL9|A0A078HXL9_BRANA 100.0 1.7E-36   6E-42  270.2   0.0  176   12-189    40-216 (545)
214 tr|A0A0K9R5B4|A0A0K9R5B4_SPIOL 100.0   2E-36 7.5E-42  269.8   0.0  175   11-185    63-237 (345)
215 tr|A0A068U5F6|A0A068U5F6_COFCA 100.0 2.1E-36 7.6E-42  267.0   0.0  175   12-187     7-196 (404)
216 tr|A0A182IAV2|A0A182IAV2_ANOAR 100.0 2.2E-36 7.6E-42  258.2   0.0  167   10-187    95-261 (359)
217 tr|A0A067K791|A0A067K791_JATCU 100.0 2.1E-36 7.8E-42  254.8   0.0  159   29-187     1-167 (241)
218 sp|P19683|ROC4_NICSY 31 kDa ri 100.0 2.1E-36   8E-42  266.0   0.0  176    9-184   131-310 (315)
219 tr|A0A146KWG5|A0A146KWG5_LYGHE 100.0 2.2E-36   8E-42  254.6   0.0  180    8-189    15-194 (281)
220 tr|S4PH07|S4PH07_9NEOP Heterog 100.0 2.3E-36 8.4E-42  234.5   0.0  142   46-187     1-142 (153)
221 tr|K0KX92|K0KX92_WICCF Nuclear 100.0 2.2E-36 8.4E-42  277.9   0.0  177    9-185   230-419 (467)
222 tr|A0A0M4EH03|A0A0M4EH03_DROBS 100.0 2.6E-36 9.3E-42  269.5   0.0  178    9-186    33-210 (483)
223 tr|A0A015NB98|A0A015NB98_9GLOM 100.0 2.8E-36   1E-41  274.0   0.0  180    8-187   264-449 (514)
224 tr|K7EW75|K7EW75_PELSI Unchara 100.0   3E-36 1.1E-41  248.2   0.0  178   10-187     3-180 (265)
225 tr|M2XNR8|M2XNR8_GALSU Heterog 100.0 3.1E-36 1.1E-41  259.9   0.0  178    7-185    24-202 (345)
226 tr|M0YZV5|M0YZV5_HORVV Unchara 100.0 3.3E-36 1.2E-41  263.6   0.0  143   46-190     1-144 (320)
227 tr|A0A0B2VW95|A0A0B2VW95_TOXCA 100.0 3.7E-36 1.3E-41  263.6   0.0  186    7-192    14-334 (457)
228 tr|A0A0R3PUP0|A0A0R3PUP0_ANGCS 100.0 3.7E-36 1.4E-41  253.8   0.0  128    6-133    12-139 (259)
229 tr|A0A060XIZ4|A0A060XIZ4_ONCMY 100.0   4E-36 1.4E-41  246.4   0.0  179   10-188     4-182 (256)
230 tr|A0A166X0T8|A0A166X0T8_9HOMO 100.0 4.1E-36 1.5E-41  262.6   0.0  170   14-183     3-302 (382)
231 tr|A0A0P5UL59|A0A0P5UL59_9CRUS 100.0 4.8E-36 1.7E-41  258.3   0.0  169    8-187    63-231 (386)
232 tr|A0A127ZE12|A0A127ZE12_9BASI 100.0 4.6E-36 1.7E-41  279.3   0.0  181    7-188   162-365 (604)
233 tr|F4X0J4|F4X0J4_ACREC Heterog 100.0 4.9E-36 1.8E-41  258.7   0.0  169   15-184     1-169 (340)
234 tr|I1FF27|I1FF27_AMPQE Unchara 100.0 5.2E-36 1.9E-41  258.6   0.0  172   11-187    10-189 (338)
235 tr|W9SJI8|W9SJI8_9ROSA DAZ-ass 100.0 5.4E-36 1.9E-41  275.2   0.0  178    9-187   103-290 (603)
236 tr|A0A1B0CQ94|A0A1B0CQ94_LUTLO 100.0   6E-36 2.1E-41  258.7   0.0  165   13-188   148-312 (400)
237 tr|A0A0P5KQ79|A0A0P5KQ79_9CRUS 100.0 7.9E-36 2.8E-41  259.0   0.0  170    7-187    62-231 (392)
238 tr|E0VUK8|E0VUK8_PEDHC Heterog 100.0   1E-35 3.5E-41  262.5   0.0  180    8-189    22-201 (486)
239 tr|V9KQB7|V9KQB7_CALMI Heterog 100.0 1.1E-35 3.9E-41  257.8   0.0  177    7-189    61-237 (378)
240 tr|E4XKR2|E4XKR2_OIKDI Unchara 100.0 1.1E-35 3.9E-41  250.1   0.0  168    9-187    17-184 (258)
241 tr|L9KUV7|L9KUV7_TUPCH 60S rib 100.0 1.3E-35 4.6E-41  264.3   0.0  175   16-190   254-428 (536)
242 sp|P49313|ROC1_NICPL 30 kDa ri 100.0 1.3E-35 4.9E-41  256.6   0.0  174   12-185    85-275 (279)
243 tr|A0A1R3JI18|A0A1R3JI18_9ROSI 100.0 1.4E-35 5.1E-41  243.4   0.0  174   12-188     7-181 (224)
244 tr|T1J906|T1J906_STRMM Unchara 100.0 1.5E-35 5.2E-41  261.6   0.0  187    8-194    32-220 (489)
245 tr|A0A0D6QR26|A0A0D6QR26_ARACU 100.0 1.5E-35 5.9E-41  272.6   0.0  177   11-187    60-236 (446)
246 tr|C3ZL82|C3ZL82_BRAFL Putativ 100.0 1.8E-35 6.8E-41  231.9   0.0  137   15-153     1-137 (137)
247 tr|A0A0S4TG55|A0A0S4TG55_CRYHO 100.0 2.1E-35 7.8E-41  242.4   0.0  172   12-184     6-200 (202)
248 tr|A0A1S3AFZ0|A0A1S3AFZ0_ERIEU 100.0 2.3E-35   8E-41  270.2   0.0  185    4-190   472-656 (739)
249 tr|L9L0Z7|L9L0Z7_TUPCH Heterog 100.0 2.4E-35 8.4E-41  236.8   0.0  140    1-140     1-140 (201)
250 tr|W1QJ64|W1QJ64_OGAPD Subunit 100.0 2.7E-35 9.9E-41  262.3   0.0  168   12-186   104-271 (431)
251 tr|A0A061EDL3|A0A061EDL3_THECC 100.0 2.8E-35   1E-40  255.6   0.0  141   46-189     1-143 (299)
252 tr|A0A0F7SR68|A0A0F7SR68_PHARH 100.0 2.9E-35   1E-40  242.6   0.0  171   14-184     3-205 (238)
253 tr|A0A180H5W1|A0A180H5W1_PUCT1 100.0   3E-35 1.1E-40  267.7   0.0  175   10-185   123-321 (482)
254 tr|A0A182IAV2|A0A182IAV2_ANOAR 100.0 3.5E-35 1.2E-40  251.0   0.0  163   13-187    46-208 (306)
255 tr|R0IEX8|R0IEX8_9BRAS Unchara 100.0 3.8E-35 1.4E-40  259.0   0.0  176   12-188    23-222 (377)
256 tr|A0A0P4WYB5|A0A0P4WYB5_9EUCA 100.0 4.1E-35 1.4E-40  260.0   0.0  180    8-188    58-237 (446)
257 tr|W5GSK4|W5GSK4_WHEAT Unchara 100.0   4E-35 1.5E-40  241.7   0.0  166   13-187    15-181 (200)
258 tr|A0A1S3CUD7|A0A1S3CUD7_DIACI 100.0 4.5E-35 1.6E-40  249.6   0.0  174    7-192    10-183 (350)
259 tr|S8D8L2|S8D8L2_9LAMI Unchara 100.0 4.6E-35 1.6E-40  250.9   0.0  178    9-187     7-197 (335)
260 tr|A0A1A8QR89|A0A1A8QR89_9TELE 100.0 4.9E-35 1.7E-40  253.4   0.0  174    8-188   138-311 (404)
261 tr|A0A087GT94|A0A087GT94_ARAAL 100.0 4.9E-35 1.7E-40  268.5   0.0  173   12-187   371-544 (753)
262 tr|B4JIA3|B4JIA3_DROGR GH19059 100.0 4.8E-35 1.8E-40  261.6   0.0  173    8-180    41-216 (391)
263 tr|A0A0P1AWA8|A0A0P1AWA8_9STRA 100.0 5.3E-35 1.8E-40  249.1   0.0  174   10-185   123-315 (349)
264 tr|A0A015JYM1|A0A015JYM1_9GLOM 100.0 6.1E-35 2.1E-40  255.0   0.0  169   12-187    40-208 (438)
265 tr|A0A024U1W4|A0A024U1W4_9STRA 100.0 7.6E-35 2.8E-40  264.9   0.0  178   11-188     6-213 (533)
266 tr|A0A183IP36|A0A183IP36_9BILA 100.0 9.2E-35 3.3E-40  241.7   0.0  167   10-186    18-184 (253)
267 tr|A0A182G718|A0A182G718_AEDAL 100.0 9.5E-35 3.3E-40  247.3   0.0  166   11-187    22-187 (345)
268 tr|A0A175WAX0|A0A175WAX0_9PEZI 100.0 9.7E-35 3.5E-40  252.2   0.0  177    9-185   114-305 (367)
269 tr|A0A1D2MMV4|A0A1D2MMV4_ORCCI 100.0   1E-34 3.5E-40  250.2   0.0  164   12-186    90-253 (385)
270 tr|A0A146WWS6|A0A146WWS6_FUNHE 100.0 1.1E-34 4.1E-40  257.5   0.0  177   11-189    18-194 (453)
271 tr|A7SCX6|A7SCX6_NEMVE Predict 100.0 1.1E-34 4.1E-40  247.2   0.0  177    8-188    23-201 (305)
272 tr|I1ISY1|I1ISY1_BRADI Unchara 100.0 1.2E-34 4.5E-40  253.9   0.0  176    9-184   112-292 (315)
273 tr|R0LZ63|R0LZ63_ANAPL Heterog 100.0 1.3E-34 4.5E-40  247.6   0.0  173   11-189    95-267 (359)
274 tr|A0A0B7B9M1|A0A0B7B9M1_9EUPU 100.0 1.3E-34 4.6E-40  250.7   0.0  172   13-184     3-192 (372)
275 tr|W6NCR8|W6NCR8_HAECO RNA rec 100.0 1.4E-34   5E-40  250.2   0.0  184    7-190    81-264 (378)
276 tr|A0A0E0EMN0|A0A0E0EMN0_9ORYZ 100.0 1.4E-34 5.1E-40  254.8   0.0  175   12-189    21-196 (424)
277 tr|N1JEJ4|N1JEJ4_BLUG1 Nuclear 100.0 1.5E-34 5.3E-40  266.8   0.0  176   11-186   366-555 (611)
278 tr|A0A1A8NPR2|A0A1A8NPR2_9TELE 100.0 1.6E-34 5.8E-40  267.9   0.0  168   11-186   331-504 (570)
279 tr|A0A161MRB3|A0A161MRB3_TRIIF 100.0 1.7E-34 6.1E-40  259.1   0.0  178    9-187     8-185 (508)
280 tr|D8SKI5|D8SKI5_SELML Putativ 100.0 1.7E-34 6.2E-40  245.5   0.0  170   11-180    64-248 (251)
281 tr|W5PPC2|W5PPC2_SHEEP Unchara 100.0 2.1E-34 7.4E-40  242.6   0.0  176    7-188    64-239 (285)
282 tr|S9XHT7|S9XHT7_CAMFR Unchara 100.0 2.1E-34 7.4E-40  249.3   0.0  164    7-170    33-196 (385)
283 tr|W7T5L8|W7T5L8_9STRA Rna-bin 100.0 2.1E-34 7.4E-40  241.5   0.0  175   10-186    41-228 (304)
284 tr|Q12771|Q12771_HUMAN P37 AUF 100.0 2.1E-34 7.5E-40  241.0   0.0  176    8-189    70-245 (286)
285 tr|A0A074ZYP9|A0A074ZYP9_9TREM 100.0 2.1E-34 7.5E-40  257.1   0.0  181    9-190     8-188 (544)
286 tr|F0W949|F0W949_9STRA Nucleol 100.0 2.1E-34 7.7E-40  266.7   0.0  170   11-186   433-602 (701)
287 tr|E2IXG0|E2IXG0_SCHMD Heterog 100.0 2.2E-34 7.8E-40  243.9   0.0  181    8-188    11-191 (331)
288 tr|A7SIF0|A7SIF0_NEMVE Predict 100.0 2.2E-34 8.2E-40  234.1   0.0  175    8-183     8-189 (190)
289 tr|D7SZP1|D7SZP1_VITVI Putativ 100.0 2.2E-34 8.3E-40  250.7   0.0  174   10-184   107-282 (283)
290 tr|A0A074SS81|A0A074SS81_HAMHA 100.0 2.4E-34 8.5E-40  251.9   0.0  178    9-189   118-298 (430)
291 tr|A0A146P2S7|A0A146P2S7_FUNHE 100.0 2.5E-34 8.8E-40  243.0   0.0  174    8-188    47-220 (325)
292 tr|A0A061BGL7|A0A061BGL7_RHOTO 100.0 2.5E-34   9E-40  248.5   0.0  176    9-185    82-283 (333)
293 tr|A0A0P5EEE4|A0A0P5EEE4_9CRUS 100.0 2.6E-34 9.1E-40  240.8   0.0  179    8-188    18-196 (302)
294 tr|A0A146HYX9|A0A146HYX9_9AGAR 100.0 2.3E-34 9.4E-40  281.9   0.0  177   10-188   212-402 (654)
295 tr|B9H9L3|B9H9L3_POPTR Unchara 100.0 2.5E-34 9.9E-40  258.4   0.0  175   11-185   115-302 (326)
296 tr|A0A131XWI9|A0A131XWI9_IXORI 100.0   3E-34 1.1E-39  239.7   0.0  170    8-186    38-207 (294)
297 tr|A3AN31|A3AN31_ORYSJ Unchara 100.0 2.9E-34 1.1E-39  246.3   0.0  175   12-186     3-193 (291)
298 tr|L9JCP8|L9JCP8_TUPCH Heterog 100.0 3.3E-34 1.2E-39  230.6   0.0  176   72-247     1-176 (220)
299 tr|A0A0A1MNK8|A0A0A1MNK8_9FUNG 100.0 2.9E-34 1.2E-39  275.0   0.0  175   11-187    12-190 (494)
300 tr|A0A183C1L1|A0A183C1L1_GLOPA 100.0 3.4E-34 1.2E-39  257.9   0.0  185    7-191   247-431 (595)
301 sp|O94432|YHKF_SCHPO Uncharact 100.0 4.5E-34 1.6E-39  254.5   0.0  169   12-187   161-329 (474)
302 tr|A0A0P6K3Z8|A0A0P6K3Z8_HETGA 100.0 4.7E-34 1.6E-39  250.9   0.0  180   10-189     6-196 (462)
303 tr|F8W646|F8W646_HUMAN Heterog 100.0 4.6E-34 1.6E-39  221.6   0.0   95    1-95      1-95  (156)
304 tr|A0A1S3GYI0|A0A1S3GYI0_LINUN 100.0 4.9E-34 1.7E-39  256.5   0.0  175   11-185     6-204 (585)
305 tr|A0A146ZF37|A0A146ZF37_FUNHE 100.0 5.7E-34   2E-39  241.9   0.0  178    7-186    31-208 (336)
306 tr|A0A146P480|A0A146P480_FUNHE 100.0 5.8E-34 2.1E-39  238.3   0.0  177    6-188    48-224 (277)
307 tr|A0A061DAW0|A0A061DAW0_BABBI 100.0 5.7E-34 2.1E-39  266.9   0.0  168   12-185   421-596 (685)
308 tr|A0A077Z9E3|A0A077Z9E3_TRITR 100.0   6E-34 2.2E-39  243.8   0.0  166   10-185    40-205 (319)
309 tr|B0KWS8|B0KWS8_CALJA Heterog 100.0 6.8E-34 2.4E-39  226.0   0.0  187  132-320     2-188 (188)
310 tr|V8NT83|V8NT83_OPHHA Heterog 100.0 6.9E-34 2.4E-39  251.6   0.0  173   11-189   234-406 (495)
311 tr|A0A0A1U6Y1|A0A0A1U6Y1_ENTIV 100.0 6.5E-34 2.5E-39  244.5   0.0  173   13-188     1-228 (237)
312 tr|A0A0C9T6W2|A0A0C9T6W2_PLICR 100.0 7.4E-34 2.7E-39  230.0   0.0  162   12-181    35-196 (201)
313 tr|A0A146HYX9|A0A146HYX9_9AGAR 100.0 7.3E-34   3E-39  278.4   0.0  173   13-187   122-298 (654)
314 tr|B6K584|B6K584_SCHJY mRNA cl 100.0 8.7E-34   3E-39  239.4   0.0  169   13-188   119-287 (320)
315 tr|A0A022T5L8|A0A022T5L8_9HYME 100.0 8.4E-34 3.2E-39  259.4   0.0  167   12-189   104-270 (446)
316 tr|A0A164XZZ5|A0A164XZZ5_9CRUS 100.0 9.5E-34 3.3E-39  249.1   0.0  179    8-188    18-196 (463)
317 tr|A0A0W4ZS06|A0A0W4ZS06_PNEJI 100.0 9.3E-34 3.3E-39  252.0   0.0  170   10-186   136-305 (440)
318 tr|I1FPN2|I1FPN2_AMPQE Unchara 100.0 9.6E-34 3.4E-39  249.7   0.0  178    9-188    49-229 (403)
319 tr|A0A0G4J0H1|A0A0G4J0H1_PLABS 100.0 1.1E-33 3.9E-39  227.7   0.0  165   11-184    27-196 (197)
320 tr|A0A176VIZ8|A0A176VIZ8_MARPO 100.0 1.1E-33 4.1E-39  259.6   0.0  175    7-186    18-195 (460)
321 tr|A0A0L0G9C5|A0A0L0G9C5_9EUKA 100.0 1.2E-33 4.4E-39  254.6   0.0  177   12-188    83-261 (503)
322 tr|A0A0M3JVT3|A0A0M3JVT3_ANISI 100.0 1.2E-33 4.4E-39  241.4   0.0  170    7-181    69-275 (281)
323 tr|T1HPU8|T1HPU8_RHOPR Unchara 100.0 1.3E-33 4.7E-39  236.4   0.0  142   48-189     2-143 (249)
324 tr|A0A026WG98|A0A026WG98_CERBI 100.0 1.4E-33 4.9E-39  229.3   0.0  165   10-185    53-217 (221)
325 tr|A8PVS4|A8PVS4_MALGO Unchara 100.0 1.4E-33   5E-39  243.0   0.0  164   16-186     1-164 (367)
326 tr|A0A150GRN3|A0A150GRN3_GONPE 100.0 1.4E-33 5.2E-39  263.3   0.0  174    9-188    14-187 (551)
327 tr|A0A077RZT7|A0A077RZT7_WHEAT 100.0 1.3E-33 5.2E-39  270.8   0.0  168   14-187   111-279 (625)
328 tr|A0A183C1L1|A0A183C1L1_GLOPA 100.0 1.5E-33 5.4E-39  253.8   0.0  184    7-190    22-205 (595)
329 tr|A0A0F7GXY5|A0A0F7GXY5_SCHMD 100.0 1.6E-33 5.5E-39  239.4   0.0  180    9-190    10-189 (338)
330 tr|W5NR02|W5NR02_SHEEP Unchara 100.0 1.6E-33 5.5E-39  233.8   0.0  174   10-189    15-188 (278)
331 tr|W5AHI6|W5AHI6_WHEAT Unchara 100.0 1.5E-33 5.6E-39  251.6   0.0  170   13-185     2-171 (365)
332 tr|A0A0A1MNK8|A0A0A1MNK8_9FUNG 100.0 1.5E-33 6.4E-39  270.1   0.0  177   10-188   104-294 (494)
333 tr|A0A0G4H9X9|A0A0G4H9X9_9ALVE 100.0 1.7E-33 6.5E-39  241.2   0.0  169   10-180     8-221 (224)
334 tr|W4KI60|W4KI60_9HOMO Unchara 100.0 1.9E-33 6.7E-39  226.8   0.0  155   15-178     1-155 (195)
335 tr|A0A0R3WBI3|A0A0R3WBI3_TAEAS 100.0 1.9E-33 6.7E-39  245.5   0.0  172    9-188    50-221 (387)
336 tr|A0A0P5HKT5|A0A0P5HKT5_9CRUS 100.0 2.1E-33 7.4E-39  248.9   0.0  179    8-188    18-196 (502)
337 tr|A0A090LD06|A0A090LD06_STRRB 100.0 2.3E-33   8E-39  244.8   0.0  176   10-187   127-302 (430)
338 tr|M5XBC3|M5XBC3_PRUPE Unchara 100.0 2.3E-33 8.5E-39  246.2   0.0  176   11-187    91-279 (355)
339 tr|A0A1B0DKM3|A0A1B0DKM3_PHLPP 100.0 2.2E-33 8.7E-39  252.2   0.0  168   10-188   124-291 (307)
340 tr|F0YAQ8|F0YAQ8_AURAN Putativ 100.0 2.4E-33 9.2E-39  252.5   0.0  174    8-186     7-183 (350)
341 tr|A0A0P9H0X5|A0A0P9H0X5_RHOGW 100.0 2.4E-33 9.4E-39  266.1   0.0  177   10-188   251-441 (528)
342 tr|E2BIC9|E2BIC9_HARSA RNA-bin 100.0 2.6E-33 9.6E-39  240.7   0.0  166   11-185    74-239 (311)
343 tr|T0M7A9|T0M7A9_CAMFR Tartrat 100.0 2.8E-33 9.7E-39  250.4   0.0  179    7-186    23-201 (552)
344 tr|A9S663|A9S663_PHYPA Predict 100.0 2.7E-33 1.1E-38  260.5   0.0  174   13-188   111-286 (439)
345 tr|B3RVS7|B3RVS7_TRIAD Putativ 100.0   3E-33 1.1E-38  237.1   0.0  173   14-186    73-245 (331)
346 tr|V9KPI3|V9KPI3_CALMI Musashi 100.0 3.1E-33 1.1E-38  244.3   0.0  176   12-189    29-204 (435)
347 tr|A0A0A0KXV0|A0A0A0KXV0_CUCSA 100.0 2.8E-33 1.1E-38  260.2   0.0  174   11-184    86-259 (421)
348 tr|A0A0N4WP00|A0A0N4WP00_HAEPC 100.0 3.1E-33 1.1E-38  246.1   0.0  165   12-186    96-260 (426)
349 tr|Q90626|Q90626_CHICK Ribonuc 100.0 3.2E-33 1.1E-38  232.8   0.0  169   14-189    73-241 (285)
350 tr|W4XQD9|W4XQD9_STRPU Unchara 100.0 3.1E-33 1.1E-38  255.3   0.0  164   12-191   109-272 (474)
351 tr|A0A151P0T1|A0A151P0T1_ALLMI 100.0 3.2E-33 1.1E-38  236.8   0.0  177    7-189    56-232 (329)
352 tr|A9S663|A9S663_PHYPA Predict 100.0 2.9E-33 1.1E-38  260.3   0.0  176   10-187   199-388 (439)
353 tr|A0A0N4ZUN4|A0A0N4ZUN4_PARTI 100.0 3.3E-33 1.2E-38  242.5   0.0  177   10-188   110-286 (408)
354 tr|A0A0S7KRQ2|A0A0S7KRQ2_9TELE 100.0 3.3E-33 1.2E-38  235.4   0.0  181    7-189    13-193 (314)
355 tr|M7B042|M7B042_CHEMY Heterog 100.0 3.3E-33 1.2E-38  250.0   0.0  176    7-188    23-198 (510)
356 tr|A0A1A9YR41|A0A1A9YR41_GLOFF 100.0 3.6E-33 1.3E-38  246.8   0.0  176    9-189     3-178 (490)
357 tr|A0A0R3W228|A0A0R3W228_TAEAS 100.0 3.9E-33 1.4E-38  243.5   0.0  183    6-189     5-187 (430)
358 tr|Q179S7|Q179S7_AEDAE AAEL005 100.0 4.1E-33 1.4E-38  232.8   0.0  168    9-187    31-198 (292)
359 tr|A0A0A9ZI28|A0A0A9ZI28_LYGHE 100.0 4.1E-33 1.5E-38  246.6   0.0  175   11-188   141-315 (437)
360 tr|A0A0C2N0C1|A0A0C2N0C1_THEKT 100.0 4.7E-33 1.7E-38  238.8   0.0  177   10-187    14-196 (314)
361 tr|B9W6H6|B9W6H6_CANDC Pre-rRN 100.0 4.7E-33 1.7E-38  250.5   0.0  178    9-186   191-380 (423)
362 tr|L8WNF8|L8WNF8_THACA RNA rec 100.0   5E-33 1.8E-38  254.5   0.0  175    9-183   105-288 (716)
363 tr|A0A074Z637|A0A074Z637_9TREM 100.0   5E-33 1.8E-38  240.1   0.0  181    9-189    74-254 (388)
364 tr|A0A067D891|A0A067D891_CITSI 100.0 5.1E-33   2E-38  242.5   0.0  175    8-183    73-254 (275)
365 tr|A0A179I9I4|A0A179I9I4_CORDF 100.0 5.6E-33   2E-38  240.0   0.0  166   12-185   111-276 (365)
366 tr|A0A1M8A148|A0A1M8A148_MALS4 100.0 5.8E-33   2E-38  241.2   0.0  170   10-186    91-260 (412)
367 tr|A0A0R3W228|A0A0R3W228_TAEAS 100.0   6E-33 2.1E-38  242.4   0.0  180    9-189   232-411 (430)
368 tr|G3U1U2|G3U1U2_LOXAF Unchara 100.0 5.7E-33 2.1E-38  236.8   0.0  176    7-189    18-194 (261)
369 tr|A0A0P6HJC9|A0A0P6HJC9_9CRUS 100.0 6.6E-33 2.3E-38  250.4   0.0  179    8-188    74-252 (613)
370 tr|A0A1B6FAL6|A0A1B6FAL6_9HEMI 100.0 6.8E-33 2.4E-38  232.6   0.0  179    6-187    75-253 (304)
371 tr|A0A182VYZ6|A0A182VYZ6_9DIPT 100.0 6.7E-33 2.4E-38  246.9   0.0  175   12-188    58-232 (461)
372 tr|A0A084WB97|A0A084WB97_ANOSI 100.0   8E-33 2.9E-38  253.7   0.0  166   13-189    92-257 (565)
373 tr|A0A146WUZ5|A0A146WUZ5_FUNHE 100.0 8.3E-33 2.9E-38  242.1   0.0  177   11-189    18-194 (419)
374 tr|A0A061DH47|A0A061DH47_THECC 100.0 8.9E-33 3.2E-38  231.6   0.0  171   13-189     5-184 (264)
375 tr|H2Y9C3|H2Y9C3_CIOSA Unchara 100.0   9E-33 3.2E-38  241.3   0.0  180   10-189     4-189 (389)
376 tr|A0A1Q9CEE7|A0A1Q9CEE7_SYMMI 100.0 9.3E-33 3.3E-38  263.8   0.0  181   11-191   325-522 (1328)
377 tr|V4CRF4|V4CRF4_LOTGI Unchara 100.0 9.3E-33 3.3E-38  220.1   0.0  164   12-184     2-166 (204)
378 tr|A0A196SER6|A0A196SER6_9STRA 100.0 9.6E-33 3.6E-38  236.8   0.0  174   14-187     4-180 (276)
379 tr|A0A1Q3EU11|A0A1Q3EU11_CULTA 100.0 1.2E-32 4.1E-38  238.5   0.0  180    8-189    92-271 (398)
380 tr|G5DY32|G5DY32_9PIPI Putativ 100.0 1.2E-32 4.2E-38  216.4   0.0  169   33-293     1-170 (185)
381 tr|G8YC71|G8YC71_PICSO Piso0_0 100.0 1.2E-32 4.2E-38  246.3   0.0  169   11-186   158-326 (485)
382 tr|M5WFZ9|M5WFZ9_PRUPE Unchara 100.0 1.1E-32 4.5E-38  248.8   0.0  156   11-166    69-229 (345)
383 tr|A0A0K2TCT3|A0A0K2TCT3_LEPSM 100.0 1.3E-32 4.5E-38  240.0   0.0  182    7-188     8-192 (427)
384 tr|A0A061GIS6|A0A061GIS6_THECC 100.0 1.2E-32 4.8E-38  263.7   0.0  179    8-188   206-398 (625)
385 tr|A0A103YNH7|A0A103YNH7_CYNCS 100.0 1.4E-32 4.8E-38  250.6   0.0  174   12-186     4-189 (679)
386 tr|A0A0M5J9P1|A0A0M5J9P1_DROBS 100.0 1.4E-32 4.9E-38  246.8   0.0  170    9-189    56-225 (572)
387 tr|A0A1E4T0U3|A0A1E4T0U3_9ASCO  99.9 1.4E-32 4.9E-38  223.2   0.0  166   11-183    68-233 (234)
388 tr|M7BWP8|M7BWP8_CHEMY Heterog  99.9 1.5E-32 5.3E-38  238.5   0.0  170   13-189   146-315 (409)
389 tr|B4QNF3|B4QNF3_DROSI GD12423  99.9 1.7E-32 5.9E-38  234.3   0.0  179    8-188    23-201 (351)
390 tr|A0A0L0H5H9|A0A0L0H5H9_SPIPN  99.9 1.7E-32   6E-38  241.0   0.0  174   12-192    71-247 (458)
391 tr|A0A0N5CC97|A0A0N5CC97_STREA  99.9 1.8E-32 6.2E-38  238.9   0.0  175   11-187   123-297 (422)
392 tr|A0A0D2ME29|A0A0D2ME29_9CHLO  99.9 1.8E-32 6.3E-38  237.2   0.0  169   11-184     7-176 (395)
393 tr|A2WVF7|A2WVF7_ORYSI Putativ  99.9 1.8E-32 6.5E-38  235.9   0.0  176   12-187    27-206 (312)
394 tr|B9G629|B9G629_ORYSJ Unchara  99.9 1.7E-32 6.5E-38  246.3   0.0  174    8-186    19-195 (391)
395 tr|J9KAS4|J9KAS4_ACYPI Unchara  99.9 1.9E-32 6.6E-38  243.9   0.0  174   12-188   151-324 (465)
396 tr|A0A0C2MLU2|A0A0C2MLU2_THEKT  99.9 1.9E-32 6.7E-38  227.6   0.0  178    8-186    18-205 (279)
397 tr|G4V9P3|G4V9P3_SCHMA Rna-bin  99.9   2E-32   7E-38  234.3   0.0  183    7-189    71-253 (346)
398 tr|B7Q141|B7Q141_IXOSC RNA-bin  99.9   2E-32   7E-38  226.1   0.0  160   11-176    63-222 (266)
399 tr|R7VCB8|R7VCB8_CAPTE Unchara  99.9 2.1E-32 7.3E-38  240.2   0.0  175   12-186     6-181 (453)
400 tr|Q177R3|Q177R3_AEDAE AAEL006  99.9 2.1E-32 7.4E-38  244.8   0.0  175   12-188   100-274 (482)
401 tr|A0A0A9WAG1|A0A0A9WAG1_LYGHE  99.9 2.1E-32 7.6E-38  241.0   0.0  166   12-189   104-269 (353)
402 tr|E3M8F0|E3M8F0_CAERE CRE-MSI  99.9 2.3E-32 7.9E-38  232.2   0.0  176   11-188    38-213 (335)
403 tr|A0A060XCV0|A0A060XCV0_ONCMY  99.9 2.2E-32 8.7E-38  259.0   0.0  176   10-188    72-261 (523)
404 tr|A0A077RZT7|A0A077RZT7_WHEAT  99.9 2.4E-32 9.2E-38  262.4   0.0  176   11-188   194-383 (625)
405 tr|A0A1E4TX74|A0A1E4TX74_PACTA  99.9 2.9E-32   1E-37  241.7   0.0  170   11-187   114-283 (499)
406 tr|A0A0Q9WSP7|A0A0Q9WSP7_DROVI  99.9 3.1E-32 1.1E-37  242.0   0.0  179    8-188    33-211 (511)
407 tr|A0A058ZGT4|A0A058ZGT4_9EUKA  99.9 3.2E-32 1.1E-37  235.9   0.0  175   10-185   124-305 (399)
408 tr|A0A024U6Y1|A0A024U6Y1_9STRA  99.9 3.2E-32 1.2E-37  243.3   0.0  175   11-185   119-337 (440)
409 tr|A0A074S086|A0A074S086_9HOMO  99.9 3.5E-32 1.3E-37  244.2   0.0  174    6-187   199-372 (525)
410 tr|A0A1E3QBB0|A0A1E3QBB0_LIPST  99.9 3.6E-32 1.3E-37  234.7   0.0  174   12-185   108-295 (332)
411 tr|A0A0C9Q1U3|A0A0C9Q1U3_9HYME  99.9 3.6E-32 1.3E-37  239.3   0.0  175   11-188   104-278 (420)
412 tr|A8WVH8|A8WVH8_CAEBR Protein  99.9 3.9E-32 1.4E-37  239.1   0.0  177   11-187    40-293 (398)
413 tr|R7QHG3|R7QHG3_CHOCR Putativ  99.9   4E-32 1.4E-37  241.8   0.0  171   12-186   152-326 (521)
414 tr|M3XHI3|M3XHI3_LATCH Unchara  99.9 3.7E-32 1.4E-37  255.4   0.0  172   13-187    98-273 (548)
415 tr|A0A0P6AZS5|A0A0P6AZS5_9CRUS  99.9 4.1E-32 1.4E-37  246.7   0.0  179    8-188    18-196 (654)
416 tr|L0PAV2|L0PAV2_PNEJ8 Unchara  99.9 4.2E-32 1.5E-37  235.1   0.0  164   16-186     1-164 (397)
417 tr|A0A061GIS6|A0A061GIS6_THECC  99.9   4E-32 1.5E-37  260.3   0.0  172   13-187   121-294 (625)
418 tr|A0A0E0ITF3|A0A0E0ITF3_ORYNI  99.9 4.6E-32 1.6E-37  260.9   0.0  177   12-189     4-212 (1498)
419 tr|N6ULM6|N6ULM6_DENPD Unchara  99.9 4.6E-32 1.6E-37  230.9   0.0  174   12-188    44-218 (297)
420 tr|S8CV42|S8CV42_9LAMI Unchara  99.9 4.4E-32 1.7E-37  248.0   0.0  176   11-186    89-264 (397)
421 tr|A0A0R3WAZ3|A0A0R3WAZ3_TAEAS  99.9 4.4E-32 1.7E-37  259.9   0.0  174   13-186   314-511 (604)
422 tr|A0A0D9X0V7|A0A0D9X0V7_9ORYZ  99.9 4.9E-32 1.7E-37  245.5   0.0  176   11-187   136-321 (605)
423 tr|A0A0R1E374|A0A0R1E374_DROYA  99.9   5E-32 1.8E-37  240.0   0.0  180    8-189    23-202 (496)
424 tr|A0A1B0FCC1|A0A1B0FCC1_GLOMM  99.9 5.4E-32 1.9E-37  247.8   0.0  174   12-188   203-376 (633)
425 tr|F8P9L5|F8P9L5_SERL9 Putativ  99.9   6E-32 2.1E-37  220.0   0.0  168   13-188    64-231 (237)
426 tr|A0A0N5AKI6|A0A0N5AKI6_9BILA  99.9 5.9E-32 2.1E-37  236.6   0.0  166   11-186    36-201 (401)
427 tr|A0A0E0KEA1|A0A0E0KEA1_ORYPU  99.9 5.8E-32 2.1E-37  234.4   0.0  174   12-185   143-320 (324)
428 tr|A0A0G4G7T6|A0A0G4G7T6_9ALVE  99.9 6.2E-32 2.2E-37  234.3   0.0  174    9-184    22-198 (401)
429 tr|A0A0P9H0X5|A0A0P9H0X5_RHOGW  99.9 5.5E-32 2.2E-37  257.0   0.0  173   13-187   161-337 (528)
430 tr|A0A0N8P0U4|A0A0N8P0U4_DROAN  99.9 6.3E-32 2.2E-37  239.5   0.0  180    8-189    24-203 (497)
431 tr|E0W3Q3|E0W3Q3_PEDHC Putativ  99.9 5.8E-32 2.3E-37  228.8   0.0  167   10-182    14-184 (211)
432 tr|E3MS94|E3MS94_CAERE CRE-SQD  99.9 6.7E-32 2.4E-37  232.9   0.0  176   11-186    26-216 (334)
433 tr|A0A165Z911|A0A165Z911_9HOMO  99.9 6.8E-32 2.4E-37  240.9   0.0  169   12-188    45-213 (475)
434 tr|A0A1E5RWD0|A0A1E5RWD0_9ASCO  99.9 6.8E-32 2.6E-37  258.3   0.0  177   11-189   226-416 (605)
435 tr|A0A137PF23|A0A137PF23_CONC2  99.9 7.5E-32 2.6E-37  237.2   0.0  176   12-188    82-262 (461)
436 tr|A0A1D2MLV6|A0A1D2MLV6_ORCCI  99.9 7.8E-32 2.7E-37  240.5   0.0  175   13-187   247-421 (532)
437 tr|A0A0V1CJW8|A0A0V1CJW8_TRIBR  99.9 7.7E-32 2.9E-37  261.7   0.0  176   10-188   189-379 (812)
438 tr|A0A0F8B3E3|A0A0F8B3E3_CERFI  99.9   8E-32   3E-37  245.2   0.0  154   10-163   244-411 (412)
439 tr|A0A195B8X7|A0A195B8X7_9HYME  99.9 8.9E-32 3.1E-37  240.6   0.0  174   13-187   112-285 (544)
440 tr|D2K9J5|D2K9J5_ORNMO Apoptos  99.9 8.3E-32 3.2E-37  223.7   0.0  173    7-181    25-201 (204)
441 tr|A0A067FPY2|A0A067FPY2_CITSI  99.9 8.8E-32 3.2E-37  236.3   0.0  176    9-184   155-360 (365)
442 tr|A0A022T6K5|A0A022T6K5_9HYME  99.9 8.2E-32 3.4E-37  273.9   0.0  179    8-188   615-798 (861)
443 tr|W3XPQ1|W3XPQ1_9PEZI Unchara  99.9 8.6E-32 3.4E-37  241.6   0.0  177    8-185    91-278 (307)
444 tr|A0A162NKX3|A0A162NKX3_PHYB8  99.9 9.2E-32 3.8E-37  242.4   0.0  168    8-181    84-284 (286)
445 tr|A0A0C9QIT3|A0A0C9QIT3_9HYME  99.9 9.9E-32 3.9E-37  246.0   0.0  173    8-186    90-282 (391)
446 tr|L5JXN7|L5JXN7_PTEAL Polyade  99.9   1E-31   4E-37  254.3   0.0  173    9-187     6-180 (512)
447 tr|A0A023GH97|A0A023GH97_9ACAR  99.9   1E-31 4.1E-37  236.9   0.0  174   12-187    91-267 (273)
448 tr|M3XHI3|M3XHI3_LATCH Unchara  99.9 1.2E-31 4.6E-37  252.1   0.0  175   11-188   188-376 (548)
449 tr|Q7PUN6|Q7PUN6_ANOGA AGAP001  99.9 1.3E-31 4.7E-37  242.0   0.0  175   12-188   180-354 (556)
450 tr|A0A1D2NI89|A0A1D2NI89_ORCCI  99.9 1.4E-31 4.8E-37  214.2   0.0  159   13-175    50-208 (209)
451 tr|A0A067BU65|A0A067BU65_SAPPC  99.9 1.4E-31 4.9E-37  230.4   0.0  179   11-189     6-203 (374)
452 tr|B4PTJ1|B4PTJ1_DROYA Unchara  99.9 1.4E-31 5.1E-37  244.8   0.0  173   12-187   204-376 (637)
453 tr|M1BGT3|M1BGT3_SOLTU Unchara  99.9 1.5E-31 5.1E-37  238.8   0.0  177   11-190    12-189 (534)
454 tr|A0A0D2MQZ2|A0A0D2MQZ2_9CHLO  99.9 1.5E-31 5.2E-37  232.9   0.0  184    7-190    11-201 (416)
455 tr|M0SB48|M0SB48_MUSAM Unchara  99.9 1.5E-31 5.2E-37  244.0   0.0  174   12-186     4-187 (679)
456 tr|T1GXY7|T1GXY7_MEGSC Unchara  99.9 1.5E-31 5.4E-37  229.4   0.0  172   12-186    84-255 (364)
457 tr|A0A099NZ19|A0A099NZ19_PICKU  99.9 1.5E-31 5.5E-37  245.4   0.0  170   10-186   255-424 (636)
458 tr|S9YJW3|S9YJW3_CAMFR Unchara  99.9 1.6E-31 5.5E-37  234.2   0.0  173   10-189   162-347 (442)
459 tr|A4V6N1|A4V6N1_DUGJA HnRNP A  99.9 1.6E-31 5.6E-37  230.8   0.0  178   10-187    14-191 (386)
460 tr|A0A0P5JB42|A0A0P5JB42_9CRUS  99.9 1.6E-31 5.7E-37  233.8   0.0  174   12-186   115-288 (435)
461 tr|K1PYK7|K1PYK7_CRAGI RNA-bin  99.9 1.5E-31 5.8E-37  256.0   0.0  177    9-185   158-341 (557)
462 tr|L5JXN7|L5JXN7_PTEAL Polyade  99.9 1.5E-31 5.8E-37  253.2   0.0  173   12-187    97-278 (512)
463 tr|L5KWG1|L5KWG1_PTEAL Putativ  99.9 1.7E-31 6.1E-37  200.9   0.0  122    4-125     2-123 (123)
464 tr|A0A0W8DUJ1|A0A0W8DUJ1_PHYNI  99.9 1.8E-31 6.3E-37  250.3   0.0  174   10-185   106-292 (975)
465 tr|K1PNI6|K1PNI6_CRAGI Heterog  99.9 1.9E-31 6.6E-37  235.5   0.0  156    9-170    53-208 (475)
466 tr|A0A0F7SXC5|A0A0F7SXC5_PHARH  99.9 1.9E-31 6.8E-37  240.0   0.0  170    8-185   133-302 (583)
467 tr|G5BSV4|G5BSV4_HETGA Heterog  99.9 1.9E-31 6.8E-37  220.9   0.0  168   10-183   103-270 (271)
468 tr|A0A024GK10|A0A024GK10_9STRA  99.9 1.9E-31 7.3E-37  230.1   0.0  174    8-186     6-182 (280)
469 tr|A0A0V1CJW8|A0A0V1CJW8_TRIBR  99.9 2.1E-31   8E-37  258.7   0.0  171   13-186    99-274 (812)
470 tr|A0A098VLX7|A0A098VLX7_9MICR  99.9 2.5E-31 8.8E-37  229.6   0.0  173   11-183   151-337 (386)
471 tr|A0A0J9X4G9|A0A0J9X4G9_GEOCN  99.9 2.5E-31 8.9E-37  243.7   0.0  171   10-187   169-339 (723)
472 tr|Q0TVC9|Q0TVC9_PHANO Unchara  99.9 2.2E-31 8.9E-37  240.9   0.0  176    9-185   124-306 (321)
473 tr|A0A139IMA9|A0A139IMA9_9PEZI  99.9 2.6E-31   9E-37  242.5   0.0  178    8-185   425-618 (680)
474 tr|A0A0P5VQ05|A0A0P5VQ05_9CRUS  99.9 2.8E-31   1E-36  235.4   0.0  174   12-186   115-288 (498)
475 tr|I3J0S9|I3J0S9_ORENI Unchara  99.9 2.8E-31   1E-36  210.4   0.0  158   11-170    18-175 (180)
476 tr|A0A078GLB9|A0A078GLB9_BRANA  99.9 2.9E-31   1E-36  237.8   0.0  175   10-185     3-187 (553)
477 tr|W9CET4|W9CET4_9HELO Unchara  99.9 2.8E-31   1E-36  234.9   0.0  172    8-182   126-299 (381)
478 tr|A0A0K2UC81|A0A0K2UC81_LEPSM  99.9   3E-31   1E-36  232.4   0.0  176    9-187    24-199 (439)
479 tr|A0A0L0NV30|A0A0L0NV30_9ASCO  99.9   3E-31   1E-36  236.0   0.0  166   12-184   159-324 (513)
480 tr|A0A172RVM8|A0A172RVM8_SCHMD  99.9 3.2E-31 1.2E-36  220.1   0.0  169   11-183     7-175 (240)
481 tr|A0A0N4Y5N2|A0A0N4Y5N2_NIPBR  99.9 3.2E-31 1.2E-36  250.3   0.0  172   11-191   258-437 (586)
482 tr|M5X3H8|M5X3H8_PRUPE Unchara  99.9 3.1E-31 1.2E-36  229.0   0.0  173    8-180    69-251 (251)
483 tr|I2JWM6|I2JWM6_DEKBR Subunit  99.9 3.9E-31 1.4E-36  221.7   0.0  165   16-187     1-165 (298)
484 tr|A0A1I8CB45|A0A1I8CB45_9BILA  99.9 3.9E-31 1.4E-36  221.4   0.0  175   10-186    88-262 (294)
485 tr|L5MAB8|L5MAB8_MYODS Coatome  99.9 3.9E-31 1.4E-36  232.3   0.0  227   73-304     2-269 (451)
486 tr|A4V6K2|A4V6K2_DUGJA PRM10 p  99.9 3.9E-31 1.4E-36  224.0   0.0  174    8-189    66-239 (325)
487 tr|A1DBD2|A1DBD2_NEOFI Nucleic  99.9 3.6E-31 1.4E-36  233.9   0.0  175    7-184   119-295 (307)
488 tr|A0A1J7FPS0|A0A1J7FPS0_LUPAN  99.9 4.3E-31 1.5E-36  224.0   0.0  175   12-187     4-233 (328)
489 sp|P19684|ROC5_NICSY 33 kDa ri  99.9 4.1E-31 1.6E-36  233.8   0.0  175   12-186   112-299 (324)
490 tr|A0A1E3PP49|A0A1E3PP49_9ASCO  99.9 4.7E-31 1.6E-36  239.1   0.0  168   11-185   181-348 (625)
491 tr|A0A0B7B7Y3|A0A0B7B7Y3_9EUPU  99.9 4.1E-31 1.6E-36  260.0   0.0  175    9-185   442-622 (693)
492 tr|A0A0D9X981|A0A0D9X981_9ORYZ  99.9   5E-31 1.7E-36  231.3   0.0  175   12-189    19-194 (445)
493 tr|B4GYW1|B4GYW1_DROPE GL27263  99.9 5.1E-31 1.8E-36  213.3   0.0  151   10-160    31-181 (226)
494 tr|A0A163JPF8|A0A163JPF8_ABSGL  99.9 4.7E-31 1.8E-36  222.7   0.0  168   16-186    11-199 (214)
495 tr|A0A177TU39|A0A177TU39_9BASI  99.9 5.2E-31 1.8E-36  243.4   0.0  170    9-185   178-347 (710)
496 tr|A0A0P5J451|A0A0P5J451_9CRUS  99.9 5.2E-31 1.8E-36  233.5   0.0  174   12-186   115-288 (492)
497 tr|F6Y467|F6Y467_HORSE Unchara  99.9 5.2E-31 1.8E-36  206.1   0.0  174  106-279     4-177 (178)
498 tr|G5BTZ8|G5BTZ8_HETGA Heterog  99.9 5.2E-31 1.8E-36  229.0   0.0  153    6-185    27-179 (392)
499 tr|T2M7S0|T2M7S0_HYDVU RNA-bin  99.9 5.6E-31   2E-36  227.0   0.0  177   11-189    16-192 (378)
500 tr|A0A0C9QIT3|A0A0C9QIT3_9HYME  99.9   5E-31   2E-36  241.4   0.0  175    9-187     3-179 (391)

