- 18:29:24.791 INFO: Searching 12365503 column state sequences.

- 18:29:24.893 INFO: /var/www/html/services/NetSurfP-2.0/tmp/6015976800005638DF571887/0000_NP_002127_1/0000_NP_002127_1_INPUT.fasta is in A2M, A3M or FASTA format

- 18:29:24.893 INFO: Iteration 1

- 18:29:24.956 INFO: Prefiltering database

- 18:29:37.051 INFO: HMMs passed 1st prefilter (gapless profile-profile alignment)  : 494314

- 18:29:41.261 WARNING: Number of hits passing 2nd prefilter (reduced from 31017 to allowed maximum of 20000).
You can increase the allowed maximum using the -maxfilt <max> option.

- 18:29:41.399 INFO: HMMs passed 2nd prefilter (gapped profile-profile alignment)   : 20000

- 18:29:41.399 INFO: HMMs passed 2nd prefilter and not found in previous iterations : 20000

- 18:29:41.399 INFO: Scoring 20000 HMMs using HMM-HMM Viterbi alignment

- 18:29:41.669 INFO: Alternative alignment: 0

- 18:29:41.842 INFO: 2000 alignments done

- 18:29:42.140 INFO: 4000 alignments done

- 18:29:42.678 INFO: 6000 alignments done

- 18:29:43.320 INFO: 8000 alignments done

- 18:29:44.163 INFO: 10000 alignments done

- 18:29:44.282 WARNING: Warning in /usr/cbs/bio/src/netsurfp-2.0/hhsuite-3.0-beta.3-Source/src/hhalignment.cpp:1782: Filter2:

- 18:29:44.282 WARNING: 	Filtering removed all sequences in alignment tr|W4Z624_1|W4Z624_STRPU. Inserting back first sequence.

- 18:29:44.289 WARNING: Warning in /usr/cbs/bio/src/netsurfp-2.0/hhsuite-3.0-beta.3-Source/src/hhalignment.cpp:1782: Filter2:

- 18:29:44.289 WARNING: 	Filtering removed all sequences in alignment tr|W4XWK7_1|W4XWK7_STRPU. Inserting back first sequence.

- 18:29:45.622 INFO: 12000 alignments done

- 18:29:48.534 INFO: 14000 alignments done

- 18:29:53.580 INFO: 16000 alignments done

- 18:29:59.565 INFO: 18000 alignments done

- 18:30:06.012 INFO: 20000 alignments done

- 18:30:06.019 INFO: Alternative alignment: 1

- 18:30:09.582 INFO: 18428 alignments done

- 18:30:09.671 INFO: Alternative alignment: 2

- 18:30:12.728 INFO: 15882 alignments done

- 18:30:12.762 INFO: Alternative alignment: 3

- 18:30:14.443 INFO: 6638 alignments done

- 18:30:15.027 INFO: Realigning 500 HMM-HMM alignments using Maximum Accuracy algorithm

- 18:30:41.528 INFO: 8643 sequences belonging to 8643 database HMMs found with an E-value < 0.001

- 18:30:41.528 INFO: Number of effective sequences of resulting query HMM: Neff = 8.59205

- 18:30:41.888 INFO: Iteration 2

- 18:30:41.954 INFO: Prefiltering database

- 18:30:52.446 INFO: HMMs passed 1st prefilter (gapless profile-profile alignment)  : 4677901

- 18:31:28.808 WARNING: Number of hits passing 2nd prefilter (reduced from 464521 to allowed maximum of 20000).
You can increase the allowed maximum using the -maxfilt <max> option.

- 18:31:28.885 INFO: HMMs passed 2nd prefilter (gapped profile-profile alignment)   : 20000

- 18:31:28.885 INFO: HMMs passed 2nd prefilter and not found in previous iterations : 15471

- 18:31:28.885 INFO: Scoring 15471 HMMs using HMM-HMM Viterbi alignment

- 18:31:29.096 INFO: Alternative alignment: 0

- 18:31:30.300 INFO: 2000 alignments done

- 18:31:31.588 INFO: 4000 alignments done

- 18:31:33.685 INFO: 6000 alignments done

- 18:31:36.283 INFO: 8000 alignments done

- 18:31:39.718 INFO: 10000 alignments done

- 18:31:43.545 INFO: 12000 alignments done

- 18:31:47.952 INFO: 14000 alignments done

- 18:31:51.698 INFO: 15471 alignments done

- 18:31:51.704 INFO: Alternative alignment: 1

- 18:31:53.804 INFO: 14750 alignments done

- 18:31:53.856 INFO: Alternative alignment: 2

- 18:31:55.828 INFO: 14339 alignments done

- 18:31:55.891 INFO: Alternative alignment: 3

- 18:31:56.600 INFO: 4390 alignments done

- 18:31:57.065 INFO: Rescoring previously found HMMs with Viterbi algorithm

- 18:31:57.294 INFO: Alternative alignment: 0

- 18:31:57.628 INFO: 2000 alignments done

- 18:31:58.113 INFO: 4000 alignments done

- 18:31:58.341 INFO: 5432 alignments done

- 18:31:58.347 INFO: Alternative alignment: 1

- 18:31:59.287 INFO: 5432 alignments done

- 18:31:59.306 INFO: Alternative alignment: 2

- 18:32:00.270 INFO: 5409 alignments done

- 18:32:00.282 INFO: Alternative alignment: 3

- 18:32:01.022 INFO: 3396 alignments done

- 18:32:01.706 INFO: Realigning 500 HMM-HMM alignments using Maximum Accuracy algorithm

- 18:32:30.095 INFO: 27858 sequences belonging to 27858 database HMMs found with an E-value < 0.001

- 18:32:30.095 INFO: Number of effective sequences of resulting query HMM: Neff = 9.42398

Query         0000_NP_002127_1
Match_columns 320
No_of_seqs    3885 out of 49479
Neff          9.42398
Searched_HMMs 27379
Date          Sat Jan 30 18:32:30 2021
Command       /tools/src/netsurfp-2.0/hhsuite/bin/hhblits -i /var/www/html/services/NetSurfP-2.0/tmp/6015976800005638DF571887/0000_NP_002127_1/0000_NP_002127_1_INPUT.fasta -o /dev/null -ohhm /var/www/html/services/NetSurfP-2.0/tmp/6015976800005638DF571887/0000_NP_002127_1/0000_NP_002127_1_PROFILE.hhm -n 2 -d /net/nas/storage/databases/userdb/netsurfp2-db/uniclust30_2017_04/uniclust30_2017_04 -oa3m /var/www/html/services/NetSurfP-2.0/tmp/6015976800005638DF571887/0000_NP_002127_1/0000_NP_002127_1_MSA.a3m -cpu 10 

 No Hit                             Prob E-value P-value  Score    SS Cols Query HMM  Template HMM
  1 sp|P51992|RO32_XENLA Heterogen 100.0   3E-69 1.1E-74  476.6   0.0  187    3-189    16-202 (385)
  2 sp|Q9CX86|ROA0_MOUSE Heterogen 100.0 4.5E-66 1.7E-71  447.3   0.0  271    9-282     2-277 (305)
  3 tr|A0A0K8RU64|A0A0K8RU64_CROHD 100.0 5.2E-66   2E-71  446.5   0.0  230    1-230    14-243 (314)
  4 tr|G5C268|G5C268_HETGA Putativ 100.0 2.7E-65 9.7E-71  435.8   0.0  268    1-320    37-308 (332)
  5 tr|A0A023FJS1|A0A023FJS1_9ACAR 100.0 9.3E-65 3.6E-70  440.9   0.0  190    3-192     3-192 (309)
  6 tr|H2UQN8|H2UQN8_TAKRU Unchara 100.0 4.5E-62 1.7E-67  410.8   0.0  210    1-210     7-216 (279)
  7 tr|L8Y631|L8Y631_TUPCH Heterog 100.0 6.1E-62 2.2E-67  421.0   0.0  246    6-251     1-246 (432)
  8 tr|F1KXA9|F1KXA9_ASCSU Heterog 100.0 2.8E-60 1.1E-65  414.5   0.0  187    5-191    13-199 (357)
  9 tr|G5BTZ8|G5BTZ8_HETGA Heterog 100.0   6E-60 2.1E-65  402.1   0.0  271    5-276    90-363 (392)
 10 tr|G1NBC8|G1NBC8_MELGA Unchara 100.0 6.8E-60 2.6E-65  400.5   0.0  195    1-195    20-214 (272)
 11 tr|A0A151MUT9|A0A151MUT9_ALLMI 100.0 2.4E-59 8.5E-65  398.8   0.0  247    4-251    10-256 (409)
 12 tr|A0A0Q3X921|A0A0Q3X921_AMAAE 100.0 7.2E-59 2.5E-64  400.4   0.0  189    4-192    53-241 (456)
 13 tr|A0A0L8H0G9|A0A0L8H0G9_OCTBM 100.0 1.4E-57 5.5E-63  400.5   0.0  182    6-190    23-204 (321)
 14 tr|A0A026VWW8|A0A026VWW8_CERBI 100.0 2.2E-57 8.1E-63  403.2   0.0  187    4-190     7-193 (396)
 15 tr|M7BWI4|M7BWI4_CHEMY Heterog 100.0 1.1E-54 3.7E-60  371.6   0.0  187    6-192    16-202 (419)
 16 tr|G3U5W7|G3U5W7_LOXAF Unchara 100.0 1.6E-54 5.9E-60  366.1   0.0  215    3-218    21-237 (307)
 17 tr|A0A146S924|A0A146S924_FUNHE 100.0 7.2E-54 2.8E-59  360.3   0.0  188    4-191     3-190 (221)
 18 tr|H0W8M5|H0W8M5_CAVPO Unchara 100.0 3.8E-53 1.5E-58  348.4   0.0  173    8-180     1-173 (205)
 19 tr|G3P4C3|G3P4C3_GASAC Unchara 100.0 5.4E-53   2E-58  361.2   0.0  150   46-195     1-150 (303)
 20 tr|A0A1A6HLU7|A0A1A6HLU7_NEOLE 100.0 2.9E-52   1E-57  350.3   0.0  187    5-191     4-190 (309)
 21 tr|A0A146WPW0|A0A146WPW0_FUNHE 100.0 1.3E-51 4.4E-57  352.5   0.0  191    1-192     1-191 (414)
 22 tr|A0A091CWY6|A0A091CWY6_FUKDA 100.0 1.2E-50 4.2E-56  343.8   0.0  232    5-267   113-347 (384)
 23 tr|A0A147AQ10|A0A147AQ10_FUNHE 100.0 2.1E-50 7.3E-56  343.9   0.0  188    5-192     4-191 (401)
 24 tr|G1L7N4|G1L7N4_AILME Unchara 100.0 3.5E-50 1.3E-55  328.5   0.0  232    1-299     1-232 (232)
 25 tr|A0A0R3RN89|A0A0R3RN89_9BILA 100.0 5.8E-50 2.2E-55  327.7   0.0  176   16-191     1-176 (206)
 26 tr|A0A1A6HQZ6|A0A1A6HQZ6_NEOLE 100.0 6.2E-50 2.3E-55  329.7   0.0  220   72-320     1-222 (222)
 27 tr|A0A1B0C3I3|A0A1B0C3I3_9MUSC 100.0 6.9E-50 2.5E-55  348.9   0.0  186    5-190    22-207 (423)
 28 tr|A0A146U5L9|A0A146U5L9_FUNHE 100.0 1.3E-49 4.6E-55  323.6   0.0  185    5-189    27-211 (237)
 29 tr|T2MGN4|T2MGN4_HYDVU Heterog 100.0 1.8E-49 6.8E-55  341.1   0.0  183    5-188    11-199 (334)
 30 tr|A0A1S3HFP9|A0A1S3HFP9_LINUN 100.0 7.1E-49 2.5E-54  336.4   0.0  185    5-189     3-187 (421)
 31 tr|W8CD64|W8CD64_CERCA Heterog 100.0 1.2E-48 4.1E-54  340.6   0.0  186    5-190    96-281 (452)
 32 tr|L8Y483|L8Y483_TUPCH Heterog 100.0 3.8E-48 1.3E-53  324.8   0.0  229    1-229     1-229 (346)
 33 tr|A0A023FI60|A0A023FI60_9ACAR 100.0 3.5E-48 1.4E-53  331.6   0.0  169   10-187     3-171 (266)
 34 tr|U5GQE1|U5GQE1_POPTR Unchara 100.0 4.8E-48 1.9E-53  350.1   0.0  174   12-188    74-248 (408)
 35 tr|A0A146NPB6|A0A146NPB6_FUNHE 100.0 5.8E-48   2E-53  334.7   0.0  190    1-191     1-190 (470)
 36 tr|Q6PNM9|Q6PNM9_PARLI AUF1 si 100.0   6E-48 2.2E-53  339.1   0.0  179    6-190    42-220 (361)
 37 tr|A0A1A9VKJ8|A0A1A9VKJ8_GLOAU 100.0 8.4E-48 3.2E-53  345.9   0.0  182    6-190    21-202 (381)
 38 tr|A0A146LCS5|A0A146LCS5_LYGHE 100.0   5E-47 1.9E-52  330.3   0.0  167   10-187    52-218 (331)
 39 tr|A0A182Z5D7|A0A182Z5D7_BIOGL 100.0 7.4E-47 2.6E-52  321.1   0.0  181    7-188    89-269 (386)
 40 tr|A0A150G3D2|A0A150G3D2_GONPE 100.0 1.6E-46   6E-52  323.2   0.0  175   10-188    15-190 (301)
 41 tr|A0A199W3Z7|A0A199W3Z7_ANACO 100.0 2.6E-46 9.8E-52  332.1   0.0  176   10-187    77-253 (389)
 42 tr|T1G1D1|T1G1D1_HELRO Unchara 100.0 2.6E-46   1E-51  313.0   0.0  175   15-189     1-177 (212)
 43 tr|E4YAN3|E4YAN3_OIKDI Unchara 100.0 6.3E-46 2.3E-51  319.9   0.0  168   10-188    52-219 (331)
 44 tr|A0A0L0UWL6|A0A0L0UWL6_9BASI 100.0 7.6E-46 2.9E-51  346.6   0.0  176    9-184   328-515 (616)
 45 tr|D0MWU0|D0MWU0_PHYIT Nucleol 100.0 7.4E-46 2.9E-51  343.9   0.0  173    9-185   244-416 (496)
 46 tr|A0A151JWA4|A0A151JWA4_9HYME 100.0 8.6E-46   3E-51  322.7   0.0  189    3-191    60-248 (490)
 47 tr|B9VS67|B9VS67_BOMMO HnRNPA/ 100.0 1.3E-45   5E-51  309.5   0.0  175   10-185     9-183 (256)
 48 tr|B4G2V0|B4G2V0_DROPE GL23974 100.0 1.8E-45 6.7E-51  318.3   0.0  171    9-190    50-220 (341)
 49 tr|X2AZP4|X2AZP4_CAPTE Unchara 100.0 1.8E-45 6.9E-51  323.1   0.0  170   10-185    51-221 (352)
 50 tr|K4CW78|K4CW78_SOLLC Unchara 100.0 2.4E-45 8.9E-51  334.0   0.0  175   12-187     4-191 (475)
 51 tr|A0A135LB36|A0A135LB36_PENPA 100.0 2.5E-45 9.5E-51  340.4   0.0  176   10-185   239-428 (499)
 52 tr|A0A183SY65|A0A183SY65_SCHSO 100.0   3E-45 1.1E-50  308.9   0.0  181    9-190     8-188 (260)
 53 tr|A0A1L8HIE0|A0A1L8HIE0_XENLA 100.0 3.8E-45 1.3E-50  308.2   0.0  194    1-194     1-194 (358)
 54 tr|A0A0V0I9I3|A0A0V0I9I3_SOLCH 100.0 4.2E-45 1.6E-50  324.7   0.0  177   11-189    45-222 (391)
 55 tr|A0A151WHT5|A0A151WHT5_9HYME 100.0 4.4E-45 1.6E-50  314.9   0.0  166   10-186    42-207 (357)
 56 tr|M2LHG8|M2LHG8_BAUCO Unchara 100.0 5.5E-45 2.1E-50  310.4   0.0  172   14-185     1-189 (253)
 57 tr|M7BDL6|M7BDL6_CHEMY Heterog 100.0 7.2E-45 2.6E-50  290.7   0.0  210    6-265     1-211 (212)
 58 tr|A0A151I394|A0A151I394_9HYME 100.0 7.5E-45 2.6E-50  317.8   0.0  189    3-191    12-200 (505)
 59 tr|A0A0D6R503|A0A0D6R503_ARACU 100.0 7.2E-45 2.7E-50  328.5   0.0  175   12-187     4-194 (429)
 60 tr|A0A177TND1|A0A177TND1_9BASI 100.0 7.5E-45 2.8E-50  329.8   0.0  177    9-185   198-391 (485)
 61 tr|A0A194RF21|A0A194RF21_PAPMA 100.0 8.5E-45   3E-50  295.4   0.0  182    7-188    12-193 (243)
 62 tr|A0A151IS60|A0A151IS60_9HYME 100.0 1.1E-44 3.8E-50  314.7   0.0  186    6-191    45-230 (472)
 63 tr|T1FGB9|T1FGB9_HELRO Unchara 100.0 1.2E-44 4.4E-50  321.2   0.0  190    1-190     1-190 (592)
 64 tr|A0A165IKH1|A0A165IKH1_9APHY 100.0 1.2E-44 4.4E-50  308.7   0.0  174   11-184    43-226 (277)
 65 tr|A0A183I5A3|A0A183I5A3_9BILA 100.0 1.2E-44 4.5E-50  298.9   0.0  170   16-193     1-170 (256)
 66 tr|A0A0B1PSA7|A0A0B1PSA7_9BILA 100.0 1.5E-44 5.4E-50  304.1   0.0  182    9-190     7-206 (306)
 67 tr|A0A067DA27|A0A067DA27_SAPPC 100.0 2.9E-44   1E-49  317.0   0.0  176   11-188    75-266 (433)
 68 tr|G4TQ35|G4TQ35_SERID Related 100.0 4.2E-44 1.6E-49  338.6   0.0  175   10-184   387-570 (657)
 69 tr|G5B706|G5B706_HETGA Heterog 100.0 4.6E-44 1.7E-49  287.3   0.0  159    4-165    22-180 (181)
 70 tr|B3RKY0|B3RKY0_TRIAD Putativ 100.0 6.2E-44 2.3E-49  281.2   0.0  167   13-186     2-168 (172)
 71 tr|M1A1H0|M1A1H0_SOLTU Unchara 100.0 6.8E-44 2.6E-49  316.1   0.0  176   11-187     4-197 (344)
 72 tr|G3WSI6|G3WSI6_SARHA Unchara 100.0 1.1E-43 3.9E-49  287.8   0.0  179   10-188     3-181 (219)
 73 tr|A0A131YIH8|A0A131YIH8_RHIAP 100.0 1.3E-43   5E-49  304.3   0.0  182    8-189    17-221 (294)
 74 tr|A0A0P6D933|A0A0P6D933_9CRUS 100.0 1.5E-43 5.4E-49  287.8   0.0  185    7-191    60-244 (264)
 75 tr|A0A154PD25|A0A154PD25_9HYME 100.0 1.8E-43 6.5E-49  325.0   0.0  185    7-191   562-746 (910)
 76 tr|W5MU82|W5MU82_LEPOC Unchara 100.0 3.2E-43 1.2E-48  304.1   0.0  174    8-188    81-262 (359)
 77 tr|B4QYR3|B4QYR3_DROSI GD21374 100.0 5.4E-43 1.9E-48  341.5   0.0  183    5-187  2608-2790(2951)
 78 tr|A0A1A9VKJ7|A0A1A9VKJ7_GLOAU 100.0 7.1E-43 2.6E-48  306.8   0.0  169   10-189    45-213 (361)
 79 tr|A0A087WUI2|A0A087WUI2_HUMAN 100.0 8.3E-43   3E-48  287.8   0.0  184    7-190    14-197 (261)
 80 tr|A0A1B0BUM5|A0A1B0BUM5_9MUSC 100.0 1.3E-42 4.7E-48  313.2   0.0  180    9-188    32-212 (469)
 81 tr|A0A166T2H3|A0A166T2H3_9HOMO 100.0 1.4E-42 5.3E-48  282.5   0.0  160   16-182     1-160 (168)
 82 tr|K9IRC7|K9IRC7_DESRO Putativ 100.0 1.9E-42 7.2E-48  298.1   0.0  173    8-187    24-197 (292)
 83 tr|H2RZY0|H2RZY0_TAKRU Unchara 100.0 2.9E-42 1.1E-47  304.4   0.0  179    9-187     6-197 (408)
 84 tr|B4GP01|B4GP01_DROPE GL13791 100.0 3.3E-42 1.2E-47  296.7   0.0  180    6-185    18-197 (431)
 85 tr|A0A0L6WMS9|A0A0L6WMS9_9AGAR 100.0 4.7E-42 1.8E-47  308.3   0.0  164   16-188     1-164 (358)
 86 tr|M4FG07|M4FG07_BRARP Unchara 100.0 5.5E-42 2.1E-47  313.2   0.0  177   12-189     4-192 (486)
 87 tr|B4KJW4|B4KJW4_DROMO Unchara 100.0 8.1E-42   3E-47  302.7   0.0  173   11-185     4-176 (423)
 88 tr|A0A182DXG2|A0A182DXG2_ONCOC 100.0   1E-41 3.6E-47  311.3   0.0  184    7-190    81-264 (819)
 89 tr|S4PLS6|S4PLS6_9NEOP Heterog 100.0 9.7E-42 3.6E-47  288.9   0.0  177   10-187     9-185 (281)
 90 tr|T1IXR2|T1IXR2_STRMM Unchara 100.0   1E-41 3.6E-47  294.3   0.0  173    7-188    67-239 (364)
 91 tr|A0A0L8RIE3|A0A0L8RIE3_SACEU 100.0 1.1E-41 4.1E-47  321.4   0.0  171   10-187   157-327 (554)
 92 tr|A0A1S3EKM0|A0A1S3EKM0_DIPOR 100.0 1.5E-41 5.4E-47  282.1   0.0  184    6-189    27-210 (312)
 93 tr|V9E3S6|V9E3S6_PHYPR Unchara 100.0 1.5E-41 5.5E-47  299.1   0.0  175   10-186   106-294 (468)
 94 tr|A0A0R3X6H9|A0A0R3X6H9_HYDTA 100.0   2E-41 7.2E-47  309.1   0.0  183    7-190     6-188 (611)
 95 tr|U6KT01|U6KT01_EIMTE Nucleol 100.0 3.2E-41 1.2E-46  324.5   0.0  168   11-184   520-701 (767)
 96 tr|F0XDB2|F0XDB2_GROCL Nucleol 100.0 4.3E-41 1.6E-46  303.7   0.0  176   10-185   162-351 (413)
 97 tr|U1NRS1|U1NRS1_ASCSU Heterog 100.0 5.1E-41 1.8E-46  292.6   0.0  184    8-191   148-331 (479)
 98 tr|A0A162YI91|A0A162YI91_MUCCL 100.0 4.8E-41 1.8E-46  267.7   0.0  167   12-184     7-173 (180)
 99 tr|S2JPJ3|S2JPJ3_MUCC1 Unchara 100.0 5.2E-41   2E-46  296.6   0.0  175   10-184   127-310 (364)
100 tr|I1GMV1|I1GMV1_BRADI Unchara 100.0 6.7E-41 2.6E-46  296.6   0.0  177   11-187     3-212 (345)
101 tr|W4YP82|W4YP82_STRPU Unchara 100.0 8.4E-41 2.9E-46  284.6   0.0  175    7-190    30-207 (385)
102 tr|J3MN93|J3MN93_ORYBR Unchara 100.0 7.5E-41   3E-46  283.8   0.0  176    9-184    32-217 (221)
103 tr|A0A167S1E0|A0A167S1E0_9PEZI 100.0 8.6E-41 3.3E-46  318.4   0.0  170   11-188   166-335 (676)
104 tr|A0A0V1B740|A0A0V1B740_TRISP 100.0 9.3E-41 3.3E-46  284.5   0.0  185    7-191    20-204 (338)
105 tr|T1EHX0|T1EHX0_HELRO Unchara 100.0 1.3E-40 4.9E-46  266.3   0.0  165   10-174     3-168 (169)
106 tr|F7EH18|F7EH18_MONDO Unchara 100.0 1.5E-40 5.4E-46  286.1   0.0  170   13-188   117-287 (377)
107 tr|A0A0L7QXY8|A0A0L7QXY8_9HYME 100.0   2E-40 6.9E-46  291.9   0.0  176   16-191   194-369 (531)
108 tr|A0A1I8AZ97|A0A1I8AZ97_MELHA 100.0 2.2E-40 7.6E-46  282.6   0.0  189    3-191    62-250 (390)
109 tr|W8ADG4|W8ADG4_CERCA Ribonuc 100.0 2.3E-40 8.4E-46  292.7   0.0  182    8-189    29-210 (422)
110 tr|N4V216|N4V216_COLOR Heterog 100.0 2.6E-40 9.7E-46  298.7   0.0  164   16-187     1-164 (425)
111 tr|T1J997|T1J997_STRMM Unchara 100.0 3.1E-40 1.1E-45  288.1   0.0  186    1-187    14-199 (391)
112 tr|A0A078J3D4|A0A078J3D4_BRANA 100.0 3.5E-40 1.3E-45  294.1   0.0  178    9-187    13-200 (411)
113 tr|Q6FVB4|Q6FVB4_CANGA Unchara 100.0 3.8E-40 1.4E-45  296.3   0.0  176   10-185   172-358 (425)
114 tr|A0A0A6KRC3|A0A0A6KRC3_CANAX 100.0 3.8E-40 1.4E-45  302.5   0.0  169   11-186   159-327 (475)
115 tr|H3D7K3|H3D7K3_TETNG Unchara 100.0 4.1E-40 1.5E-45  273.2   0.0  176    7-188    23-199 (241)
116 tr|A0A0K8TRL6|A0A0K8TRL6_TABBR 100.0 4.1E-40 1.5E-45  294.4   0.0  175   11-187     4-178 (425)
117 tr|A0A1A9VF89|A0A1A9VF89_GLOAU 100.0 4.6E-40 1.7E-45  279.1   0.0  172   16-190     1-172 (281)
118 tr|Q3TE41|Q3TE41_MOUSE Putativ 100.0 5.9E-40 2.2E-45  286.8   0.0  179   10-190    17-195 (346)
119 tr|A0A1A6HFH0|A0A1A6HFH0_NEOLE 100.0 6.5E-40 2.3E-45  273.8   0.0  201    1-250     1-201 (308)
120 tr|A0A1I8ECF0|A0A1I8ECF0_WUCBA 100.0 7.4E-40 2.6E-45  286.0   0.0  175    8-190   181-355 (489)
121 tr|F6TNN9|F6TNN9_CIOIN Unchara 100.0 7.7E-40 2.7E-45  278.1   0.0  185    6-190    13-197 (376)
122 tr|A0A0R3X6H9|A0A0R3X6H9_HYDTA 100.0 8.2E-40   3E-45  298.7   0.0  182    8-190   331-512 (611)
123 tr|A0A0K2TCT3|A0A0K2TCT3_LEPSM 100.0 8.9E-40 3.1E-45  281.6   0.0  180    8-187   103-282 (427)
124 tr|A0A1I8CI17|A0A1I8CI17_9BILA 100.0   1E-39 3.6E-45  285.8   0.0  186    5-190   125-311 (500)
125 tr|R7V854|R7V854_CAPTE Unchara 100.0 1.1E-39   4E-45  275.7   0.0  173   13-190     1-173 (314)
126 tr|A0A139AVA8|A0A139AVA8_GONPR 100.0 1.4E-39 5.4E-45  275.7   0.0  175    9-184    31-230 (238)
127 tr|H2YI67|H2YI67_CIOSA Unchara 100.0   2E-39   7E-45  281.1   0.0  183    7-189    14-196 (451)
128 tr|A0A0P6BGE0|A0A0P6BGE0_9CRUS 100.0   2E-39   7E-45  279.8   0.0  183    8-190    35-217 (432)
129 tr|I8TG63|I8TG63_ASPO3 RNA-bin 100.0 1.9E-39 7.1E-45  300.3   0.0  169   12-188    97-265 (545)
130 tr|A0A0N0BGY1|A0A0N0BGY1_9HYME 100.0 2.1E-39 7.3E-45  279.7   0.0  165   27-191     9-173 (432)
131 tr|A0A0V0U7U5|A0A0V0U7U5_9BILA 100.0 2.5E-39 9.2E-45  279.4   0.0  181    7-189    14-194 (335)
132 tr|M1A155|M1A155_SOLTU Unchara 100.0 2.8E-39   1E-44  286.1   0.0  166   11-188    39-205 (437)
133 tr|A0A0P5TM78|A0A0P5TM78_9CRUS 100.0   3E-39 1.2E-44  283.5   0.0  170    7-187    62-265 (297)
134 tr|L5LME2|L5LME2_MYODS Heterog 100.0 3.4E-39 1.2E-44  254.4   0.0  183  137-320     1-183 (183)
135 tr|A0A1J3CRB6|A0A1J3CRB6_NOCCA 100.0 3.5E-39 1.2E-44  281.8   0.0  174   12-188    40-214 (420)
136 tr|G1LII6|G1LII6_AILME Unchara 100.0 3.9E-39 1.4E-44  251.4   0.0  174  106-320     1-174 (174)
137 tr|Q26658|Q26658_STRPU Stage s 100.0 3.9E-39 1.4E-44  281.1   0.0  176   11-186     3-180 (382)
138 tr|H2ZGC1|H2ZGC1_CIOSA Unchara 100.0 4.4E-39 1.6E-44  277.3   0.0  165   12-185   101-265 (354)
139 tr|A0A0N1ITV3|A0A0N1ITV3_9HYME 100.0 5.1E-39 1.8E-44  280.1   0.0  166   10-186    50-215 (456)
140 tr|B4DP35|B4DP35_HUMAN cDNA FL 100.0 7.3E-39 2.7E-44  261.6   0.0  171    1-318     1-171 (208)
141 tr|A0A085MMP9|A0A085MMP9_9BILA 100.0 8.1E-39 2.9E-44  274.4   0.0  182    9-190     7-188 (408)
142 tr|Q4SQV2|Q4SQV2_TETNG Chromos 100.0 9.2E-39 3.3E-44  284.5   0.0  179   11-189     2-180 (487)
143 tr|A0A0N5CXE3|A0A0N5CXE3_THECL 100.0 1.1E-38 3.8E-44  256.3   0.0  183    7-189    41-223 (237)
144 tr|A0A199VPC9|A0A199VPC9_ANACO 100.0 1.2E-38 4.5E-44  280.0   0.0  175   11-186    25-232 (385)
145 tr|A0A0K0FU14|A0A0K0FU14_9BILA 100.0 1.3E-38 4.5E-44  277.2   0.0  184    6-189    89-273 (451)
146 tr|A0A163KZI5|A0A163KZI5_ABSGL 100.0 1.3E-38 4.9E-44  286.7   0.0  178   11-188   168-357 (501)
147 tr|M2PGE0|M2PGE0_CERS8 Unchara 100.0 1.4E-38 5.5E-44  249.0   0.0  137   11-155     8-144 (144)
148 tr|A0A0N4Z8P6|A0A0N4Z8P6_PARTI 100.0 1.7E-38   6E-44  275.1   0.0  185    5-189    85-270 (447)
149 tr|A0A0L6W8Q5|A0A0L6W8Q5_9AGAR 100.0 1.6E-38 6.3E-44  294.5   0.0  174    7-188   132-305 (508)
150 tr|F1KRR4|F1KRR4_ASCSU RNA-bin 100.0 1.8E-38 6.7E-44  272.6   0.0  165   11-185    35-199 (303)
151 tr|U5CQ50|U5CQ50_AMBTC Unchara 100.0 2.2E-38 7.8E-44  275.5   0.0  173   12-188   122-295 (410)
152 tr|A0A0P6A159|A0A0P6A159_9CRUS 100.0 2.5E-38 8.7E-44  270.2   0.0  183    8-190    30-212 (390)
153 tr|H3FLH4|H3FLH4_PRIPA Unchara 100.0 2.6E-38 9.1E-44  294.5   0.0  185    6-190   675-893 (1053)
154 tr|Q4SQV2|Q4SQV2_TETNG Chromos 100.0 2.6E-38 9.4E-44  281.7   0.0  180   11-190   251-434 (487)
155 tr|A0A0N4V0U2|A0A0N4V0U2_ENTVE 100.0 2.8E-38 9.8E-44  272.0   0.0  173    7-179   151-323 (420)
156 tr|A0A0M3K1M4|A0A0M3K1M4_ANISI 100.0   3E-38 1.1E-43  255.4   0.0  182    7-188    67-248 (249)
157 tr|A0A1D1VLD7|A0A1D1VLD7_RAMVA 100.0 3.3E-38 1.2E-43  279.3   0.0  184    7-190   133-316 (557)
158 tr|A0A0K2TY40|A0A0K2TY40_LEPSM 100.0 3.4E-38 1.3E-43  283.6   0.0  180    8-188    35-214 (484)
159 tr|F1L400|F1L400_ASCSU RNA-bin 100.0 3.7E-38 1.3E-43  273.9   0.0  177   10-188    40-216 (345)
160 tr|A0A0N5DEM5|A0A0N5DEM5_TRIMR 100.0 4.9E-38 1.7E-43  263.8   0.0  182    9-190     7-188 (335)
161 tr|A0A1A6GKY7|A0A1A6GKY7_NEOLE 100.0 4.9E-38 1.7E-43  264.4   0.0  170    7-176    14-183 (327)
162 tr|A9T3G3|A9T3G3_PHYPA Predict 100.0   5E-38 1.8E-43  252.8   0.0  170   15-186     2-172 (199)
163 tr|A0A091E3G4|A0A091E3G4_FUKDA 100.0 5.3E-38 1.9E-43  267.1   0.0  172   12-189    47-218 (329)
164 tr|U6NTU7|U6NTU7_HAECO Unchara 100.0   6E-38 2.1E-43  276.6   0.0  186    6-191    11-196 (534)
165 tr|B9F4C0|B9F4C0_ORYSJ Unchara 100.0 6.1E-38 2.1E-43  276.9   0.0  177   11-189   176-353 (510)
166 tr|M5W921|M5W921_PRUPE Unchara 100.0   6E-38 2.2E-43  260.1   0.0  174   11-185     4-183 (242)
167 tr|B5X9N1|B5X9N1_SALSA Heterog 100.0 7.7E-38 2.7E-43  254.7   0.0  181    9-189     3-183 (261)
168 tr|A0A167LMZ4|A0A167LMZ4_PHYB8 100.0 7.4E-38 2.7E-43  256.2   0.0  169   16-184     1-172 (216)
169 tr|A0A183DU59|A0A183DU59_9BILA 100.0 8.1E-38 2.9E-43  254.7   0.0  161    7-189    10-170 (229)
170 tr|A0A0P5Z891|A0A0P5Z891_9CRUS 100.0 8.8E-38 3.1E-43  265.9   0.0  183    8-190    30-212 (378)
171 tr|A0A0H5C1Q1|A0A0H5C1Q1_CYBJA 100.0 9.6E-38 3.5E-43  278.6   0.0  168   12-186   122-289 (436)
172 tr|F2CX56|F2CX56_HORVD Predict 100.0   1E-37 3.9E-43  268.9   0.0  176   10-185    83-273 (278)
173 tr|T1JIY3|T1JIY3_STRMM Unchara 100.0 1.1E-37 4.1E-43  272.6   0.0  174   15-188     1-181 (396)
174 tr|G3UP47|G3UP47_MELGA Unchara 100.0 1.3E-37 4.5E-43  263.0   0.0  174   15-188     1-186 (319)
175 tr|A0A016WFN7|A0A016WFN7_9BILA 100.0 1.4E-37 4.9E-43  273.7   0.0  186    7-192    13-216 (522)
176 tr|A0A182DXG2|A0A182DXG2_ONCOC 100.0 1.4E-37   5E-43  284.5   0.0  175    8-190   511-685 (819)
177 tr|G5A805|G5A805_PHYSP Putativ 100.0   2E-37 7.5E-43  244.7   0.0  145   10-156    14-158 (158)
178 tr|A0A131ZW35|A0A131ZW35_SARSC 100.0 2.1E-37 7.5E-43  282.4   0.0  159   22-188   495-653 (784)
179 tr|D2H3U8|D2H3U8_AILME Putativ 100.0 2.4E-37 8.4E-43  246.6   0.0  196   70-267     2-199 (202)
180 tr|A0A0P6FLQ8|A0A0P6FLQ8_9CRUS 100.0 2.3E-37 8.5E-43  277.2   0.0  177   11-187    17-197 (466)
181 sp|Q9FGS0|CP31B_ARATH RNA-bind 100.0   3E-37 1.1E-42  265.5   0.0  175    9-183   108-286 (289)
182 tr|A0A146KVB6|A0A146KVB6_LYGHE 100.0 3.9E-37 1.4E-42  264.4   0.0  177    7-184   124-301 (410)
183 tr|A0A1I8ID44|A0A1I8ID44_9PLAT 100.0 3.9E-37 1.4E-42  283.7   0.0  184    7-190    10-194 (900)
184 tr|M9M7I2|M9M7I2_PSEA3 Nuclear 100.0 3.9E-37 1.5E-42  276.4   0.0  175   10-184   199-382 (400)
185 tr|G0W4N4|G0W4N4_NAUDC Unchara 100.0 4.4E-37 1.6E-42  281.1   0.0  171   10-187   225-395 (552)
186 tr|A0A1S3AEF5|A0A1S3AEF5_ERIEU 100.0 5.4E-37 1.9E-42  255.5   0.0  205   11-215    18-222 (312)
187 tr|A0A0B2VW95|A0A0B2VW95_TOXCA 100.0 5.4E-37 1.9E-42  266.6   0.0  186    7-192    14-334 (457)
188 tr|A0A1I8ID44|A0A1I8ID44_9PLAT 100.0 5.7E-37   2E-42  282.7   0.0  178    5-182   332-510 (900)
189 tr|E0W4A9|E0W4A9_PEDHC RNA-bin 100.0 6.1E-37 2.2E-42  257.8   0.0  169   10-187    17-185 (272)
190 tr|A0A182F6T9|A0A182F6T9_ANOAL 100.0 6.3E-37 2.3E-42  272.7   0.0  178   10-189    59-236 (438)
191 tr|E4WW55|E4WW55_OIKDI Unchara 100.0 7.7E-37 2.7E-42  262.0   0.0  183    6-188     4-186 (402)
192 tr|A0A068XS59|A0A068XS59_HYMMI 100.0 8.1E-37 2.8E-42  251.8   0.0  182    9-190    12-193 (287)
193 tr|A0A183EEP2|A0A183EEP2_9BILA 100.0 9.6E-37 3.4E-42  246.8   0.0  178    8-188    67-244 (249)
194 tr|Q41042|Q41042_PEA L. (clone 100.0 8.9E-37 3.4E-42  288.1   0.0  173   13-186   354-536 (611)
195 tr|G1KTC4|G1KTC4_ANOCA Unchara 100.0   1E-36 3.6E-42  258.3   0.0  173    8-187   106-278 (316)
196 tr|A0A087W257|A0A087W257_ECHMU 100.0   1E-36 3.7E-42  262.0   0.0  179   10-188    63-258 (338)
197 tr|J9P972|J9P972_CANLF Unchara 100.0 1.2E-36 4.3E-42  247.4   0.0  171   10-186    51-221 (258)
198 tr|A0A162RUG2|A0A162RUG2_9CRUS 100.0 1.2E-36 4.3E-42  287.1   0.0  183    8-190    35-217 (1283)
199 tr|A0A1D6QQA9|A0A1D6QQA9_MAIZE 100.0 1.3E-36 4.6E-42  267.1   0.0  178   11-190   178-356 (510)
200 tr|H2PJA2|H2PJA2_PONAB Unchara 100.0 1.5E-36 5.2E-42  245.1   0.0  171   12-182     1-171 (244)
201 tr|G4UDK6|G4UDK6_NEUT9 RNA-bin 100.0 1.5E-36 5.6E-42  259.1   0.0  164   16-187     1-164 (324)
202 tr|I2K223|I2K223_DEKBR Nuclear 100.0 1.8E-36 6.6E-42  267.0   0.0  176   10-185   104-296 (358)
203 tr|A0A183UCX3|A0A183UCX3_TOXCA 100.0 2.1E-36 7.4E-42  256.4   0.0  182    8-189    44-225 (362)
204 tr|A0A077ZTW0|A0A077ZTW0_STYLE 100.0   2E-36 7.6E-42  278.9   0.0  170   11-183   309-493 (562)
205 tr|A0A146PVH3|A0A146PVH3_FUNHE 100.0 2.2E-36   8E-42  256.9   0.0  176    7-189    46-221 (331)
206 tr|A0A0K9R5B4|A0A0K9R5B4_SPIOL 100.0 2.4E-36 9.1E-42  267.1   0.0  174   11-184    63-236 (345)
207 tr|A0A0M4EH03|A0A0M4EH03_DROBS 100.0   3E-36 1.1E-41  267.0   0.0  178    9-186    33-210 (483)
208 tr|Q6CC04|Q6CC04_YARLI YALI0C1 100.0 3.1E-36 1.1E-41  261.3   0.0  164   16-186     1-164 (367)
209 tr|Q9Z0U8|Q9Z0U8_RAT Nucleic a 100.0 3.1E-36 1.1E-41  254.8   0.0  174    8-188    82-255 (298)
210 tr|A0A060XIZ4|A0A060XIZ4_ONCMY 100.0 3.6E-36 1.3E-41  244.5   0.0  179   10-188     4-182 (256)
211 tr|M8CFA5|M8CFA5_AEGTA Heterog 100.0 3.5E-36 1.3E-41  267.6   0.0  167   21-189   159-326 (484)
212 tr|A0A166X0T8|A0A166X0T8_9HOMO 100.0 3.7E-36 1.3E-41  260.8   0.0  170   13-182     2-301 (382)
213 tr|A0A146KWG5|A0A146KWG5_LYGHE 100.0 3.8E-36 1.4E-41  251.1   0.0  179    9-189    16-194 (281)
214 tr|K0KX92|K0KX92_WICCF Nuclear 100.0 3.9E-36 1.5E-41  274.2   0.0  175   10-184   231-418 (467)
215 tr|A0A067K791|A0A067K791_JATCU 100.0   4E-36 1.5E-41  251.0   0.0  159   29-187     1-167 (241)
216 tr|F6ZD92|F6ZD92_MONDO Unchara 100.0 4.3E-36 1.5E-41  244.6   0.0  180    8-187    72-251 (261)
217 tr|G1LEV4|G1LEV4_AILME Unchara 100.0 4.4E-36 1.5E-41  255.5   0.0  176    8-189    96-271 (374)
218 tr|F4X0J4|F4X0J4_ACREC Heterog 100.0 4.4E-36 1.6E-41  256.8   0.0  170   15-185     1-170 (340)
219 tr|M0UAS5|M0UAS5_MUSAM Unchara 100.0 4.3E-36 1.6E-41  258.1   0.0  175    9-183   108-285 (291)
220 tr|V9FY09|V9FY09_PHYPR Unchara 100.0 5.2E-36 1.9E-41  277.1   0.0  181   10-190     4-206 (629)
221 tr|T1J906|T1J906_STRMM Unchara 100.0 6.4E-36 2.2E-41  261.8   0.0  189    7-195    31-221 (489)
222 tr|S4PH07|S4PH07_9NEOP Heterog 100.0 6.8E-36 2.5E-41  229.8   0.0  142   46-187     1-142 (153)
223 tr|W9SJI8|W9SJI8_9ROSA DAZ-ass 100.0 8.1E-36 2.9E-41  271.9   0.0  179    8-187   102-290 (603)
224 tr|M2XNR8|M2XNR8_GALSU Heterog 100.0 9.1E-36 3.3E-41  255.0   0.0  178    7-185    24-202 (345)
225 tr|K7EW75|K7EW75_PELSI Unchara 100.0   1E-35 3.6E-41  242.9   0.0  178   10-187     3-180 (265)
226 tr|A0A068U5F6|A0A068U5F6_COFCA 100.0   1E-35 3.7E-41  260.6   0.0  175   12-187     7-196 (404)
227 tr|A0A015NB98|A0A015NB98_9GLOM 100.0   1E-35 3.8E-41  268.2   0.0  177   10-186   266-448 (514)
228 tr|A0A182IAV2|A0A182IAV2_ANOAR 100.0 1.1E-35 3.9E-41  251.9   0.0  167   10-187    95-261 (359)
229 tr|A0A0R3PUP0|A0A0R3PUP0_ANGCS 100.0 1.2E-35 4.2E-41  248.8   0.0  127    7-133    13-139 (259)
230 tr|M0YZV5|M0YZV5_HORVV Unchara 100.0 1.2E-35 4.3E-41  258.0   0.0  143   46-190     1-144 (320)
231 tr|L9L0Z7|L9L0Z7_TUPCH Heterog 100.0 1.3E-35 4.6E-41  236.1   0.0  140    1-140     1-140 (201)
232 tr|A0A1B0CQ94|A0A1B0CQ94_LUTLO 100.0 1.3E-35 4.7E-41  254.4   0.0  165   13-188   148-312 (400)
233 tr|A0A078HXL9|A0A078HXL9_BRANA 100.0 1.4E-35 4.9E-41  262.4   0.0  174   12-187    40-214 (545)
234 tr|A0A1S3AFZ0|A0A1S3AFZ0_ERIEU 100.0 1.4E-35 4.9E-41  269.5   0.0  185    4-190   472-656 (739)
235 tr|I1FF27|I1FF27_AMPQE Unchara 100.0 1.4E-35 5.2E-41  253.7   0.0  172   10-186     9-188 (338)
236 tr|E0VUK8|E0VUK8_PEDHC Heterog 100.0 1.5E-35 5.2E-41  259.3   0.0  180    8-189    22-201 (486)
237 tr|E4XKR2|E4XKR2_OIKDI Unchara 100.0 1.5E-35 5.5E-41  247.1   0.0  167   10-187    18-184 (258)
238 tr|A0A0P5UL59|A0A0P5UL59_9CRUS 100.0 1.6E-35 5.7E-41  252.9   0.0  169    8-187    63-231 (386)
239 tr|A0A146INT8|A0A146INT8_9AGAR 100.0 1.5E-35 5.8E-41  268.4   0.0  174    6-188   113-286 (440)
240 sp|P19683|ROC4_NICSY 31 kDa ri 100.0 1.6E-35 5.9E-41  258.5   0.0  176    8-183   130-309 (315)
241 tr|A0A0D6QR26|A0A0D6QR26_ARACU 100.0 1.6E-35 6.2E-41  270.3   0.0  176   11-186    60-235 (446)
242 tr|L9KUV7|L9KUV7_TUPCH 60S rib 100.0 1.9E-35 6.5E-41  261.2   0.0  175   16-190   254-428 (536)
243 tr|A0A127ZE12|A0A127ZE12_9BASI 100.0   2E-35 7.2E-41  273.1   0.0  181    7-188   162-365 (604)
244 tr|A0A0P5KQ79|A0A0P5KQ79_9CRUS 100.0 2.8E-35   1E-40  253.5   0.0  170    7-187    62-231 (392)
245 tr|A0A1R3JI18|A0A1R3JI18_9ROSI 100.0 3.4E-35 1.2E-40  239.1   0.0  175   11-188     6-181 (224)
246 tr|A0A1S3CUD7|A0A1S3CUD7_DIACI 100.0 3.7E-35 1.3E-40  248.0   0.0  174    7-192    10-183 (350)
247 tr|A0A061EDL3|A0A061EDL3_THECC 100.0 3.6E-35 1.3E-40  252.7   0.0  141   46-189     1-143 (299)
248 tr|S8D8L2|S8D8L2_9LAMI Unchara 100.0 4.2E-35 1.5E-40  249.0   0.0  179    8-187     6-197 (335)
249 tr|C3ZL82|C3ZL82_BRAFL Putativ 100.0 4.3E-35 1.6E-40  227.7   0.0  137   15-153     1-137 (137)
250 sp|P49313|ROC1_NICPL 30 kDa ri 100.0 4.7E-35 1.7E-40  251.1   0.0  175   11-185    84-275 (279)
251 tr|A0A182IAV2|A0A182IAV2_ANOAR 100.0   5E-35 1.8E-40  248.0   0.0  163   13-187    46-208 (306)
252 tr|A0A0S4TG55|A0A0S4TG55_CRYHO 100.0 5.3E-35   2E-40  238.0   0.0  172   12-184     6-200 (202)
253 tr|A0A1A8QR89|A0A1A8QR89_9TELE 100.0 5.6E-35   2E-40  250.9   0.0  173    8-187   138-310 (404)
254 tr|R0IEX8|R0IEX8_9BRAS Unchara 100.0 5.4E-35   2E-40  255.9   0.0  177   11-188    22-222 (377)
255 tr|V9KQB7|V9KQB7_CALMI Heterog 100.0 6.9E-35 2.4E-40  250.8   0.0  176    7-188    61-236 (378)
256 tr|A0A0P4WYB5|A0A0P4WYB5_9EUCA 100.0 7.2E-35 2.6E-40  256.4   0.0  178    9-187    59-236 (446)
257 tr|A0A0F7SR68|A0A0F7SR68_PHARH 100.0 7.8E-35 2.8E-40  238.0   0.0  170   14-183     3-204 (238)
258 tr|W1QJ64|W1QJ64_OGAPD Subunit 100.0   8E-35 2.9E-40  257.3   0.0  168   12-186   104-271 (431)
259 tr|A0A0E0EMN0|A0A0E0EMN0_9ORYZ 100.0 8.7E-35 3.1E-40  254.1   0.0  174   12-188    21-195 (424)
260 tr|B4JIA3|B4JIA3_DROGR GH19059 100.0 9.4E-35 3.5E-40  257.7   0.0  172    9-180    42-216 (391)
261 tr|A0A1D2MMV4|A0A1D2MMV4_ORCCI 100.0 1.1E-34 3.9E-40  247.8   0.0  164   12-186    90-253 (385)
262 tr|A0A0B7B9M1|A0A0B7B9M1_9EUPU 100.0 1.2E-34 4.4E-40  248.8   0.0  172   13-184     3-192 (372)
263 tr|A0A183C1L1|A0A183C1L1_GLOPA 100.0 1.3E-34 4.7E-40  258.4   0.0  186    7-192   247-432 (595)
264 tr|A7SCX6|A7SCX6_NEMVE Predict 100.0 1.4E-34   5E-40  244.6   0.0  176    9-188    24-201 (305)
265 tr|A0A087GT94|A0A087GT94_ARAAL 100.0 1.4E-34   5E-40  263.5   0.0  173   12-187   371-544 (753)
266 tr|W5GSK4|W5GSK4_WHEAT Unchara 100.0 1.4E-34 5.2E-40  236.6   0.0  166   13-187    15-181 (200)
267 tr|W6NCR8|W6NCR8_HAECO RNA rec 100.0 1.5E-34 5.3E-40  247.9   0.0  185    7-191    81-265 (378)
268 tr|A0A146WWS6|A0A146WWS6_FUNHE 100.0 1.6E-34 5.6E-40  254.6   0.0  178   11-190    18-195 (453)
269 tr|A0A180H5W1|A0A180H5W1_PUCT1 100.0 1.7E-34 6.2E-40  260.8   0.0  174   11-185   124-321 (482)
270 tr|A0A0P1AWA8|A0A0P1AWA8_9STRA 100.0 1.8E-34 6.2E-40  243.9   0.0  174   10-185   123-315 (349)
271 tr|A0A183IP36|A0A183IP36_9BILA 100.0 1.8E-34 6.3E-40  238.0   0.0  166   11-186    19-184 (253)
272 tr|E2IXG0|E2IXG0_SCHMD Heterog 100.0 1.8E-34 6.4E-40  242.3   0.0  181    8-188    11-191 (331)
273 tr|N1JEJ4|N1JEJ4_BLUG1 Nuclear 100.0 1.8E-34 6.6E-40  264.1   0.0  175   11-185   366-554 (611)
274 tr|L9JCP8|L9JCP8_TUPCH Heterog 100.0 2.1E-34 7.2E-40  229.7   0.0  176   72-247     1-176 (220)
275 tr|B0KWS8|B0KWS8_CALJA Heterog 100.0 2.1E-34 7.5E-40  226.8   0.0  187  132-320     2-188 (188)
276 tr|D8SKI5|D8SKI5_SELML Putativ 100.0   2E-34 7.6E-40  242.8   0.0  170   11-180    64-248 (251)
277 tr|A0A161MRB3|A0A161MRB3_TRIIF 100.0 2.6E-34 9.3E-40  255.9   0.0  177    9-186     8-184 (508)
278 tr|A0A024U1W4|A0A024U1W4_9STRA 100.0 2.8E-34   1E-39  259.2   0.0  178   11-188     6-213 (533)
279 tr|A0A074ZYP9|A0A074ZYP9_9TREM 100.0 3.1E-34 1.1E-39  254.0   0.0  181    9-190     8-188 (544)
280 tr|F8W646|F8W646_HUMAN Heterog 100.0   3E-34 1.1E-39  220.5   0.0   94    1-94      1-94  (156)
281 tr|S9XHT7|S9XHT7_CAMFR Unchara 100.0 3.4E-34 1.2E-39  245.9   0.0  164    7-170    33-196 (385)
282 tr|A0A015JYM1|A0A015JYM1_9GLOM 100.0 3.6E-34 1.3E-39  248.2   0.0  169   12-187    40-208 (438)
283 tr|A0A0P5EEE4|A0A0P5EEE4_9CRUS 100.0   4E-34 1.4E-39  237.7   0.0  178    9-188    19-196 (302)
284 tr|A7SIF0|A7SIF0_NEMVE Predict 100.0 4.1E-34 1.5E-39  230.5   0.0  175    8-183     8-189 (190)
285 tr|A3AN31|A3AN31_ORYSJ Unchara 100.0 4.1E-34 1.5E-39  243.4   0.0  175   12-186     3-193 (291)
286 tr|A0A131XWI9|A0A131XWI9_IXORI 100.0 5.1E-34 1.8E-39  236.2   0.0  170    8-186    38-207 (294)
287 tr|A0A061BGL7|A0A061BGL7_RHOTO 100.0 5.4E-34   2E-39  244.4   0.0  176    9-185    82-283 (333)
288 tr|B9H9L3|B9H9L3_POPTR Unchara 100.0   5E-34   2E-39  254.5   0.0  175   11-185   115-302 (326)
289 tr|Q12771|Q12771_HUMAN P37 AUF 100.0 5.8E-34 2.1E-39  236.4   0.0  175    8-188    70-244 (286)
290 tr|I1ISY1|I1ISY1_BRADI Unchara 100.0 5.8E-34 2.2E-39  247.6   0.0  175   10-184   113-292 (315)
291 tr|A0A1S3GYI0|A0A1S3GYI0_LINUN 100.0 6.5E-34 2.3E-39  253.7   0.0  174   11-184     6-203 (585)
292 tr|A0A146HYX9|A0A146HYX9_9AGAR 100.0 5.8E-34 2.3E-39  277.2   0.0  178   10-189   212-403 (654)
293 tr|D7SZP1|D7SZP1_VITVI Putativ 100.0 6.4E-34 2.4E-39  245.8   0.0  172   11-183   108-281 (283)
294 tr|A0A077Z9E3|A0A077Z9E3_TRITR 100.0 7.1E-34 2.5E-39  241.3   0.0  166   10-185    40-205 (319)
295 tr|A0A182G718|A0A182G718_AEDAL 100.0 7.3E-34 2.6E-39  239.9   0.0  165   11-186    22-186 (345)
296 tr|R0LZ63|R0LZ63_ANAPL Heterog 100.0 8.1E-34 2.8E-39  240.7   0.0  173   11-189    95-267 (359)
297 tr|A0A183C1L1|A0A183C1L1_GLOPA 100.0 8.3E-34 2.9E-39  253.4   0.0  185    7-191    22-206 (595)
298 tr|A0A146ZF37|A0A146ZF37_FUNHE 100.0 8.4E-34 2.9E-39  238.8   0.0  178    7-186    31-208 (336)
299 tr|A0A074SS81|A0A074SS81_HAMHA 100.0 8.4E-34 2.9E-39  246.5   0.0  175    9-186   118-295 (430)
300 tr|A0A0A1MNK8|A0A0A1MNK8_9FUNG 100.0 7.4E-34   3E-39  270.3   0.0  175   11-187    12-190 (494)
301 tr|A0A1A8NPR2|A0A1A8NPR2_9TELE 100.0 9.2E-34 3.4E-39  260.9   0.0  168   11-186   331-504 (570)
302 tr|T1HPU8|T1HPU8_RHOPR Unchara 100.0 9.7E-34 3.5E-39  235.2   0.0  142   48-189     2-143 (249)
303 tr|A0A146P2S7|A0A146P2S7_FUNHE 100.0 1.1E-33 3.7E-39  237.3   0.0  173    9-188    48-220 (325)
304 tr|A0A0A1U6Y1|A0A0A1U6Y1_ENTIV 100.0 9.9E-34 3.8E-39  241.4   0.0  172   13-187     1-227 (237)
305 tr|F0W949|F0W949_9STRA Nucleol 100.0 1.1E-33 3.9E-39  260.1   0.0  168   12-185   434-601 (701)
306 sp|O94432|YHKF_SCHPO Uncharact 100.0 1.1E-33 4.1E-39  249.9   0.0  169   12-187   161-329 (474)
307 tr|A0A0P6K3Z8|A0A0P6K3Z8_HETGA 100.0 1.2E-33 4.2E-39  246.3   0.0  179   10-188     6-195 (462)
308 tr|W7T5L8|W7T5L8_9STRA Rna-bin 100.0 1.3E-33 4.7E-39  234.8   0.0  174   10-185    41-227 (304)
309 tr|A0A0G4H9X9|A0A0G4H9X9_9ALVE 100.0 1.3E-33 5.2E-39  239.8   0.0  169   10-180     8-221 (224)
310 tr|W5PPC2|W5PPC2_SHEEP Unchara 100.0 1.5E-33 5.4E-39  235.4   0.0  175    8-188    65-239 (285)
311 tr|A0A164XZZ5|A0A164XZZ5_9CRUS 100.0 1.6E-33 5.6E-39  245.7   0.0  179    8-188    18-196 (463)
312 tr|I1FPN2|I1FPN2_AMPQE Unchara 100.0 1.6E-33 5.6E-39  246.4   0.0  176   10-187    50-228 (403)
313 tr|A0A150GRN3|A0A150GRN3_GONPE 100.0 1.6E-33 5.9E-39  261.0   0.0  174    9-188    14-187 (551)
314 tr|A0A146P480|A0A146P480_FUNHE 100.0 1.7E-33   6E-39  233.6   0.0  177    6-188    48-224 (277)
315 tr|A0A061DAW0|A0A061DAW0_BABBI 100.0 1.7E-33 6.1E-39  261.8   0.0  168   12-185   421-596 (685)
316 tr|A0A026WG98|A0A026WG98_CERBI 100.0 1.8E-33 6.5E-39  226.5   0.0  165   10-185    53-217 (221)
317 tr|A0A0M3JVT3|A0A0M3JVT3_ANISI 100.0 1.9E-33 6.8E-39  238.2   0.0  170    7-181    69-275 (281)
318 tr|A0A175WAX0|A0A175WAX0_9PEZI 100.0   2E-33 7.1E-39  242.2   0.0  175   10-184   115-304 (367)
319 tr|B6K584|B6K584_SCHJY mRNA cl 100.0 2.2E-33 7.8E-39  234.9   0.0  169   13-188   119-287 (320)
320 tr|A0A0C9T6W2|A0A0C9T6W2_PLICR 100.0 2.3E-33 8.1E-39  225.2   0.0  162   12-181    35-196 (201)
321 tr|A0A0G4J0H1|A0A0G4J0H1_PLABS 100.0 2.4E-33 8.5E-39  223.7   0.0  164   11-183    27-195 (197)
322 tr|A0A022T5L8|A0A022T5L8_9HYME 100.0 2.4E-33 8.9E-39  254.6   0.0  166   13-189   105-270 (446)
323 tr|A0A146HYX9|A0A146HYX9_9AGAR 100.0 2.3E-33 9.2E-39  273.1   0.0  173   13-187   122-298 (654)
324 tr|T0M7A9|T0M7A9_CAMFR Tartrat 100.0 2.7E-33 9.6E-39  248.4   0.0  179    7-186    23-201 (552)
325 tr|A0A0A0KXV0|A0A0A0KXV0_CUCSA 100.0 2.7E-33   1E-38  258.4   0.0  175   10-184    85-259 (421)
326 tr|A0A077RZT7|A0A077RZT7_WHEAT 100.0 2.8E-33 1.1E-38  266.8   0.0  168   14-187   111-279 (625)
327 tr|Q179S7|Q179S7_AEDAE AAEL005 100.0 3.2E-33 1.1E-38  231.4   0.0  167    9-186    31-197 (292)
328 tr|A0A0F7GXY5|A0A0F7GXY5_SCHMD 100.0 3.2E-33 1.1E-38  235.5   0.0  178   10-189    11-188 (338)
329 tr|A0A176VIZ8|A0A176VIZ8_MARPO 100.0   3E-33 1.1E-38  254.7   0.0  174    8-186    19-195 (460)
330 tr|A0A090LD06|A0A090LD06_STRRB 100.0 3.4E-33 1.2E-38  241.7   0.0  176   10-187   127-302 (430)
331 tr|W5AHI6|W5AHI6_WHEAT Unchara 100.0 3.3E-33 1.2E-38  247.4   0.0  170   13-185     2-171 (365)
332 tr|V8NT83|V8NT83_OPHHA Heterog 100.0 3.6E-33 1.3E-38  245.1   0.0  172   11-188   234-405 (495)
333 tr|B3RVS7|B3RVS7_TRIAD Putativ 100.0 3.7E-33 1.3E-38  234.6   0.0  173   14-186    73-245 (331)
334 tr|A0A0P5HKT5|A0A0P5HKT5_9CRUS 100.0 3.7E-33 1.3E-38  245.4   0.0  179    8-188    18-196 (502)
335 tr|H2Y9C3|H2Y9C3_CIOSA Unchara 100.0 3.9E-33 1.4E-38  241.5   0.0  180   10-189     4-189 (389)
336 tr|A8PVS4|A8PVS4_MALGO Unchara 100.0   4E-33 1.4E-38  238.3   0.0  165   16-187     1-165 (367)
337 tr|A0A0A1MNK8|A0A0A1MNK8_9FUNG 100.0 3.5E-33 1.4E-38  265.8   0.0  177   10-188   104-294 (494)
338 tr|A0A0R3WBI3|A0A0R3WBI3_TAEAS 100.0   4E-33 1.4E-38  241.5   0.0  171   10-188    51-221 (387)
339 tr|W5NR02|W5NR02_SHEEP Unchara 100.0 4.2E-33 1.5E-38  229.3   0.0  173   10-188    15-187 (278)
340 tr|A0A0W4ZS06|A0A0W4ZS06_PNEJI 100.0 4.1E-33 1.5E-38  246.0   0.0  170   10-186   136-305 (440)
341 tr|V9KPI3|V9KPI3_CALMI Musashi 100.0 4.3E-33 1.5E-38  241.4   0.0  177   12-190    29-205 (435)
342 tr|A0A1A9YR41|A0A1A9YR41_GLOFF 100.0 4.4E-33 1.5E-38  244.4   0.0  177   10-191     4-180 (490)
343 tr|A0A0R3W228|A0A0R3W228_TAEAS 100.0 4.4E-33 1.6E-38  241.2   0.0  181    8-189     7-187 (430)
344 tr|A0A067D891|A0A067D891_CITSI 100.0 4.2E-33 1.6E-38  241.1   0.0  175    8-183    73-254 (275)
345 tr|A0A0N4ZUN4|A0A0N4ZUN4_PARTI 100.0 4.9E-33 1.7E-38  239.5   0.0  176   10-187   110-285 (408)
346 tr|A0A0R3W228|A0A0R3W228_TAEAS 100.0 5.6E-33   2E-38  240.6   0.0  180    9-189   232-411 (430)
347 tr|A0A0L0G9C5|A0A0L0G9C5_9EUKA 100.0 5.6E-33   2E-38  248.4   0.0  177   12-188    83-261 (503)
348 tr|E2BIC9|E2BIC9_HARSA RNA-bin 100.0 6.2E-33 2.2E-38  236.5   0.0  166   11-185    74-239 (311)
349 tr|A9S663|A9S663_PHYPA Predict 100.0 5.9E-33 2.3E-38  256.3   0.0  177   10-188   199-389 (439)
350 tr|A9S663|A9S663_PHYPA Predict 100.0 6.8E-33 2.6E-38  255.9   0.0  174   13-188   111-286 (439)
351 tr|A0A074Z637|A0A074Z637_9TREM 100.0 7.8E-33 2.7E-38  236.9   0.0  180   10-189    75-254 (388)
352 tr|A0A151P0T1|A0A151P0T1_ALLMI 100.0   8E-33 2.8E-38  232.4   0.0  176    7-188    56-231 (329)
353 tr|W4KI60|W4KI60_9HOMO Unchara 100.0   8E-33 2.9E-38  221.2   0.0  155   15-178     1-155 (195)
354 tr|A0A0P9H0X5|A0A0P9H0X5_RHOGW 100.0 7.6E-33 2.9E-38  260.8   0.0  177   10-188   251-441 (528)
355 tr|F0YAQ8|F0YAQ8_AURAN Putativ 100.0 7.9E-33   3E-38  247.3   0.0  174    8-186     7-183 (350)
356 tr|A0A0N4WP00|A0A0N4WP00_HAEPC 100.0 8.8E-33 3.1E-38  241.3   0.0  164   12-185    96-259 (426)
357 tr|G5DY32|G5DY32_9PIPI Putativ 100.0 9.8E-33 3.4E-38  214.9   0.0  169   33-293     1-170 (185)
358 tr|A0A0S7KRQ2|A0A0S7KRQ2_9TELE 100.0 9.9E-33 3.5E-38  230.6   0.0  181    7-189    13-193 (314)
359 tr|A0A061DH47|A0A061DH47_THECC 100.0 1.1E-32 3.8E-38  229.2   0.0  171   13-189     5-184 (264)
360 tr|A0A0C2N0C1|A0A0C2N0C1_THEKT 100.0 1.1E-32 3.9E-38  234.6   0.0  177   10-187    14-196 (314)
361 tr|A0A146WUZ5|A0A146WUZ5_FUNHE 100.0 1.1E-32   4E-38  239.3   0.0  177   11-189    18-194 (419)
362 tr|A0A0P6HJC9|A0A0P6HJC9_9CRUS 100.0 1.2E-32 4.1E-38  246.9   0.0  179    8-188    74-252 (613)
363 tr|M5WFZ9|M5WFZ9_PRUPE Unchara 100.0 1.1E-32 4.1E-38  247.1   0.0  157   10-166    68-229 (345)
364 tr|M7BWP8|M7BWP8_CHEMY Heterog 100.0 1.2E-32 4.3E-38  237.1   0.0  169   13-188   146-314 (409)
365 tr|A0A1B0DKM3|A0A1B0DKM3_PHLPP 100.0 1.1E-32 4.3E-38  245.9   0.0  166   12-188   126-291 (307)
366 tr|M5XBC3|M5XBC3_PRUPE Unchara 100.0 1.2E-32 4.4E-38  239.8   0.0  176   11-187    91-279 (355)
367 tr|A0A0A9ZI28|A0A0A9ZI28_LYGHE 100.0 1.3E-32 4.7E-38  241.4   0.0  174   11-187   141-314 (437)
368 tr|B9W6H6|B9W6H6_CANDC Pre-rRN 100.0 1.3E-32 4.8E-38  245.8   0.0  176   10-185   192-379 (423)
369 tr|M7B042|M7B042_CHEMY Heterog  99.9 1.4E-32   5E-38  244.1   0.0  175    8-188    24-198 (510)
370 tr|A0A058ZGT4|A0A058ZGT4_9EUKA  99.9 1.7E-32   6E-38  235.6   0.0  173   12-185   126-305 (399)
371 tr|Q90626|Q90626_CHICK Ribonuc  99.9 1.7E-32 6.1E-38  226.4   0.0  168   14-188    73-240 (285)
372 tr|G3U1U2|G3U1U2_LOXAF Unchara  99.9 1.7E-32 6.4E-38  232.0   0.0  176    7-189    18-194 (261)
373 tr|A0A1M8A148|A0A1M8A148_MALS4  99.9 1.9E-32 6.6E-38  236.2   0.0  169   11-186    92-260 (412)
374 tr|A0A1Q3EU11|A0A1Q3EU11_CULTA  99.9 1.9E-32 6.8E-38  235.2   0.0  180    8-189    92-271 (398)
375 tr|A0A1B6FAL6|A0A1B6FAL6_9HEMI  99.9 2.1E-32 7.5E-38  227.7   0.0  179    6-187    75-253 (304)
376 tr|A0A196SER6|A0A196SER6_9STRA  99.9 2.2E-32 8.1E-38  232.7   0.0  174   14-187     4-180 (276)
377 tr|L8WNF8|L8WNF8_THACA RNA rec  99.9 2.5E-32 8.9E-38  248.1   0.0  174   10-183   106-288 (716)
378 tr|G4V9P3|G4V9P3_SCHMA Rna-bin  99.9 2.6E-32   9E-38  231.7   0.0  182    8-189    72-253 (346)
379 tr|A0A084WB97|A0A084WB97_ANOSI  99.9 2.5E-32   9E-38  248.6   0.0  165   14-189    93-257 (565)
380 tr|A0A182VYZ6|A0A182VYZ6_9DIPT  99.9 2.6E-32 9.3E-38  241.3   0.0  174   12-187    58-231 (461)
381 tr|A0A179I9I4|A0A179I9I4_CORDF  99.9 2.9E-32   1E-37  233.7   0.0  166   12-185   111-276 (365)
382 tr|A0A0N5CC97|A0A0N5CC97_STREA  99.9 2.9E-32   1E-37  235.6   0.0  176   10-187   122-297 (422)
383 tr|A0A0K2TCT3|A0A0K2TCT3_LEPSM  99.9   3E-32 1.1E-37  235.8   0.0  181    8-188     9-192 (427)
384 tr|V4CRF4|V4CRF4_LOTGI Unchara  99.9   3E-32 1.1E-37  215.2   0.0  164   12-184     2-166 (204)
385 tr|A2WVF7|A2WVF7_ORYSI Putativ  99.9 2.9E-32 1.1E-37  232.7   0.0  176   12-187    27-206 (312)
386 tr|A0A1Q9CEE7|A0A1Q9CEE7_SYMMI  99.9 3.1E-32 1.1E-37  258.5   0.0  181   11-191   325-522 (1328)
387 tr|B4QNF3|B4QNF3_DROSI GD12423  99.9 3.1E-32 1.1E-37  230.7   0.0  178    9-188    24-201 (351)
388 tr|E3M8F0|E3M8F0_CAERE CRE-MSI  99.9 3.3E-32 1.1E-37  229.3   0.0  175   11-187    38-212 (335)
389 tr|B7Q141|B7Q141_IXOSC RNA-bin  99.9 3.4E-32 1.2E-37  222.8   0.0  159   11-175    63-221 (266)
390 tr|A0A1E4T0U3|A0A1E4T0U3_9ASCO  99.9 3.6E-32 1.3E-37  218.9   0.0  166   11-183    68-233 (234)
391 tr|A0A0M5J9P1|A0A0M5J9P1_DROBS  99.9 3.6E-32 1.3E-37  242.3   0.0  168   10-188    57-224 (572)
392 tr|A0A103YNH7|A0A103YNH7_CYNCS  99.9 3.8E-32 1.3E-37  245.8   0.0  172   13-185     5-188 (679)
393 tr|A0A061GIS6|A0A061GIS6_THECC  99.9 3.6E-32 1.4E-37  258.8   0.0  178    9-188   207-398 (625)
394 tr|A0A0D2ME29|A0A0D2ME29_9CHLO  99.9 4.2E-32 1.5E-37  233.0   0.0  169   11-184     7-176 (395)
395 tr|A0A0N5AKI6|A0A0N5AKI6_9BILA  99.9 4.2E-32 1.5E-37  235.5   0.0  165   11-185    36-200 (401)
396 tr|A0A0A9WAG1|A0A0A9WAG1_LYGHE  99.9 4.2E-32 1.6E-37  237.1   0.0  165   12-188   104-268 (353)
397 tr|S8CV42|S8CV42_9LAMI Unchara  99.9 4.4E-32 1.7E-37  246.2   0.0  177   10-186    88-264 (397)
398 tr|J9KAS4|J9KAS4_ACYPI Unchara  99.9   5E-32 1.8E-37  239.3   0.0  174   12-188   151-324 (465)
399 tr|G8YC71|G8YC71_PICSO Piso0_0  99.9 5.4E-32 1.9E-37  240.3   0.0  168   11-185   158-325 (485)
400 tr|A8WVH8|A8WVH8_CAEBR Protein  99.9 5.8E-32 2.1E-37  236.1   0.0  177   11-187    40-293 (398)
401 tr|W4XQD9|W4XQD9_STRPU Unchara  99.9 5.7E-32 2.1E-37  245.2   0.0  163   12-190   109-271 (474)
402 tr|A0A0Q9WSP7|A0A0Q9WSP7_DROVI  99.9   6E-32 2.1E-37  238.3   0.0  178    9-188    34-211 (511)
403 tr|B9G629|B9G629_ORYSJ Unchara  99.9 5.7E-32 2.1E-37  241.1   0.0  174    8-186    19-195 (391)
404 tr|R7VCB8|R7VCB8_CAPTE Unchara  99.9 6.1E-32 2.1E-37  235.4   0.0  174   12-185     6-180 (453)
405 tr|A0A0E0ITF3|A0A0E0ITF3_ORYNI  99.9 6.2E-32 2.2E-37  258.1   0.0  175   12-187     4-210 (1498)
406 tr|A0A0P6AZS5|A0A0P6AZS5_9CRUS  99.9 6.9E-32 2.4E-37  243.4   0.0  179    8-188    18-196 (654)
407 tr|A0A077RZT7|A0A077RZT7_WHEAT  99.9 6.3E-32 2.4E-37  257.7   0.0  177   11-189   194-384 (625)
408 tr|A0A060XCV0|A0A060XCV0_ONCMY  99.9 6.4E-32 2.5E-37  254.1   0.0  177   10-189    72-262 (523)
409 tr|E0W3Q3|E0W3Q3_PEDHC Putativ  99.9 6.5E-32 2.5E-37  226.6   0.0  167   10-182    14-184 (211)
410 tr|A0A024U6Y1|A0A024U6Y1_9STRA  99.9 6.9E-32 2.5E-37  239.3   0.0  174   11-184   119-336 (440)
411 tr|A0A0C2MLU2|A0A0C2MLU2_THEKT  99.9 7.2E-32 2.5E-37  222.3   0.0  176    9-185    19-204 (279)
412 tr|Q177R3|Q177R3_AEDAE AAEL006  99.9 7.1E-32 2.5E-37  239.5   0.0  175   12-188   100-274 (482)
413 tr|A0A0D9X0V7|A0A0D9X0V7_9ORYZ  99.9 8.1E-32 2.9E-37  242.2   0.0  176   11-187   136-321 (605)
414 tr|R7QHG3|R7QHG3_CHOCR Putativ  99.9 8.3E-32 2.9E-37  237.9   0.0  171   12-186   152-326 (521)
415 tr|A0A0L0H5H9|A0A0L0H5H9_SPIPN  99.9 9.4E-32 3.3E-37  234.5   0.0  172   12-190    71-245 (458)
416 tr|A0A0R1E374|A0A0R1E374_DROYA  99.9 9.6E-32 3.4E-37  236.3   0.0  179    9-189    24-202 (496)
417 tr|A0A0D9X981|A0A0D9X981_9ORYZ  99.9 9.7E-32 3.4E-37  233.7   0.0  175   12-189    19-194 (445)
418 tr|A0A1E4TX74|A0A1E4TX74_PACTA  99.9 1.1E-31 3.7E-37  236.2   0.0  169   11-186   114-282 (499)
419 tr|E3MS94|E3MS94_CAERE CRE-SQD  99.9 1.1E-31 3.9E-37  229.7   0.0  176   11-186    26-216 (334)
420 tr|A4V6N1|A4V6N1_DUGJA HnRNP A  99.9 1.1E-31   4E-37  229.8   0.0  179   10-188    14-192 (386)
421 tr|A0A0N8P0U4|A0A0N8P0U4_DROAN  99.9 1.2E-31 4.3E-37  235.8   0.0  179    9-189    25-203 (497)
422 tr|A0A0R3WAZ3|A0A0R3WAZ3_TAEAS  99.9 1.2E-31 4.5E-37  255.2   0.0  174   12-185   313-510 (604)
423 tr|A0A061GIS6|A0A061GIS6_THECC  99.9 1.2E-31 4.5E-37  255.3   0.0  172   13-187   121-294 (625)
424 tr|F6Y467|F6Y467_HORSE Unchara  99.9 1.3E-31 4.7E-37  207.5   0.0  174  106-279     4-177 (178)
425 tr|M3XHI3|M3XHI3_LATCH Unchara  99.9 1.2E-31 4.7E-37  250.1   0.0  171   14-187    99-273 (548)
426 tr|A0A0C9Q1U3|A0A0C9Q1U3_9HYME  99.9 1.4E-31 4.9E-37  233.8   0.0  175   11-188   104-278 (420)
427 tr|K1PYK7|K1PYK7_CRAGI RNA-bin  99.9 1.3E-31 5.2E-37  254.3   0.0  177    9-185   158-341 (557)
428 tr|A0A195B8X7|A0A195B8X7_9HYME  99.9 1.6E-31 5.6E-37  237.1   0.0  173   13-186   112-284 (544)
429 tr|A0A162NKX3|A0A162NKX3_PHYB8  99.9 1.4E-31 5.6E-37  239.5   0.0  166    9-180    85-283 (286)
430 tr|L0PAV2|L0PAV2_PNEJ8 Unchara  99.9 1.7E-31 5.9E-37  229.5   0.0  164   16-186     1-164 (397)
431 tr|A0A1E3QBB0|A0A1E3QBB0_LIPST  99.9 1.6E-31 5.9E-37  228.8   0.0  173   12-184   108-294 (332)
432 tr|M1BGT3|M1BGT3_SOLTU Unchara  99.9 1.7E-31 5.9E-37  236.5   0.0  177   11-190    12-189 (534)
433 tr|A0A0E0KEA1|A0A0E0KEA1_ORYPU  99.9 1.6E-31   6E-37  229.7   0.0  174   12-185   143-320 (324)
434 tr|D2K9J5|D2K9J5_ORNMO Apoptos  99.9 1.6E-31   6E-37  220.1   0.0  172    7-180    25-200 (204)
435 tr|N6ULM6|N6ULM6_DENPD Unchara  99.9 1.9E-31 6.8E-37  225.3   0.0  174   12-188    44-218 (297)
436 tr|A0A0G4G7T6|A0A0G4G7T6_9ALVE  99.9   2E-31   7E-37  229.3   0.0  174    9-184    22-198 (401)
437 tr|A0A0P9H0X5|A0A0P9H0X5_RHOGW  99.9 1.8E-31 7.1E-37  251.7   0.0  173   13-187   161-337 (528)
438 tr|A0A074S086|A0A074S086_9HOMO  99.9 2.1E-31 7.3E-37  237.5   0.0  173    6-186   199-371 (525)
439 tr|A0A0C9QIT3|A0A0C9QIT3_9HYME  99.9   2E-31 7.7E-37  242.1   0.0  172    9-186    91-282 (391)
440 tr|A0A1E5RWD0|A0A1E5RWD0_9ASCO  99.9   2E-31 7.7E-37  253.2   0.0  177   11-189   226-416 (605)
441 tr|A0A1B0FCC1|A0A1B0FCC1_GLOMM  99.9 2.2E-31 7.7E-37  242.0   0.0  173   12-187   203-375 (633)
442 tr|A0A0F8B3E3|A0A0F8B3E3_CERFI  99.9 2.1E-31   8E-37  240.6   0.0  154   10-163   244-411 (412)
443 tr|A0A1D2MLV6|A0A1D2MLV6_ORCCI  99.9 2.3E-31 8.2E-37  235.6   0.0  174   13-186   247-420 (532)
444 tr|A0A137PF23|A0A137PF23_CONC2  99.9 2.4E-31 8.4E-37  232.2   0.0  175   12-187    82-261 (461)
445 tr|A0A0V1CJW8|A0A0V1CJW8_TRIBR  99.9 2.3E-31 8.7E-37  256.5   0.0  176   10-188   189-379 (812)
446 tr|L5JXN7|L5JXN7_PTEAL Polyade  99.9 2.3E-31   9E-37  250.1   0.0  177   10-189   187-384 (512)
447 tr|A0A023GH97|A0A023GH97_9ACAR  99.9 2.4E-31 9.5E-37  232.7   0.0  174   12-187    91-267 (273)
448 tr|M5X3H8|M5X3H8_PRUPE Unchara  99.9 2.5E-31 9.6E-37  227.7   0.0  172    9-180    70-251 (251)
449 tr|A0A0N4Y5N2|A0A0N4Y5N2_NIPBR  99.9 2.9E-31 1.1E-36  248.7   0.0  172   11-191   258-437 (586)
450 tr|L5KWG1|L5KWG1_PTEAL Putativ  99.9 3.1E-31 1.1E-36  197.6   0.0  122    4-125     2-123 (123)
451 tr|M3XHI3|M3XHI3_LATCH Unchara  99.9 3.2E-31 1.2E-36  247.4   0.0  176   11-189   188-377 (548)
452 tr|A0A1D2NI89|A0A1D2NI89_ORCCI  99.9 3.6E-31 1.3E-36  210.0   0.0  159   13-175    50-208 (209)
453 tr|F8P9L5|F8P9L5_SERL9 Putativ  99.9 3.7E-31 1.3E-36  213.6   0.0  167   13-187    64-230 (237)
454 tr|A0A0D2MQZ2|A0A0D2MQZ2_9CHLO  99.9 3.7E-31 1.3E-36  228.6   0.0  183    7-189    11-200 (416)
455 tr|A0A099NZ19|A0A099NZ19_PICKU  99.9 3.8E-31 1.4E-36  241.0   0.0  169   11-186   256-424 (636)
456 tr|M0SB48|M0SB48_MUSAM Unchara  99.9 3.9E-31 1.4E-36  239.4   0.0  174   12-186     4-187 (679)
457 tr|A0A067BU65|A0A067BU65_SAPPC  99.9 4.1E-31 1.4E-36  225.7   0.0  178   11-188     6-202 (374)
458 tr|W3XPQ1|W3XPQ1_9PEZI Unchara  99.9 3.8E-31 1.5E-36  235.7   0.0  174    9-183    92-276 (307)
459 tr|L5JXN7|L5JXN7_PTEAL Polyade  99.9 3.8E-31 1.5E-36  248.6   0.0  173   12-187    97-278 (512)
460 tr|A0A0P5JB42|A0A0P5JB42_9CRUS  99.9 4.4E-31 1.6E-36  229.2   0.0  175   11-186   114-288 (435)
461 tr|A0A078GLB9|A0A078GLB9_BRANA  99.9 4.5E-31 1.6E-36  234.7   0.0  175   10-185     3-187 (553)
462 tr|A0A067FPY2|A0A067FPY2_CITSI  99.9 4.5E-31 1.6E-36  230.0   0.0  175    9-183   155-359 (365)
463 tr|F6HT84|F6HT84_VITVI Putativ  99.9 4.5E-31 1.7E-36  216.7   0.0  161    5-166    50-219 (223)
464 tr|A0A163JPF8|A0A163JPF8_ABSGL  99.9 4.6E-31 1.8E-36  220.9   0.0  168   16-186    11-199 (214)
465 tr|Q7PUN6|Q7PUN6_ANOGA AGAP001  99.9 5.1E-31 1.8E-36  236.4   0.0  175   12-188   180-354 (556)
466 tr|A0A0W8DUJ1|A0A0W8DUJ1_PHYNI  99.9 5.2E-31 1.8E-36  245.4   0.0  174   10-185   106-292 (975)
467 tr|I3J0S9|I3J0S9_ORENI Unchara  99.9 5.1E-31 1.8E-36  207.1   0.0  158   11-170    18-175 (180)
468 tr|T1GXY7|T1GXY7_MEGSC Unchara  99.9 5.2E-31 1.8E-36  224.3   0.0  172   12-186    84-255 (364)
469 tr|A0A165Z911|A0A165Z911_9HOMO  99.9 5.5E-31   2E-36  233.4   0.0  168   12-187    45-212 (475)
470 tr|A4V6K2|A4V6K2_DUGJA PRM10 p  99.9 5.6E-31   2E-36  221.2   0.0  174    8-189    66-239 (325)
471 tr|A0A0K2UC81|A0A0K2UC81_LEPSM  99.9 5.7E-31   2E-36  228.7   0.0  176    9-187    24-199 (439)
472 tr|A0A024GK10|A0A024GK10_9STRA  99.9 5.4E-31   2E-36  225.6   0.0  173    8-185     6-181 (280)
473 tr|G5BSV4|G5BSV4_HETGA Heterog  99.9 5.8E-31   2E-36  216.2   0.0  167   11-183   104-270 (271)
474 tr|A0A0V1CJW8|A0A0V1CJW8_TRIBR  99.9 5.4E-31   2E-36  254.1   0.0  170   14-186   100-274 (812)
475 tr|B4PTJ1|B4PTJ1_DROYA Unchara  99.9 6.1E-31 2.2E-36  238.9   0.0  173   12-187   204-376 (637)
476 tr|A0A172RVM8|A0A172RVM8_SCHMD  99.9   6E-31 2.2E-36  216.6   0.0  168   11-182     7-174 (240)
477 tr|Q0TVC9|Q0TVC9_PHANO Unchara  99.9 5.6E-31 2.2E-36  236.5   0.0  175   10-185   125-306 (321)
478 tr|L5MAB8|L5MAB8_MYODS Coatome  99.9 6.6E-31 2.3E-36  229.0   0.0  226   73-303     2-268 (451)
479 tr|A0A022T6K5|A0A022T6K5_9HYME  99.9 5.7E-31 2.4E-36  266.1   0.0  177    8-186   615-796 (861)
480 tr|A0A0F7SXC5|A0A0F7SXC5_PHARH  99.9 6.9E-31 2.4E-36  234.6   0.0  169    9-185   134-302 (583)
481 tr|F2CU07|F2CU07_HORVD Predict  99.9 6.8E-31 2.5E-36  225.5   0.0  170    9-182    74-248 (285)
482 tr|M7BCR4|M7BCR4_CHEMY Putativ  99.9 7.3E-31 2.6E-36  225.8   0.0  169   13-181     5-271 (342)
483 tr|A0A0C9QIT3|A0A0C9QIT3_9HYME  99.9 6.9E-31 2.7E-36  238.7   0.0  174    9-186     3-178 (391)
484 tr|G5BTZ8|G5BTZ8_HETGA Heterog  99.9 7.8E-31 2.8E-36  226.0   0.0  153    6-185    27-179 (392)
485 tr|A0A0P5VQ05|A0A0P5VQ05_9CRUS  99.9   8E-31 2.8E-36  230.8   0.0  175   11-186   114-288 (498)
486 sp|P19684|ROC5_NICSY 33 kDa ri  99.9 7.7E-31 2.9E-36  230.2   0.0  174   12-185   112-298 (324)
487 tr|S9YJW3|S9YJW3_CAMFR Unchara  99.9 8.5E-31   3E-36  227.8   0.0  172   10-188   162-346 (442)
488 tr|F6I2Y3|F6I2Y3_VITVI Putativ  99.9 7.8E-31   3E-36  227.0   0.0  173   10-182    81-265 (269)
489 tr|A0A1I8CB45|A0A1I8CB45_9BILA  99.9 9.4E-31 3.3E-36  217.2   0.0  175   10-186    88-262 (294)
490 tr|I2JWM6|I2JWM6_DEKBR Subunit  99.9   1E-30 3.5E-36  217.4   0.0  164   16-186     1-164 (298)
491 tr|A0A0L0NV30|A0A0L0NV30_9ASCO  99.9 1.1E-30 3.8E-36  230.6   0.0  166   12-184   159-324 (513)
492 tr|K1PNI6|K1PNI6_CRAGI Heterog  99.9 1.2E-30 4.2E-36  228.6   0.0  155   10-170    54-208 (475)
493 tr|W9CET4|W9CET4_9HELO Unchara  99.9 1.2E-30 4.2E-36  229.2   0.0  171    9-182   127-299 (381)
494 tr|A0A1J7FPS0|A0A1J7FPS0_LUPAN  99.9 1.2E-30 4.3E-36  219.4   0.0  174   13-187     5-233 (328)
495 tr|A0A098VLX7|A0A098VLX7_9MICR  99.9 1.3E-30 4.4E-36  223.5   0.0  171   12-182   152-336 (386)
496 tr|B4GYW1|B4GYW1_DROPE GL27263  99.9 1.3E-30 4.6E-36  209.1   0.0  152   10-161    31-182 (226)
497 tr|A0A0J9X4G9|A0A0J9X4G9_GEOCN  99.9 1.4E-30 4.9E-36  237.2   0.0  170   10-186   169-338 (723)
498 tr|A0A067GGW0|A0A067GGW0_CITSI  99.9 1.4E-30   5E-36  220.5   0.0  179    9-187     2-192 (347)
499 tr|A1DBD2|A1DBD2_NEOFI Nucleic  99.9 1.3E-30   5E-36  228.6   0.0  174    7-183   119-294 (307)
500 tr|A0A0P5J451|A0A0P5J451_9CRUS  99.9 1.5E-30 5.1E-36  228.9   0.0  175   11-186   114-288 (492)

