- 18:58:07.740 INFO: Searching 12365503 column state sequences.

- 18:58:07.845 INFO: /var/www/html/services/NetSurfP-2.0/tmp/60159E2500005C7DD8CD698F/0000_NP_001138575_1/0000_NP_001138575_1_INPUT.fasta is in A2M, A3M or FASTA format

- 18:58:07.845 INFO: Iteration 1

- 18:58:07.915 INFO: Prefiltering database

- 18:58:19.927 INFO: HMMs passed 1st prefilter (gapless profile-profile alignment)  : 252961

- 18:58:21.590 INFO: HMMs passed 2nd prefilter (gapped profile-profile alignment)   : 819

- 18:58:21.590 INFO: HMMs passed 2nd prefilter and not found in previous iterations : 819

- 18:58:21.590 INFO: Scoring 819 HMMs using HMM-HMM Viterbi alignment

- 18:58:21.843 INFO: Alternative alignment: 0

- 18:58:22.687 INFO: 819 alignments done

- 18:58:22.690 INFO: Alternative alignment: 1

- 18:58:22.856 INFO: 727 alignments done

- 18:58:22.857 INFO: Alternative alignment: 2

- 18:58:22.903 INFO: 79 alignments done

- 18:58:22.903 INFO: Alternative alignment: 3

- 18:58:22.929 INFO: 11 alignments done

- 18:58:23.063 INFO: Realigning 500 HMM-HMM alignments using Maximum Accuracy algorithm

- 18:58:23.989 INFO: 413 sequences belonging to 413 database HMMs found with an E-value < 0.001

- 18:58:23.989 INFO: Number of effective sequences of resulting query HMM: Neff = 6.2406

- 18:58:24.011 INFO: Iteration 2

- 18:58:24.095 INFO: Prefiltering database

- 18:58:35.718 INFO: HMMs passed 1st prefilter (gapless profile-profile alignment)  : 657892

- 18:58:42.830 WARNING: Number of hits passing 2nd prefilter (reduced from 21359 to allowed maximum of 20000).
You can increase the allowed maximum using the -maxfilt <max> option.

- 18:58:43.033 INFO: HMMs passed 2nd prefilter (gapped profile-profile alignment)   : 20000

- 18:58:43.034 INFO: HMMs passed 2nd prefilter and not found in previous iterations : 19595

- 18:58:43.034 INFO: Scoring 19595 HMMs using HMM-HMM Viterbi alignment

- 18:58:43.255 INFO: Alternative alignment: 0

- 18:58:45.567 INFO: 2000 alignments done

- 18:58:54.397 INFO: 4000 alignments done

- 18:58:54.403 INFO: Stop after DB-HHM: 4000 because early stop  1.23372 < filter cutoff 20

- 18:58:54.403 INFO: Alternative alignment: 1

- 18:58:54.631 INFO: 471 alignments done

- 18:58:54.635 INFO: Alternative alignment: 2

- 18:58:54.719 INFO: 51 alignments done

- 18:58:54.719 INFO: Alternative alignment: 3

- 18:58:54.746 INFO: 7 alignments done

- 18:58:54.923 INFO: Rescoring previously found HMMs with Viterbi algorithm

- 18:58:55.092 INFO: Alternative alignment: 0

- 18:58:55.162 INFO: 405 alignments done

- 18:58:55.163 INFO: Alternative alignment: 1

- 18:58:55.239 INFO: 405 alignments done

- 18:58:55.239 INFO: Alternative alignment: 2

- 18:58:55.278 INFO: 29 alignments done

- 18:58:55.278 INFO: Alternative alignment: 3

- 18:58:55.315 INFO: 3 alignments done

- 18:58:55.451 INFO: Realigning 500 HMM-HMM alignments using Maximum Accuracy algorithm

- 18:58:56.372 INFO: 538 sequences belonging to 538 database HMMs found with an E-value < 0.001

- 18:58:56.372 INFO: Number of effective sequences of resulting query HMM: Neff = 6.43239

Query         0000_NP_001138575_1
Match_columns 381
No_of_seqs    716 out of 1309
Neff          6.43239
Searched_HMMs 20232
Date          Sat Jan 30 18:58:56 2021
Command       /tools/src/netsurfp-2.0/hhsuite/bin/hhblits -i /var/www/html/services/NetSurfP-2.0/tmp/60159E2500005C7DD8CD698F/0000_NP_001138575_1/0000_NP_001138575_1_INPUT.fasta -o /dev/null -ohhm /var/www/html/services/NetSurfP-2.0/tmp/60159E2500005C7DD8CD698F/0000_NP_001138575_1/0000_NP_001138575_1_PROFILE.hhm -n 2 -d /net/nas/storage/databases/userdb/netsurfp2-db/uniclust30_2017_04/uniclust30_2017_04 -oa3m /var/www/html/services/NetSurfP-2.0/tmp/60159E2500005C7DD8CD698F/0000_NP_001138575_1/0000_NP_001138575_1_MSA.a3m -cpu 10 

 No Hit                             Prob E-value P-value  Score    SS Cols Query HMM  Template HMM
  1 tr|G1L9I9|G1L9I9_AILME Mothers 100.0  5E-149  2E-154 1051.6   0.0  361   19-381     1-363 (363)
  2 tr|G3WGZ1|G3WGZ1_SARHA Mothers 100.0  3E-146  1E-151 1040.4   0.0  362   16-381     5-367 (367)
  3 tr|I3N1J3|I3N1J3_ICTTR Mothers 100.0  8E-141  3E-146 1055.8   0.0  361   19-381    67-472 (472)
  4 tr|G1RRB2|G1RRB2_NOMLE Mothers 100.0  2E-137  6E-143  991.3   0.0  367   15-381   245-611 (611)
  5 tr|A0A182V8X0|A0A182V8X0_ANOME 100.0  3E-136  1E-141 1005.3   0.0  355   16-381   175-602 (602)
  6 tr|H2RRN0|H2RRN0_TAKRU Mothers 100.0  1E-133  6E-139  951.1   0.0  281   15-381    63-344 (344)
  7 tr|A0A182P6G2|A0A182P6G2_9DIPT 100.0  2E-126  7E-132  906.2   0.0  322   25-381     2-370 (370)
  8 tr|S9WKJ9|S9WKJ9_CAMFR Mothers 100.0  3E-126  1E-131  895.5   0.0  350   25-381     1-403 (403)
  9 tr|A0A146N3I3|A0A146N3I3_FUNHE 100.0  4E-123  1E-128  890.8   0.0  365   16-381   127-593 (593)
 10 tr|A0A0P8XDS3|A0A0P8XDS3_DROAN 100.0  8E-123  3E-128  886.9   0.0  352   16-381   202-581 (581)
 11 tr|H2YHM4|H2YHM4_CIOSA Mothers 100.0  1E-121  4E-127  900.9   0.0  206  176-381   423-629 (629)
 12 tr|A0A139WG04|A0A139WG04_TRICA 100.0  2E-120  6E-126  875.7   0.0  350   16-381    74-454 (620)
 13 tr|A0A094ZEM0|A0A094ZEM0_SCHHA 100.0  1E-118  5E-124  871.7   0.0  206  176-381   449-654 (654)
 14 tr|A0A0N5E392|A0A0N5E392_TRIMR 100.0  3E-118  1E-123  852.9   0.0  357   16-381   187-560 (560)
 15 tr|W6V6H0|W6V6H0_ECHGR Mothers 100.0  1E-117  4E-123  876.2   0.0  207  175-381   481-687 (687)
 16 tr|A0A074Z266|A0A074Z266_9TREM 100.0  3E-117  1E-122  868.6   0.0  205  177-381   459-663 (663)
 17 tr|A0A139WG28|A0A139WG28_TRICA 100.0  6E-117  2E-122  866.1   0.0  350   16-381   409-789 (789)
 18 tr|A0A154PB00|A0A154PB00_9HYME 100.0  1E-116  4E-122  894.2   0.0  357   16-381  1069-1464(1464)
 19 tr|A0A146VGV2|A0A146VGV2_FUNHE 100.0  1E-113  5E-119  810.4   0.0  325   16-340    59-384 (477)
 20 tr|A0A0M3J077|A0A0M3J077_ANISI 100.0  7E-113  3E-118  817.9   0.0  339   33-381     1-377 (377)
 21 tr|A0A143WDL7|A0A143WDL7_BLAGE 100.0  4E-112  2E-117  870.0   0.0  190  183-372   417-644 (651)
 22 tr|A0A0V1BXV2|A0A0V1BXV2_TRISP 100.0  9E-111  3E-116  867.7   0.0  356   16-380  1505-1871(2548)
 23 tr|A0A0Q3LY59|A0A0Q3LY59_AMAAE 100.0  9E-110  3E-115  816.5   0.0  354   15-373   172-601 (607)
 24 tr|A0A0N5ANC1|A0A0N5ANC1_9BILA 100.0  1E-106  5E-112  777.1   0.0  263   15-372   131-427 (432)
 25 tr|A0A091LKR7|A0A091LKR7_CATAU 100.0  4E-106  1E-111  765.8   0.0  335   15-370    39-377 (377)
 26 tr|A0A0X3P7H7|A0A0X3P7H7_SCHSO 100.0  9E-106  3E-111  774.4   0.0  204  178-381   420-623 (623)
 27 tr|A0A1D5NWW6|A0A1D5NWW6_CHICK 100.0  5E-105  2E-110  768.3   0.0  306   15-373   144-494 (500)
 28 tr|A0A068XT08|A0A068XT08_HYMMI 100.0  5E-103  2E-108  758.4   0.0  204  178-381   451-654 (654)
 29 tr|A0A068YE11|A0A068YE11_ECHMU 100.0  2E-101  7E-107  756.0   0.0  203  178-380   457-659 (774)
 30 tr|A0A068WJL1|A0A068WJL1_ECHGR 100.0  2E-101  7E-107  757.5   0.0  203  178-380   481-683 (798)
 31 tr|S9X2D9|S9X2D9_CAMFR Mothers 100.0  1E-100  4E-106  726.3   0.0  283   26-379    37-319 (498)
 32 tr|M7AN31|M7AN31_CHEMY Mothers 100.0  1E-100  4E-106  736.9   0.0  318   16-341    60-386 (601)
 33 tr|A0A158QUQ9|A0A158QUQ9_9CEST 100.0   4E-98  1E-103  728.6   0.0  205  177-381   483-709 (709)
 34 tr|H2WL73|H2WL73_CAEJA Dwarfin 100.0 4.4E-98  2E-103  702.4   0.0  260   16-327    61-334 (334)
 35 tr|Q9CRR7|Q9CRR7_MOUSE Mothers 100.0 3.2E-96  1E-101  708.5   0.0  272   16-351    61-377 (377)
 36 tr|S9YEN5|S9YEN5_CAMFR Mothers 100.0 9.6E-96  3E-101  692.3   0.0  327   25-373   126-490 (496)
 37 tr|J9JYM8|J9JYM8_ACYPI Unchara 100.0   9E-96  4E-101  672.9   0.0  236  134-381     5-240 (240)
 38 tr|I1FWP2|I1FWP2_AMPQE Mothers 100.0 5.8E-95  2E-100  680.7   0.0  279   13-377    75-353 (447)
 39 tr|G4M186|G4M186_SCHMA Smad1,  100.0 1.7E-94  6E-100  718.3   0.0  316   15-381   665-981 (981)
 40 tr|A0A1B6LR12|A0A1B6LR12_9HEMI 100.0 2.2E-93 7.8E-99  699.6   0.0  357   15-372   265-764 (771)
 41 tr|W8VLJ6|W8VLJ6_LACAG Mothers 100.0 2.6E-93   1E-98  666.3   0.0  271   71-345     2-315 (315)
 42 tr|A0A0N4W0X8|A0A0N4W0X8_HAEPC 100.0   6E-93 2.2E-98  642.0   0.0  268   50-381     1-273 (273)
 43 tr|A0A0F8AVI9|A0A0F8AVI9_LARCR 100.0 2.2E-92 7.7E-98  713.6   0.0  356   16-373   849-1282(1288)
 44 tr|Q4T1H9|Q4T1H9_TETNG Mothers 100.0 2.3E-92 8.2E-98  685.6   0.0  344   14-372   157-590 (595)
 45 tr|L7TA28|L7TA28_SCHMD Smad2/3 100.0 4.1E-92 1.5E-97  649.4   0.0  306   58-375     1-326 (327)
 46 tr|A0A1B0B381|A0A1B0B381_9MUSC 100.0 1.7E-90 6.2E-96  690.3   0.0  189  183-372   644-867 (874)
 47 tr|A0A182H6G8|A0A182H6G8_AEDAL 100.0   7E-90 2.4E-95  681.8   0.0  189  183-372   667-889 (897)
 48 tr|A0A182RUB1|A0A182RUB1_ANOFN 100.0 3.2E-89 1.1E-94  681.2   0.0  190  183-372   764-984 (991)
 49 tr|A0A1A9U2W8|A0A1A9U2W8_ANOST 100.0 1.1E-88 3.7E-94  680.2   0.0  190  183-372   836-1056(1063)
 50 tr|A0A0M3K4Z9|A0A0M3K4Z9_ANISI 100.0 1.5E-88 5.8E-94  693.3   0.0  190  183-372   660-905 (911)
 51 tr|A0A182P637|A0A182P637_9DIPT 100.0 2.8E-88 9.8E-94  676.5   0.0  190  183-372   816-1036(1043)
 52 tr|A0A182HTV9|A0A182HTV9_ANOAR 100.0 3.4E-88 1.2E-93  677.4   0.0  190  183-372   862-1082(1089)
 53 tr|A0A182FSF8|A0A182FSF8_ANOAL 100.0 2.2E-87 7.8E-93  671.3   0.0  190  183-372   852-1072(1079)
 54 tr|A0A0V1EVX9|A0A0V1EVX9_TRIPS 100.0   1E-86 3.7E-92  661.3   0.0  354   16-372   441-938 (941)
 55 tr|A0A1I8HKN7|A0A1I8HKN7_9PLAT 100.0 1.9E-86 6.6E-92  625.8   0.0  263   13-372   107-406 (464)
 56 tr|U1M5E5|U1M5E5_ASCSU Mothers 100.0   2E-86 7.1E-92  655.3   0.0  345   15-369   218-688 (697)
 57 tr|A0A0V1L6I1|A0A0V1L6I1_9BILA 100.0 2.3E-86 8.1E-92  658.6   0.0  355   16-372   425-933 (936)
 58 tr|A0A151X5F3|A0A151X5F3_9HYME 100.0 1.4E-85 4.9E-91  666.0   0.0  190  183-372  1118-1340(1347)
 59 tr|A0A182DX11|A0A182DX11_ONCOC 100.0 5.2E-85 1.8E-90  653.2   0.0  351   15-369   491-944 (955)
 60 tr|E0W3Y2|E0W3Y2_PEDHC Protein 100.0 7.7E-85 3.2E-90  614.4   0.0  231   16-249    65-300 (300)
 61 tr|Q4SJG4|Q4SJG4_TETNG Mothers 100.0   2E-84 7.3E-90  633.4   0.0  354   15-372    63-517 (629)
 62 tr|A0A0B7APG9|A0A0B7APG9_9EUPU 100.0 8.3E-84 3.3E-89  594.1   0.0  238   27-266     1-264 (265)
 63 tr|A0A1A6GWV5|A0A1A6GWV5_NEOLE 100.0 1.2E-83   4E-89  584.4   0.0  207  173-379    78-284 (315)
 64 tr|A0A0P7WFH3|A0A0P7WFH3_9TELE 100.0 7.6E-83   3E-88  627.9   0.0  289   15-308    62-450 (497)
 65 tr|I1G7F7|I1G7F7_AMPQE Mothers 100.0 1.8E-82 6.3E-88  619.3   0.0  361   15-379   331-702 (704)
 66 tr|A8X7T9|A8X7T9_CAEBR Dwarfin 100.0 1.9E-82 7.3E-88  635.5   0.0  333   14-370   223-597 (603)
 67 tr|A0A183UKG8|A0A183UKG8_TOXCA 100.0 1.7E-81 6.3E-87  624.4   0.0  353   13-369   217-651 (659)
 68 tr|A0A016T9K9|A0A016T9K9_9BILA 100.0 7.1E-81 2.6E-86  628.2   0.0  188  183-372   585-828 (842)
 69 tr|A0A095BWC9|A0A095BWC9_SCHHA 100.0   3E-80 1.1E-85  559.3   0.0  208  174-381    65-273 (273)
 70 tr|T1KH52|T1KH52_TETUR Unchara 100.0   4E-78 1.4E-83  549.7   0.0  208  174-381   114-321 (321)
 71 tr|Q70TA8|Q70TA8_ECHMU Mothers 100.0 1.6E-77 5.8E-83  553.0   0.0  201  181-381   117-318 (318)
 72 tr|M7AZU2|M7AZU2_CHEMY Mothers 100.0 4.3E-77 1.5E-82  567.0   0.0  196  173-368   152-348 (505)
 73 tr|A0A182UCW7|A0A182UCW7_9DIPT 100.0 7.5E-77 2.8E-82  536.8   0.0  247   33-372     1-251 (258)
 74 tr|G3SC38|G3SC38_GORGO Mothers 100.0 7.7E-77 3.3E-82  584.4   0.0  293   16-359   106-400 (401)
 75 tr|G5E0U9|G5E0U9_9PIPI Mothers 100.0 3.6E-76 1.3E-81  516.1   0.0  169  213-381    32-201 (201)
 76 tr|E4Y741|E4Y741_OIKDI Mothers 100.0 1.3E-75 4.7E-81  569.0   0.0  335   16-376    12-347 (661)
 77 tr|A0A146ZGG0|A0A146ZGG0_FUNHE 100.0 2.6E-75   9E-81  549.4   0.0  316   41-379   127-449 (451)
 78 tr|A0A067QH14|A0A067QH14_ZOONE 100.0 3.1E-74 1.5E-79  559.7   0.0  278   16-358    28-306 (308)
 79 tr|A0A158QG17|A0A158QG17_HYMDI 100.0 5.8E-74   2E-79  541.1   0.0  205  177-381   254-458 (458)
 80 tr|A0A1I8H0F8|A0A1I8H0F8_9PLAT 100.0 1.2E-73 4.2E-79  543.9   0.0  247   13-380    68-317 (447)
 81 tr|A0A1I7YCX1|A0A1I7YCX1_9BILA 100.0 3.7E-73 1.3E-78  551.7   0.0  352   13-369   214-649 (656)
 82 tr|A0A0K0EDX7|A0A0K0EDX7_STRER 100.0 1.1E-72 3.8E-78  554.5   0.0  353   12-370   234-657 (660)
 83 tr|A0A146PEC6|A0A146PEC6_FUNHE 100.0 1.8E-72 6.8E-78  546.9   0.0  296   15-359   215-510 (511)
 84 tr|S9XCE8|S9XCE8_CAMFR Mothers 100.0 2.1E-72 7.3E-78  516.1   0.0  170   16-342    70-239 (343)
 85 tr|A0A183E8C5|A0A183E8C5_9BILA 100.0 3.2E-72 1.1E-77  517.7   0.0  205  176-380   157-361 (362)
 86 tr|A0A0D6LHI7|A0A0D6LHI7_9BILA 100.0 2.9E-71 1.1E-76  472.4   0.0  165  190-381     2-166 (166)
 87 tr|A0A0N4X714|A0A0N4X714_HAEPC 100.0 6.8E-71 2.5E-76  504.3   0.0  259   14-306    17-287 (297)
 88 tr|A0A0R3WMU1|A0A0R3WMU1_HYDTA 100.0 1.3E-70 4.5E-76  528.9   0.0  205  177-381   360-576 (576)
 89 tr|A0A158QKX9|A0A158QKX9_HAEPC 100.0 1.3E-70 4.6E-76  517.7   0.0  234   14-370    85-348 (387)
 90 tr|U6P368|U6P368_HAECO Mothers 100.0 3.8E-70 1.3E-75  558.5   0.0  351   17-380    68-501 (1574)
 91 tr|A0A158R528|A0A158R528_9BILA 100.0 5.1E-70 1.9E-75  558.5   0.0  342   15-360   716-1136(1136)
 92 tr|A0A087XK77|A0A087XK77_POEFO 100.0 5.4E-70 2.1E-75  537.4   0.0  298   15-358   172-504 (506)
 93 tr|G7YQV8|G7YQV8_CLOSI Mitogen 100.0 7.4E-68 2.6E-73  543.9   0.0  203  177-379  1525-1727(1727)
 94 tr|A0A1D1WA18|A0A1D1WA18_RAMVA 100.0 8.2E-68 2.9E-73  475.0   0.0  205  177-381    72-277 (277)
 95 tr|A0A158QVE2|A0A158QVE2_9CEST 100.0 4.5E-66 1.7E-71  464.9   0.0  189  183-371     5-239 (240)
 96 tr|A0A0V0J6U0|A0A0V0J6U0_SCHSO 100.0 5.1E-66 1.8E-71  463.7   0.0  199  183-381    79-278 (278)
 97 tr|A0A146UPC3|A0A146UPC3_FUNHE 100.0 3.6E-65 1.2E-70  466.3   0.0  197  183-379    74-324 (326)
 98 tr|H3AI41|H3AI41_LATCH Unchara 100.0 4.1E-64 1.5E-69  477.3   0.0  191  183-373   178-406 (412)
 99 tr|A0A183K2K5|A0A183K2K5_9TREM 100.0 1.9E-63 6.7E-69  465.3   0.0  201  181-381   206-407 (407)
100 tr|A0A068XFU7|A0A068XFU7_HYMMI 100.0 2.9E-63   1E-68  465.2   0.0  199  183-381   218-417 (417)
101 tr|A0A1A9X1J9|A0A1A9X1J9_9MUSC 100.0 8.1E-63 2.9E-68  497.5   0.0  128  244-372   976-1136(1143)
102 tr|K7GLI5|K7GLI5_PIG Uncharact 100.0 1.1E-62 3.9E-68  423.4   0.0  133   16-234    61-194 (194)
103 tr|G3ULK3|G3ULK3_LOXAF Mothers 100.0 5.8E-62 2.2E-67  464.1   0.0  288   17-358   116-404 (405)
104 tr|A0A060Y004|A0A060Y004_ONCMY 100.0 7.5E-62 2.6E-67  436.3   0.0  198  133-339    64-262 (274)
105 tr|G4VAI1|G4VAI1_SCHMA Putativ 100.0 1.2E-61 4.2E-67  466.2   0.0  201  181-381   358-559 (559)
106 tr|A0A146Z808|A0A146Z808_FUNHE 100.0 2.4E-61 8.3E-67  449.2   0.0  190  183-372   153-380 (387)
107 tr|U6NX60|U6NX60_HAECO Mothers 100.0 3.6E-61 1.3E-66  480.4   0.0  185  183-369   724-940 (941)
108 tr|G5C5G3|G5C5G3_HETGA Mothers 100.0 5.5E-61 2.5E-66  434.2   0.0  172  182-358     5-181 (183)
109 tr|V8NXX3|V8NXX3_OPHHA Mothers 100.0 7.7E-61 2.7E-66  394.9   0.0  140  178-380     2-142 (142)
110 tr|A0A1S3J4E9|A0A1S3J4E9_LINUN 100.0 1.5E-60 5.2E-66  442.5   0.0  190  183-372   136-363 (374)
111 tr|A0A0R3S6L7|A0A0R3S6L7_9BILA 100.0 2.7E-60   1E-65  456.1   0.0  195  181-380   228-422 (423)
112 tr|G7Y6W2|G7Y6W2_CLOSI Mothers 100.0 4.4E-60 1.5E-65  452.6   0.0  205  177-381   312-517 (517)
113 tr|W8CCH4|W8CCH4_CERCA Mothers 100.0 2.3E-59   8E-65  444.8   0.0  190  183-372   249-472 (479)
114 tr|A0A0N5A8D4|A0A0N5A8D4_9BILA 100.0   1E-58 3.6E-64  419.2   0.0  205  176-380    85-290 (291)
115 tr|A0A0P5F4U1|A0A0P5F4U1_9CRUS 100.0 1.6E-58 5.6E-64  435.9   0.0  190  183-372   208-435 (442)
116 tr|U4TVN6|U4TVN6_DENPD Unchara 100.0 5.5E-58 1.9E-63  423.5   0.0  191  183-373   123-351 (357)
117 tr|C3ZFF5|C3ZFF5_BRAFL Mothers 100.0 6.3E-58 2.2E-63  454.6   0.0  301    8-357   547-851 (854)
118 tr|B4GDZ0|B4GDZ0_DROPE Mothers 100.0 7.6E-58 3.1E-63  457.9   0.0  250   19-357   248-505 (508)
119 tr|F1DT95|F1DT95_SCHMD Smad4 O 100.0 1.5E-57 5.1E-63  418.5   0.0  190  183-372    80-309 (339)
120 tr|I1FGT6|I1FGT6_AMPQE Mothers 100.0 1.7E-57 6.1E-63  410.8   0.0  225   16-319    58-285 (288)
121 tr|A0A1I8C053|A0A1I8C053_MELHA 100.0 2.1E-57 7.3E-63  424.4   0.0  205  177-381   187-399 (399)
122 tr|A0A177AS11|A0A177AS11_9METZ 100.0 2.4E-57 8.9E-63  377.5   0.0  133  245-381     2-134 (134)
123 tr|E5RZD1|E5RZD1_TRISP Putativ 100.0 3.8E-57 1.3E-62  427.0   0.0  190  183-372   222-442 (445)
124 tr|H2KTB1|H2KTB1_CLOSI Mothers 100.0   8E-57 2.8E-62  414.0   0.0  190  183-372    39-307 (341)
125 tr|A0A1S3RQM5|A0A1S3RQM5_SALSA 100.0 1.3E-56 4.4E-62  396.0   0.0  134  248-381   103-236 (236)
126 tr|A0A158NLE2|A0A158NLE2_ATTCE 100.0 3.3E-56 1.2E-61  418.1   0.0  268   38-357   118-390 (393)
127 tr|T1GAI3|T1GAI3_MEGSC Unchara 100.0 3.8E-56 1.3E-61  386.2   0.0  173  133-316    28-200 (205)
128 tr|A0A183HJJ1|A0A183HJJ1_9BILA 100.0   4E-56 1.4E-61  396.1   0.0  182  180-361    36-221 (253)
129 tr|A0A151NFJ8|A0A151NFJ8_ALLMI 100.0 5.9E-56 2.4E-61  403.8   0.0  169  183-359    46-214 (215)
130 tr|A0A146RAS9|A0A146RAS9_FUNHE 100.0 1.2E-55 4.3E-61  400.4   0.0  167  174-340    27-194 (298)
131 tr|A0A158R528|A0A158R528_9BILA 100.0 1.2E-55 4.6E-61  453.8   0.0  173  183-361   402-596 (1136)
132 tr|L5LF53|L5LF53_MYODS Protein 100.0 2.2E-55 7.8E-61  428.1   0.0  268   44-358   340-610 (612)
133 tr|A0A060YVG3|A0A060YVG3_ONCMY 100.0 2.9E-55   1E-60  380.8   0.0  134  248-381    72-205 (205)
134 tr|A0A183BIR5|A0A183BIR5_GLOPA 100.0 3.1E-55 1.1E-60  392.3   0.0  195  176-381    68-263 (263)
135 tr|A0A195F1C0|A0A195F1C0_9HYME 100.0 6.8E-55 2.4E-60  423.0   0.0  271   36-357   278-552 (555)
136 tr|R4GHM2|R4GHM2_CHICK Unchara 100.0 7.3E-55 2.8E-60  403.8   0.0  254   57-358    46-299 (300)
137 tr|A0A0D6M079|A0A0D6M079_9BILA 100.0 4.5E-54 1.6E-59  378.5   0.0  181  183-367    34-217 (217)
138 tr|C1LFV7|C1LFV7_SCHJA MAD hom 100.0 5.6E-54   2E-59  408.0   0.0  191  183-373   170-418 (447)
139 tr|A0A0P5AW03|A0A0P5AW03_9CRUS 100.0 5.9E-54 2.2E-59  421.9   0.0   76   16-92     63-138 (515)
140 tr|A0A0P5ZKV9|A0A0P5ZKV9_9CRUS 100.0 7.3E-54 2.6E-59  411.5   0.0  182  183-364   272-491 (534)
141 tr|A0A154NYQ8|A0A154NYQ8_9HYME 100.0 8.1E-54 2.8E-59  408.7   0.0  268   37-357   218-494 (497)
142 tr|G0NK68|G0NK68_CAEBE Dwarfin 100.0 7.8E-54   3E-59  425.5   0.0  206  176-381   345-557 (557)
143 tr|A0A1A6HPR2|A0A1A6HPR2_NEOLE 100.0   2E-53 7.3E-59  387.7   0.0  115   16-130    88-208 (260)
144 tr|U3IBC8|U3IBC8_ANAPL Mothers 100.0 2.3E-53 8.2E-59  358.8   0.0  163   40-250     1-165 (166)
145 tr|V9LBG1|V9LBG1_CALMI Mothers 100.0 4.7E-53 1.6E-58  380.0   0.0  146   16-161    73-219 (273)
146 tr|L9JA14|L9JA14_TUPCH Mothers 100.0 1.5E-52 5.4E-58  378.6   0.0  135  247-381   151-285 (285)
147 tr|A0A0N4YBE7|A0A0N4YBE7_NIPBR 100.0 1.7E-52 6.2E-58  401.2   0.0  232   12-280   207-441 (472)
148 tr|A0A183E549|A0A183E549_9BILA 100.0 2.9E-52   1E-57  368.1   0.0  174  180-365     1-176 (233)
149 tr|A0A183AQB8|A0A183AQB8_9TREM 100.0 3.5E-52 1.2E-57  372.1   0.0  144  238-381   115-258 (258)
150 tr|A0A0N0BFF6|A0A0N0BFF6_9HYME 100.0 7.2E-52 2.5E-57  403.1   0.0  287   18-357   242-540 (628)
151 tr|A0A0R3R1U4|A0A0R3R1U4_9BILA 100.0 4.6E-51 1.6E-56  375.5   0.0  182  183-380   152-333 (334)
152 tr|S4RHE4|S4RHE4_PETMA Unchara 100.0 5.3E-51 1.9E-56  333.9   0.0  125   25-152     1-125 (128)
153 tr|A0A0R3Q5E3|A0A0R3Q5E3_9BILA 100.0 5.7E-51 2.1E-56  381.8   0.0  188   16-207    90-347 (347)
154 tr|Q5DBJ6|Q5DBJ6_SCHJA SJCHGC0 100.0 7.8E-51 2.7E-56  353.9   0.0  149  174-322    57-206 (207)
155 tr|L9L2Q5|L9L2Q5_TUPCH Mothers 100.0 1.8E-50 6.3E-56  381.7   0.0  253   15-358   175-437 (438)
156 tr|A0A1D5PJL5|A0A1D5PJL5_CHICK 100.0 1.9E-50 6.9E-56  369.9   0.0  170  183-358   119-288 (290)
157 tr|A0A0R3TUF2|A0A0R3TUF2_HYMNN 100.0 2.2E-50 7.6E-56  389.3   0.0   84   16-99     58-141 (559)
158 tr|G5C2B0|G5C2B0_HETGA Mothers 100.0 3.5E-50 1.2E-55  374.5   0.0  210   16-229    60-312 (378)
159 tr|E4XF28|E4XF28_OIKDI Mothers 100.0 9.5E-50 3.3E-55  365.6   0.0  310   35-380     2-322 (323)
160 tr|A0A0K3AVK9|A0A0K3AVK9_CAEEL 100.0 3.5E-49 1.4E-54  406.8   0.0  188  183-372   655-875 (895)
161 tr|B0W698|B0W698_CULQU Smad4 O 100.0 2.2E-48 7.9E-54  383.0   0.0   76   16-92    268-343 (723)
162 tr|A0A146UMC8|A0A146UMC8_FUNHE 100.0 3.5E-48 1.2E-53  362.1   0.0  188  182-369    68-386 (387)
163 tr|A0A146ZHR0|A0A146ZHR0_FUNHE 100.0   4E-48 1.4E-53  364.8   0.0  187  182-368    87-330 (424)
164 tr|A0A1S3QMC6|A0A1S3QMC6_SALSA 100.0 4.7E-48 1.7E-53  309.4   0.0  114  228-341     1-114 (114)
165 tr|A0A146UMT4|A0A146UMT4_FUNHE 100.0 9.6E-48 3.4E-53  360.2   0.0  186  182-367    87-329 (398)
166 tr|A0A1I7SQS2|A0A1I7SQS2_BURXY 100.0 1.1E-47   4E-53  366.9   0.0  278   15-298   124-446 (494)
167 tr|A0A0X3PVD1|A0A0X3PVD1_SCHSO 100.0 1.9E-47   7E-53  343.2   0.0   94   15-108    64-157 (244)
168 tr|A0A0K8VRS6|A0A0K8VRS6_BACLA 100.0   4E-47 1.5E-52  362.3   0.0  275   14-357   151-430 (432)
169 tr|E4XWJ6|E4XWJ6_OIKDI Unchara 100.0 6.5E-47 2.3E-52  355.3   0.0  187  184-370    63-256 (406)
170 tr|B3KYA8|B3KYA8_HUMAN cDNA FL 100.0 6.9E-47 2.6E-52  341.1   0.0  170  183-358    68-237 (238)
171 tr|A0A1I8AZR2|A0A1I8AZR2_MELHA 100.0 7.5E-47 2.6E-52  384.3   0.0  165  183-347   487-704 (1204)
172 tr|A0A0P5ECT5|A0A0P5ECT5_9CRUS 100.0 1.9E-46 6.7E-52  358.9   0.0   82  183-264   389-473 (499)
173 tr|H3EZI2|H3EZI2_PRIPA Unchara 100.0 1.1E-44 3.9E-50  316.7   0.0   67   37-103     4-71  (211)
174 tr|A0A0S7HJ33|A0A0S7HJ33_9TELE 100.0 1.5E-44 6.1E-50  311.5   0.0   76   16-91     59-134 (147)
175 tr|A0A162S1Y3|A0A162S1Y3_9CRUS 100.0 2.1E-44 7.2E-50  347.2   0.0  295   10-357   173-533 (536)
176 tr|A0A0R3U5G2|A0A0R3U5G2_9CEST 100.0 3.1E-44 1.1E-49  315.2   0.0  139  243-381    24-218 (218)
177 tr|A0A1I8MSR2|A0A1I8MSR2_MUSDO 100.0 7.2E-44 2.6E-49  352.1   0.0  292   16-357   340-642 (645)
178 tr|S9X3L4|S9X3L4_CAMFR Unchara 100.0 1.7E-43 5.8E-49  303.5   0.0   75   16-90     61-135 (182)
179 tr|A0A0N5ALG2|A0A0N5ALG2_9BILA 100.0   4E-43 1.4E-48  324.0   0.0  196  184-380   102-318 (319)
180 tr|W5K8C6|W5K8C6_ASTMX Unchara 100.0 7.6E-43 2.8E-48  301.3   0.0  131  243-373     1-168 (174)
181 tr|G6CR51|G6CR51_DANPL Mothers 100.0 1.6E-42 5.7E-48  326.8   0.0  252   42-357   156-412 (415)
182 tr|A0A0N4U9G2|A0A0N4U9G2_DRAME 100.0 2.9E-42   1E-47  324.6   0.0  195  176-370   203-397 (408)
183 tr|A0A1I8FSD9|A0A1I8FSD9_9PLAT 100.0 2.9E-42   1E-47  324.7   0.0  180  177-375   227-409 (410)
184 tr|G3INE2|G3INE2_CRIGR Mothers 100.0 6.4E-42 2.2E-47  275.8   0.0   76   16-91     13-88  (117)
185 tr|A0A177B2H4|A0A177B2H4_9METZ 100.0 1.2E-41 4.3E-47  342.3   0.0  219   16-242   674-952 (952)
186 tr|N6U1Y2|N6U1Y2_DENPD Unchara 100.0 1.5E-41 5.8E-47  295.2   0.0   77   15-92     65-141 (173)
187 tr|D2GYU3|D2GYU3_AILME Putativ 100.0   4E-41 1.4E-46  326.3   0.0  170  183-358   394-563 (565)
188 tr|A0A1L8F5B3|A0A1L8F5B3_XENLA 100.0 4.1E-41 1.4E-46  311.0   0.0  207   38-358   120-328 (338)
189 tr|H2VPQ3|H2VPQ3_CAEJA Unchara 100.0 4.4E-41 1.5E-46  307.0   0.0  206  176-381    93-301 (301)
190 tr|G3HQJ4|G3HQJ4_CRIGR Mothers 100.0 4.3E-41 1.6E-46  305.5   0.0  165  184-354    79-243 (256)
191 tr|S9XVF1|S9XVF1_CAMFR Mothers 100.0 7.6E-41 2.7E-46  290.0   0.0   75   16-90    120-194 (195)
192 tr|V5IIQ1|V5IIQ1_IXORI Putativ 100.0 8.2E-41 3.1E-46  321.3   0.0   76   16-92     66-141 (405)
193 tr|A0A1I9GAH3|A0A1I9GAH3_BRUMA 100.0 1.1E-40 3.8E-46  271.2   0.0  117  177-293     7-123 (124)
194 tr|A0A0M3IQL2|A0A0M3IQL2_ASCLU 100.0 1.3E-40 4.4E-46  268.4   0.0   75   15-89     32-106 (117)
195 tr|A0A0N4YSH1|A0A0N4YSH1_NIPBR 100.0 1.7E-40 5.8E-46  287.2   0.0  155  196-350     1-158 (191)
196 tr|A0A183CPN8|A0A183CPN8_GLOPA 100.0 1.8E-40 6.2E-46  303.2   0.0  196  175-370    76-289 (302)
197 tr|Q8C2Z0|Q8C2Z0_MOUSE Putativ 100.0 1.9E-40 6.7E-46  287.3   0.0   76   16-91     60-135 (194)
198 tr|E1FWQ5|E1FWQ5_LOALO MH1 dom 100.0   2E-40 6.9E-46  320.5   0.0  233   12-247   235-522 (543)
199 tr|A7SFA9|A7SFA9_NEMVE Predict 100.0 2.5E-40 9.1E-46  269.3   0.0   76   14-90     38-113 (113)
200 tr|K7EEQ4|K7EEQ4_ORNAN Unchara 100.0 3.3E-40 1.1E-45  276.8   0.0   76   16-92     67-142 (153)
201 tr|A0A1A9X1J9|A0A1A9X1J9_9MUSC 100.0 5.4E-40 1.9E-45  334.1   0.0   76   16-92    115-190 (1143)
202 tr|B0W697|B0W697_CULQU Smad4 O 100.0 5.8E-40   2E-45  287.8   0.0  134  238-372    12-177 (213)
203 tr|A0A0P6INP4|A0A0P6INP4_9CRUS 100.0 7.5E-40 2.6E-45  276.7   0.0   76   16-92     44-119 (161)
204 tr|A0A183EKH5|A0A183EKH5_9BILA 100.0 1.5E-39 5.1E-45  274.0   0.0   78   15-92     34-111 (157)
205 tr|A0A0C2J427|A0A0C2J427_THEKT 100.0 1.6E-39 5.5E-45  309.4   0.0  287   16-309    69-401 (452)
206 tr|A0A0K2TUL2|A0A0K2TUL2_LEPSM 100.0 1.7E-39 6.2E-45  290.1   0.0  169  184-359    32-202 (215)
207 tr|A0A1I8F9A2|A0A1I8F9A2_9PLAT 100.0 2.7E-39 9.6E-45  309.6   0.0  287   36-374   189-483 (484)
208 tr|A0A0M3KIE1|A0A0M3KIE1_ANISI 100.0 2.8E-39 9.7E-45  270.1   0.0   75   16-90     58-132 (148)
209 tr|D6WRP2|D6WRP2_TRICA SMAD fa 100.0 5.6E-39   2E-44  295.7   0.0  265   13-374    47-319 (323)
210 tr|W4XF34|W4XF34_STRPU Unchara 100.0   7E-39 2.4E-44  288.8   0.0  168  184-359    97-264 (266)
211 tr|V8NEJ4|V8NEJ4_OPHHA Mothers 100.0 9.4E-39 3.3E-44  288.7   0.0   95   16-110    64-158 (272)
212 tr|A0A0P4WNK2|A0A0P4WNK2_9CRUS 100.0 1.2E-38 4.1E-44  298.1   0.0  153  183-335   123-313 (374)
213 tr|A0A091KMM4|A0A091KMM4_COLST 100.0 1.2E-38 4.5E-44  268.9   0.0  134  214-357     5-138 (139)
214 tr|S7QBV3|S7QBV3_MYOBR Mothers 100.0 1.4E-38 4.7E-44  280.2   0.0  125  242-366    10-170 (218)
215 tr|A0A183UTS2|A0A183UTS2_TOXCA 100.0   2E-38 6.9E-44  264.0   0.0  134  248-381     3-144 (144)
216 tr|S4RVK9|S4RVK9_PETMA Unchara 100.0 4.2E-38 1.5E-43  291.2   0.0   76   16-92     66-141 (305)
217 tr|W2TEU3|W2TEU3_NECAM MH2 dom 100.0   6E-38 2.2E-43  282.1   0.0  197  183-379    35-239 (241)
218 tr|T1PQI6|T1PQI6_MUSDO MH1 dom 100.0   7E-38 2.5E-43  282.6   0.0   85   14-99    109-193 (255)
219 tr|A0A183BFK0|A0A183BFK0_9TREM 100.0 1.2E-37 4.6E-43  271.9   0.0   75   16-90     65-139 (180)
220 tr|A0A131ZAZ5|A0A131ZAZ5_RHIAP 100.0   2E-37   7E-43  285.1   0.0   76   16-92     75-150 (308)
221 tr|G7YI42|G7YI42_CLOSI Mothers 100.0   3E-37   1E-42  285.9   0.0   89   15-103    64-152 (339)
222 tr|V5FXH6|V5FXH6_ANOGL Mothers 100.0 3.1E-37 1.1E-42  280.6   0.0  122  183-304   159-284 (286)
223 tr|A0A0N4ZWP2|A0A0N4ZWP2_PARTI 100.0 8.2E-37 2.9E-42  304.6   0.0  187  185-371   475-713 (802)
224 tr|A0A182ZYS9|A0A182ZYS9_BIOGL 100.0 9.5E-37 3.3E-42  286.4   0.0   78   16-94     63-140 (387)
225 tr|A0A0N5C457|A0A0N5C457_STREA 100.0 1.1E-36   4E-42  303.8   0.0  185  185-370   476-713 (807)
226 tr|A0A0K0FC00|A0A0K0FC00_9BILA 100.0 1.5E-36 5.6E-42  283.3   0.0  196  178-375   118-314 (321)
227 tr|A0A0C2GM82|A0A0C2GM82_9BILA 100.0 1.6E-36   6E-42  298.1   0.0  198  184-381   315-528 (528)
228 tr|A0A1B6FLX0|A0A1B6FLX0_9HEMI 100.0 1.8E-36 6.4E-42  281.8   0.0  128  183-310   203-334 (352)
229 tr|A0A0K0E0W2|A0A0K0E0W2_STRER 100.0 1.9E-36 6.7E-42  302.2   0.0  185  185-370   475-712 (806)
230 tr|A0A1I8GN38|A0A1I8GN38_9PLAT 100.0 2.3E-36 8.1E-42  270.5   0.0  184  184-369    49-237 (248)
231 tr|W8BNZ5|W8BNZ5_CERCA Mothers 100.0   3E-36 1.1E-41  275.3   0.0   76   16-92     94-169 (296)
232 tr|A0A0K0DFM2|A0A0K0DFM2_ANGCA 100.0 5.3E-36   2E-41  263.1   0.0  148  222-369     8-184 (189)
233 tr|A0A1B6H975|A0A1B6H975_9HEMI 100.0 8.1E-36 2.8E-41  284.8   0.0   77   15-92    267-343 (458)
234 tr|A0A183T8N2|A0A183T8N2_SCHSO 100.0 9.3E-36 3.3E-41  251.6   0.0  117  183-299     8-128 (158)
235 tr|K1QIR4|K1QIR4_CRAGI Mothers 100.0 1.3E-35 4.5E-41  270.7   0.0  169  184-358   121-289 (291)
236 tr|A0A1I7RHS1|A0A1I7RHS1_BURXY 100.0 4.1E-35 1.4E-40  269.9   0.0  188  184-372    74-263 (316)
237 tr|A0A183B8C1|A0A183B8C1_9TREM 100.0 1.1E-34   4E-40  254.1   0.0  116  183-298    56-175 (207)
238 tr|A0A183LW78|A0A183LW78_9TREM 100.0 1.1E-34 4.1E-40  243.7   0.0   72   15-90     64-135 (137)
239 tr|A0A183G3K6|A0A183G3K6_HELBK 100.0 1.3E-34 4.5E-40  281.8   0.0  179  183-363   289-499 (518)
240 tr|A0A183FBF4|A0A183FBF4_HELBK 100.0 1.3E-34 4.7E-40  243.1   0.0  120  242-361    28-149 (151)
241 tr|E5RZD0|E5RZD0_TRISP Mothers 100.0 1.7E-34   6E-40  260.6   0.0   76   16-92    174-249 (264)
242 tr|A0A0N4VV20|A0A0N4VV20_HAEPC 100.0 1.7E-34 6.2E-40  270.5   0.0  186  184-369   148-341 (342)
243 tr|A0A183CG27|A0A183CG27_GLOPA 100.0 1.9E-34 6.7E-40  291.3   0.0  184  187-370   744-945 (958)
244 tr|A0A1P6C4E5|A0A1P6C4E5_BRUMA 100.0 2.7E-34 9.6E-40  252.2   0.0   83   15-98     59-141 (210)
245 tr|A0A183NN14|A0A183NN14_9TREM 100.0 4.4E-34 1.5E-39  254.1   0.0  136  233-368     5-196 (232)
246 tr|A0A1I7SZS5|A0A1I7SZS5_9PELO 100.0 5.7E-34   2E-39  292.6   0.0  185  184-370  1024-1241(1264)
247 tr|A0A146ZGA8|A0A146ZGA8_FUNHE 100.0 8.3E-34 2.9E-39  250.3   0.0  143  223-365    20-217 (217)
248 tr|A0A0N0P9E4|A0A0N0P9E4_PAPXU 100.0 8.7E-34 3.1E-39  285.8   0.0   76   16-92    254-329 (910)
249 tr|E9IJM6|E9IJM6_SOLIN Putativ 100.0 8.9E-34 3.1E-39  259.2   0.0  169  185-357     4-238 (294)
250 tr|M7BIZ5|M7BIZ5_CHEMY Mothers 100.0 1.1E-33 3.9E-39  243.1   0.0   56  317-372   116-171 (178)
251 tr|G0NB70|G0NB70_CAEBE CBN-SMA 100.0 1.4E-33 5.2E-39  244.5   0.0   90   14-103    54-145 (178)
252 tr|A0A0R3WP47|A0A0R3WP47_HYDTA 100.0 1.5E-33 5.4E-39  243.7   0.0   75   16-90     73-147 (186)
253 tr|A0A183DX34|A0A183DX34_9BILA 100.0 2.3E-33 8.1E-39  251.6   0.0   77   15-92    118-213 (248)
254 tr|A0A077SP58|A0A077SP58_9METZ 100.0 2.2E-33 8.1E-39  271.1   0.0  321   17-360    61-418 (421)
255 tr|A0A1I8ARA2|A0A1I8ARA2_9BILA 100.0 5.8E-33   2E-38  251.6   0.0   79   10-89     98-176 (270)
256 tr|A0A1I8AF83|A0A1I8AF83_9BILA 100.0 8.4E-33   3E-38  263.5   0.0  297   15-327    67-389 (439)
257 tr|D2HZV6|D2HZV6_AILME Putativ 100.0   1E-32 3.5E-38  251.2   0.0   74   18-91    206-279 (281)
258 tr|A0A182YZ59|A0A182YZ59_BIOGL 100.0 1.3E-32 4.6E-38  259.3   0.0  111  249-360   267-377 (390)
259 tr|A0A183VSB0|A0A183VSB0_TRIRE 100.0 1.3E-32 4.7E-38  262.6   0.0   84   17-100    59-142 (448)
260 tr|A0A0D8XDC7|A0A0D8XDC7_DICVI  99.9 2.1E-32 7.4E-38  227.8   0.0  113  249-361    25-139 (141)
261 tr|A0A1I8F8W2|A0A1I8F8W2_9PLAT  99.9 2.7E-32 9.5E-38  269.8   0.0  193  177-371   158-381 (682)
262 tr|A0A1S3PWF0|A0A1S3PWF0_SALSA  99.9 3.2E-32 1.1E-37  216.5   0.0   95  154-248     3-97  (104)
263 tr|A0A183BGD5|A0A183BGD5_9TREM  99.9 3.4E-32 1.2E-37  241.7   0.0   76   14-90     91-166 (228)
264 tr|A0A183X4F2|A0A183X4F2_TRIRE  99.9 3.9E-32 1.4E-37  239.6   0.0   76   14-90     65-142 (215)
265 tr|Q27W07|Q27W07_NEMVE Smad4 O  99.9 7.8E-32 2.7E-37  238.2   0.0   75   15-90     75-149 (218)
266 tr|A0A090L8K3|A0A090L8K3_STRRB  99.9 1.1E-31   4E-37  268.1   0.0  171  185-370   472-693 (783)
267 tr|A0A0S7I3T3|A0A0S7I3T3_9TELE  99.9 1.4E-31 4.8E-37  231.2   0.0  108  249-356    39-182 (182)
268 tr|A0A0F5C291|A0A0F5C291_PRIPA  99.9 1.4E-31 5.1E-37  237.6   0.0   75   14-90     21-95  (226)
269 tr|A0A158QJF9|A0A158QJF9_HYMNN  99.9 1.5E-31 5.4E-37  254.2   0.0  120  182-301   232-355 (424)
270 tr|A0A1E1WL89|A0A1E1WL89_PECGO  99.9   3E-31 1.1E-36  230.1   0.0   87   15-101    58-146 (188)
271 tr|S9YPX9|S9YPX9_CAMFR Mothers  99.9   1E-30 3.6E-36  233.6   0.0  133  222-358   104-236 (237)
272 tr|A0A1I8GHQ6|A0A1I8GHQ6_9PLAT  99.9 1.5E-30 5.4E-36  267.5   0.0  184  184-369  1034-1222(1233)
273 tr|A0A0S7IK52|A0A0S7IK52_9TELE  99.9 2.9E-30   1E-35  218.7   0.0  117  238-358    38-155 (157)
274 tr|A0A0B1SI70|A0A0B1SI70_OESDE  99.9 2.9E-30   1E-35  222.8   0.0  125  182-306    22-149 (180)
275 tr|A0A183DW38|A0A183DW38_9BILA  99.9   3E-30 1.1E-35  244.4   0.0   72   21-94    141-212 (403)
276 tr|A0A077SMW2|A0A077SMW2_9METZ  99.9 4.5E-30 1.6E-35  226.5   0.0   79   15-94     58-136 (213)
277 tr|A0A183GRP7|A0A183GRP7_HELBK  99.9 4.6E-30 1.6E-35  218.6   0.0   80   12-93     74-153 (163)
278 tr|A0A183SH89|A0A183SH89_SCHSO  99.9   8E-30 2.8E-35  240.1   0.0   84   16-99     72-180 (379)
279 tr|A0A131YKD8|A0A131YKD8_RHIAP  99.9 1.1E-29 3.8E-35  231.4   0.0  167  183-357    91-270 (277)
280 tr|A0A0N4V0U9|A0A0N4V0U9_ENTVE  99.9 2.2E-29 7.7E-35  246.7   0.0  181  183-363   328-533 (585)
281 tr|A0A146UIW1|A0A146UIW1_FUNHE  99.9 2.4E-29 8.4E-35  213.8   0.0  129  223-351    20-160 (160)
282 tr|I1F199|I1F199_AMPQE Unchara  99.9 3.1E-29 1.1E-34  223.9   0.0  126  248-373    70-224 (234)
283 tr|A0A183RP08|A0A183RP08_9TREM  99.9   6E-29 2.1E-34  229.7   0.0  113  181-293   200-313 (313)
284 tr|A0A1I8H0F8|A0A1I8H0F8_9PLAT  99.9   8E-29 2.9E-34  240.0   0.0  134  242-381   311-447 (447)
285 tr|G0PLJ0|G0PLJ0_CAEBE Putativ  99.9 1.6E-28 5.8E-34  237.1   0.0  196  183-381   198-412 (412)
286 tr|R0LV88|R0LV88_ANAPL Mothers  99.9 2.8E-28 9.7E-34  212.3   0.0  117  184-303    57-173 (190)
287 tr|A0A061I3U8|A0A061I3U8_CRIGR  99.9 3.2E-28 1.1E-33  199.8   0.0   89  248-336     9-97  (125)
288 tr|A0A183I261|A0A183I261_9BILA  99.9 4.7E-28 1.7E-33  228.7   0.0   73   21-94    127-219 (383)
289 tr|A0A183GVC6|A0A183GVC6_HELBK  99.9 6.2E-28 2.2E-33  196.9   0.0   66   38-103    22-88  (120)
290 tr|F5GUE5|F5GUE5_CAEEL Unchara  99.9 7.7E-28 2.7E-33  223.9   0.0  187  183-370   129-321 (331)
291 tr|A0A0C2CVU1|A0A0C2CVU1_9BILA  99.9 8.8E-28 3.1E-33  221.2   0.0   75   15-89    192-279 (301)
292 tr|A0A0S7J2H0|A0A0S7J2H0_9TELE  99.9 9.4E-28 3.3E-33  193.7   0.0   81  174-254    24-105 (112)
293 tr|A0A0M3KC66|A0A0M3KC66_ANISI  99.9   1E-27 3.6E-33  204.5   0.0   64  318-381   100-163 (163)
294 tr|G3IM29|G3IM29_CRIGR Mothers  99.9 1.2E-27 4.2E-33  203.8   0.0   87  249-335    73-159 (161)
295 tr|A0A1I7ZSS5|A0A1I7ZSS5_9BILA  99.9 1.2E-27 4.2E-33  233.1   0.0  187  184-371   338-525 (538)
296 tr|A0A183GK81|A0A183GK81_HELBK  99.9 1.3E-27 4.5E-33  201.5   0.0  120  245-364    21-142 (149)
297 tr|A0A0C2GZZ4|A0A0C2GZZ4_9BILA  99.9 1.7E-27 5.8E-33  195.4   0.0   67   37-103    20-87  (124)
298 tr|A0A158PEA5|A0A158PEA5_ANGCS  99.9 2.1E-27 7.3E-33  218.1   0.0   78   13-92    192-269 (292)
299 tr|A0A182SRK2|A0A182SRK2_9DIPT  99.9 2.2E-27 7.6E-33  198.7   0.0   64   26-89      8-71  (142)
300 tr|A0A1I7S0X0|A0A1I7S0X0_BURXY  99.9 2.2E-27 7.6E-33  243.4   0.0  182  186-369   871-1078(1110)
301 tr|A0A0D8XET4|A0A0D8XET4_DICVI  99.9 2.6E-27   9E-33  229.0   0.0  125  183-309   348-473 (491)
302 tr|A0A1S3RP49|A0A1S3RP49_SALSA  99.9 3.6E-27 1.3E-32  192.2   0.0   79  174-252    25-104 (119)
303 tr|H3DTR3|H3DTR3_PRIPA Mothers  99.9 3.7E-27 1.3E-32  223.2   0.0   96  183-278   290-387 (391)
304 tr|A0A1I7ZRW6|A0A1I7ZRW6_9BILA  99.9 3.9E-27 1.4E-32  220.5   0.0  187  184-371   115-336 (349)
305 tr|A0A0C2G807|A0A0C2G807_9BILA  99.9 4.7E-27 1.6E-32  195.7   0.0   67   37-103    24-91  (137)
306 tr|A0A1B1W2F1|A0A1B1W2F1_RANSY  99.9 7.4E-27 2.6E-32  181.7   0.0   84  222-305     1-86  (89)
307 tr|A0A183G3K5|A0A183G3K5_HELBK  99.9   1E-26 3.6E-32  179.6   0.0   63   13-76     22-84  (85)
308 tr|A0A0P6C975|A0A0P6C975_9CRUS  99.9 4.8E-26 1.7E-31  223.1   0.0  241   10-301    88-395 (566)
309 tr|G3IN07|G3IN07_CRIGR Mothers  99.9 5.8E-26   2E-31  181.5   0.0   81  173-253    15-96  (104)
310 tr|H3EAD5|H3EAD5_PRIPA Unchara  99.9 8.3E-26 2.9E-31  193.0   0.0  128  223-381    33-162 (162)
311 tr|A0A183D880|A0A183D880_9BILA  99.9 1.5E-25 5.4E-31  167.0   0.0   64   27-90      1-64  (69)
312 tr|A0A183R143|A0A183R143_9TREM  99.9 1.6E-25 5.5E-31  169.4   0.0   56  315-376     4-59  (75)
313 tr|H0YL71|H0YL71_HUMAN Mothers  99.9 2.4E-25 8.3E-31  174.5   0.0   90   63-152     2-91  (92)
314 tr|A0A0F5BW85|A0A0F5BW85_PRIPA  99.9 2.7E-25 9.3E-31  218.7   0.0  187  184-370   347-569 (585)
315 tr|A0A0N4V0U8|A0A0N4V0U8_ENTVE  99.8 4.6E-25 1.6E-30  192.0   0.0   59   17-76     85-143 (185)
316 tr|T1KEQ6|T1KEQ6_TETUR Unchara  99.8 7.8E-25 2.7E-30  193.1   0.0   58   15-73    139-196 (204)
317 tr|A0A0R3UJP8|A0A0R3UJP8_9CEST  99.8 7.8E-25 2.7E-30  209.7   0.0   75   16-91     89-163 (429)
318 tr|A0A1I7X6W3|A0A1I7X6W3_HETBA  99.8 1.5E-24 5.2E-30  176.9   0.0   54   13-66     64-117 (117)
319 tr|A0A0N4XRS6|A0A0N4XRS6_NIPBR  99.8   5E-24 1.8E-29  182.5   0.0   62   38-99      1-63  (163)
320 tr|E4XXS7|E4XXS7_OIKDI Unchara  99.8 6.3E-24 2.2E-29  196.8   0.0  192  178-371    94-304 (307)
321 tr|A0A183S0S5|A0A183S0S5_9TREM  99.8 9.4E-24 3.3E-29  168.6   0.0   78  177-254    12-89  (102)
322 tr|A0A1D1V6X0|A0A1D1V6X0_RAMVA  99.8 1.5E-23 5.4E-29  204.4   0.0  166  183-358   331-506 (515)
323 tr|A0A183VAU6|A0A183VAU6_TOXCA  99.8 2.5E-23   1E-28  207.9   0.0  149  183-357   246-408 (412)
324 tr|A0A183BC70|A0A183BC70_9TREM  99.8 1.9E-22 6.8E-28  174.7   0.0   73  176-248    98-170 (175)
325 tr|A0A074Z2G5|A0A074Z2G5_9TREM  99.8 2.2E-22 7.7E-28  188.8   0.0  101  178-278     2-103 (339)
326 tr|S9XXU8|S9XXU8_CAMFR Unchara  99.8 3.4E-22 1.2E-27  194.3   0.0   87  249-335   262-348 (488)
327 tr|K7H3R6|K7H3R6_CAEJA Unchara  99.8 3.8E-22 1.3E-27  191.9   0.0  194  183-377   226-428 (432)
328 tr|A0A183WHP2|A0A183WHP2_TRIRE  99.8 5.9E-22 2.1E-27  155.3   0.0   78  176-253    10-88  (90)
329 tr|G3UX42|G3UX42_MOUSE Mothers  99.7 7.5E-22 2.6E-27  180.3   0.0  145   15-229   109-264 (264)
330 tr|A0A0N4VXZ0|A0A0N4VXZ0_HAEPC  99.7 1.1E-21   4E-27  146.4   0.0   57  306-362     4-60  (68)
331 tr|A0A177B3C0|A0A177B3C0_9METZ  99.7 1.2E-21 4.2E-27  193.8   0.0  197   11-229    76-276 (592)
332 tr|A0A0C2GAQ4|A0A0C2GAQ4_9BILA  99.7 1.3E-21 4.7E-27  158.2   0.0   71  183-253    26-96  (109)
333 tr|H3FQN4|H3FQN4_PRIPA Unchara  99.7 1.4E-21 4.8E-27  170.9   0.0  130  245-374     1-166 (185)
334 tr|H2W002|H2W002_CAEJA Unchara  99.7 1.4E-21   5E-27  184.6   0.0   74   15-89    262-335 (358)
335 tr|A0A146UJB4|A0A146UJB4_FUNHE  99.7 1.7E-21 5.9E-27  157.0   0.0   80  286-365    17-106 (106)
336 tr|A0A0F5CXK8|A0A0F5CXK8_PRIPA  99.7 2.6E-21 9.2E-27  184.3   0.0   71   18-89    215-318 (387)
337 tr|K7JPP0|K7JPP0_NASVI Unchara  99.7 3.1E-21 1.1E-26  171.7   0.0  186  185-372     8-198 (212)
338 tr|A0A146UMG4|A0A146UMG4_FUNHE  99.7 3.6E-21 1.3E-26  179.5   0.0   96  182-277    68-168 (315)
339 tr|E4XWJ7|E4XWJ7_OIKDI Unchara  99.7 5.8E-21   2E-26  180.1   0.0  153  183-335   132-300 (350)
340 tr|A0A068X427|A0A068X427_HYMMI  99.7   6E-21 2.1E-26  166.1   0.0   55  318-372    83-137 (178)
341 tr|A0A183DJT2|A0A183DJT2_9BILA  99.7 1.2E-20 4.1E-26  163.7   0.0   73  176-248    77-149 (173)
342 tr|A0A183HJL3|A0A183HJL3_9BILA  99.7 2.7E-20 9.6E-26  133.4   0.0   38  325-362     1-38  (54)
343 tr|X1XTL8|X1XTL8_ACYPI Unchara  99.7 2.8E-20 9.8E-26  161.0   0.0  100  242-341    35-170 (170)
344 tr|A0A1I7XIY6|A0A1I7XIY6_HETBA  99.7 3.8E-20 1.3E-25  185.3   0.0  119  251-369   268-393 (672)
345 tr|A0A1I8J4D9|A0A1I8J4D9_9PLAT  99.7 5.6E-20   2E-25  169.1   0.0  112  191-302   130-246 (263)
346 tr|A0A0C2CVU1|A0A0C2CVU1_9BILA  99.7 6.5E-20 2.3E-25  170.5   0.0   60   15-74     65-131 (301)
347 tr|A0A0K0IR90|A0A0K0IR90_BRUMA  99.7 9.1E-20 3.2E-25  156.8   0.0   58   12-70     91-148 (161)
348 tr|A0A183EJT0|A0A183EJT0_9BILA  99.7 1.2E-19 4.3E-25  146.1   0.0   61  304-364    34-95  (104)
349 tr|A0A0C9RIL2|A0A0C9RIL2_9HYME  99.6 1.2E-19 4.5E-25  173.4   0.0   60   36-97    202-261 (345)
350 tr|A0A183C450|A0A183C450_GLOPA  99.6 1.5E-19 5.3E-25  192.7   0.0   76   15-92    868-958 (1989)
351 tr|H3FIC0|H3FIC0_PRIPA Unchara  99.6 1.9E-19 6.8E-25  174.9   0.0   71   18-89    324-420 (463)
352 tr|A0A183TED5|A0A183TED5_SCHSO  99.6   2E-19   7E-25  161.1   0.0   56  317-372    63-118 (218)
353 tr|A0A0N4VGD1|A0A0N4VGD1_ENTVE  99.6   2E-19 7.1E-25  170.3   0.0  213   42-359    79-310 (316)
354 tr|A0A1I8BEY2|A0A1I8BEY2_MELHA  99.6   2E-19 7.2E-25  151.9   0.0  120  196-369     1-128 (142)
355 tr|A0A023ZSQ8|A0A023ZSQ8_SCHMD  99.6 2.8E-19 9.7E-25  139.9   0.0   52  318-369    20-71  (87)
356 tr|K7HHP2|K7HHP2_CAEJA Unchara  99.6 7.4E-19 2.6E-24  155.6   0.0  136   51-223    59-196 (198)
357 tr|A0A060WJ39|A0A060WJ39_ONCMY  99.6 9.9E-19 3.5E-24  121.2   0.0   42  340-381     4-45  (45)
358 tr|A8XFY2|A8XFY2_CAEBR Dwarfin  99.6 1.3E-18 4.4E-24  172.9   0.0  132  178-311   329-461 (585)
359 tr|H3DXH7|H3DXH7_PRIPA Unchara  99.6 1.4E-18 4.7E-24  154.5   0.0  183  184-368     3-193 (203)
360 tr|A0A1P6C598|A0A1P6C598_BRUMA  99.6 1.8E-18 6.4E-24  160.8   0.0   58   12-70    228-285 (296)
361 tr|A0A0N4YEC0|A0A0N4YEC0_NIPBR  99.6   2E-18 7.1E-24  128.1   0.0   47   29-76      6-52  (64)
362 tr|A0A1I7X747|A0A1I7X747_HETBA  99.6 2.6E-18 9.1E-24  142.9   0.0   72  178-249    54-126 (126)
363 tr|A0A0D6LLY3|A0A0D6LLY3_9BILA  99.6 2.7E-18 9.3E-24  152.2   0.0  137  187-323    26-170 (198)
364 tr|A0A060YMQ0|A0A060YMQ0_ONCMY  99.6   3E-18 1.2E-23  156.6   0.0   86   11-100    82-167 (199)
365 tr|L5LWB0|L5LWB0_MYODS Mothers  99.6 3.4E-18 1.2E-23  130.3   0.0   59  317-375    12-70  (74)
366 tr|A0A0K0DFM1|A0A0K0DFM1_ANGCA  99.6 3.6E-18 1.3E-23  149.5   0.0   47   13-60     99-145 (180)
367 tr|G4VFA9|G4VFA9_SCHMA Mothers  99.6 4.6E-18 1.6E-23  173.6   0.0  172  184-357   518-768 (780)
368 tr|A0A0F5CZ33|A0A0F5CZ33_PRIPA  99.6 5.2E-18 1.8E-23  156.6   0.0   56   16-72    163-218 (274)
369 tr|V8NCH2|V8NCH2_OPHHA Unchara  99.5 6.8E-18 2.4E-23  145.3   0.0   69   63-131     2-70  (159)
370 tr|A0A061I3U1|A0A061I3U1_CRIGR  99.5 9.3E-18 3.4E-23  154.5   0.0  103  234-336    91-193 (239)
371 tr|A0A074ZPY9|A0A074ZPY9_9TREM  99.5 1.4E-17 4.9E-23  169.6   0.0  111  247-357   656-784 (795)
372 tr|T1GA92|T1GA92_MEGSC Unchara  99.5 1.8E-17 6.5E-23  140.2   0.0   59  174-232    81-140 (140)
373 tr|A0A195B298|A0A195B298_9HYME  99.5 2.1E-17 7.3E-23  154.5   0.0   77   17-97    170-246 (304)
374 tr|H2ULD2|H2ULD2_TAKRU Unchara  99.5 2.1E-17   8E-23  157.7   0.0   81   15-98    195-275 (285)
375 tr|A0A068CMY8|A0A068CMY8_HOFMI  99.5 3.1E-17 1.1E-22  154.6   0.0  162  183-357   162-327 (328)
376 tr|A0A1I7RYD1|A0A1I7RYD1_BURXY  99.5 4.1E-17 1.5E-22  165.0   0.0  154  184-357   430-593 (593)
377 tr|G3W274|G3W274_SARHA Unchara  99.5 6.3E-17 2.2E-22  123.3   0.0   58  245-302    10-67  (73)
378 tr|A0A132A3X8|A0A132A3X8_SARSC  99.5 7.7E-17 2.7E-22  139.7   0.0  119  237-357    43-163 (164)
379 tr|A0A183FA99|A0A183FA99_HELBK  99.5 8.7E-17 3.1E-22  127.1   0.0   69  183-251     9-78  (90)
380 tr|A0A0R3TZ94|A0A0R3TZ94_HYMNN  99.5 1.1E-16 3.7E-22  127.3   0.0   42  318-359    51-92  (93)
381 tr|A0A1I7SGQ1|A0A1I7SGQ1_BURXY  99.4 1.4E-16   5E-22  128.5   0.0   53  317-369    47-100 (102)
382 tr|A0A1I8CN05|A0A1I8CN05_9BILA  99.4 1.9E-16 6.6E-22  167.3   0.0   73   15-88     82-154 (1392)
383 tr|A0A016SFN2|A0A016SFN2_9BILA  99.4 3.5E-16 1.2E-21  147.8   0.0   81   17-99     68-150 (329)
384 tr|A0A1B6HPU7|A0A1B6HPU7_9HEMI  99.4 3.7E-16 1.3E-21  138.3   0.0   55  183-237   133-189 (190)
385 tr|S9WTH2|S9WTH2_CAMFR Unchara  99.4 3.7E-16 1.3E-21  125.0   0.0   80  183-264     6-86  (96)
386 tr|E2BMY3|E2BMY3_HARSA Mothers  99.4 3.8E-16 1.3E-21  135.4   0.0   60   36-97     36-95  (163)
387 tr|A0A182ZZL3|A0A182ZZL3_9TREM  99.4 4.2E-16 1.5E-21  130.2   0.0   46  317-362    72-117 (126)
388 tr|V5GYL6|V5GYL6_ANOGL Mothers  99.4 4.4E-16 1.5E-21  141.4   0.0   73   16-99    116-188 (232)
389 tr|A0A146UJG4|A0A146UJG4_FUNHE  99.4 4.9E-16 1.7E-21  147.3   0.0  102  177-278    72-260 (338)
390 tr|F4WW62|F4WW62_ACREC Mothers  99.4 7.1E-16 2.5E-21  140.2   0.0   59   37-97    117-175 (233)
391 tr|W4XBJ1|W4XBJ1_STRPU Unchara  99.4 7.3E-16 2.6E-21  147.6   0.0  169  184-360   177-351 (371)
392 tr|A0A0N4XPL5|A0A0N4XPL5_NIPBR  99.4 1.2E-15   4E-21  121.2   0.0   69  244-312     7-77  (91)
393 tr|A0A183EBJ0|A0A183EBJ0_9BILA  99.4 1.2E-15 4.3E-21  129.4   0.0   76  179-254    59-134 (139)
394 tr|E4XBL2|E4XBL2_OIKDI Unchara  99.3 2.6E-15 9.3E-21  151.7   0.0  183  184-368   399-606 (670)
395 tr|A0A1S3K648|A0A1S3K648_LINUN  99.3   1E-14 3.5E-20  155.1   0.0  184  181-372  1109-1299(1445)
396 tr|A0A183E550|A0A183E550_9BILA  99.3 1.2E-14 4.2E-20  122.5   0.0   40   33-72     81-120 (131)
397 tr|A0A1I8BHY9|A0A1I8BHY9_MELHA  99.2 1.6E-14 5.5E-20  150.1   0.0  125  235-359   755-902 (953)
398 tr|E2ATB2|E2ATB2_CAMFO Mothers  99.2 1.7E-14 5.8E-20  133.6   0.0   61   34-96    123-183 (264)
399 tr|A0A0B6XXC7|A0A0B6XXC7_9EUPU  99.2 2.2E-14 7.8E-20  103.6   0.0   49   72-121     2-50  (51)
400 tr|A0A0R3UL14|A0A0R3UL14_9CEST  99.2 3.9E-14 1.4E-19  133.3   0.0  174  184-359    32-248 (258)
401 tr|A0A0R3SQD1|A0A0R3SQD1_HYMDI  99.2 4.5E-14 1.6E-19  129.0   0.0   66  183-248   165-231 (235)
402 tr|A0A183WHY2|A0A183WHY2_TRIRE  99.2 4.9E-14 1.7E-19  134.4   0.0   67  181-247   275-342 (342)
403 tr|W4YR14|W4YR14_STRPU Unchara  99.2 7.2E-14 2.5E-19  131.1   0.0   80   15-99    165-248 (293)
404 tr|E3M5B7|E3M5B7_CAERE Putativ  99.1 1.1E-13 3.8E-19  132.6   0.0  181  199-380   163-351 (352)
405 tr|A0A0J7KSI3|A0A0J7KSI3_LASNI  99.1 1.2E-13 4.2E-19  133.8   0.0   54   35-90    295-348 (365)
406 tr|A0A1E1XKR0|A0A1E1XKR0_9ACAR  99.1 1.9E-13 6.5E-19  124.7   0.0   58   37-97    150-207 (228)
407 tr|H3FGJ6|H3FGJ6_PRIPA Unchara  99.1 1.9E-13 6.6E-19  131.9   0.0   58   16-74    260-318 (376)
408 tr|W5L997|W5L997_ASTMX Unchara  99.1   2E-13 7.2E-19  126.9   0.0   82   17-100    99-180 (238)
409 tr|A0A0C2H6A0|A0A0C2H6A0_9BILA  99.1 2.1E-13 7.4E-19  115.2   0.0   64  182-245    22-86  (130)
410 tr|D6W7H1|D6W7H1_TRICA Unchara  99.1 1.9E-13 7.8E-19  140.3   0.0  177  183-367    52-234 (453)
411 tr|A0A1I7Z5J4|A0A1I7Z5J4_9BILA  99.1 4.4E-13 1.5E-18  123.3   0.0   71   14-86     61-131 (242)
412 tr|E4XYE7|E4XYE7_OIKDI Unchara  99.1 4.8E-13 1.7E-18  127.4   0.0   70   16-88    253-322 (329)
413 tr|I1EIV8|I1EIV8_AMPQE Unchara  99.0 8.1E-13 2.8E-18   92.8   0.0   37  325-361     1-37  (45)
414 tr|A0A0R3UL18|A0A0R3UL18_9CEST  99.0 9.6E-13 3.4E-18  124.4   0.0   70  183-252   120-190 (305)
415 tr|A0A1I8CPW6|A0A1I8CPW6_9BILA  99.0   1E-12 3.5E-18  138.7   0.0   71   14-85    225-295 (1125)
416 tr|A0A068XPH7|A0A068XPH7_HYMMI  99.0   1E-12 3.7E-18  125.1   0.0  173  184-358   107-316 (326)
417 tr|A0A0V0GDT3|A0A0V0GDT3_TRIDM  99.0 1.2E-12 4.2E-18  122.0   0.0   61   38-100    70-131 (254)
418 tr|A0A1D1VJB4|A0A1D1VJB4_RAMVA  99.0 1.5E-12 5.1E-18  130.5   0.0  175  183-364   103-285 (544)
419 tr|B7PPM5|B7PPM5_IXOSC Putativ  98.9 2.9E-12   1E-17  117.3   0.0   56   31-90    140-195 (228)
420 tr|E4Y782|E4Y782_OIKDI Unchara  98.9 3.8E-12 1.3E-17  103.5   0.0   68   22-89     10-79  (100)
421 tr|A0A1A6GRL1|A0A1A6GRL1_NEOLE  98.9 3.8E-12 1.3E-17  116.6   0.0   86   15-100    79-174 (221)
422 tr|A0A0R3PF73|A0A0R3PF73_ANGCS  98.9 4.3E-12 1.5E-17  114.9   0.0  101  193-293    91-191 (208)
423 tr|A0A183WLH9|A0A183WLH9_TRIRE  98.9 4.8E-12 1.7E-17   93.3   0.0   53  244-296     5-57  (57)
424 tr|A0A1I8C675|A0A1I8C675_9BILA  98.9 5.2E-12 1.8E-17  134.6   0.0  198  179-381  1081-1283(1283)
425 tr|A0A1J1IZQ5|A0A1J1IZQ5_9DIPT  98.9 5.9E-12 2.1E-17  116.7   0.0   67   16-91    126-192 (251)
426 tr|H3FWS7|H3FWS7_PRIPA Mothers  98.9 8.1E-12 2.9E-17  121.5   0.0  315   16-356    33-368 (388)
427 tr|S4RG13|S4RG13_PETMA Unchara  98.9 9.2E-12 3.2E-17  110.2   0.0   67   10-85    107-173 (174)
428 tr|A0A0T6BG99|A0A0T6BG99_9SCAR  98.8 1.5E-11 5.4E-17  108.6   0.0   58   17-88     53-110 (171)
429 tr|H3FQN1|H3FQN1_PRIPA Unchara  98.8 1.6E-11 5.5E-17  109.4   0.0   58   16-74     68-148 (182)
430 tr|H2X8H8|H2X8H8_CAEJA Unchara  98.8 1.9E-11 6.6E-17  100.8   0.0   57  318-374    32-89  (107)
431 tr|A0A183E550|A0A183E550_9BILA  98.8 1.9E-11 6.8E-17  103.9   0.0   45   59-103     1-46  (131)
432 tr|T1JHA7|T1JHA7_STRMM Unchara  98.8 2.6E-11 8.9E-17  117.3   0.0   79   17-99    247-325 (361)
433 tr|A0A1I7ZNP3|A0A1I7ZNP3_9BILA  98.8 2.7E-11 9.8E-17  120.0   0.0   80   15-96    159-238 (392)
434 tr|A0A099Z3Q2|A0A099Z3Q2_TINGU  98.7 9.2E-11 3.2E-16  100.4   0.0   87   11-100    17-103 (135)
435 tr|A0A0K8UF68|A0A0K8UF68_BACLA  98.7 1.3E-10 4.7E-16  108.5   0.0   69   13-90    150-218 (259)
436 tr|E9IJM6|E9IJM6_SOLIN Putativ  98.6 1.6E-10 5.5E-16  109.7   0.0   43  314-357   249-291 (294)
437 tr|W2TZZ7|W2TZZ7_NECAM Unchara  98.6 1.6E-10 5.8E-16   91.7   0.0   37   67-103     1-38  (84)
438 tr|E4XDI6|E4XDI6_OIKDI Unchara  98.6 2.1E-10 7.3E-16  105.2   0.0  180  184-372    14-196 (220)
439 tr|A0A0N0PDF5|A0A0N0PDF5_PAPMA  98.6 2.4E-10   9E-16  107.7   0.0  180  183-379    33-223 (242)
440 tr|E4YQ10|E4YQ10_OIKDI Unchara  98.6 3.7E-10 1.3E-15  111.3   0.0  259   38-308   119-413 (417)
441 tr|A0A1B6IJF9|A0A1B6IJF9_9HEMI  98.4 1.4E-09 4.8E-15   94.9   0.0   28   65-92      1-28  (148)
442 tr|A0A1I8A7D8|A0A1I8A7D8_9BILA  98.4 1.6E-09 5.5E-15  110.6   0.0  118  191-308   361-481 (590)
443 tr|A0A068CRN2|A0A068CRN2_HOFMI  98.4   2E-09 7.1E-15  103.2   0.0  161  183-360   148-309 (310)
444 tr|A8WXH4|A8WXH4_CAEBR Protein  98.4 2.5E-09 8.7E-15  107.3   0.0  155  185-343   276-450 (486)
445 tr|A0A0D6LFA7|A0A0D6LFA7_9BILA  98.3 3.6E-09 1.3E-14   92.7   0.0   45   54-98     76-122 (151)
446 tr|U6PIA7|U6PIA7_HAECO MAD hom  98.3 3.8E-09 1.3E-14  102.2   0.0   81   17-99     68-169 (334)
447 tr|A0A1I8AUX8|A0A1I8AUX8_9BILA  98.3 4.7E-09 1.6E-14   97.7   0.0   75   14-89      8-82  (237)
448 tr|W2TXV8|W2TXV8_NECAM Unchara  98.3 4.9E-09 1.7E-14   93.4   0.0  153  192-357     2-168 (169)
449 tr|A0A0R3RKM1|A0A0R3RKM1_9BILA  98.3 5.4E-09 1.9E-14   98.2   0.0  151  184-357    88-252 (256)
450 tr|A0A183XPD6|A0A183XPD6_WUCBA  98.3 5.3E-09   2E-14  101.1   0.0  177  183-367    66-259 (273)
451 tr|A0A183W0V8|A0A183W0V8_TRIRE  98.3 5.9E-09 2.1E-14  103.5   0.0  113  246-358   249-417 (428)
452 tr|A0A183JDC7|A0A183JDC7_9TREM  98.3 5.9E-09 2.1E-14  107.3   0.0  111  247-357   418-592 (604)
453 tr|A0A0Q5VPH7|A0A0Q5VPH7_DROER  98.2 1.2E-08 4.4E-14  111.8   0.0  176  183-365    52-234 (1029)
454 tr|A0A194QRV1|A0A194QRV1_PAPMA  98.2 1.5E-08 5.1E-14  107.5   0.0   49  216-264   868-918 (919)
455 tr|A0A1I8A2M9|A0A1I8A2M9_9BILA  98.2 1.5E-08 5.3E-14   91.0   0.0   66   17-86     78-143 (177)
456 tr|A0A1B6D1E1|A0A1B6D1E1_9HEMI  98.2 1.7E-08 5.9E-14   97.6   0.0  182  183-371    84-270 (321)
457 tr|A0A183BCM9|A0A183BCM9_9TREM  98.2 1.7E-08 6.1E-14   99.4   0.0  130  235-367   232-379 (386)
458 tr|A0A0D6M322|A0A0D6M322_9BILA  98.1   2E-08 6.9E-14   97.1   0.0   68  243-310   195-279 (320)
459 tr|A0A0P6BFH2|A0A0P6BFH2_9CRUS  98.1   2E-08 7.1E-14  104.1   0.0  172  183-364   155-332 (576)
460 tr|G7YKY6|G7YKY6_CLOSI SMAD mo  98.1 2.3E-08 8.2E-14  107.7   0.0   36   14-90    446-481 (1164)
461 tr|A0A1I7WGF1|A0A1I7WGF1_HETBA  98.1 2.8E-08 9.7E-14   88.5   0.0   78  281-358    21-98  (165)
462 tr|I3RSU2|I3RSU2_SCHMD SMED-SM  98.1 3.4E-08 1.2E-13   89.2   0.0  106  250-357    60-168 (182)
463 tr|N6T8V7|N6T8V7_DENPD Unchara  98.1 3.7E-08 1.3E-13   96.1   0.0  164  183-354    13-182 (302)
464 tr|A0A1J1IK81|A0A1J1IK81_9DIPT  98.1 3.9E-08 1.4E-13  104.8   0.0  175  183-365   509-691 (961)
465 tr|A0A0P4XQW2|A0A0P4XQW2_9CRUS  98.0 4.1E-08 1.4E-13   81.4   0.0   25   16-40     61-85  (102)
466 tr|A0A1I8NID1|A0A1I8NID1_MUSDO  98.0   6E-08 2.1E-13  105.6   0.0  176  183-365    52-234 (1332)
467 tr|A9URE2|A9URE2_MONBE Predict  98.0 8.5E-08   3E-13   97.5   0.0  163  184-366   332-504 (512)
468 tr|A0A1I8CD03|A0A1I8CD03_9BILA  97.9 1.5E-07 5.4E-13   95.4   0.0  188  183-370   217-441 (495)
469 tr|K1RJT3|K1RJT3_CRAGI Myosin-  97.9 1.6E-07 5.6E-13  101.1   0.0  177  183-366   709-891 (1058)
470 tr|A0A0K0D936|A0A0K0D936_ANGCA  97.9 1.6E-07 5.7E-13   73.5   0.0   24   15-38     42-65  (72)
471 tr|A0A0M4E7Z2|A0A0M4E7Z2_DROBS  97.8   2E-07 7.2E-13   98.2   0.0  177  183-366    52-233 (778)
472 tr|H3FD85|H3FD85_PRIPA Unchara  97.8 2.1E-07 7.2E-13   97.3   0.0  161  184-360    23-196 (693)
473 tr|A0A0M3JWC1|A0A0M3JWC1_ANISI  97.8 3.4E-07 1.2E-12   99.0   0.0  172  184-362    71-258 (1094)
474 tr|A0A183UEJ0|A0A183UEJ0_TOXCA  97.8 3.6E-07 1.3E-12   96.7   0.0  166  184-359    72-256 (799)
475 tr|A0A194PVD1|A0A194PVD1_PAPXU  97.7 3.7E-07 1.3E-12   95.6   0.0  128  230-364   170-305 (631)
476 tr|A0A0K0FZ08|A0A0K0FZ08_9BILA  97.7 5.1E-07 1.8E-12   99.5   0.0  180  184-372    55-248 (1338)
477 tr|A8XM33|A8XM33_CAEBR Protein  97.7 6.1E-07 2.1E-12   95.0   0.0  174  183-364    46-231 (747)
478 tr|H9JVB2|H9JVB2_BOMMO Unchara  97.7 6.5E-07 2.3E-12   77.2   0.0   43   42-91     53-95  (126)
479 tr|A0A1D1UF62|A0A1D1UF62_RAMVA  97.6 8.7E-07   3E-12   88.7   0.0  172  183-364    59-237 (412)
480 tr|W2SVS1|W2SVS1_NECAM Unchara  97.6   9E-07 3.2E-12   71.7   0.0   24   14-37     62-85  (85)
481 tr|A0A1I8CIU3|A0A1I8CIU3_9BILA  97.6 9.3E-07 3.3E-12   95.9   0.0  177  183-371    46-243 (1099)
482 tr|A0A0B2UZF0|A0A0B2UZF0_TOXCA  97.6 1.1E-06 4.2E-12   90.4   0.0  164  182-367    54-220 (382)
483 tr|A0A090LGK8|A0A090LGK8_STRRB  97.6 1.2E-06 4.4E-12   96.6   0.0  179  184-371    58-250 (1240)
484 tr|A0A0K8VLG0|A0A0K8VLG0_BACLA  97.5 1.4E-06 4.9E-12   85.1   0.0  176  183-365    49-230 (322)
485 tr|A0A146UIT4|A0A146UIT4_FUNHE  97.5 1.5E-06 5.3E-12   76.2   0.0   44  177-220    73-116 (138)
486 tr|A0A1J1IK81|A0A1J1IK81_9DIPT  97.5 1.8E-06 6.1E-12   93.1   0.0  179  183-368    50-235 (961)
487 tr|E0AHB1|E0AHB1_CAEEL Unchara  97.5 1.7E-06 6.2E-12   93.1   0.0  175  183-365    79-263 (792)
488 tr|A0A0P5DXU8|A0A0P5DXU8_9CRUS  97.5 1.8E-06 6.3E-12   86.8   0.0  171  183-363    49-225 (421)
489 tr|A0A0K0CU93|A0A0K0CU93_ANGCA  97.5   2E-06   7E-12   74.0   0.0   44   40-88     56-99  (121)
490 tr|A0A183BX60|A0A183BX60_GLOPA  97.5 2.1E-06 7.4E-12   91.9   0.0  179  188-369   613-836 (879)
491 tr|I3RSU1|I3RSU1_SCHMD SMED-SM  97.5 2.2E-06 7.6E-12   84.4   0.0  122  207-358   207-336 (340)
492 tr|A0A1A9W590|A0A1A9W590_9MUSC  97.5 2.2E-06 7.9E-12   87.6   0.0   64   17-89    313-376 (501)
493 tr|A0A0P6E9P1|A0A0P6E9P1_9CRUS  97.5 2.3E-06 7.9E-12   88.5   0.0  171  183-363    49-225 (559)
494 tr|A0A067RLR0|A0A067RLR0_ZOONE  97.5 2.3E-06 8.9E-12   87.5   0.0  126  235-367     2-133 (387)
495 tr|A0A0K2UWU6|A0A0K2UWU6_LEPSM  97.4 3.7E-06 1.3E-11   84.0   0.0   72   16-87     88-174 (389)
496 tr|A0A131ZYS1|A0A131ZYS1_SARSC  97.4   4E-06 1.4E-11   82.3   0.0  178  183-366    34-214 (325)
497 tr|A0A1I8AQB7|A0A1I8AQB7_9BILA  97.4 4.2E-06 1.5E-11   82.9   0.0  116  183-300    60-180 (354)
498 tr|A0A132A4B2|A0A132A4B2_SARSC  97.3 5.1E-06 1.8E-11   89.8   0.0  176  183-364   410-590 (970)
499 tr|A0A0P4WGB5|A0A0P4WGB5_9EUCA  97.3 6.8E-06 2.4E-11   75.5   0.0   64  185-250   108-174 (187)
500 tr|T1EUF8|T1EUF8_HELRO Unchara  97.3 7.6E-06 2.7E-11   88.7   0.0   33  325-357   950-982 (984)

