- 18:59:47.291 INFO: Searching 12365503 column state sequences.

- 18:59:47.355 INFO: /var/www/html/services/NetSurfP-2.0/tmp/60159E8C00005CFDD9E1DE7D/0000_NP_001138576_1/0000_NP_001138576_1_INPUT.fasta is in A2M, A3M or FASTA format

- 18:59:47.356 INFO: Iteration 1

- 18:59:47.404 INFO: Prefiltering database

- 18:59:58.171 INFO: HMMs passed 1st prefilter (gapless profile-profile alignment)  : 203532

- 18:59:59.161 INFO: HMMs passed 2nd prefilter (gapped profile-profile alignment)   : 465

- 18:59:59.161 INFO: HMMs passed 2nd prefilter and not found in previous iterations : 465

- 18:59:59.161 INFO: Scoring 465 HMMs using HMM-HMM Viterbi alignment

- 18:59:59.414 INFO: Alternative alignment: 0

- 18:59:59.680 INFO: 465 alignments done

- 18:59:59.681 INFO: Alternative alignment: 1

- 18:59:59.755 INFO: 465 alignments done

- 18:59:59.756 INFO: Alternative alignment: 2

- 18:59:59.787 INFO: 28 alignments done

- 18:59:59.787 INFO: Alternative alignment: 3

- 18:59:59.795 INFO: 2 alignments done

- 18:59:59.967 INFO: Realigning 441 HMM-HMM alignments using Maximum Accuracy algorithm

- 19:00:00.559 INFO: 308 sequences belonging to 308 database HMMs found with an E-value < 0.001

- 19:00:00.559 INFO: Number of effective sequences of resulting query HMM: Neff = 5.71511

- 19:00:00.581 INFO: Iteration 2

- 19:00:00.636 INFO: Prefiltering database

- 19:00:11.481 INFO: HMMs passed 1st prefilter (gapless profile-profile alignment)  : 289824

- 19:00:12.931 INFO: HMMs passed 2nd prefilter (gapped profile-profile alignment)   : 622

- 19:00:12.931 INFO: HMMs passed 2nd prefilter and not found in previous iterations : 317

- 19:00:12.931 INFO: Scoring 317 HMMs using HMM-HMM Viterbi alignment

- 19:00:13.151 INFO: Alternative alignment: 0

- 19:00:14.209 INFO: 317 alignments done

- 19:00:14.210 INFO: Alternative alignment: 1

- 19:00:14.279 INFO: 304 alignments done

- 19:00:14.280 INFO: Alternative alignment: 2

- 19:00:14.295 INFO: 19 alignments done

- 19:00:14.295 INFO: Alternative alignment: 3

- 19:00:14.305 INFO: 2 alignments done

- 19:00:14.501 INFO: Rescoring previously found HMMs with Viterbi algorithm

- 19:00:14.645 INFO: Alternative alignment: 0

- 19:00:14.699 INFO: 305 alignments done

- 19:00:14.700 INFO: Alternative alignment: 1

- 19:00:14.744 INFO: 305 alignments done

- 19:00:14.745 INFO: Alternative alignment: 2

- 19:00:14.770 INFO: 11 alignments done

- 19:00:14.770 INFO: Alternative alignment: 3

- 19:00:14.780 INFO: 1 alignments done

- 19:00:14.909 INFO: Realigning 500 HMM-HMM alignments using Maximum Accuracy algorithm

- 19:00:15.554 INFO: 400 sequences belonging to 400 database HMMs found with an E-value < 0.001

- 19:00:15.554 INFO: Number of effective sequences of resulting query HMM: Neff = 6.60843

Query         0000_NP_001138576_1
Match_columns 230
No_of_seqs    515 out of 1113
Neff          6.60843
Searched_HMMs 707
Date          Sat Jan 30 19:00:15 2021
Command       /tools/src/netsurfp-2.0/hhsuite/bin/hhblits -i /var/www/html/services/NetSurfP-2.0/tmp/60159E8C00005CFDD9E1DE7D/0000_NP_001138576_1/0000_NP_001138576_1_INPUT.fasta -o /dev/null -ohhm /var/www/html/services/NetSurfP-2.0/tmp/60159E8C00005CFDD9E1DE7D/0000_NP_001138576_1/0000_NP_001138576_1_PROFILE.hhm -n 2 -d /net/nas/storage/databases/userdb/netsurfp2-db/uniclust30_2017_04/uniclust30_2017_04 -oa3m /var/www/html/services/NetSurfP-2.0/tmp/60159E8C00005CFDD9E1DE7D/0000_NP_001138576_1/0000_NP_001138576_1_MSA.a3m -cpu 10 

 No Hit                             Prob E-value P-value  Score    SS Cols Query HMM  Template HMM
  1 tr|G1L9I9|G1L9I9_AILME Mothers 100.0  4E-108  1E-113  733.0   0.0  230    1-230   132-363 (363)
  2 tr|J9JYM8|J9JYM8_ACYPI Unchara 100.0  4E-102  2E-107  673.8   0.0  209   22-230    32-240 (240)
  3 tr|G3WGZ1|G3WGZ1_SARHA Mothers 100.0  8E-101  3E-106  690.3   0.0  226    1-230   142-367 (367)
  4 tr|S9WKJ9|S9WKJ9_CAMFR Mothers 100.0 2.3E-99  9E-105  676.3   0.0  226    2-230   177-403 (403)
  5 tr|I3N1J3|I3N1J3_ICTTR Mothers 100.0 6.3E-98  3E-103  701.9   0.0  209   22-230   263-472 (472)
  6 tr|H2RRN0|H2RRN0_TAKRU Mothers 100.0 1.3E-97  5E-103  667.0   0.0  206   25-230   138-344 (344)
  7 tr|G1RRB2|G1RRB2_NOMLE Mothers 100.0 6.2E-94 2.2E-99  655.6   0.0  230    1-230   382-611 (611)
  8 tr|A0A182P6G2|A0A182P6G2_9DIPT 100.0 2.9E-93 1.2E-98  641.9   0.0  188   22-230   183-370 (370)
  9 tr|A0A182V8X0|A0A182V8X0_ANOME 100.0 2.2E-92 8.2E-98  658.1   0.0  218   13-230   384-602 (602)
 10 tr|A0A1A6GWV5|A0A1A6GWV5_NEOLE 100.0 1.7E-90 6.1E-96  597.1   0.0  206   22-227    78-283 (315)
 11 tr|L7TA28|L7TA28_SCHMD Smad2/3 100.0 2.3E-89 8.6E-95  598.4   0.0  203   22-224   124-326 (327)
 12 tr|H2YHM4|H2YHM4_CIOSA Mothers 100.0 8.9E-89 3.3E-94  633.2   0.0  207   24-230   422-629 (629)
 13 tr|W6V6H0|W6V6H0_ECHGR Mothers 100.0 7.6E-87 2.8E-92  622.6   0.0  224    3-230   464-687 (687)
 14 tr|A0A095BWC9|A0A095BWC9_SCHHA 100.0 1.2E-86 4.2E-92  569.9   0.0  208   23-230    65-273 (273)
 15 tr|A0A074Z266|A0A074Z266_9TREM 100.0   1E-85 3.7E-91  612.7   0.0  206   25-230   458-663 (663)
 16 tr|A0A094ZEM0|A0A094ZEM0_SCHHA 100.0 1.8E-85 6.3E-91  606.9   0.0  209   22-230   446-654 (654)
 17 tr|A0A0M3J077|A0A0M3J077_ANISI 100.0 1.2E-84 4.7E-90  589.1   0.0  208   23-230   146-377 (377)
 18 tr|T1KH52|T1KH52_TETUR Unchara 100.0 2.6E-84 9.2E-90  560.1   0.0  209   22-230   113-321 (321)
 19 tr|Q70TA8|Q70TA8_ECHMU Mothers 100.0 4.8E-84 1.8E-89  564.7   0.0  201   30-230   117-318 (318)
 20 tr|A0A146N3I3|A0A146N3I3_FUNHE 100.0 6.4E-84 2.2E-89  588.9   0.0  210   21-230   383-593 (593)
 21 tr|A0A0N4W0X8|A0A0N4W0X8_HAEPC 100.0 1.7E-82 6.4E-88  545.0   0.0  206   23-230    63-273 (273)
 22 tr|W8VLJ6|W8VLJ6_LACAG Mothers 100.0 8.2E-82 3.2E-87  557.3   0.0  174   21-194   141-315 (315)
 23 tr|A0A158QG17|A0A158QG17_HYMDI 100.0 7.3E-81 2.6E-86  557.2   0.0  225    2-230   234-458 (458)
 24 tr|A0A0P8XDS3|A0A0P8XDS3_DROAN 100.0 7.8E-81 2.7E-86  568.0   0.0  207   24-230   374-581 (581)
 25 tr|A0A139WG04|A0A139WG04_TRICA 100.0 8.1E-81 2.8E-86  570.7   0.0  209   22-230   245-454 (620)
 26 tr|A0A0X3P7H7|A0A0X3P7H7_SCHSO 100.0 3.9E-80 1.4E-85  566.4   0.0  205   26-230   419-623 (623)
 27 tr|M7AZU2|M7AZU2_CHEMY Mothers 100.0 2.4E-79 8.3E-85  552.2   0.0  204   15-218   145-349 (505)
 28 tr|A0A0N5E392|A0A0N5E392_TRIMR 100.0 3.3E-79 1.2E-84  555.8   0.0  207   24-230   351-560 (560)
 29 tr|A0A139WG28|A0A139WG28_TRICA 100.0 1.6E-78 5.6E-84  565.1   0.0  209   22-230   580-789 (789)
 30 tr|A0A183E8C5|A0A183E8C5_9BILA 100.0 4.4E-78 1.5E-83  528.0   0.0  206   24-229   156-361 (362)
 31 tr|A0A154PB00|A0A154PB00_9HYME 100.0 8.6E-78   3E-83  579.4   0.0  209   22-230  1255-1464(1464)
 32 tr|A0A0R3WMU1|A0A0R3WMU1_HYDTA 100.0   2E-77   7E-83  545.5   0.0  225    2-230   340-576 (576)
 33 tr|A0A068XT08|A0A068XT08_HYMMI 100.0 2.3E-77 8.1E-83  550.3   0.0  225    2-230   430-654 (654)
 34 tr|A0A143WDL7|A0A143WDL7_BLAGE 100.0 3.6E-77 1.6E-82  575.9   0.0  190   32-221   417-644 (651)
 35 tr|A0A0D6LHI7|A0A0D6LHI7_9BILA 100.0 1.2E-76 4.6E-82  480.0   0.0  165   39-230     2-166 (166)
 36 tr|A0A068YE11|A0A068YE11_ECHMU 100.0 9.2E-76 3.2E-81  546.1   0.0  224    2-229   436-659 (774)
 37 tr|A0A068WJL1|A0A068WJL1_ECHGR 100.0 1.2E-75 4.3E-81  546.4   0.0  224    2-229   460-683 (798)
 38 tr|A0A158QUQ9|A0A158QUQ9_9CEST 100.0 1.3E-75 4.4E-81  541.9   0.0  225    2-230   463-709 (709)
 39 tr|A0A0V1BXV2|A0A0V1BXV2_TRISP 100.0 7.6E-74 2.7E-79  563.1   0.0  216   14-229  1650-1871(2548)
 40 tr|G7YQV8|G7YQV8_CLOSI Mitogen 100.0 1.3E-73 4.7E-79  554.3   0.0  205   24-228  1523-1727(1727)
 41 tr|A0A1D1WA18|A0A1D1WA18_RAMVA 100.0   5E-73 1.8E-78  483.0   0.0  207   24-230    70-277 (277)
 42 tr|I1FWP2|I1FWP2_AMPQE Mothers 100.0 6.4E-73 2.3E-78  505.5   0.0  205   23-227   150-354 (447)
 43 tr|A0A0V0J6U0|A0A0V0J6U0_SCHSO 100.0 5.6E-71 1.9E-76  470.8   0.0  199   32-230    79-278 (278)
 44 tr|A0A158QVE2|A0A158QVE2_9CEST 100.0 6.7E-71 2.5E-76  470.1   0.0  189   32-220     5-239 (240)
 45 tr|A0A146ZGG0|A0A146ZGG0_FUNHE 100.0 2.1E-70 7.4E-76  489.9   0.0  198   32-229   253-450 (451)
 46 tr|A0A146UPC3|A0A146UPC3_FUNHE 100.0 2.1E-70 7.4E-76  475.1   0.0  198   32-229    74-325 (326)
 47 tr|A0A0Q3LY59|A0A0Q3LY59_AMAAE 100.0   3E-70 1.1E-75  509.6   0.0  191   32-222   373-601 (607)
 48 tr|A0A0N5ANC1|A0A0N5ANC1_9BILA 100.0 1.3E-69 4.9E-75  494.4   0.0  185   33-221   210-427 (432)
 49 tr|H3AI41|H3AI41_LATCH Unchara 100.0 6.6E-69 2.4E-74  482.4   0.0  206   17-222   159-406 (412)
 50 tr|A0A183K2K5|A0A183K2K5_9TREM 100.0 1.6E-68 5.8E-74  473.5   0.0  202   29-230   205-407 (407)
 51 tr|A0A1D5NWW6|A0A1D5NWW6_CHICK 100.0 4.3E-68 1.6E-73  486.4   0.0  192   31-222   258-494 (500)
 52 tr|A0A068XFU7|A0A068XFU7_HYMMI 100.0 5.6E-68   2E-73  471.2   0.0  198   33-230   219-417 (417)
 53 tr|G5E0U9|G5E0U9_9PIPI Mothers 100.0 7.4E-68 2.8E-73  440.7   0.0  184   28-230    17-201 (201)
 54 tr|A0A146VGV2|A0A146VGV2_FUNHE 100.0 4.4E-67 1.6E-72  471.0   0.0  188    1-188   196-383 (477)
 55 tr|G4VAI1|G4VAI1_SCHMA Putativ 100.0 1.1E-66 3.8E-72  474.6   0.0  202   29-230   357-559 (559)
 56 tr|G5C5G3|G5C5G3_HETGA Mothers 100.0 2.1E-66 9.8E-72  441.2   0.0  173   30-207     4-181 (183)
 57 tr|V8NXX3|V8NXX3_OPHHA Mothers 100.0 5.6E-66   2E-71  405.2   0.0  141   26-229     1-142 (142)
 58 tr|A0A0R3S6L7|A0A0R3S6L7_9BILA 100.0 8.6E-66 3.3E-71  466.6   0.0  201   24-229   222-422 (423)
 59 tr|A0A146Z808|A0A146Z808_FUNHE 100.0 1.1E-65   4E-71  453.4   0.0  206   17-222   136-381 (387)
 60 tr|G7Y6W2|G7Y6W2_CLOSI Mothers 100.0 2.1E-65 7.5E-71  463.3   0.0  208   23-230   309-517 (517)
 61 tr|A0A091LKR7|A0A091LKR7_CATAU 100.0 2.4E-65 9.4E-71  461.6   0.0  182   27-219   192-377 (377)
 62 tr|A0A060Y004|A0A060Y004_ONCMY 100.0 6.8E-65 2.4E-70  433.1   0.0  166   23-188    96-262 (274)
 63 tr|A0A1S3J4E9|A0A1S3J4E9_LINUN 100.0   1E-64 3.6E-70  445.9   0.0  190   32-221   136-363 (374)
 64 tr|S9YEN5|S9YEN5_CAMFR Mothers 100.0 1.9E-64 6.5E-70  455.7   0.0  199   24-222   254-490 (496)
 65 tr|W8CCH4|W8CCH4_CERCA Mothers 100.0   2E-63 7.1E-69  447.7   0.0  190   32-221   249-472 (479)
 66 tr|A0A0N5A8D4|A0A0N5A8D4_9BILA 100.0 2.1E-63 7.3E-69  426.9   0.0  206   24-229    84-290 (291)
 67 tr|A0A0P5F4U1|A0A0P5F4U1_9CRUS 100.0 1.5E-62 5.2E-68  439.2   0.0  190   32-221   208-435 (442)
 68 tr|A0A1I8C053|A0A1I8C053_MELHA 100.0   4E-62 1.4E-67  432.4   0.0  208   23-230   184-399 (399)
 69 tr|U4TVN6|U4TVN6_DENPD Unchara 100.0 4.5E-62 1.6E-67  427.5   0.0  191   32-222   123-351 (357)
 70 tr|A0A1B0B381|A0A1B0B381_9MUSC 100.0 8.1E-62 2.9E-67  460.3   0.0  190   32-221   644-867 (874)
 71 tr|F1DT95|F1DT95_SCHMD Smad4 O 100.0 1.2E-61 4.2E-67  422.7   0.0  190   32-221    80-309 (339)
 72 tr|A0A177AS11|A0A177AS11_9METZ 100.0 2.8E-61 1.1E-66  381.1   0.0  133   94-230     2-134 (134)
 73 tr|E5RZD1|E5RZD1_TRISP Putativ 100.0 3.4E-61 1.2E-66  430.8   0.0  190   32-221   222-442 (445)
 74 tr|A0A1B6LR12|A0A1B6LR12_9HEMI 100.0 4.9E-61 1.7E-66  448.3   0.0  190   32-221   537-764 (771)
 75 tr|H2KTB1|H2KTB1_CLOSI Mothers 100.0 9.6E-61 3.4E-66  417.3   0.0  190   32-221    39-307 (341)
 76 tr|A0A146RAS9|A0A146RAS9_FUNHE 100.0 9.7E-61 3.4E-66  411.6   0.0  168   22-189    26-194 (298)
 77 tr|G4M186|G4M186_SCHMA Smad1,  100.0 2.1E-60 7.2E-66  450.9   0.0  207   24-230   774-981 (981)
 78 tr|A0A151NFJ8|A0A151NFJ8_ALLMI 100.0 2.8E-60 1.2E-65  407.6   0.0  169   32-208    46-214 (215)
 79 tr|A0A183BIR5|A0A183BIR5_GLOPA 100.0 4.1E-60 1.4E-65  402.3   0.0  202   18-230    61-263 (263)
 80 tr|A0A183HJJ1|A0A183HJJ1_9BILA 100.0 4.3E-60 1.5E-65  400.4   0.0  184   28-211    35-222 (253)
 81 tr|A0A1A9U2W8|A0A1A9U2W8_ANOST 100.0 6.8E-60 2.4E-65  449.4   0.0  190   32-221   836-1056(1063)
 82 tr|A0A0F8AVI9|A0A0F8AVI9_LARCR 100.0   8E-60 2.8E-65  453.4   0.0  191   32-222  1054-1282(1288)
 83 tr|A0A182HTV9|A0A182HTV9_ANOAR 100.0 9.4E-60 3.3E-65  449.1   0.0  190   32-221   862-1082(1089)
 84 tr|A0A182FSF8|A0A182FSF8_ANOAL 100.0   1E-59 3.5E-65  448.6   0.0  190   32-221   852-1072(1079)
 85 tr|A0A182P637|A0A182P637_9DIPT 100.0 1.4E-59 4.9E-65  446.8   0.0  190   32-221   816-1036(1043)
 86 tr|A0A182H6G8|A0A182H6G8_AEDAL 100.0 3.1E-59 1.1E-64  440.6   0.0  190   32-221   667-889 (897)
 87 tr|A0A182RUB1|A0A182RUB1_ANOFN 100.0 3.3E-59 1.2E-64  443.0   0.0  190   32-221   764-984 (991)
 88 tr|A0A060YVG3|A0A060YVG3_ONCMY 100.0 3.9E-59 1.4E-64  385.0   0.0  134   97-230    72-205 (205)
 89 tr|T1GAI3|T1GAI3_MEGSC Unchara 100.0 1.4E-58 4.9E-64  381.8   0.0  159    4-165    42-200 (205)
 90 tr|C1LFV7|C1LFV7_SCHJA MAD hom 100.0 2.1E-58 7.6E-64  415.0   0.0  208   15-222   151-418 (447)
 91 tr|S9X2D9|S9X2D9_CAMFR Mothers 100.0 3.5E-58 1.2E-63  415.6   0.0  138   91-228   182-319 (498)
 92 tr|Q4T1H9|Q4T1H9_TETNG Mothers 100.0 4.3E-58 1.6E-63  424.2   0.0  179   32-221   408-590 (595)
 93 tr|A0A1S3RQM5|A0A1S3RQM5_SALSA 100.0 6.4E-58 2.2E-63  384.3   0.0  134   97-230   103-236 (236)
 94 tr|A0A0P5ZKV9|A0A0P5ZKV9_9CRUS 100.0 7.6E-58 2.7E-63  415.8   0.0  182   32-213   272-491 (534)
 95 tr|A0A0V1EVX9|A0A0V1EVX9_TRIPS 100.0 9.8E-58 3.4E-63  431.8   0.0  190   32-221   712-938 (941)
 96 tr|A0A0V1L6I1|A0A0V1L6I1_9BILA 100.0 1.2E-57 4.3E-63  431.0   0.0  190   32-221   707-933 (936)
 97 tr|A0A182UCW7|A0A182UCW7_9DIPT 100.0 1.4E-57 5.3E-63  391.3   0.0  179   32-221    69-251 (258)
 98 tr|G3SC38|G3SC38_GORGO Mothers 100.0 1.2E-57 5.4E-63  422.6   0.0  170   32-208   231-400 (401)
 99 tr|U6P368|U6P368_HAECO Mothers 100.0 2.2E-57 7.6E-63  440.8   0.0  202   28-229   300-501 (1574)
100 tr|M7AN31|M7AN31_CHEMY Mothers 100.0 3.2E-57 1.1E-62  415.6   0.0  168   23-190   218-386 (601)
101 tr|A0A0M3K4Z9|A0A0M3K4Z9_ANISI 100.0 4.5E-57 1.7E-62  437.6   0.0  190   32-221   660-905 (911)
102 tr|A0A183AQB8|A0A183AQB8_9TREM 100.0 1.2E-56 4.2E-62  380.5   0.0  205   23-230    41-258 (258)
103 tr|A0A151X5F3|A0A151X5F3_9HYME 100.0 1.4E-56 5.1E-62  432.1   0.0  191   31-221  1117-1340(1347)
104 tr|L9JA14|L9JA14_TUPCH Mothers 100.0 1.7E-56 5.8E-62  383.8   0.0  134   97-230   152-285 (285)
105 tr|A0A183E549|A0A183E549_9BILA 100.0 1.9E-56 6.7E-62  374.9   0.0  174   29-214     1-176 (233)
106 tr|I1G7F7|I1G7F7_AMPQE Mothers 100.0 3.8E-56 1.3E-61  413.3   0.0  206   23-228   497-702 (704)
107 tr|A0A1I8HKN7|A0A1I8HKN7_9PLAT 100.0 4.2E-56 1.5E-61  399.8   0.0  196   26-221   171-406 (464)
108 tr|A0A067QH14|A0A067QH14_ZOONE 100.0 3.6E-56 1.8E-61  406.4   0.0  168   32-207   138-306 (308)
109 tr|E4Y741|E4Y741_OIKDI Mothers 100.0 7.3E-56 2.6E-61  409.6   0.0  207   19-225   141-347 (661)
110 tr|A0A0R3R1U4|A0A0R3R1U4_9BILA 100.0 7.5E-56 2.6E-61  386.2   0.0  184   30-229   150-333 (334)
111 tr|A0A0D6M079|A0A0D6M079_9BILA 100.0 8.5E-56 3.1E-61  369.9   0.0  184   29-216    31-217 (217)
112 tr|Q5DBJ6|Q5DBJ6_SCHJA SJCHGC0 100.0   9E-55 3.1E-60  359.8   0.0  153   19-171    53-206 (207)
113 tr|A0A183UKG8|A0A183UKG8_TOXCA 100.0 2.6E-54 9.8E-60  407.7   0.0  187   32-218   429-651 (659)
114 tr|A0A146PEC6|A0A146PEC6_FUNHE 100.0   3E-54 1.1E-59  397.9   0.0  191    7-208   320-510 (511)
115 tr|A0A182DX11|A0A182DX11_ONCOC 100.0 4.4E-54 1.6E-59  409.5   0.0  187   32-218   720-944 (955)
116 tr|H2WL73|H2WL73_CAEJA Dwarfin 100.0   9E-54 3.5E-59  382.6   0.0  148   24-176   186-334 (334)
117 tr|U1M5E5|U1M5E5_ASCSU Mothers 100.0 1.8E-53 6.7E-59  400.1   0.0  179   32-218   478-688 (697)
118 tr|A0A1I8H0F8|A0A1I8H0F8_9PLAT 100.0 3.2E-52 1.2E-57  377.4   0.0  160   70-229   155-317 (447)
119 tr|B3KYA8|B3KYA8_HUMAN cDNA FL 100.0 5.6E-52 2.1E-57  354.2   0.0  191    6-207    47-237 (238)
120 tr|A0A146ZHR0|A0A146ZHR0_FUNHE 100.0 1.8E-51 6.2E-57  367.4   0.0  188   30-217    86-330 (424)
121 tr|A0A146UMC8|A0A146UMC8_FUNHE 100.0 2.3E-51 8.1E-57  363.5   0.0  189   30-218    67-386 (387)
122 tr|A8X7T9|A8X7T9_CAEBR Dwarfin 100.0 2.5E-51   1E-56  389.5   0.0  184   34-219   380-597 (603)
123 tr|A0A1S3QMC6|A0A1S3QMC6_SALSA 100.0 2.9E-51   1E-56  312.7   0.0  114   77-190     1-114 (114)
124 tr|A0A087XK77|A0A087XK77_POEFO 100.0 3.3E-51 1.3E-56  382.4   0.0  170   32-207   300-504 (506)
125 tr|A0A146UMT4|A0A146UMT4_FUNHE 100.0 4.4E-51 1.5E-56  362.8   0.0  187   30-216    86-329 (398)
126 tr|A0A016T9K9|A0A016T9K9_9BILA 100.0 5.7E-51 2.1E-56  390.6   0.0  189   31-221   584-828 (842)
127 tr|R4GHM2|R4GHM2_CHICK Unchara 100.0 6.6E-51 2.5E-56  357.7   0.0  170   32-207   130-299 (300)
128 tr|G0NK68|G0NK68_CAEBE Dwarfin 100.0 1.5E-50 5.8E-56  379.7   0.0  208   23-230   343-557 (557)
129 tr|E4XWJ6|E4XWJ6_OIKDI Unchara 100.0 2.7E-50 9.6E-56  358.4   0.0  187   33-219    63-256 (406)
130 tr|A0A1D5PJL5|A0A1D5PJL5_CHICK 100.0 3.4E-50 1.2E-55  349.2   0.0  191    6-207    98-288 (290)
131 tr|Q4SJG4|Q4SJG4_TETNG Mothers 100.0 1.6E-48 5.7E-54  363.1   0.0  191   32-222   296-518 (629)
132 tr|A0A0R3U5G2|A0A0R3U5G2_9CEST 100.0 9.6E-48 3.4E-53  320.5   0.0  139   92-230    24-218 (218)
133 tr|A0A0K0EDX7|A0A0K0EDX7_STRER 100.0 2.1E-47 7.5E-53  357.4   0.0  188   32-219   435-657 (660)
134 tr|G3ULK3|G3ULK3_LOXAF Mothers 100.0 6.1E-47 2.3E-52  342.8   0.0  170   32-207   235-404 (405)
135 tr|A0A0N4U9G2|A0A0N4U9G2_DRAME 100.0 7.5E-47 2.6E-52  336.9   0.0  216    3-219   178-397 (408)
136 tr|A0A1I7YCX1|A0A1I7YCX1_9BILA 100.0 1.3E-46 4.5E-52  348.8   0.0  186   33-218   431-649 (656)
137 tr|B4GDZ0|B4GDZ0_DROPE Mothers 100.0 3.3E-46 1.4E-51  352.9   0.0  166   33-206   335-505 (508)
138 tr|A0A0N5ALG2|A0A0N5ALG2_9BILA 100.0 4.3E-46 1.5E-51  325.8   0.0  196   33-229   102-318 (319)
139 tr|L5LF53|L5LF53_MYODS Protein 100.0   6E-46 2.1E-51  343.7   0.0  189    8-207   422-610 (612)
140 tr|W5K8C6|W5K8C6_ASTMX Unchara 100.0 1.2E-45 4.5E-51  302.5   0.0  131   92-222     1-168 (174)
141 tr|G3HQJ4|G3HQJ4_CRIGR Mothers 100.0 3.8E-45 1.4E-50  314.4   0.0  166   32-203    78-243 (256)
142 tr|A0A183CPN8|A0A183CPN8_GLOPA 100.0 8.5E-45   3E-50  314.4   0.0  198   22-219    74-289 (302)
143 tr|H2VPQ3|H2VPQ3_CAEJA Unchara 100.0 3.5E-44 1.2E-49  310.6   0.0  207   24-230    92-301 (301)
144 tr|A0A1I9GAH3|A0A1I9GAH3_BRUMA 100.0 4.6E-44 1.6E-49  277.2   0.0  118   25-142     6-123 (124)
145 tr|D2GYU3|D2GYU3_AILME Putativ 100.0 6.5E-44 2.3E-49  327.3   0.0  170   32-207   394-563 (565)
146 tr|A0A0N4YSH1|A0A0N4YSH1_NIPBR 100.0 6.7E-44 2.3E-49  293.0   0.0  155   45-199     1-158 (191)
147 tr|A0A158QKX9|A0A158QKX9_HAEPC 100.0 8.6E-44 3.2E-49  319.8   0.0  164   55-219   155-348 (387)
148 tr|A0A0P7WFH3|A0A0P7WFH3_9TELE 100.0 2.1E-43 8.5E-49  330.8   0.0  117   39-155   328-448 (497)
149 tr|C3ZFF5|C3ZFF5_BRAFL Mothers 100.0 5.1E-43 1.8E-48  331.1   0.0  193    7-207   659-852 (854)
150 tr|Q9CRR7|Q9CRR7_MOUSE Mothers 100.0 7.1E-43   3E-48  320.8   0.0  136    2-200   238-377 (377)
151 tr|B0W697|B0W697_CULQU Smad4 O 100.0 1.6E-42 5.7E-48  288.8   0.0  135   87-221    12-177 (213)
152 tr|W2TEU3|W2TEU3_NECAM MH2 dom 100.0 2.1E-42 7.6E-48  294.6   0.0  198   32-229    35-240 (241)
153 tr|A0A0K2TUL2|A0A0K2TUL2_LEPSM 100.0 2.2E-42 8.4E-48  292.3   0.0  169   33-208    32-202 (215)
154 tr|A0A1I8FSD9|A0A1I8FSD9_9PLAT 100.0 5.3E-42 1.9E-47  306.4   0.0  181   26-224   227-409 (410)
155 tr|A0A0P4WNK2|A0A0P4WNK2_9CRUS 100.0 1.7E-41 5.9E-47  300.6   0.0  153   32-184   123-313 (374)
156 tr|W4XF34|W4XF34_STRPU Unchara 100.0 1.7E-41 6.1E-47  290.1   0.0  169   33-209    97-265 (266)
157 tr|A0A091KMM4|A0A091KMM4_COLST 100.0 2.2E-41 8.3E-47  271.0   0.0  135   62-206     4-138 (139)
158 tr|L9L2Q5|L9L2Q5_TUPCH Mothers 100.0 4.5E-41 1.6E-46  302.4   0.0  171   31-207   267-437 (438)
159 tr|S7QBV3|S7QBV3_MYOBR Mothers 100.0 5.1E-41 1.8E-46  280.8   0.0  125   91-215    10-170 (218)
160 tr|A0A0C2GM82|A0A0C2GM82_9BILA 100.0   9E-41 3.3E-46  309.7   0.0  197   34-230   316-528 (528)
161 tr|A0A183UTS2|A0A183UTS2_TOXCA 100.0 1.4E-40 4.9E-46  263.6   0.0  134   97-230     3-144 (144)
162 tr|A0A0B7APG9|A0A0B7APG9_9EUPU 100.0 1.8E-40 7.2E-46  292.0   0.0  103   13-115   162-264 (265)
163 tr|V5FXH6|V5FXH6_ANOGL Mothers 100.0 6.6E-40 2.3E-45  282.8   0.0  121   32-152   159-283 (286)
164 tr|A0A158NLE2|A0A158NLE2_ATTCE 100.0   1E-39 3.7E-45  292.3   0.0  170   33-206   217-390 (393)
165 tr|A0A195F1C0|A0A195F1C0_9HYME 100.0 1.6E-39 5.9E-45  300.3   0.0  169   34-206   380-552 (555)
166 tr|A0A1S3PWF0|A0A1S3PWF0_SALSA 100.0 4.3E-39 1.5E-44  243.4   0.0   97    1-97      1-97  (104)
167 tr|K1QIR4|K1QIR4_CRAGI Mothers 100.0 5.1E-39 1.8E-44  277.9   0.0  168   34-207   122-289 (291)
168 tr|A0A1B6FLX0|A0A1B6FLX0_9HEMI 100.0 7.3E-39 2.5E-44  282.5   0.0  127   32-158   203-333 (352)
169 tr|A0A183T8N2|A0A183T8N2_SCHSO 100.0 1.6E-38 5.5E-44  255.4   0.0  118   32-149     8-129 (158)
170 tr|A0A1I8GN38|A0A1I8GN38_9PLAT 100.0 1.6E-38 5.7E-44  270.0   0.0  184   33-219    49-238 (248)
171 tr|E4XF28|E4XF28_OIKDI Mothers 100.0 1.8E-38 6.3E-44  277.6   0.0  196   33-229   123-322 (323)
172 tr|A0A0K0DFM2|A0A0K0DFM2_ANGCA 100.0 1.9E-38 6.9E-44  264.2   0.0  148   71-218     8-184 (189)
173 tr|A0A0K0FC00|A0A0K0FC00_9BILA 100.0   2E-38 7.3E-44  280.2   0.0  197   27-225   118-315 (321)
174 tr|A0A0N4VV20|A0A0N4VV20_HAEPC 100.0 3.3E-38 1.2E-43  279.7   0.0  186   33-218   148-341 (342)
175 tr|A0A183CG27|A0A183CG27_GLOPA 100.0 6.3E-38 2.2E-43  299.2   0.0  185   35-219   743-945 (958)
176 tr|A0A154NYQ8|A0A154NYQ8_9HYME 100.0 7.6E-38 2.7E-43  284.9   0.0  169   33-206   318-494 (497)
177 tr|A0A183FBF4|A0A183FBF4_HELBK 100.0 1.4E-37 4.9E-43  248.4   0.0  120   91-210    28-149 (151)
178 tr|A0A183B8C1|A0A183B8C1_9TREM 100.0 1.8E-37 6.1E-43  258.2   0.0  117   32-148    56-176 (207)
179 tr|A0A1I7RHS1|A0A1I7RHS1_BURXY 100.0 1.9E-37 6.7E-43  270.6   0.0  187   34-221    75-263 (316)
180 tr|A0A183G3K6|A0A183G3K6_HELBK 100.0 4.9E-37 1.7E-42  282.5   0.0  178   33-212   290-499 (518)
181 tr|U6NX60|U6NX60_HAECO Mothers 100.0 6.8E-37 2.4E-42  292.0   0.0  189   28-218   720-940 (941)
182 tr|A0A0N0BFF6|A0A0N0BFF6_9HYME 100.0 7.1E-37 2.5E-42  284.0   0.0  169   33-206   364-540 (628)
183 tr|E9IJM6|E9IJM6_SOLIN Putativ 100.0 8.4E-37 2.9E-42  264.7   0.0  169   34-206     4-238 (294)
184 tr|S9XCE8|S9XCE8_CAMFR Mothers 100.0 1.8E-36 6.2E-42  266.9   0.0   99   93-191   141-239 (343)
185 tr|A0A146ZGA8|A0A146ZGA8_FUNHE 100.0 3.1E-36 1.1E-41  252.4   0.0  144   71-214    19-217 (217)
186 tr|A0A183NN14|A0A183NN14_9TREM 100.0 3.6E-36 1.3E-41  254.0   0.0  136   82-217     5-196 (232)
187 tr|A0A158R528|A0A158R528_9BILA 100.0 1.2E-35 4.3E-41  291.3   0.0  175   33-209   934-1136(1136)
188 tr|A0A162S1Y3|A0A162S1Y3_9CRUS 100.0   2E-35   7E-41  271.1   0.0  188   15-206   281-533 (536)
189 tr|A0A0D8XDC7|A0A0D8XDC7_DICVI 100.0 2.9E-35   1E-40  233.1   0.0  113   98-210    25-139 (141)
190 tr|A0A158QJF9|A0A158QJF9_HYMNN 100.0 4.9E-35 1.7E-40  263.2   0.0  117   31-147   232-352 (424)
191 tr|A0A0K8VRS6|A0A0K8VRS6_BACLA 100.0 4.8E-35 1.7E-40  266.0   0.0  169   32-206   257-430 (432)
192 tr|A0A182YZ59|A0A182YZ59_BIOGL 100.0 5.8E-35   2E-40  260.7   0.0  173   34-209    25-377 (390)
193 tr|A0A0S7I3T3|A0A0S7I3T3_9TELE 100.0 1.5E-33 5.3E-39  231.3   0.0  100  106-205    48-182 (182)
194 tr|D6WRP2|D6WRP2_TRICA SMAD fa 100.0 2.8E-33   1E-38  245.5   0.0  188   34-223   129-319 (323)
195 tr|A0A0B1SI70|A0A0B1SI70_OESDE 100.0 3.4E-33 1.2E-38  229.0   0.0  128   28-155    19-149 (180)
196 tr|A0A1L8F5B3|A0A1L8F5B3_XENLA 100.0 4.5E-33 1.6E-38  245.4   0.0  147   32-207   182-328 (338)
197 tr|A0A1A9X1J9|A0A1A9X1J9_9MUSC 100.0 5.3E-33 1.8E-38  268.9   0.0  129   93-221   976-1136(1143)
198 tr|S9YPX9|S9YPX9_CAMFR Mothers 100.0 5.6E-33   2E-38  235.6   0.0  173   28-207    55-236 (237)
199 tr|A0A1I8MSR2|A0A1I8MSR2_MUSDO 100.0 8.3E-33   3E-38  260.2   0.0  164   34-206   469-642 (645)
200 tr|A0A1I8GHQ6|A0A1I8GHQ6_9PLAT  99.9 1.4E-32   5E-38  267.0   0.0  185   33-219  1034-1223(1233)
201 tr|E0W3Y2|E0W3Y2_PEDHC Protein  99.9 2.1E-32 8.6E-38  246.8   0.0   77   22-98    223-300 (300)
202 tr|G6CR51|G6CR51_DANPL Mothers  99.9 3.9E-32 1.4E-37  244.4   0.0  161   34-206   247-412 (415)
203 tr|A0A131YKD8|A0A131YKD8_RHIAP  99.9 6.4E-32 2.3E-37  233.3   0.0  168   31-206    90-270 (277)
204 tr|A0A0N4V0U9|A0A0N4V0U9_ENTVE  99.9 8.3E-32 2.9E-37  249.5   0.0  181   32-212   328-533 (585)
205 tr|A0A0S7IK52|A0A0S7IK52_9TELE  99.9   9E-32 3.2E-37  216.8   0.0  118   86-207    37-155 (157)
206 tr|A0A183RP08|A0A183RP08_9TREM  99.9   1E-31 3.6E-37  235.1   0.0  114   29-142   199-313 (313)
207 tr|A0A0N4X714|A0A0N4X714_HAEPC  99.9 1.4E-31 5.1E-37  235.4   0.0  134   22-155   151-287 (297)
208 tr|A0A146UIW1|A0A146UIW1_FUNHE  99.9 1.9E-31 6.8E-37  215.5   0.0  130   71-200    19-160 (160)
209 tr|I1FGT6|I1FGT6_AMPQE Mothers  99.9 1.9E-31 6.8E-37  231.4   0.0  144   25-168   141-285 (288)
210 tr|A0A0S7J2H0|A0A0S7J2H0_9TELE  99.9 2.5E-31 8.9E-37  204.1   0.0   83   21-103    22-105 (112)
211 tr|A0A1I8H0F8|A0A1I8H0F8_9PLAT  99.9 3.1E-31 1.1E-36  242.7   0.0  132   91-230   311-447 (447)
212 tr|I1F199|I1F199_AMPQE Unchara  99.9 6.3E-31 2.2E-36  223.0   0.0  125   98-222    71-224 (234)
213 tr|G0PLJ0|G0PLJ0_CAEBE Putativ  99.9 8.8E-31 3.2E-36  238.8   0.0  197   32-230   198-412 (412)
214 tr|A0A1S3RP49|A0A1S3RP49_SALSA  99.9 1.2E-30 4.2E-36  202.3   0.0   79   23-101    25-104 (119)
215 tr|R0LV88|R0LV88_ANAPL Mothers  99.9 1.3E-30 4.6E-36  215.5   0.0  117   33-152    57-173 (190)
216 tr|F5GUE5|F5GUE5_CAEEL Unchara  99.9 2.6E-30 9.2E-36  227.8   0.0  186   32-218   129-320 (331)
217 tr|A0A0F5BW85|A0A0F5BW85_PRIPA  99.9   3E-30   1E-35  239.4   0.0  214    2-219   319-569 (585)
218 tr|A0A061I3U8|A0A061I3U8_CRIGR  99.9 3.1E-30 1.1E-35  201.5   0.0   89   97-185     9-97  (125)
219 tr|A0A1I7ZSS5|A0A1I7ZSS5_9BILA  99.9 4.7E-30 1.6E-35  236.5   0.0  186   34-220   339-525 (538)
220 tr|A0A0M3KC66|A0A0M3KC66_ANISI  99.9 7.2E-30 2.5E-35  207.0   0.0   64  167-230   100-163 (163)
221 tr|G3IM29|G3IM29_CRIGR Mothers  99.9 8.9E-30 3.1E-35  206.2   0.0   87   98-184    73-159 (161)
222 tr|G3IN07|G3IN07_CRIGR Mothers  99.9 1.3E-29 4.6E-35  192.7   0.0   91   11-102     5-96  (104)
223 tr|A0A183GK81|A0A183GK81_HELBK  99.9 1.6E-29 5.4E-35  202.7   0.0  121   93-213    20-142 (149)
224 tr|A0A1I7ZRW6|A0A1I7ZRW6_9BILA  99.9 1.7E-29 5.8E-35  224.0   0.0  186   34-220   116-336 (349)
225 tr|A0A1I8F8W2|A0A1I8F8W2_9PLAT  99.9 8.5E-29   3E-34  232.6   0.0  193   26-220   158-381 (682)
226 tr|A0A0K3AVK9|A0A0K3AVK9_CAEEL  99.9 8.5E-29 3.3E-34  243.5   0.0  189   31-221   654-875 (895)
227 tr|A0A1B1W2F1|A0A1B1W2F1_RANSY  99.9   2E-28   7E-34  181.8   0.0   84   71-154     1-86  (89)
228 tr|U3IBC8|U3IBC8_ANAPL Mothers  99.9 4.4E-28 1.5E-33  197.4   0.0   70   30-99     96-165 (166)
229 tr|H3EAD5|H3EAD5_PRIPA Unchara  99.9 1.2E-27 4.2E-33  194.3   0.0  129   71-230    32-162 (162)
230 tr|A0A183R143|A0A183R143_9TREM  99.9 4.4E-27 1.5E-32  169.9   0.0   56  164-225     4-59  (75)
231 tr|A0A1I8AZR2|A0A1I8AZR2_MELHA  99.9 1.4E-26 4.9E-32  226.0   0.0  164   33-196   488-704 (1204)
232 tr|A0A183S0S5|A0A183S0S5_9TREM  99.9 7.1E-26 2.5E-31  172.2   0.0   79   25-103    11-89  (102)
233 tr|A0A1I8AF83|A0A1I8AF83_9BILA  99.9 8.1E-26 2.8E-31  205.5   0.0  154   24-177   232-390 (439)
234 tr|E4XXS7|E4XXS7_OIKDI Unchara  99.9 9.5E-26 3.3E-31  198.0   0.0  193   26-220    93-304 (307)
235 tr|A0A077SP58|A0A077SP58_9METZ  99.8 4.8E-25 1.8E-30  202.9   0.0  174   33-209   234-418 (421)
236 tr|A0A074Z2G5|A0A074Z2G5_9TREM  99.8 5.7E-25   2E-30  195.2   0.0  101   27-127     2-103 (339)
237 tr|A0A183BC70|A0A183BC70_9TREM  99.8 1.5E-24 5.3E-30  178.4   0.0   74   24-97     97-170 (175)
238 tr|A0A1I7SQS2|A0A1I7SQS2_BURXY  99.8 1.9E-24 6.7E-30  198.8   0.0  114   34-147   327-446 (494)
239 tr|A0A0P5ECT5|A0A0P5ECT5_9CRUS  99.8 1.9E-24 6.8E-30  199.0   0.0   82   32-113   389-473 (499)
240 tr|A0A183WHP2|A0A183WHP2_TRIRE  99.8 2.4E-24 8.4E-30  160.8   0.0   79   24-102     9-88  (90)
241 tr|K7H3R6|K7H3R6_CAEJA Unchara  99.8 4.1E-24 1.4E-29  194.4   0.0  195   33-228   227-430 (432)
242 tr|S9XXU8|S9XXU8_CAMFR Unchara  99.8 4.5E-24 1.6E-29  196.2   0.0   87   98-184   262-348 (488)
243 tr|A0A1I8F9A2|A0A1I8F9A2_9PLAT  99.8   5E-24 1.8E-29  195.8   0.0  161   24-223   318-483 (484)
244 tr|A0A0C2GAQ4|A0A0C2GAQ4_9BILA  99.8 1.4E-23 4.8E-29  161.6   0.0   75   28-102    22-96  (109)
245 tr|H3FQN4|H3FQN4_PRIPA Unchara  99.8 1.6E-23 5.6E-29  173.7   0.0  129   95-223     2-166 (185)
246 tr|A0A158R528|A0A158R528_9BILA  99.8 1.6E-23   6E-29  207.8   0.0  172   32-210   402-596 (1136)
247 tr|A0A0N4VXZ0|A0A0N4VXZ0_HAEPC  99.8 1.9E-23 6.6E-29  148.9   0.0   57  155-211     4-60  (68)
248 tr|A0A183DJT2|A0A183DJT2_9BILA  99.8   3E-23 1.1E-28  170.6   0.0   74   24-97     76-149 (173)
249 tr|A0A146UMG4|A0A146UMG4_FUNHE  99.8 3.3E-23 1.2E-28  182.9   0.0   97   30-126    67-168 (315)
250 tr|K7JPP0|K7JPP0_NASVI Unchara  99.8 5.6E-23   2E-28  173.5   0.0  187   33-221     7-198 (212)
251 tr|E4XWJ7|E4XWJ7_OIKDI Unchara  99.8 7.5E-23 2.6E-28  182.7   0.0  153   32-184   132-300 (350)
252 tr|A0A146UJB4|A0A146UJB4_FUNHE  99.8 8.1E-23 2.9E-28  156.8   0.0   80  135-214    17-106 (106)
253 tr|A0A0N4YBE7|A0A0N4YBE7_NIPBR  99.8 9.8E-23 3.5E-28  188.5   0.0  101   29-129   338-441 (472)
254 tr|A0A1I8J4D9|A0A1I8J4D9_9PLAT  99.8 2.4E-22 8.5E-28  174.9   0.0  113   39-151   129-246 (263)
255 tr|A0A1I7XIY6|A0A1I7XIY6_HETBA  99.8 5.6E-22   2E-27  187.6   0.0  119  100-218   268-393 (672)
256 tr|M7BIZ5|M7BIZ5_CHEMY Mothers  99.8 5.9E-22 2.1E-27  163.9   0.0   56  166-221   116-171 (178)
257 tr|X1XTL8|X1XTL8_ACYPI Unchara  99.8 6.9E-22 2.4E-27  162.5   0.0  100   91-190    35-170 (170)
258 tr|A0A183HJL3|A0A183HJL3_9BILA  99.7   9E-22 3.1E-27  134.9   0.0   38  174-211     1-38  (54)
259 tr|A0A183EJT0|A0A183EJT0_9BILA  99.7 1.1E-21   4E-27  150.3   0.0   61  153-213    34-95  (104)
260 tr|A0A1I8BEY2|A0A1I8BEY2_MELHA  99.7 1.3E-21 4.6E-27  157.0   0.0  120   45-218     1-128 (142)
261 tr|A0A068X427|A0A068X427_HYMMI  99.7 1.4E-21 4.8E-27  161.8   0.0   55  167-221    83-137 (178)
262 tr|A0A023ZSQ8|A0A023ZSQ8_SCHMD  99.7 4.3E-21 1.5E-26  143.0   0.0   52  167-218    20-71  (87)
263 tr|A0A0D6LLY3|A0A0D6LLY3_9BILA  99.7 6.1E-21 2.1E-26  160.2   0.0  141   32-172    22-170 (198)
264 tr|A0A183TED5|A0A183TED5_SCHSO  99.7 9.8E-21 3.4E-26  160.9   0.0   57  166-222    63-119 (218)
265 tr|K7GLI5|K7GLI5_PIG Uncharact  99.7   1E-20 3.6E-26  158.4   0.0   61   23-83    133-194 (194)
266 tr|A0A1I7SZS5|A0A1I7SZS5_9PELO  99.7 1.4E-20   5E-26  185.6   0.0  187   31-219  1022-1241(1264)
267 tr|A0A060WJ39|A0A060WJ39_ONCMY  99.7 2.8E-20 9.8E-26  123.4   0.0   42  189-230     4-45  (45)
268 tr|H3DTR3|H3DTR3_PRIPA Mothers  99.7 3.9E-20 1.4E-25  167.6   0.0   96   32-127   290-387 (391)
269 tr|A0A1I7X747|A0A1I7X747_HETBA  99.7 4.2E-20 1.5E-25  146.0   0.0   73   26-98     53-126 (126)
270 tr|H3DXH7|H3DXH7_PRIPA Unchara  99.7 6.6E-20 2.3E-25  154.6   0.0  183   33-217     3-193 (203)
271 tr|A0A0R3TUF2|A0A0R3TUF2_HYMNN  99.7 9.2E-20 3.2E-25  170.6   0.0   72   26-97    486-557 (559)
272 tr|A0A1D1V6X0|A0A1D1V6X0_RAMVA  99.6 1.4E-19 4.7E-25  168.3   0.0  163   34-207   333-506 (515)
273 tr|L5LWB0|L5LWB0_MYODS Mothers  99.6 1.9E-19 6.8E-25  130.9   0.0   59  166-224    12-70  (74)
274 tr|A0A061I3U1|A0A061I3U1_CRIGR  99.6 2.1E-19 7.8E-25  156.4   0.0  103   83-185    91-193 (239)
275 tr|A0A068CMY8|A0A068CMY8_HOFMI  99.6 1.3E-18 4.7E-24  155.2   0.0  163   31-206   161-327 (328)
276 tr|A0A183FA99|A0A183FA99_HELBK  99.6 2.4E-18 8.5E-24  129.5   0.0   72   29-100     6-78  (90)
277 tr|G3W274|G3W274_SARHA Unchara  99.6 3.2E-18 1.1E-23  124.4   0.0   58   94-151    10-67  (73)
278 tr|S9WTH2|S9WTH2_CAMFR Unchara  99.6 3.2E-18 1.1E-23  130.2   0.0   79   32-112     6-85  (96)
279 tr|A0A132A3X8|A0A132A3X8_SARSC  99.6 4.2E-18 1.5E-23  140.1   0.0  122   83-206    39-163 (164)
280 tr|A0A0R3TZ94|A0A0R3TZ94_HYMNN  99.6 5.1E-18 1.8E-23  128.4   0.0   42  167-208    51-92  (93)
281 tr|A0A146UJG4|A0A146UJG4_FUNHE  99.5 6.5E-18 2.3E-23  151.4   0.0  104   24-127    70-260 (338)
282 tr|T1GA92|T1GA92_MEGSC Unchara  99.5 8.2E-18 2.9E-23  135.5   0.0   60   22-81     80-140 (140)
283 tr|A0A1I7SGQ1|A0A1I7SGQ1_BURXY  99.5 8.7E-18 3.1E-23  129.1   0.0   53  166-218    47-100 (102)
284 tr|A0A0C2J427|A0A0C2J427_THEKT  99.5 9.3E-18 3.3E-23  154.7   0.0  121   35-155   274-398 (452)
285 tr|W4XBJ1|W4XBJ1_STRPU Unchara  99.5 9.5E-18 3.3E-23  151.8   0.0  168   33-208   177-350 (371)
286 tr|A0A1B6HPU7|A0A1B6HPU7_9HEMI  99.5 1.2E-17 4.4E-23  140.1   0.0   55   32-86    133-189 (190)
287 tr|A0A183EBJ0|A0A183EBJ0_9BILA  99.5 1.6E-17 5.6E-23  133.7   0.0   82   22-103    53-134 (139)
288 tr|A0A0P5AW03|A0A0P5AW03_9CRUS  99.5 1.5E-17 5.9E-23  158.7   0.0   61   32-92    453-515 (515)
289 tr|A0A0N4XPL5|A0A0N4XPL5_NIPBR  99.5   2E-17 6.9E-23  124.9   0.0   69   93-161     7-77  (91)
290 tr|A0A182ZZL3|A0A182ZZL3_9TREM  99.5   2E-17   7E-23  131.3   0.0   45  166-210    72-116 (126)
291 tr|H3EZI2|H3EZI2_PRIPA Unchara  99.5 1.2E-16 4.3E-22  136.1   0.0   61  167-228   142-202 (211)
292 tr|A0A0P6C975|A0A0P6C975_9CRUS  99.4 2.9E-16   1E-21  148.1   0.0  133   15-149   196-394 (566)
293 tr|B0W698|B0W698_CULQU Smad4 O  99.4 6.7E-16 2.4E-21  148.4   0.0   61   32-92    661-723 (723)
294 tr|A8XFY2|A8XFY2_CAEBR Dwarfin  99.4 7.4E-16 2.6E-21  145.8   0.0  132   28-161   330-462 (585)
295 tr|A0A0R3SQD1|A0A0R3SQD1_HYMDI  99.4 8.7E-16 3.1E-21  132.8   0.0   65   33-97    166-231 (235)
296 tr|A0A183WHY2|A0A183WHY2_TRIRE  99.4 9.3E-16 3.3E-21  138.2   0.0   69   28-96    273-342 (342)
297 tr|A0A1S3K648|A0A1S3K648_LINUN  99.4 1.3E-15 4.5E-21  152.9   0.0  185   30-221  1109-1299(1445)
298 tr|A0A0C2H6A0|A0A0C2H6A0_9BILA  99.3 4.5E-15 1.6E-20  118.9   0.0   67   28-94     19-86  (130)
299 tr|A0A0R3UL14|A0A0R3UL14_9CEST  99.3 6.6E-15 2.5E-20  130.9   0.0  178   28-208    28-248 (258)
300 tr|A0A177B2H4|A0A177B2H4_9METZ  99.3 7.3E-15 2.6E-20  144.3   0.0   87    5-91    864-952 (952)
301 tr|E3M5B7|E3M5B7_CAERE Putativ  99.3 9.9E-15 3.5E-20  132.2   0.0  181   48-229   163-351 (352)
302 tr|A0A0R3UL18|A0A0R3UL18_9CEST  99.2 2.8E-14 9.9E-20  127.5   0.0   70   33-102   121-191 (305)
303 tr|D6W7H1|D6W7H1_TRICA Unchara  99.2 2.5E-14   1E-19  137.8   0.0  177   32-216    52-234 (453)
304 tr|G5C2B0|G5C2B0_HETGA Mothers  99.2 4.9E-14 1.7E-19  128.8   0.0   74    2-78    239-312 (378)
305 tr|I1EIV8|I1EIV8_AMPQE Unchara  99.2 8.6E-14   3E-19   93.4   0.0   37  174-210     1-37  (45)
306 tr|E1FWQ5|E1FWQ5_LOALO MH1 dom  99.2   1E-13 3.6E-19  131.1   0.0   64   32-95    454-521 (543)
307 tr|A0A183WLH9|A0A183WLH9_TRIRE  99.1 2.3E-13   8E-19   95.6   0.0   53   93-145     5-57  (57)
308 tr|A0A0R3PF73|A0A0R3PF73_ANGCS  99.1 2.3E-13 8.2E-19  116.6   0.0  101   42-142    91-191 (208)
309 tr|A0A0N5C457|A0A0N5C457_STREA  99.1 3.8E-13 1.3E-18  131.3   0.0  185   34-219   476-713 (807)
310 tr|A0A068XPH7|A0A068XPH7_HYMMI  99.1 5.2E-13 1.8E-18  120.6   0.0  172   34-207   108-316 (326)
311 tr|A0A0N4ZWP2|A0A0N4ZWP2_PARTI  99.1 5.5E-13 1.9E-18  130.2   0.0  186   34-219   475-712 (802)
312 tr|A0A1D1VJB4|A0A1D1VJB4_RAMVA  99.1 5.8E-13   2E-18  126.2   0.0  174   33-213   104-285 (544)
313 tr|A0A1I8C675|A0A1I8C675_9BILA  99.0 2.1E-12 7.4E-18  130.1   0.0  194   27-230  1080-1283(1283)
314 tr|H2X8H8|H2X8H8_CAEJA Unchara  98.9   3E-12 1.1E-17  100.3   0.0   57  167-223    32-89  (107)
315 tr|A0A0N0PDF5|A0A0N0PDF5_PAPMA  98.8 1.2E-11 4.4E-17  110.0   0.0  182   30-228    31-223 (242)
316 tr|A0A0D8XET4|A0A0D8XET4_DICVI  98.8 1.6E-11 5.7E-17  115.8   0.0  124   33-158   349-473 (491)
317 tr|E9IJM6|E9IJM6_SOLIN Putativ  98.8 1.7E-11   6E-17  110.0   0.0   37  170-206   255-291 (294)
318 tr|G4VFA9|G4VFA9_SCHMA Mothers  98.8 1.7E-11   6E-17  120.6   0.0  172   33-206   518-768 (780)
319 tr|E4XDI6|E4XDI6_OIKDI Unchara  98.7   1E-10 3.5E-16  101.8   0.0  179   34-221    15-196 (220)
320 tr|A0A177B3C0|A0A177B3C0_9METZ  98.6 1.6E-10 5.6E-16  111.2   0.0   51   27-77    225-275 (592)
321 tr|A8WXH4|A8WXH4_CAEBR Protein  98.5 5.4E-10 1.9E-15  105.9   0.0  155   35-193   277-451 (486)
322 tr|E4XBL2|E4XBL2_OIKDI Unchara  98.5 6.4E-10 2.2E-15  108.4   0.0  184   33-218   399-607 (670)
323 tr|A0A068CRN2|A0A068CRN2_HOFMI  98.5 8.4E-10   3E-15  100.2   0.0  159   31-209   147-309 (310)
324 tr|A0A183XPD6|A0A183XPD6_WUCBA  98.4 1.2E-09 4.4E-15   99.7   0.0  177   33-216    67-259 (273)
325 tr|K7HHP2|K7HHP2_CAEJA Unchara  98.4 1.7E-09   6E-15   93.3   0.0   44   29-72    153-196 (198)
326 tr|A0A1B6D1E1|A0A1B6D1E1_9HEMI  98.4 1.9E-09 6.5E-15   98.4   0.0  183   33-222    85-272 (321)
327 tr|A0A183VAU6|A0A183VAU6_TOXCA  98.4 1.8E-09 7.4E-15  104.9   0.0  158   32-206   246-408 (412)
328 tr|A0A183JDC7|A0A183JDC7_9TREM  98.4 2.7E-09 9.7E-15  103.7   0.0  111   96-206   418-592 (604)
329 tr|A0A194QRV1|A0A194QRV1_PAPMA  98.3 3.1E-09 1.1E-14  106.3   0.0   50   64-113   867-918 (919)
330 tr|A0A183W0V8|A0A183W0V8_TRIRE  98.3 3.4E-09 1.2E-14   99.7   0.0  115   92-206   246-416 (428)
331 tr|A0A0P6BFH2|A0A0P6BFH2_9CRUS  98.3 4.8E-09 1.7E-14  102.5   0.0  171   32-212   155-331 (576)
332 tr|A0A0D6M322|A0A0D6M322_9BILA  98.3 5.1E-09 1.8E-14   95.7   0.0   88   72-159   174-279 (320)
333 tr|A0A074ZPY9|A0A074ZPY9_9TREM  98.3 5.4E-09 1.9E-14  103.6   0.0  118   89-206   649-784 (795)
334 tr|A0A183BCM9|A0A183BCM9_9TREM  98.2 7.7E-09 2.7E-14   96.5   0.0  125   89-216   237-379 (386)
335 tr|N6T8V7|N6T8V7_DENPD Unchara  98.2 8.3E-09   3E-14   95.0   0.0  175   32-217    13-193 (302)
336 tr|A0A1J1IK81|A0A1J1IK81_9DIPT  98.2 8.9E-09 3.1E-14  103.5   0.0  174   33-214   510-691 (961)
337 tr|A0A1I8NID1|A0A1I8NID1_MUSDO  98.2 9.8E-09 3.4E-14  105.3   0.0  175   33-214    53-234 (1332)
338 tr|A0A1I7S0X0|A0A1I7S0X0_BURXY  98.2 1.1E-08 3.7E-14  103.9   0.0  181   35-218   871-1078(1110)
339 tr|A0A0R3Q5E3|A0A0R3Q5E3_9BILA  98.2 1.2E-08 4.3E-14   95.6   0.0   42   15-56    306-347 (347)
340 tr|A9URE2|A9URE2_MONBE Predict  98.1 2.2E-08 7.6E-14   96.1   0.0  168   35-215   334-504 (512)
341 tr|A0A1I8CD03|A0A1I8CD03_9BILA  98.1 2.9E-08   1E-13   95.0   0.0  187   33-219   218-441 (495)
342 tr|A0A0M4E7Z2|A0A0M4E7Z2_DROBS  98.1 3.2E-08 1.1E-13   98.3   0.0  176   32-214    52-232 (778)
343 tr|A0A090L8K3|A0A090L8K3_STRRB  98.0 4.2E-08 1.5E-13   97.5   0.0  170   34-218   472-692 (783)
344 tr|K1RJT3|K1RJT3_CRAGI Myosin-  98.0 4.6E-08 1.6E-13   99.3   0.0  176   32-214   709-890 (1058)
345 tr|I3RSU2|I3RSU2_SCHMD SMED-SM  98.0 4.9E-08 1.7E-13   83.8   0.0  105  100-206    61-168 (182)
346 tr|A0A146UIT4|A0A146UIT4_FUNHE  98.0 5.7E-08   2E-13   80.4   0.0   46   24-69     71-116 (138)
347 tr|A0A183UEJ0|A0A183UEJ0_TOXCA  98.0 6.2E-08 2.2E-13   96.6   0.0  166   33-205    72-253 (799)
348 tr|A0A194PVD1|A0A194PVD1_PAPXU  97.9 9.1E-08 3.2E-13   94.4   0.0  128   78-212   169-304 (631)
349 tr|H3FD85|H3FD85_PRIPA Unchara  97.9 1.4E-07 4.9E-13   93.2   0.0  169   33-209    23-196 (693)
350 tr|G3UX42|G3UX42_MOUSE Mothers  97.9 1.5E-07 5.4E-13   84.8   0.0   45   32-78    220-264 (264)
351 tr|A8XM33|A8XM33_CAEBR Protein  97.8   2E-07 6.9E-13   93.1   0.0  173   32-212    46-230 (747)
352 tr|A0A0B2UZF0|A0A0B2UZF0_TOXCA  97.8 2.5E-07   1E-12   89.3   0.0  161   31-213    54-217 (382)
353 tr|A0A0P4WGB5|A0A0P4WGB5_9EUCA  97.8 3.3E-07 1.2E-12   79.3   0.0   64   34-99    108-174 (187)
354 tr|A0A0P5DXU8|A0A0P5DXU8_9CRUS  97.7 3.8E-07 1.3E-12   86.5   0.0  169   32-210    49-223 (421)
355 tr|A0A0K8VLG0|A0A0K8VLG0_BACLA  97.7 4.2E-07 1.5E-12   84.0   0.0  167   32-205    49-221 (322)
356 tr|A0A1I8CIU3|A0A1I8CIU3_9BILA  97.7 4.3E-07 1.5E-12   93.0   0.0  176   33-220    47-243 (1099)
357 tr|A0A1I7RYD1|A0A1I7RYD1_BURXY  97.7 4.8E-07 1.7E-12   89.8   0.0  151   33-206   430-593 (593)
358 tr|I3RSU1|I3RSU1_SCHMD SMED-SM  97.7 5.3E-07 1.8E-12   83.8   0.0   96  107-208   235-337 (340)
359 tr|A0A0P6E9P1|A0A0P6E9P1_9CRUS  97.7 5.3E-07 1.9E-12   87.8   0.0  169   32-210    49-223 (559)
360 tr|A0A0N4VGD1|A0A0N4VGD1_ENTVE  97.7 5.5E-07   2E-12   84.0   0.0   96  105-207   213-309 (316)
361 tr|A0A183BX60|A0A183BX60_GLOPA  97.7 6.5E-07 2.3E-12   90.4   0.0  180   36-218   612-836 (879)
362 tr|A0A1I8BHY9|A0A1I8BHY9_MELHA  97.6 8.1E-07 2.8E-12   90.3   0.0  125   84-208   755-902 (953)
363 tr|A0A1D1UF62|A0A1D1UF62_RAMVA  97.6 8.3E-07 2.9E-12   84.2   0.0  173   33-213    60-237 (412)
364 tr|A0A067RLR0|A0A067RLR0_ZOONE  97.6 8.4E-07 3.2E-12   85.5   0.0  125   84-215     2-132 (387)
365 tr|A0A1I8AQB7|A0A1I8AQB7_9BILA  97.6 9.6E-07 3.4E-12   82.6   0.0  118   30-149    58-180 (354)
366 tr|A0A1A9UU08|A0A1A9UU08_GLOAU  97.5 1.5E-06 5.1E-12   75.5   0.0  131   76-212    13-150 (186)
367 tr|T1EUF8|T1EUF8_HELRO Unchara  97.5 1.5E-06 5.3E-12   88.7   0.0   33  174-206   950-982 (984)
368 tr|H3FWS7|H3FWS7_PRIPA Mothers  97.5 1.7E-06 5.8E-12   81.8   0.0  162   33-205   201-368 (388)
369 tr|A0A131ZYS1|A0A131ZYS1_SARSC  97.5 2.3E-06   8E-12   79.5   0.0  178   32-215    34-214 (325)
370 tr|W2TXV8|W2TXV8_NECAM Unchara  97.4 2.8E-06 9.7E-12   73.0   0.0   92  106-206    63-168 (169)
371 tr|A0A183EHC5|A0A183EHC5_9BILA  97.4 3.2E-06 1.1E-11   71.6   0.0   47   33-79     97-143 (151)
372 tr|I4DRI7|I4DRI7_PAPPL Simila   97.4 3.2E-06 1.1E-11   74.2   0.0   92   33-125    90-182 (198)
373 tr|A0A1A9W6X6|A0A1A9W6X6_9MUSC  97.4   4E-06 1.4E-11   71.4   0.0  123   84-212     2-131 (158)
374 tr|A0A132A4B2|A0A132A4B2_SARSC  97.4 4.3E-06 1.5E-11   85.5   0.0  176   32-213   410-590 (970)
375 tr|A0A1I7WGF1|A0A1I7WGF1_HETBA  97.4 4.4E-06 1.6E-11   71.6   0.0   77  130-206    21-97  (165)
376 tr|T1F4Y5|T1F4Y5_HELRO Unchara  97.3 4.8E-06 1.7E-11   81.6   0.0   36  173-208   509-545 (550)
377 tr|A0A0N5A2Q0|A0A0N5A2Q0_PARTI  97.3 5.7E-06   2E-11   82.3   0.0  163   33-205    52-232 (657)
378 tr|V5GFK8|V5GFK8_ANOGL Mothers  97.3 5.8E-06   2E-11   68.0   0.0   67   69-154    41-107 (123)
379 tr|A0A0R3RKM1|A0A0R3RKM1_9BILA  97.3 6.6E-06 2.3E-11   74.6   0.0   97  106-206   155-252 (256)
380 tr|A0A0V1E724|A0A0V1E724_TRIPS  97.3 6.6E-06 2.3E-11   79.6   0.0  174   33-213   133-322 (478)
381 tr|A0A1B6I7W9|A0A1B6I7W9_9HEMI  97.2 8.1E-06 2.9E-11   73.9   0.0  126   33-160   100-231 (251)
382 tr|A0A1A9Z6I9|A0A1A9Z6I9_GLOPL  97.1 2.1E-05 7.4E-11   63.8   0.0   49  109-157    20-72  (109)
383 tr|A0A1I7SF66|A0A1I7SF66_BURXY  97.1 2.2E-05 7.6E-11   80.0   0.0  182   33-222    44-241 (848)
384 tr|A0A1I8C6B0|A0A1I8C6B0_9BILA  97.0 2.8E-05 9.8E-11   77.3   0.0  179   32-211   309-489 (611)
385 tr|A0A085N694|A0A085N694_9BILA  97.0 2.8E-05   1E-10   79.6   0.0  166   32-204    44-213 (790)
386 tr|I4DSB4|I4DSB4_PAPPL Unchara  96.9 5.1E-05 1.8E-10   58.6   0.0   45  107-152     1-45  (79)
387 tr|E4YQ10|E4YQ10_OIKDI Unchara  96.8 6.4E-05 2.2E-10   72.4   0.0  123   33-157   278-413 (417)
388 tr|U1MDC9|U1MDC9_ASCSU Unchara  96.8 8.1E-05 2.8E-10   70.0   0.0  121   84-210     2-138 (330)
389 tr|A0A0N0P9E4|A0A0N0P9E4_PAPXU  96.6 0.00016 5.8E-10   74.6   0.0   31   32-62    875-907 (910)
390 tr|T1KQ28|T1KQ28_TETUR Unchara  96.6 0.00019 6.7E-10   70.8   0.0  180   32-216   131-324 (516)
391 tr|H9JVB3|H9JVB3_BOMMO Unchara  96.5 0.00027 9.6E-10   62.8   0.0   51   33-83    110-163 (196)
392 tr|A0A0K0E0W2|A0A0K0E0W2_STRER  96.4  0.0003   1E-09   72.2   0.0  186   34-219   475-712 (806)
393 tr|H2X602|H2X602_CAEJA Unchara  96.3 0.00042 1.5E-09   58.5   0.0   60   31-92     74-133 (133)
394 tr|A0A1I7SGU2|A0A1I7SGU2_BURXY  96.3 0.00049 1.7E-09   65.9   0.0  172   32-216    54-226 (363)
395 tr|A0A183DW38|A0A183DW38_9BILA  96.3 0.00051 1.8E-09   66.5   0.0   44   24-67    332-375 (403)
396 tr|T1KFP8|T1KFP8_TETUR Unchara  96.3 0.00053 1.8E-09   68.0   0.0  140   35-183    66-224 (522)
397 tr|A0A1I7X710|A0A1I7X710_HETBA  96.2 0.00058   2E-09   40.9   0.0   20  211-230     2-21  (21)
398 tr|K7ELK2|K7ELK2_HUMAN Mothers  96.2 0.00068 2.4E-09   53.2   0.0   35  123-157     1-36  (82)
399 tr|A0A1I8CPW6|A0A1I8CPW6_9BILA  96.2 0.00072 2.5E-09   71.3   0.0  180   32-218   892-1109(1125)
400 tr|A0A1I8A7D8|A0A1I8A7D8_9BILA  96.1 0.00081 2.8E-09   67.6   0.0  120   39-158   360-482 (590)
401 tr|T1F344|T1F344_HELRO Unchara  96.1   0.001 3.6E-09   64.5   0.0  173   33-214   206-384 (397)
402 tr|F2UQ45|F2UQ45_SALR5 Kinase   95.9  0.0014   5E-09   70.9   0.0  157   42-215  1476-1637(1652)
403 tr|W6UUF5|W6UUF5_ECHGR Smad OS  95.8  0.0019 6.6E-09   66.7   0.0  128   32-159    31-202 (787)
404 tr|V5IIQ1|V5IIQ1_IXORI Putativ  95.8  0.0018 6.7E-09   64.4   0.0   25   32-56    380-404 (405)
405 tr|A0A1I8ETX0|A0A1I8ETX0_WUCBA  95.8  0.0019 6.9E-09   61.9   0.0  114   29-155    49-163 (323)
406 tr|A0A0K0D810|A0A0K0D810_ANGCA  95.7  0.0024 8.5E-09   58.5   0.0   62   28-91    171-232 (233)
407 tr|A0A0B6YLJ8|A0A0B6YLJ8_9EUPU  95.5  0.0041 1.4E-08   47.5   0.0   30   99-128    30-59  (67)
408 tr|T1KCH8|T1KCH8_TETUR Unchara  95.5  0.0044 1.5E-08   61.7   0.0  171   33-210    50-223 (485)
409 tr|F6WZ85|F6WZ85_CIOIN Unchara  95.2  0.0075 2.7E-08   62.1   0.0   81   96-187   417-498 (616)
410 tr|C3ZAX4|C3ZAX4_BRAFL Putativ  95.2  0.0077 2.7E-08   60.9   0.0  104   87-204   411-514 (530)
411 tr|A0A0K0FZ08|A0A0K0FZ08_9BILA  95.0   0.011 3.8E-08   64.4   0.0  180   33-221    55-248 (1338)
412 tr|A0A0K0E0W2|A0A0K0E0W2_STRER  94.9   0.012 4.2E-08   61.5   0.0   23  198-220   666-688 (806)
413 tr|T1K6C1|T1K6C1_TETUR Unchara  94.8   0.015 5.3E-08   57.9   0.0  123   32-158    42-176 (460)
414 tr|A0A1I7ZKB6|A0A1I7ZKB6_9BILA  94.7   0.016 5.7E-08   57.3   0.0  103  101-209     6-119 (425)
415 tr|A0A0F5C291|A0A0F5C291_PRIPA  94.4   0.025 8.7E-08   52.3   0.0   26   30-55    201-226 (226)
416 tr|A0A183DFP9|A0A183DFP9_9BILA  94.3   0.029   1E-07   49.6   0.0   86   33-122    13-99  (160)
417 tr|A0A183AB11|A0A183AB11_9TREM  94.0   0.041 1.4E-07   52.4   0.0  106   97-212     3-115 (282)
418 tr|G1UL81|G1UL81_9BACE Unchara  94.0   0.041 1.4E-07   37.1   0.0   21  178-199     5-25  (33)
419 tr|A0A1I7WPM8|A0A1I7WPM8_HETBA  93.9   0.045 1.6E-07   54.7   0.0  111   33-157    68-179 (442)
420 tr|A0A0N4XMS7|A0A0N4XMS7_NIPBR  93.6    0.06 2.1E-07   49.1   0.0  133   34-187    57-192 (196)
421 tr|A0A0R3SBZ5|A0A0R3SBZ5_HYMDI  93.5   0.062 2.3E-07   56.4   0.0   68   88-158   362-431 (596)
422 tr|G5DY37|G5DY37_9PIPI Putativ  93.1    0.09 3.1E-07   46.6   0.0   37    2-41    119-155 (155)
423 tr|A0A0B7A453|A0A0B7A453_9EUPU  92.8    0.11 3.9E-07   48.9   0.0   69  139-214    20-89  (243)
424 tr|A0A074ZSZ6|A0A074ZSZ6_9TREM  92.6    0.12 4.6E-07   55.5   0.0  103   94-205   385-493 (657)
425 tr|V3Z375|V3Z375_LOTGI Unchara  92.1    0.17 6.1E-07   46.5   0.0   66   88-160   112-177 (197)
426 tr|T1F4Y5|T1F4Y5_HELRO Unchara  91.8    0.21 7.2E-07   51.6   0.0   51   72-122   215-268 (550)
427 tr|A0A0L8HJW9|A0A0L8HJW9_OCTBM  91.7    0.22 7.7E-07   50.1   0.0  167   33-217   118-291 (421)
428 tr|E0AHB1|E0AHB1_CAEEL Unchara  91.3    0.27 9.7E-07   53.2   0.0  173   33-213    80-262 (792)
429 tr|C3VS96|C3VS96_ANOGA Medea (  91.1     0.3   1E-06   45.7   0.0   16   32-47    203-218 (218)
430 tr|A0A183VBK1|A0A183VBK1_TOXCA  91.0    0.32 1.1E-06   47.6   0.0  114   31-158    54-169 (319)
431 tr|A0A0C9RIL2|A0A0C9RIL2_9HYME  90.5    0.36 1.3E-06   48.3   0.0   33   29-61    302-334 (345)
432 tr|A0A0B7BYB6|A0A0B7BYB6_9EUPU  90.5    0.39 1.4E-06   44.7   0.0   26  104-129   176-201 (208)
433 tr|H3FHE6|H3FHE6_PRIPA Unchara  89.5    0.55 1.9E-06   42.7   0.0   85   33-120    56-141 (170)
434 tr|A0A183IGR0|A0A183IGR0_9BILA  89.5    0.56   2E-06   45.0   0.0   64  144-213    62-125 (261)
435 tr|A0A0C5Q4G3|A0A0C5Q4G3_MYTGA  89.1    0.54 2.3E-06   49.5   0.0  129   73-216   270-399 (434)
436 tr|E0AHB1|E0AHB1_CAEEL Unchara  88.8    0.68 2.5E-06   50.5   0.0    1   37-37     56-56  (792)
437 tr|A0A0E9T5P4|A0A0E9T5P4_ANGAN  88.6    0.76 2.6E-06   33.6   0.0   22  178-202     8-29  (45)
438 tr|A0A183IAY4|A0A183IAY4_9BILA  88.5    0.77 2.7E-06   38.7   0.0   33   32-65     60-92  (100)
439 tr|B4HBM0|B4HBM0_DROPE GL23121  87.9    0.91 3.2E-06   41.4   0.0   42   87-128    35-92  (169)
440 tr|A0A183CMB8|A0A183CMB8_GLOPA  87.6       1 3.5E-06   37.7   0.0   31  175-205    63-93  (94)
441 tr|W4ZF93|W4ZF93_STRPU Unchara  87.2     1.1 3.9E-06   48.6   0.0  114   87-212   531-645 (835)
442 tr|A0A0A9CPU9|A0A0A9CPU9_ARUDO  86.5     1.3 4.6E-06   34.2   0.0   18  171-188    33-50  (59)
443 tr|E9HI88|E9HI88_DAPPU Putativ  84.5       2   7E-06   34.7   0.0   37  171-207    17-54  (74)
444 tr|A0A197JLC3|A0A197JLC3_9FUNG  83.3     2.4 8.6E-06   46.8   0.0   24  169-192   651-675 (959)
445 tr|A0A0J7HVJ1|A0A0J7HVJ1_9BACT  82.0       3 1.1E-05   32.3   0.0   33   43-76      3-35  (57)
446 tr|H0VZ53|H0VZ53_CAVPO Unchara  81.0     2.6 1.2E-05   44.7   0.0  123   32-162   226-349 (394)
447 tr|A0A077YXT7|A0A077YXT7_TRITR  80.8     3.6 1.3E-05   38.6   0.0   91   32-123    58-149 (193)
448 tr|A0A182Z752|A0A182Z752_BIOGL  79.9     3.7 1.4E-05   44.2   0.0   62   87-155   348-409 (493)
449 tr|A0A183W7C8|A0A183W7C8_TRIRE  79.5     4.3 1.5E-05   37.9   0.0   64   91-158    91-154 (183)
450 tr|C9DGH9|C9DGH9_9CAUD Putativ  79.3     4.4 1.5E-05   36.5   0.0   27  195-221    93-119 (141)
451 tr|A0A0D6M4B4|A0A0D6M4B4_9BILA  79.2     4.5 1.6E-05   40.3   0.0  108   32-152   163-275 (303)
452 tr|A0A0A7PCA9|A0A0A7PCA9_BRABE  76.7       6 2.1E-05   40.0   0.0   66   84-158   213-278 (338)
453 tr|A0A1A8A1A3|A0A1A8A1A3_NOTFU  76.5     6.2 2.2E-05   29.0   0.0   21  199-219    15-35  (42)
454 tr|T1H2D2|T1H2D2_MEGSC Unchara  76.1     6.5 2.3E-05   32.9   0.0   25  197-221    38-62  (85)
455 tr|A0A068XCJ6|A0A068XCJ6_HYMMI  75.9     6.6 2.3E-05   44.1   0.0   64   92-158   778-843 (1007)
456 tr|A0A1A9VWG6|A0A1A9VWG6_GLOAU  73.8     8.2 2.9E-05   33.7   0.0   20  195-214    26-45  (110)
457 tr|A0A0G2JUR2|A0A0G2JUR2_RAT P  71.6     7.4 3.5E-05   42.6   0.0   89   91-187   320-408 (475)
458 tr|W4FDM2|W4FDM2_9STRA Unchara  71.4      10 3.6E-05   31.2   0.0   37   32-69     13-49  (75)
459 tr|A0A1B8XUD8|A0A1B8XUD8_XENTR  71.3     9.8 3.6E-05   39.7   0.0   75   86-165   219-293 (360)
460 tr|A0A0R0MLA2|A0A0R0MLA2_9BURK  68.5      13 4.6E-05   32.0   0.0   25  189-213    17-41  (98)
461 tr|A0A0A9HAH7|A0A0A9HAH7_ARUDO  67.9      14 4.8E-05   31.1   0.0   24  184-207    23-46  (83)
462 tr|A0A1M7GIX4|A0A1M7GIX4_9GAMM  67.9      14 4.9E-05   29.7   0.0   30   72-101    12-41  (64)
463 tr|T1FS78|T1FS78_HELRO Unchara  67.8      14 4.9E-05   40.8   0.0  118   33-158   536-656 (736)
464 tr|A0A0Q3URP7|A0A0Q3URP7_AMAAE  67.5      14   5E-05   40.6   0.0   72   86-162   407-478 (568)
465 tr|X1MSJ5|X1MSJ5_9ZZZZ Unchara  66.9      15 5.2E-05   29.3   0.0   27   77-103     7-33  (62)
466 tr|W4ZFC9|W4ZFC9_STRPU Unchara  66.7      15 5.3E-05   40.2   0.0   70   84-160   471-547 (665)
467 tr|A0A090LKE3|A0A090LKE3_STRRB  65.7      16 5.8E-05   40.0   0.0  181   27-219    61-247 (523)
468 tr|A0A1I7X3Z7|A0A1I7X3Z7_HETBA  65.4      17 5.9E-05   30.5   0.0   49   48-97     24-72  (81)
469 tr|A0A1N1S2T1|A0A1N1S2T1_9MYCO  64.7      17 6.2E-05   32.8   0.0   22   39-60     39-60  (116)
470 tr|E4WY25|E4WY25_OIKDI Unchara  64.2      18 6.4E-05   32.1   0.0   33   83-115    41-73  (115)
471 tr|V9LBG1|V9LBG1_CALMI Mothers  64.2      18 6.4E-05   36.1   0.0   25    1-25    210-235 (273)
472 tr|A0A101Y6U4|A0A101Y6U4_KOCRH  63.8      17 6.6E-05   38.4   0.0   53  105-159   106-158 (353)
473 tr|A0A075W1E3|A0A075W1E3_CAPAN  63.8      19 6.7E-05   31.4   0.0   40  189-228    22-67  (102)
474 tr|A0A0P7YRR3|A0A0P7YRR3_9CYAN  63.4      20 6.9E-05   33.2   0.0   36  117-152   105-140 (149)
475 tr|A0A0M0J379|A0A0M0J379_9EUKA  62.4      21 7.4E-05   34.3   0.0   28  190-217    16-43  (198)
476 tr|A0A0F5CZZ4|A0A0F5CZZ4_PRIPA  62.0      22 7.5E-05   31.0   0.0   35   33-68     51-85  (100)
477 tr|B8EKU5|B8EKU5_METSB Unchara  62.0      18 7.6E-05   37.0   0.0   97   96-192    32-148 (260)
478 tr|C8P4G2|C8P4G2_9LACO Unchara  59.1      26 9.2E-05   26.0   0.0   28  130-157     7-34  (41)
479 tr|A0A0D1C197|A0A0D1C197_USTMA  57.9      29  0.0001   36.7   0.0   35  184-218   240-274 (420)
480 tr|A7RPZ2|A7RPZ2_NEMVE Predict  57.5      29  0.0001   33.4   0.0   46   94-139   148-194 (195)
481 tr|A0A1J1IK81|A0A1J1IK81_9DIPT  55.9      32 0.00011   39.3   0.0  179   32-217    50-235 (961)
482 tr|N6VP44|N6VP44_9EURY Radical  55.9      32 0.00011   31.2   0.0   50  138-188     3-52  (128)
483 tr|A0A1M2QBB3|A0A1M2QBB3_ECOLX  54.9      35 0.00012   26.9   0.0   46  109-154     3-50  (54)
484 tr|A0A1A8D8Q5|A0A1A8D8Q5_9TELE  54.8      29 0.00012   38.4   0.0  114   93-218   300-415 (464)
485 tr|A0A0D9RRW8|A0A0D9RRW8_CHLSB  54.5      29 0.00012   37.9   0.0   68   87-159   290-357 (405)
486 tr|A0A0H2SFC1|A0A0H2SFC1_9BACT  54.5      36 0.00012   30.6   0.0   50   96-152    34-83  (118)
487 tr|K9DLA4|K9DLA4_9FIRM Unchara  54.0      37 0.00013   30.3   0.0   56  165-220    18-80  (112)
488 tr|F6XH08|F6XH08_MACMU Unchara  53.8      29 0.00013   39.0   0.0  120   87-213   359-488 (517)
489 tr|A0A094YHK9|A0A094YHK9_9PROT  53.4      38 0.00013   34.5   0.0   55   61-116   228-289 (298)
490 tr|T0M741|T0M741_CAMFR Interfe  52.6      40 0.00014   36.2   0.0   73   86-163   249-321 (471)
491 tr|K8ZAG9|K8ZAG9_NANGC Selenop  51.3      43 0.00015   30.2   0.0   29  189-217    16-44  (119)
492 tr|A0A1I8CVW2|A0A1I8CVW2_9BILA  51.1      44 0.00015   31.5   0.0   49   22-71     56-104 (160)
493 tr|A0A0B5D5H6|A0A0B5D5H6_9GAMA  50.1      43 0.00016   35.7   0.0  118   34-159   172-304 (355)
494 tr|A0A1G0MHT9|A0A1G0MHT9_9BACT  49.6      48 0.00017   27.6   0.0   30   49-78     34-66  (72)
495 tr|A0A183M5S7|A0A183M5S7_9TREM  49.0      50 0.00017   30.6   0.0   55   22-76     68-122 (139)
496 tr|A0A183U8K2|A0A183U8K2_TOXCA  49.0      50 0.00017   31.2   0.0   25   99-123    36-60  (161)
497 tr|F6R698|F6R698_ORNAN Unchara  48.8      41 0.00018   37.0   0.0   74   85-163   313-386 (416)
498 tr|C0NB54|C0NB54_AJECG Unchara  48.8      50 0.00018   31.4   0.0   36   91-126    11-47  (169)
499 tr|A0A1M2W3K0|A0A1M2W3K0_TRAPU  48.7      50 0.00018   26.8   0.0   28   14-41     36-63  (63)
500 tr|A0A0B2VPK5|A0A0B2VPK5_TOXCA  48.5      51 0.00018   33.3   0.0   57  145-207    58-115 (267)

