- 18:20:52.411 INFO: Searching 12365503 column state sequences.

- 18:20:52.474 INFO: /var/www/html/services/NetSurfP-2.0/tmp/6015956700005459B4CE8834/0000_NP_112420_1/0000_NP_112420_1_INPUT.fasta is in A2M, A3M or FASTA format

- 18:20:52.475 INFO: Iteration 1

- 18:20:52.564 INFO: Prefiltering database

- 18:21:04.069 INFO: HMMs passed 1st prefilter (gapless profile-profile alignment)  : 907311

- 18:21:09.175 WARNING: Number of hits passing 2nd prefilter (reduced from 33103 to allowed maximum of 20000).
You can increase the allowed maximum using the -maxfilt <max> option.

- 18:21:09.436 INFO: HMMs passed 2nd prefilter (gapped profile-profile alignment)   : 20000

- 18:21:09.436 INFO: HMMs passed 2nd prefilter and not found in previous iterations : 20000

- 18:21:09.436 INFO: Scoring 20000 HMMs using HMM-HMM Viterbi alignment

- 18:21:09.806 INFO: Alternative alignment: 0

- 18:21:14.288 INFO: 2000 alignments done

- 18:21:19.254 INFO: 4000 alignments done

- 18:21:26.869 INFO: 6000 alignments done

- 18:21:35.688 INFO: 8000 alignments done

- 18:21:48.895 INFO: 10000 alignments done

- 18:22:03.698 INFO: 12000 alignments done

- 18:22:03.765 WARNING: Warning in /usr/cbs/bio/src/netsurfp-2.0/hhsuite-3.0-beta.3-Source/src/hhalignment.cpp:1782: Filter2:

- 18:22:03.765 WARNING: 	Filtering removed all sequences in alignment tr|W4Z624_1|W4Z624_STRPU. Inserting back first sequence.

- 18:22:03.770 WARNING: Warning in /usr/cbs/bio/src/netsurfp-2.0/hhsuite-3.0-beta.3-Source/src/hhalignment.cpp:1782: Filter2:

- 18:22:03.770 WARNING: 	Filtering removed all sequences in alignment tr|W4XWK7_1|W4XWK7_STRPU. Inserting back first sequence.

- 18:22:16.163 INFO: 14000 alignments done

- 18:22:30.799 INFO: 16000 alignments done

- 18:22:44.177 INFO: 18000 alignments done

- 18:23:01.355 INFO: 20000 alignments done

- 18:23:01.378 INFO: Alternative alignment: 1

- 18:23:10.726 INFO: 18402 alignments done

- 18:23:10.914 INFO: Alternative alignment: 2

- 18:23:14.474 INFO: 16919 alignments done

- 18:23:14.614 INFO: Alternative alignment: 3

- 18:23:16.685 INFO: 7529 alignments done

- 18:23:17.312 INFO: Realigning 500 HMM-HMM alignments using Maximum Accuracy algorithm

- 18:23:43.777 INFO: 8850 sequences belonging to 8850 database HMMs found with an E-value < 0.001

- 18:23:43.778 INFO: Number of effective sequences of resulting query HMM: Neff = 8.09232

- 18:23:44.159 INFO: Iteration 2

- 18:23:44.273 INFO: Prefiltering database

- 18:23:57.926 INFO: HMMs passed 1st prefilter (gapless profile-profile alignment)  : 8753775

- 18:24:51.029 WARNING: Number of hits passing 2nd prefilter (reduced from 3154564 to allowed maximum of 20000).
You can increase the allowed maximum using the -maxfilt <max> option.

- 18:24:51.134 INFO: HMMs passed 2nd prefilter (gapped profile-profile alignment)   : 20000

- 18:24:51.134 INFO: HMMs passed 2nd prefilter and not found in previous iterations : 17894

- 18:24:51.134 INFO: Scoring 17894 HMMs using HMM-HMM Viterbi alignment

- 18:24:51.414 INFO: Alternative alignment: 0

- 18:24:53.017 INFO: 2000 alignments done

- 18:24:54.669 INFO: 4000 alignments done

- 18:24:55.894 INFO: 6000 alignments done

- 18:24:57.052 INFO: 8000 alignments done

- 18:24:58.305 INFO: 10000 alignments done

- 18:24:59.761 INFO: 12000 alignments done

- 18:25:00.999 INFO: 14000 alignments done

- 18:25:02.242 INFO: 16000 alignments done

- 18:25:03.495 INFO: 17894 alignments done

- 18:25:03.515 INFO: Alternative alignment: 1

- 18:25:04.548 INFO: 10285 alignments done

- 18:25:04.570 INFO: Alternative alignment: 2

- 18:25:05.453 INFO: 8984 alignments done

- 18:25:05.504 INFO: Alternative alignment: 3

- 18:25:05.662 INFO: 1311 alignments done

- 18:25:06.029 INFO: Rescoring previously found HMMs with Viterbi algorithm

- 18:25:06.322 INFO: Alternative alignment: 0

- 18:25:06.693 INFO: 2000 alignments done

- 18:25:07.083 INFO: 4000 alignments done

- 18:25:07.366 INFO: 5581 alignments done

- 18:25:07.374 INFO: Alternative alignment: 1

- 18:25:08.458 INFO: 5580 alignments done

- 18:25:08.476 INFO: Alternative alignment: 2

- 18:25:09.567 INFO: 5556 alignments done

- 18:25:09.594 INFO: Alternative alignment: 3

- 18:25:10.436 INFO: 3561 alignments done

- 18:25:11.015 INFO: Realigning 500 HMM-HMM alignments using Maximum Accuracy algorithm

- 18:25:25.607 INFO: 18348 sequences belonging to 18348 database HMMs found with an E-value < 0.001

- 18:25:25.607 INFO: Number of effective sequences of resulting query HMM: Neff = 8.50698

Query         0000_NP_112420_1
Match_columns 372
No_of_seqs    3897 out of 16644
Neff          8.50698
Searched_HMMs 33653
Date          Sat Jan 30 18:25:25 2021
Command       /tools/src/netsurfp-2.0/hhsuite/bin/hhblits -i /var/www/html/services/NetSurfP-2.0/tmp/6015956700005459B4CE8834/0000_NP_112420_1/0000_NP_112420_1_INPUT.fasta -o /dev/null -ohhm /var/www/html/services/NetSurfP-2.0/tmp/6015956700005459B4CE8834/0000_NP_112420_1/0000_NP_112420_1_PROFILE.hhm -n 2 -d /net/nas/storage/databases/userdb/netsurfp2-db/uniclust30_2017_04/uniclust30_2017_04 -oa3m /var/www/html/services/NetSurfP-2.0/tmp/6015956700005459B4CE8834/0000_NP_112420_1/0000_NP_112420_1_MSA.a3m -cpu 10 

 No Hit                             Prob E-value P-value  Score    SS Cols Query HMM  Template HMM
  1 sp|P51992|RO32_XENLA Heterogen 100.0 1.2E-74 4.7E-80  531.9   0.0  344    3-372    16-385 (385)
  2 tr|L8Y631|L8Y631_TUPCH Heterog 100.0 3.8E-72 1.4E-77  503.5   0.0  330    6-335     1-352 (432)
  3 tr|A0A0K8RU64|A0A0K8RU64_CROHD 100.0 1.8E-67   7E-73  474.6   0.0  230    1-230    14-243 (314)
  4 tr|A0A0Q3X921|A0A0Q3X921_AMAAE 100.0 5.3E-67 1.8E-72  468.6   0.0  332    4-343    53-392 (456)
  5 sp|Q9CX86|ROA0_MOUSE Heterogen 100.0 1.3E-65   5E-71  463.3   0.0  184    8-191     1-184 (305)
  6 tr|A0A023FJS1|A0A023FJS1_9ACAR 100.0 1.3E-65 5.2E-71  465.0   0.0  190    2-191     2-191 (309)
  7 tr|F1KXA9|F1KXA9_ASCSU Heterog 100.0 5.8E-64 2.2E-69  455.7   0.0  190    5-194    13-202 (357)
  8 tr|G5C268|G5C268_HETGA Putativ 100.0 8.6E-64 3.2E-69  444.5   0.0  268    1-372    37-308 (332)
  9 tr|A0A151MUT9|A0A151MUT9_ALLMI 100.0 1.9E-62 6.6E-68  434.7   0.0  299    4-319    10-311 (409)
 10 tr|H2UQN8|H2UQN8_TAKRU Unchara 100.0 2.8E-61   1E-66  423.2   0.0  210    1-210     7-216 (279)
 11 tr|A0A026VWW8|A0A026VWW8_CERBI 100.0 4.1E-60 1.6E-65  437.9   0.0  186    4-189     7-192 (396)
 12 tr|M7BWI4|M7BWI4_CHEMY Heterog 100.0 1.4E-59 5.1E-65  417.6   0.0  316    6-345    16-339 (419)
 13 tr|G1NBC8|G1NBC8_MELGA Unchara 100.0 9.7E-59 3.7E-64  410.2   0.0  194    1-194    20-213 (272)
 14 tr|G3U5W7|G3U5W7_LOXAF Unchara 100.0 1.7E-57 6.3E-63  400.1   0.0  277    3-292    21-300 (307)
 15 tr|G5BTZ8|G5BTZ8_HETGA Heterog 100.0 6.8E-57 2.4E-62  399.4   0.0  284    5-290    90-376 (392)
 16 tr|A0A0L8H0G9|A0A0L8H0G9_OCTBM 100.0 1.1E-56 4.3E-62  411.6   0.0  181    6-189    23-203 (321)
 17 tr|G3P4C3|G3P4C3_GASAC Unchara 100.0 1.6E-56 5.9E-62  398.8   0.0  150   46-195     1-150 (303)
 18 tr|A0A146S924|A0A146S924_FUNHE 100.0 5.7E-54 2.3E-59  376.3   0.0  188    4-191     3-190 (221)
 19 tr|A0A147AQ10|A0A147AQ10_FUNHE 100.0   6E-53 2.1E-58  374.1   0.0  188    5-192     4-191 (401)
 20 tr|A0A146WPW0|A0A146WPW0_FUNHE 100.0 7.5E-53 2.6E-58  374.7   0.0  189    1-190     1-189 (414)
 21 tr|A0A091CWY6|A0A091CWY6_FUKDA 100.0   1E-52 3.7E-58  370.8   0.0  257    5-293   113-372 (384)
 22 tr|A0A1A6HLU7|A0A1A6HLU7_NEOLE 100.0 3.4E-52 1.2E-57  364.5   0.0  188    5-192     4-191 (309)
 23 tr|A0A1B0C3I3|A0A1B0C3I3_9MUSC 100.0   1E-51 3.7E-57  375.1   0.0  184    5-188    22-205 (423)
 24 tr|A0A1S3HFP9|A0A1S3HFP9_LINUN 100.0 2.2E-51 7.6E-57  366.1   0.0  187    5-191     3-189 (421)
 25 tr|H0W8M5|H0W8M5_CAVPO Unchara 100.0 9.6E-51 3.7E-56  348.7   0.0  173    8-180     1-173 (205)
 26 tr|W8CD64|W8CD64_CERCA Heterog 100.0 2.4E-50 8.7E-56  365.4   0.0  185    4-188    95-279 (452)
 27 tr|T2MGN4|T2MGN4_HYDVU Heterog 100.0 4.3E-50 1.6E-55  359.4   0.0  183    4-187    10-198 (334)
 28 tr|A0A146U5L9|A0A146U5L9_FUNHE 100.0 6.4E-50 2.3E-55  339.1   0.0  185    4-188    26-210 (237)
 29 tr|A0A0R3RN89|A0A0R3RN89_9BILA 100.0   7E-50 2.7E-55  341.2   0.0  176   16-191     1-176 (206)
 30 tr|G1L7N4|G1L7N4_AILME Unchara 100.0 4.9E-49 1.8E-54  335.5   0.0  232    1-351     1-232 (232)
 31 tr|A0A1A6HQZ6|A0A1A6HQZ6_NEOLE 100.0 6.7E-49 2.5E-54  337.4   0.0  220   72-372     1-222 (222)
 32 tr|L8Y483|L8Y483_TUPCH Heterog 100.0 1.5E-48 5.3E-54  340.8   0.0  228    1-228     1-228 (346)
 33 tr|A0A1A9VKJ8|A0A1A9VKJ8_GLOAU 100.0 8.7E-48 3.4E-53  360.3   0.0  182    6-190    21-202 (381)
 34 tr|A0A146NPB6|A0A146NPB6_FUNHE 100.0 2.8E-47 9.9E-53  344.0   0.0  189    1-190     1-189 (470)
 35 tr|Q6PNM9|Q6PNM9_PARLI AUF1 si 100.0 4.5E-47 1.7E-52  347.6   0.0  179    6-190    42-220 (361)
 36 tr|A0A023FI60|A0A023FI60_9ACAR 100.0 2.6E-46   1E-51  333.9   0.0  168   10-186     3-170 (266)
 37 tr|A0A151I394|A0A151I394_9HYME 100.0 3.6E-46 1.3E-51  339.2   0.0  188    3-190    12-199 (505)
 38 tr|A0A151JWA4|A0A151JWA4_9HYME 100.0   4E-46 1.4E-51  338.0   0.0  188    3-190    60-247 (490)
 39 tr|A0A151IS60|A0A151IS60_9HYME 100.0 4.4E-46 1.5E-51  336.5   0.0  185    6-190    45-229 (472)
 40 tr|U5GQE1|U5GQE1_POPTR Unchara 100.0 5.1E-46   2E-51  351.2   0.0  174   12-188    74-248 (408)
 41 tr|T1G1D1|T1G1D1_HELRO Unchara 100.0 7.9E-46 3.1E-51  323.4   0.0  176   15-190     1-178 (212)
 42 tr|A0A1L8HIE0|A0A1L8HIE0_XENLA 100.0   1E-45 3.6E-51  324.5   0.0  194    1-194     1-194 (358)
 43 tr|A0A182Z5D7|A0A182Z5D7_BIOGL 100.0 1.5E-45 5.1E-51  326.3   0.0  180    7-187    89-268 (386)
 44 tr|A0A150G3D2|A0A150G3D2_GONPE 100.0 1.6E-45 6.2E-51  330.4   0.0  174   10-187    15-189 (301)
 45 tr|K4CW78|K4CW78_SOLLC Unchara 100.0   2E-45 7.5E-51  348.4   0.0  174   12-186     4-190 (475)
 46 tr|A0A146LCS5|A0A146LCS5_LYGHE 100.0 2.5E-45 9.4E-51  333.3   0.0  166   10-186    52-217 (331)
 47 tr|T1FGB9|T1FGB9_HELRO Unchara 100.0 2.9E-45   1E-50  338.3   0.0  191    1-191     1-191 (592)
 48 tr|A0A0L0UWL6|A0A0L0UWL6_9BASI 100.0 4.9E-45 1.9E-50  355.2   0.0  176    9-184   328-515 (616)
 49 tr|A0A183SY65|A0A183SY65_SCHSO 100.0 5.8E-45 2.2E-50  320.2   0.0  181    9-190     8-188 (260)
 50 tr|A0A0D6R503|A0A0D6R503_ARACU 100.0 1.1E-44 4.1E-50  341.0   0.0  175   12-187     4-194 (429)
 51 tr|A0A199W3Z7|A0A199W3Z7_ANACO 100.0 1.2E-44 4.4E-50  335.1   0.0  175   10-186    77-252 (389)
 52 tr|A0A194RF21|A0A194RF21_PAPMA 100.0   2E-44 7.1E-50  305.6   0.0  183    6-188    11-193 (243)
 53 tr|X2AZP4|X2AZP4_CAPTE Unchara 100.0   2E-44 7.8E-50  329.9   0.0  170   10-185    51-221 (352)
 54 tr|G5B706|G5B706_HETGA Heterog 100.0 2.6E-44 9.9E-50  301.1   0.0  160    3-165    21-180 (181)
 55 tr|B9VS67|B9VS67_BOMMO HnRNPA/ 100.0 2.7E-44   1E-49  314.6   0.0  176   10-186     9-184 (256)
 56 tr|A0A154PD25|A0A154PD25_9HYME 100.0 3.4E-44 1.2E-49  342.8   0.0  184    7-190   562-745 (910)
 57 tr|D0MWU0|D0MWU0_PHYIT Nucleol 100.0   3E-44 1.2E-49  347.2   0.0  173    9-185   244-416 (496)
 58 tr|E4YAN3|E4YAN3_OIKDI Unchara 100.0 3.6E-44 1.4E-49  322.1   0.0  167   10-187    52-218 (331)
 59 tr|A0A177TND1|A0A177TND1_9BASI 100.0 4.3E-44 1.6E-49  338.4   0.0  177    9-185   198-391 (485)
 60 tr|M2LHG8|M2LHG8_BAUCO Unchara 100.0 4.4E-44 1.7E-49  318.0   0.0  172   14-185     1-189 (253)
 61 tr|A0A0P6D933|A0A0P6D933_9CRUS 100.0   8E-44 2.8E-49  301.6   0.0  186    7-192    60-245 (264)
 62 tr|A0A135LB36|A0A135LB36_PENPA 100.0   1E-43 4.1E-49  343.5   0.0  176   10-185   239-428 (499)
 63 tr|M1A1H0|M1A1H0_SOLTU Unchara 100.0 1.3E-43   5E-49  327.6   0.0  176   11-187     4-197 (344)
 64 tr|G3WSI6|G3WSI6_SARHA Unchara 100.0 1.6E-43 5.8E-49  299.1   0.0  179   10-188     3-181 (219)
 65 tr|A0A165IKH1|A0A165IKH1_9APHY 100.0 1.6E-43 5.9E-49  314.7   0.0  175   11-185    43-227 (277)
 66 tr|T1J997|T1J997_STRMM Unchara 100.0 2.6E-43 9.3E-49  319.8   0.0  186    1-187    14-199 (391)
 67 tr|B3RKY0|B3RKY0_TRIAD Putativ 100.0 2.7E-43 9.9E-49  289.6   0.0  167   13-186     2-168 (172)
 68 tr|A0A131YIH8|A0A131YIH8_RHIAP 100.0 2.6E-43   1E-48  315.3   0.0  182    8-189    17-221 (294)
 69 tr|B4G2V0|B4G2V0_DROPE GL23974 100.0 3.2E-43 1.2E-48  317.3   0.0  170    9-189    50-219 (341)
 70 tr|G4TQ35|G4TQ35_SERID Related 100.0 3.4E-43 1.3E-48  346.2   0.0  176   10-185   387-571 (657)
 71 tr|A0A0V0I9I3|A0A0V0I9I3_SOLCH 100.0 3.8E-43 1.4E-48  325.4   0.0  176   12-189    46-222 (391)
 72 tr|A0A087WUI2|A0A087WUI2_HUMAN 100.0 5.1E-43 1.9E-48  301.2   0.0  184    7-190    14-197 (261)
 73 tr|A0A1B0BUM5|A0A1B0BUM5_9MUSC 100.0 5.3E-43   2E-48  328.7   0.0  181    8-188    31-212 (469)
 74 tr|A0A067DA27|A0A067DA27_SAPPC 100.0 6.8E-43 2.5E-48  321.1   0.0  174   12-187    76-265 (433)
 75 tr|B4QYR3|B4QYR3_DROSI GD21374 100.0 2.5E-42 8.9E-48  349.5   0.0  182    5-186  2608-2789(2951)
 76 tr|A0A0B1PSA7|A0A0B1PSA7_9BILA 100.0 3.7E-42 1.3E-47  302.0   0.0  182    9-190     7-206 (306)
 77 tr|H2RZY0|H2RZY0_TAKRU Unchara 100.0 3.7E-42 1.4E-47  316.2   0.0  179    9-187     6-197 (408)
 78 tr|A0A1S3EKM0|A0A1S3EKM0_DIPOR 100.0 4.7E-42 1.6E-47  297.0   0.0  185    5-189    26-210 (312)
 79 tr|A0A0L6WMS9|A0A0L6WMS9_9AGAR 100.0 4.8E-42 1.9E-47  321.2   0.0  165   16-189     1-165 (358)
 80 tr|A0A166T2H3|A0A166T2H3_9HOMO 100.0 5.3E-42 2.1E-47  291.1   0.0  160   16-182     1-160 (168)
 81 tr|A0A183I5A3|A0A183I5A3_9BILA 100.0 6.1E-42 2.2E-47  295.1   0.0  171   16-194     1-171 (256)
 82 tr|M4FG07|M4FG07_BRARP Unchara 100.0 6.5E-42 2.5E-47  325.6   0.0  177   12-189     4-192 (486)
 83 tr|A0A151WHT5|A0A151WHT5_9HYME 100.0 7.1E-42 2.6E-47  307.6   0.0  166    9-185    41-206 (357)
 84 tr|B4KJW4|B4KJW4_DROMO Unchara 100.0 8.5E-42 3.1E-47  315.2   0.0  174   10-185     3-176 (423)
 85 tr|M7BDL6|M7BDL6_CHEMY Heterog 100.0 1.1E-41 3.8E-47  284.4   0.0  194    6-249     1-195 (212)
 86 tr|W4YP82|W4YP82_STRPU Unchara 100.0 1.6E-41 5.6E-47  300.9   0.0  176    6-190    29-207 (385)
 87 tr|A0A182DXG2|A0A182DXG2_ONCOC 100.0 2.1E-41 7.3E-47  321.6   0.0  186    7-192    81-266 (819)
 88 tr|S4PLS6|S4PLS6_9NEOP Heterog 100.0 2.1E-41 7.8E-47  299.0   0.0  178    9-187     8-185 (281)
 89 tr|A0A0L7QXY8|A0A0L7QXY8_9HYME 100.0 2.3E-41 8.2E-47  309.7   0.0  175   16-190   194-368 (531)
 90 tr|A0A0L8RIE3|A0A0L8RIE3_SACEU 100.0 3.1E-41 1.2E-46  331.5   0.0  172   10-188   157-328 (554)
 91 tr|A0A1A9VKJ7|A0A1A9VKJ7_GLOAU 100.0 4.8E-41 1.8E-46  307.8   0.0  167   10-187    45-211 (361)
 92 tr|B4GP01|B4GP01_DROPE GL13791 100.0 5.7E-41   2E-46  301.0   0.0  181    5-185    17-197 (431)
 93 tr|A0A0V1B740|A0A0V1B740_TRISP 100.0 6.5E-41 2.3E-46  297.3   0.0  185    7-191    20-204 (338)
 94 tr|A0A162YI91|A0A162YI91_MUCCL 100.0 1.1E-40   4E-46  277.1   0.0  166   13-184     8-173 (180)
 95 tr|F6TNN9|F6TNN9_CIOIN Unchara 100.0 1.2E-40 4.2E-46  294.6   0.0  186    5-190    12-197 (376)
 96 tr|A0A0N0BGY1|A0A0N0BGY1_9HYME 100.0 1.6E-40 5.7E-46  298.2   0.0  164   27-190     9-172 (432)
 97 tr|W8ADG4|W8ADG4_CERCA Ribonuc 100.0 1.8E-40 6.6E-46  305.5   0.0  184    7-190    28-211 (422)
 98 tr|I1GMV1|I1GMV1_BRADI Unchara 100.0 1.8E-40   7E-46  306.2   0.0  176   11-186     3-211 (345)
 99 tr|K9IRC7|K9IRC7_DESRO Putativ 100.0 2.1E-40 8.1E-46  297.7   0.0  172    8-186    24-196 (292)
100 tr|W5MU82|W5MU82_LEPOC Unchara 100.0 2.8E-40   1E-45  298.1   0.0  174    8-188    81-262 (359)
101 tr|A0A167S1E0|A0A167S1E0_9PEZI 100.0 2.7E-40   1E-45  328.0   0.0  170   11-188   166-335 (676)
102 tr|H2YI67|H2YI67_CIOSA Unchara 100.0   3E-40 1.1E-45  297.8   0.0  184    7-190    14-197 (451)
103 tr|F0XDB2|F0XDB2_GROCL Nucleol 100.0   3E-40 1.1E-45  310.8   0.0  176   10-185   162-351 (413)
104 tr|V9E3S6|V9E3S6_PHYPR Unchara 100.0 3.3E-40 1.2E-45  302.7   0.0  175   10-186   106-294 (468)
105 tr|T1EHX0|T1EHX0_HELRO Unchara 100.0 3.4E-40 1.3E-45  275.3   0.0  165   10-174     3-168 (169)
106 tr|A0A0K8TRL6|A0A0K8TRL6_TABBR 100.0 3.7E-40 1.4E-45  306.9   0.0  174   11-186     4-177 (425)
107 tr|N4V216|N4V216_COLOR Heterog 100.0 3.8E-40 1.5E-45  310.0   0.0  165   16-188     1-165 (425)
108 tr|A0A0R3X6H9|A0A0R3X6H9_HYDTA 100.0 4.9E-40 1.8E-45  312.4   0.0  183    8-191     7-189 (611)
109 tr|A0A078J3D4|A0A078J3D4_BRANA 100.0 4.9E-40 1.8E-45  305.4   0.0  178    9-187    13-200 (411)
110 tr|J3MN93|J3MN93_ORYBR Unchara 100.0 4.9E-40   2E-45  290.8   0.0  176    9-184    32-217 (221)
111 tr|Q26658|Q26658_STRPU Stage s 100.0 6.8E-40 2.5E-45  297.6   0.0  176   11-186     3-180 (382)
112 tr|F7EH18|F7EH18_MONDO Unchara 100.0 7.6E-40 2.7E-45  293.5   0.0  170   13-188   117-287 (377)
113 tr|A0A1A9VF89|A0A1A9VF89_GLOAU 100.0 7.7E-40 2.9E-45  289.5   0.0  171   16-189     1-171 (281)
114 tr|Q3TE41|Q3TE41_MOUSE Putativ 100.0 9.2E-40 3.5E-45  297.5   0.0  179   10-190    17-195 (346)
115 tr|T1IXR2|T1IXR2_STRMM Unchara 100.0 1.1E-39 3.9E-45  293.7   0.0  172    7-187    67-238 (364)
116 tr|S2JPJ3|S2JPJ3_MUCC1 Unchara 100.0 1.1E-39 4.2E-45  300.4   0.0  175    9-183   126-309 (364)
117 tr|A0A1I8AZ97|A0A1I8AZ97_MELHA 100.0 1.5E-39 5.3E-45  288.9   0.0  192    3-194    62-253 (390)
118 tr|A0A0A6KRC3|A0A0A6KRC3_CANAX 100.0 1.4E-39 5.3E-45  311.3   0.0  169   11-186   159-327 (475)
119 tr|U6KT01|U6KT01_EIMTE Nucleol 100.0 1.4E-39 5.6E-45  326.2   0.0  167   12-184   521-701 (767)
120 tr|U1NRS1|U1NRS1_ASCSU Heterog 100.0 1.7E-39 5.9E-45  294.8   0.0  185    8-192   148-332 (479)
121 tr|H3D7K3|H3D7K3_TETNG Unchara 100.0 1.8E-39 6.9E-45  280.8   0.0  176    7-188    23-199 (241)
122 tr|A0A0K2TCT3|A0A0K2TCT3_LEPSM 100.0 2.2E-39 7.5E-45  290.7   0.0  180    7-186   102-281 (427)
123 tr|A0A0V0U7U5|A0A0V0U7U5_9BILA 100.0 2.5E-39 9.2E-45  291.1   0.0  182    6-189    13-194 (335)
124 tr|A0A1A6HFH0|A0A1A6HFH0_NEOLE 100.0 3.4E-39 1.2E-44  280.9   0.0  197    1-246     1-197 (308)
125 tr|I8TG63|I8TG63_ASPO3 RNA-bin 100.0 3.4E-39 1.3E-44  310.9   0.0  170   12-189    97-266 (545)
126 tr|A0A139AVA8|A0A139AVA8_GONPR 100.0 6.3E-39 2.4E-44  283.3   0.0  175    9-184    31-230 (238)
127 tr|A0A1J3CRB6|A0A1J3CRB6_NOCCA 100.0   7E-39 2.5E-44  291.5   0.0  176   12-190    40-216 (420)
128 tr|Q6FVB4|Q6FVB4_CANGA Unchara 100.0 7.5E-39 2.9E-44  300.1   0.0  177    9-185   171-358 (425)
129 tr|A0A0N5CXE3|A0A0N5CXE3_THECL 100.0 8.6E-39   3E-44  267.7   0.0  183    7-189    41-223 (237)
130 tr|A0A0R3X6H9|A0A0R3X6H9_HYDTA 100.0 8.8E-39 3.2E-44  304.0   0.0  182    8-190   331-512 (611)
131 tr|A0A1I8ECF0|A0A1I8ECF0_WUCBA 100.0   1E-38 3.5E-44  290.4   0.0  176    8-191   181-356 (489)
132 tr|B4DP35|B4DP35_HUMAN cDNA FL 100.0   1E-38 3.9E-44  271.9   0.0  109    1-109     1-109 (208)
133 tr|A0A0L6W8Q5|A0A0L6W8Q5_9AGAR 100.0 1.2E-38 4.8E-44  307.6   0.0  175    7-189   132-306 (508)
134 tr|A0A163KZI5|A0A163KZI5_ABSGL 100.0 1.3E-38   5E-44  298.4   0.0  178   11-188   168-357 (501)
135 tr|M1A155|M1A155_SOLTU Unchara 100.0 1.5E-38 5.4E-44  293.2   0.0  166   11-188    39-205 (437)
136 tr|A0A0P5TM78|A0A0P5TM78_9CRUS 100.0 1.6E-38 6.3E-44  290.7   0.0  169    7-186    62-264 (297)
137 tr|A0A1A6GKY7|A0A1A6GKY7_NEOLE 100.0 1.9E-38 6.6E-44  278.0   0.0  176    6-181    13-188 (327)
138 tr|A0A0M3K1M4|A0A0M3K1M4_ANISI 100.0 2.6E-38 9.1E-44  266.6   0.0  182    7-188    67-248 (249)
139 tr|A0A199VPC9|A0A199VPC9_ANACO 100.0 2.5E-38 9.3E-44  289.6   0.0  175   11-186    25-232 (385)
140 tr|A0A0K2TY40|A0A0K2TY40_LEPSM 100.0 3.2E-38 1.2E-43  295.5   0.0  182    7-189    34-215 (484)
141 tr|R7V854|R7V854_CAPTE Unchara 100.0 4.3E-38 1.6E-43  277.4   0.0  172   13-189     1-172 (314)
142 tr|G1LII6|G1LII6_AILME Unchara 100.0 4.8E-38 1.7E-43  256.0   0.0  174  106-372     1-174 (174)
143 tr|F1L400|F1L400_ASCSU RNA-bin 100.0 5.3E-38   2E-43  284.3   0.0  177   10-188    40-216 (345)
144 tr|M2PGE0|M2PGE0_CERS8 Unchara 100.0   6E-38 2.3E-43  256.2   0.0  137   11-155     8-144 (144)
145 tr|F1KRR4|F1KRR4_ASCSU RNA-bin 100.0 6.6E-38 2.5E-43  280.5   0.0  165   11-185    35-199 (303)
146 tr|A0A0P5Z891|A0A0P5Z891_9CRUS 100.0 9.8E-38 3.4E-43  276.6   0.0  184    7-190    29-212 (378)
147 tr|A0A0P6BGE0|A0A0P6BGE0_9CRUS 100.0 9.9E-38 3.5E-43  280.5   0.0  184    7-190    34-217 (432)
148 tr|A0A0N5DEM5|A0A0N5DEM5_TRIMR 100.0 1.1E-37 3.9E-43  272.6   0.0  183    8-190     6-188 (335)
149 tr|M5W921|M5W921_PRUPE Unchara 100.0 1.1E-37   4E-43  269.5   0.0  174   11-185     4-183 (242)
150 tr|T1JIY3|T1JIY3_STRMM Unchara 100.0 1.4E-37   5E-43  283.4   0.0  174   15-188     1-181 (396)
151 tr|A9T3G3|A9T3G3_PHYPA Predict 100.0 1.4E-37   5E-43  261.0   0.0  170   15-186     2-172 (199)
152 tr|B5X9N1|B5X9N1_SALSA Heterog 100.0 1.6E-37 5.5E-43  263.5   0.0  181    9-189     3-183 (261)
153 tr|B9F4C0|B9F4C0_ORYSJ Unchara 100.0 1.8E-37 6.5E-43  285.1   0.0  175   11-187   176-351 (510)
154 tr|L5LME2|L5LME2_MYODS Heterog 100.0 1.8E-37 6.6E-43  255.3   0.0  183  137-372     1-183 (183)
155 tr|A0A0P6FLQ8|A0A0P6FLQ8_9CRUS 100.0 1.9E-37 6.8E-43  289.3   0.0  177   11-187    17-197 (466)
156 tr|Q4SQV2|Q4SQV2_TETNG Chromos 100.0 1.9E-37 6.9E-43  287.6   0.0  179   11-189     2-180 (487)
157 tr|A0A183DU59|A0A183DU59_9BILA 100.0   2E-37 7.1E-43  263.2   0.0  162    7-190    10-171 (229)
158 tr|A0A0N1ITV3|A0A0N1ITV3_9HYME 100.0 2.1E-37 7.3E-43  281.3   0.0  165   10-185    50-214 (456)
159 tr|A0A1S3AEF5|A0A1S3AEF5_ERIEU 100.0 2.2E-37 7.6E-43  268.5   0.0  205   11-215    18-222 (312)
160 tr|G3UP47|G3UP47_MELGA Unchara 100.0 2.6E-37 9.4E-43  272.1   0.0  174   15-188     1-186 (319)
161 tr|A0A0H5C1Q1|A0A0H5C1Q1_CYBJA 100.0 2.7E-37 9.9E-43  287.3   0.0  168   12-186   122-289 (436)
162 tr|A0A0P6A159|A0A0P6A159_9CRUS 100.0 3.2E-37 1.1E-42  274.3   0.0  184    7-190    29-212 (390)
163 tr|E4WW55|E4WW55_OIKDI Unchara 100.0 3.4E-37 1.2E-42  275.0   0.0  183    6-188     4-186 (402)
164 tr|Q4SQV2|Q4SQV2_TETNG Chromos 100.0 3.4E-37 1.2E-42  286.0   0.0  179   11-189   251-433 (487)
165 tr|A0A182F6T9|A0A182F6T9_ANOAL 100.0 3.6E-37 1.3E-42  285.6   0.0  178   10-189    59-236 (438)
166 tr|F2CX56|F2CX56_HORVD Predict 100.0 3.5E-37 1.3E-42  276.9   0.0  177   10-186    83-274 (278)
167 tr|H2PJA2|H2PJA2_PONAB Unchara 100.0 4.1E-37 1.4E-42  258.7   0.0  171   12-182     1-171 (244)
168 tr|U6NTU7|U6NTU7_HAECO Unchara 100.0 4.2E-37 1.5E-42  282.4   0.0  186    6-191    11-196 (534)
169 tr|A0A0K0FU14|A0A0K0FU14_9BILA 100.0 4.9E-37 1.7E-42  278.4   0.0  185    5-189    88-273 (451)
170 tr|A0A016WFN7|A0A016WFN7_9BILA 100.0   5E-37 1.7E-42  281.3   0.0  188    7-194    13-218 (522)
171 tr|A0A1I8CI17|A0A1I8CI17_9BILA 100.0 5.3E-37 1.9E-42  280.0   0.0  186    5-190   125-311 (500)
172 tr|G5A805|G5A805_PHYSP Putativ 100.0 6.7E-37 2.6E-42  252.1   0.0  145   10-156    14-158 (158)
173 tr|A0A085MMP9|A0A085MMP9_9BILA 100.0 7.6E-37 2.6E-42  273.3   0.0  183    8-190     6-188 (408)
174 tr|A0A183EEP2|A0A183EEP2_9BILA 100.0 7.8E-37 2.7E-42  257.8   0.0  178    8-188    67-244 (249)
175 sp|Q9FGS0|CP31B_ARATH RNA-bind 100.0 7.9E-37   3E-42  274.0   0.0  176    8-183   107-286 (289)
176 tr|A0A167LMZ4|A0A167LMZ4_PHYB8 100.0 8.8E-37 3.3E-42  260.7   0.0  169   16-184     1-172 (216)
177 tr|U5CQ50|U5CQ50_AMBTC Unchara 100.0 9.8E-37 3.5E-42  276.4   0.0  173   12-188   122-295 (410)
178 tr|A0A087W257|A0A087W257_ECHMU 100.0   1E-36 3.7E-42  272.9   0.0  179   10-188    63-258 (338)
179 tr|G0W4N4|G0W4N4_NAUDC Unchara 100.0 1.1E-36   4E-42  290.0   0.0  171   10-187   225-395 (552)
180 tr|H3FLH4|H3FLH4_PRIPA Unchara 100.0 1.2E-36 4.3E-42  294.7   0.0  187    6-192   675-895 (1053)
181 tr|H2ZGC1|H2ZGC1_CIOSA Unchara 100.0 1.3E-36 4.8E-42  273.2   0.0  166   12-186   101-266 (354)
182 tr|A0A0M4EH03|A0A0M4EH03_DROBS 100.0 1.4E-36 5.2E-42  279.9   0.0  181    7-187    31-211 (483)
183 tr|A0A182DXG2|A0A182DXG2_ONCOC 100.0 1.5E-36 5.3E-42  289.0   0.0  176    8-191   511-686 (819)
184 tr|E0W4A9|E0W4A9_PEDHC RNA-bin 100.0 1.6E-36 5.9E-42  266.1   0.0  168   10-186    17-184 (272)
185 tr|A0A0N4Z8P6|A0A0N4Z8P6_PARTI 100.0 1.8E-36 6.5E-42  273.5   0.0  185    5-189    85-270 (447)
186 tr|A0A068XS59|A0A068XS59_HYMMI 100.0 2.3E-36 8.2E-42  259.6   0.0  182    9-190    12-193 (287)
187 tr|A0A183UCX3|A0A183UCX3_TOXCA 100.0 2.6E-36   9E-42  266.5   0.0  183    7-189    43-225 (362)
188 tr|A0A1I8ID44|A0A1I8ID44_9PLAT 100.0   3E-36   1E-41  289.0   0.0  184    7-190    10-194 (900)
189 tr|J9P972|J9P972_CANLF Unchara 100.0   3E-36   1E-41  255.5   0.0  173    9-187    50-222 (258)
190 tr|A0A091E3G4|A0A091E3G4_FUKDA 100.0 2.9E-36 1.1E-41  267.4   0.0  171   12-188    47-217 (329)
191 tr|M9M7I2|M9M7I2_PSEA3 Nuclear 100.0 2.9E-36 1.1E-41  282.2   0.0  176   10-185   199-383 (400)
192 tr|A0A1D1VLD7|A0A1D1VLD7_RAMVA 100.0 3.2E-36 1.1E-41  277.7   0.0  184    7-190   133-316 (557)
193 tr|A0A060XIZ4|A0A060XIZ4_ONCMY 100.0 3.8E-36 1.3E-41  254.6   0.0  179   10-188     4-182 (256)
194 tr|L9KUV7|L9KUV7_TUPCH 60S rib 100.0 4.4E-36 1.5E-41  275.9   0.0  175   16-190   254-428 (536)
195 tr|A0A1I8ID44|A0A1I8ID44_9PLAT 100.0 4.8E-36 1.7E-41  287.6   0.0  178    6-183   333-511 (900)
196 tr|M8CFA5|M8CFA5_AEGTA Heterog 100.0 5.1E-36 1.8E-41  277.6   0.0  165   21-187   159-324 (484)
197 tr|F6ZD92|F6ZD92_MONDO Unchara 100.0 5.8E-36   2E-41  254.1   0.0  180    8-187    72-251 (261)
198 tr|A0A146KWG5|A0A146KWG5_LYGHE 100.0 5.8E-36 2.1E-41  260.5   0.0  180    8-189    15-194 (281)
199 tr|G1KTC4|G1KTC4_ANOCA Unchara 100.0 5.9E-36 2.1E-41  264.3   0.0  173    8-187   106-278 (316)
200 tr|G4UDK6|G4UDK6_NEUT9 RNA-bin 100.0 6.2E-36 2.2E-41  266.1   0.0  164   16-187     1-164 (324)
201 tr|A0A146KVB6|A0A146KVB6_LYGHE 100.0 6.9E-36 2.4E-41  267.4   0.0  177    7-184   124-301 (410)
202 tr|A0A0D6QR26|A0A0D6QR26_ARACU 100.0 6.3E-36 2.4E-41  284.3   0.0  176   11-186    60-235 (446)
203 tr|A0A067K791|A0A067K791_JATCU 100.0 6.8E-36 2.6E-41  260.3   0.0  158   29-186     1-166 (241)
204 tr|Q6CC04|Q6CC04_YARLI YALI0C1 100.0 7.2E-36 2.6E-41  269.8   0.0  164   16-186     1-164 (367)
205 tr|F4X0J4|F4X0J4_ACREC Heterog 100.0 7.3E-36 2.6E-41  266.1   0.0  169   15-184     1-169 (340)
206 tr|K7EW75|K7EW75_PELSI Unchara 100.0 7.6E-36 2.6E-41  253.9   0.0  178   10-187     3-180 (265)
207 tr|V9FY09|V9FY09_PHYPR Unchara 100.0 7.4E-36 2.7E-41  287.3   0.0  181   10-190     4-206 (629)
208 tr|A0A146PVH3|A0A146PVH3_FUNHE 100.0 8.8E-36 3.1E-41  264.0   0.0  175    7-188    46-220 (331)
209 tr|W9SJI8|W9SJI8_9ROSA DAZ-ass 100.0 9.2E-36 3.3E-41  282.6   0.0  179    8-187   102-290 (603)
210 tr|E0VUK8|E0VUK8_PEDHC Heterog 100.0   1E-35 3.5E-41  271.0   0.0  181    7-189    21-201 (486)
211 tr|A0A0K9R5B4|A0A0K9R5B4_SPIOL 100.0 9.6E-36 3.7E-41  274.4   0.0  174   11-184    63-236 (345)
212 tr|S4PH07|S4PH07_9NEOP Heterog 100.0 1.1E-35 4.1E-41  238.5   0.0  142   46-187     1-142 (153)
213 tr|M0UAS5|M0UAS5_MUSAM Unchara 100.0 1.1E-35 4.3E-41  266.3   0.0  176    8-183   107-285 (291)
214 tr|A0A068U5F6|A0A068U5F6_COFCA 100.0 1.2E-35 4.4E-41  270.8   0.0  174   12-186     7-195 (404)
215 tr|Q9Z0U8|Q9Z0U8_RAT Nucleic a 100.0 1.2E-35 4.4E-41  261.8   0.0  173    8-187    82-254 (298)
216 tr|A0A0N4V0U2|A0A0N4V0U2_ENTVE 100.0 1.3E-35 4.7E-41  266.3   0.0  173    7-179   151-323 (420)
217 tr|A0A127ZE12|A0A127ZE12_9BASI 100.0 1.4E-35 5.2E-41  285.3   0.0  181    7-188   162-365 (604)
218 tr|Q41042|Q41042_PEA L. (clone 100.0 1.4E-35 5.5E-41  291.7   0.0  172   13-185   354-535 (611)
219 tr|A0A146INT8|A0A146INT8_9AGAR 100.0 1.5E-35 5.7E-41  279.6   0.0  174    6-188   113-286 (440)
220 tr|L9L0Z7|L9L0Z7_TUPCH Heterog 100.0 2.1E-35 7.4E-41  245.0   0.0  140    1-140     1-140 (201)
221 tr|G5BTZ8|G5BTZ8_HETGA Heterog 100.0 2.2E-35 7.7E-41  264.0   0.0  154    5-185    26-179 (392)
222 tr|A0A087GT94|A0A087GT94_ARAAL 100.0 2.6E-35 9.1E-41  278.9   0.0  174   12-188   371-545 (753)
223 tr|A0A1D6QQA9|A0A1D6QQA9_MAIZE 100.0 2.6E-35 9.1E-41  269.6   0.0  176   11-188   178-354 (510)
224 sp|P19683|ROC4_NICSY 31 kDa ri 100.0 2.6E-35 9.8E-41  268.0   0.0  177    8-184   130-310 (315)
225 tr|M2XNR8|M2XNR8_GALSU Heterog 100.0 2.8E-35   1E-40  262.6   0.0  178    7-185    24-202 (345)
226 tr|I2K223|I2K223_DEKBR Nuclear 100.0 2.8E-35   1E-40  270.5   0.0  176   10-185   104-296 (358)
227 tr|A0A1S3AFZ0|A0A1S3AFZ0_ERIEU 100.0 3.2E-35 1.1E-40  277.9   0.0  185    4-190   472-656 (739)
228 tr|A0A131ZW35|A0A131ZW35_SARSC 100.0 3.3E-35 1.2E-40  279.1   0.0  160   22-189   495-654 (784)
229 tr|K0KX92|K0KX92_WICCF Nuclear 100.0 3.1E-35 1.2E-40  279.6   0.0  175   10-184   231-418 (467)
230 tr|A0A162RUG2|A0A162RUG2_9CRUS 100.0 3.7E-35 1.3E-40  288.1   0.0  184    7-190    34-217 (1283)
231 tr|A0A1R3JI18|A0A1R3JI18_9ROSI 100.0 3.9E-35 1.4E-40  248.9   0.0  175   11-188     6-181 (224)
232 tr|A0A078HXL9|A0A078HXL9_BRANA 100.0 4.2E-35 1.5E-40  269.9   0.0  177   12-190    40-217 (545)
233 tr|W6NCR8|W6NCR8_HAECO RNA rec 100.0 4.4E-35 1.6E-40  261.5   0.0  188    7-194    81-268 (378)
234 tr|A0A0P4WYB5|A0A0P4WYB5_9EUCA 100.0 4.8E-35 1.7E-40  268.1   0.0  180    7-187    57-236 (446)
235 tr|S8D8L2|S8D8L2_9LAMI Unchara 100.0   5E-35 1.8E-40  258.9   0.0  179    8-187     6-197 (335)
236 tr|E4XKR2|E4XKR2_OIKDI Unchara 100.0 5.4E-35   2E-40  254.1   0.0  168    9-187    17-184 (258)
237 tr|T1J906|T1J906_STRMM Unchara 100.0 9.4E-35 3.3E-40  264.9   0.0  188    7-194    31-220 (489)
238 tr|A0A077ZTW0|A0A077ZTW0_STYLE 100.0   1E-34 3.8E-40  278.9   0.0  169   11-182   309-492 (562)
239 tr|C3ZL82|C3ZL82_BRAFL Putativ 100.0 1.1E-34 4.1E-40  235.3   0.0  137   15-153     1-137 (137)
240 tr|R0IEX8|R0IEX8_9BRAS Unchara 100.0 1.2E-34 4.3E-40  264.3   0.0  177   11-188    22-222 (377)
241 tr|A0A0S4TG55|A0A0S4TG55_CRYHO 100.0 1.2E-34 4.4E-40  246.1   0.0  173   11-184     5-200 (202)
242 tr|A0A180H5W1|A0A180H5W1_PUCT1 100.0 1.2E-34 4.4E-40  272.6   0.0  175   11-186   124-322 (482)
243 tr|F0W949|F0W949_9STRA Nucleol 100.0 1.3E-34 4.7E-40  276.8   0.0  169   11-185   433-601 (701)
244 tr|A0A161MRB3|A0A161MRB3_TRIIF 100.0 1.4E-34   5E-40  268.0   0.0  178    9-187     8-185 (508)
245 tr|A0A146WWS6|A0A146WWS6_FUNHE 100.0 1.5E-34 5.3E-40  265.2   0.0  177   11-189    18-194 (453)
246 tr|A0A015NB98|A0A015NB98_9GLOM 100.0 1.7E-34 6.2E-40  271.2   0.0  178    9-186   265-448 (514)
247 tr|W1QJ64|W1QJ64_OGAPD Subunit 100.0 1.7E-34 6.3E-40  265.8   0.0  168   12-186   104-271 (431)
248 sp|P49313|ROC1_NICPL 30 kDa ri 100.0 1.7E-34 6.4E-40  258.2   0.0  175   11-185    84-275 (279)
249 tr|A0A0B2VW95|A0A0B2VW95_TOXCA 100.0 1.8E-34 6.4E-40  261.3   0.0  188    7-194    14-336 (457)
250 tr|A7SCX6|A7SCX6_NEMVE Predict 100.0 1.8E-34 6.7E-40  254.0   0.0  175   10-188    25-201 (305)
251 tr|B4JIA3|B4JIA3_DROGR GH19059 100.0 1.9E-34   7E-40  266.5   0.0  173    8-180    41-216 (391)
252 tr|S9XHT7|S9XHT7_CAMFR Unchara 100.0   2E-34 7.1E-40  257.5   0.0  164    7-170    33-196 (385)
253 tr|E2IXG0|E2IXG0_SCHMD Heterog 100.0 2.1E-34 7.2E-40  252.0   0.0  183    7-189    10-192 (331)
254 tr|A0A074ZYP9|A0A074ZYP9_9TREM 100.0 2.2E-34 7.9E-40  265.2   0.0  182    9-191     8-189 (544)
255 tr|M0YZV5|M0YZV5_HORVV Unchara 100.0 2.3E-34 8.6E-40  260.7   0.0  143   46-190     1-144 (320)
256 tr|W5GSK4|W5GSK4_WHEAT Unchara 100.0 2.3E-34 8.6E-40  245.4   0.0  166   13-187    15-181 (200)
257 tr|A0A0R3PUP0|A0A0R3PUP0_ANGCS 100.0 2.4E-34 8.7E-40  251.2   0.0  128    6-133    12-139 (259)
258 tr|A0A0P5KQ79|A0A0P5KQ79_9CRUS 100.0 2.6E-34 9.4E-40  257.8   0.0  170    6-186    61-230 (392)
259 tr|A0A182IAV2|A0A182IAV2_ANOAR 100.0 2.8E-34 9.8E-40  253.6   0.0  167   10-187    95-261 (359)
260 tr|I1FF27|I1FF27_AMPQE Unchara 100.0 2.9E-34 1.1E-39  256.1   0.0  172   10-186     9-188 (338)
261 tr|A0A015JYM1|A0A015JYM1_9GLOM 100.0 3.1E-34 1.1E-39  258.8   0.0  170   11-187    39-208 (438)
262 tr|A0A183C1L1|A0A183C1L1_GLOPA 100.0 3.3E-34 1.1E-39  266.3   0.0  188    7-194   247-434 (595)
263 tr|A0A183C1L1|A0A183C1L1_GLOPA 100.0 3.3E-34 1.1E-39  266.3   0.0  185    7-191    22-206 (595)
264 tr|A0A0P5EEE4|A0A0P5EEE4_9CRUS 100.0 3.3E-34 1.1E-39  248.1   0.0  179    8-188    18-196 (302)
265 tr|D8SKI5|D8SKI5_SELML Putativ 100.0 3.1E-34 1.2E-39  252.0   0.0  170   11-180    64-248 (251)
266 tr|A0A1A8QR89|A0A1A8QR89_9TELE 100.0 3.4E-34 1.2E-39  256.3   0.0  173    8-187   138-310 (404)
267 tr|A0A0P5UL59|A0A0P5UL59_9CRUS 100.0 4.6E-34 1.6E-39  254.2   0.0  169    7-186    62-230 (386)
268 tr|A0A024U1W4|A0A024U1W4_9STRA 100.0 4.6E-34 1.7E-39  268.4   0.0  178   11-188     6-213 (533)
269 tr|A0A183IP36|A0A183IP36_9BILA 100.0   5E-34 1.8E-39  245.3   0.0  166   11-186    19-184 (253)
270 tr|D2H3U8|D2H3U8_AILME Putativ 100.0 5.2E-34 1.9E-39  237.5   0.0  152   70-223     2-153 (202)
271 tr|A7SIF0|A7SIF0_NEMVE Predict 100.0 5.8E-34 2.2E-39  239.5   0.0  176    7-183     7-189 (190)
272 tr|A0A1S3CUD7|A0A1S3CUD7_DIACI 100.0 6.8E-34 2.4E-39  250.5   0.0  173    7-191    10-182 (350)
273 tr|Q12771|Q12771_HUMAN P37 AUF 100.0   7E-34 2.5E-39  245.8   0.0  176    7-188    69-244 (286)
274 tr|A0A166X0T8|A0A166X0T8_9HOMO 100.0 7.2E-34 2.6E-39  257.0   0.0  170   13-182     2-301 (382)
275 tr|A0A0F7SR68|A0A0F7SR68_PHARH 100.0 7.4E-34 2.7E-39  242.2   0.0  171   14-184     3-205 (238)
276 tr|A0A164XZZ5|A0A164XZZ5_9CRUS 100.0 8.6E-34   3E-39  257.4   0.0  179    8-188    18-196 (463)
277 tr|L9JCP8|L9JCP8_TUPCH Heterog 100.0 8.8E-34 3.1E-39  235.7   0.0  169   72-240     1-169 (220)
278 tr|I1FPN2|I1FPN2_AMPQE Unchara 100.0 1.1E-33 3.9E-39  257.6   0.0  177   10-188    50-229 (403)
279 tr|A0A1S3GYI0|A0A1S3GYI0_LINUN 100.0 1.2E-33 4.4E-39  262.1   0.0  175   11-185     6-204 (585)
280 tr|A0A146ZF37|A0A146ZF37_FUNHE 100.0 1.3E-33 4.4E-39  247.6   0.0  178    7-186    31-208 (336)
281 tr|A3AN31|A3AN31_ORYSJ Unchara 100.0 1.2E-33 4.6E-39  250.6   0.0  175   12-186     3-193 (291)
282 tr|T0M7A9|T0M7A9_CAMFR Tartrat 100.0 1.4E-33 5.1E-39  260.3   0.0  179    7-186    23-201 (552)
283 tr|A0A146HYX9|A0A146HYX9_9AGAR 100.0 1.3E-33 5.2E-39  286.2   0.0  178   10-189   212-403 (654)
284 tr|A0A0F7GXY5|A0A0F7GXY5_SCHMD 100.0 1.5E-33 5.3E-39  247.3   0.0  179   10-190    11-189 (338)
285 sp|O94432|YHKF_SCHPO Uncharact 100.0 1.5E-33 5.5E-39  259.3   0.0  168   13-187   162-329 (474)
286 tr|V9KQB7|V9KQB7_CALMI Heterog 100.0 1.6E-33 5.7E-39  252.5   0.0  176    7-188    61-236 (378)
287 tr|A0A0P1AWA8|A0A0P1AWA8_9STRA 100.0 1.6E-33 5.8E-39  248.0   0.0  174   10-185   123-315 (349)
288 tr|A0A0P6K3Z8|A0A0P6K3Z8_HETGA 100.0 1.7E-33   6E-39  255.4   0.0  179   10-188     6-195 (462)
289 tr|A0A150GRN3|A0A150GRN3_GONPE 100.0 1.7E-33 6.3E-39  271.5   0.0  174    9-188    14-187 (551)
290 tr|A0A0B7B9M1|A0A0B7B9M1_9EUPU 100.0 1.8E-33 6.4E-39  251.7   0.0  172   13-184     3-192 (372)
291 tr|I1ISY1|I1ISY1_BRADI Unchara 100.0 1.9E-33 7.3E-39  254.7   0.0  175   10-184   113-292 (315)
292 tr|A0A077Z9E3|A0A077Z9E3_TRITR 100.0 2.1E-33 7.5E-39  248.5   0.0  167   10-186    40-206 (319)
293 tr|A0A131XWI9|A0A131XWI9_IXORI 100.0 2.2E-33 7.8E-39  242.3   0.0  170    8-186    38-207 (294)
294 tr|A0A0P5HKT5|A0A0P5HKT5_9CRUS 100.0 2.4E-33 8.2E-39  256.6   0.0  179    8-188    18-196 (502)
295 tr|W7T5L8|W7T5L8_9STRA Rna-bin 100.0 2.5E-33 8.6E-39  243.0   0.0  175   10-186    41-228 (304)
296 tr|A0A146P480|A0A146P480_FUNHE 100.0 2.5E-33   9E-39  242.3   0.0  177    5-187    47-223 (277)
297 tr|A0A0A1MNK8|A0A0A1MNK8_9FUNG 100.0 2.2E-33 9.1E-39  278.3   0.0  176   11-188    12-191 (494)
298 tr|A0A026WG98|A0A026WG98_CERBI 100.0 2.7E-33 9.7E-39  235.2   0.0  165   10-185    53-217 (221)
299 tr|W5PPC2|W5PPC2_SHEEP Unchara 100.0 2.8E-33   1E-38  243.7   0.0  175    8-188    65-239 (285)
300 tr|A0A182IAV2|A0A182IAV2_ANOAR 100.0 2.8E-33   1E-38  247.5   0.0  162   13-186    46-207 (306)
301 tr|A0A1B0CQ94|A0A1B0CQ94_LUTLO 100.0 3.1E-33 1.1E-38  250.1   0.0  163   13-186   148-310 (400)
302 tr|A0A0M3JVT3|A0A0M3JVT3_ANISI 100.0   3E-33 1.1E-38  246.9   0.0  170    7-181    69-275 (281)
303 tr|B3RVS7|B3RVS7_TRIAD Putativ 100.0 3.4E-33 1.2E-38  244.5   0.0  173   14-186    73-245 (331)
304 tr|D7SZP1|D7SZP1_VITVI Putativ 100.0 3.2E-33 1.2E-38  251.7   0.0  174   10-184   107-282 (283)
305 tr|A0A146P2S7|A0A146P2S7_FUNHE 100.0 3.6E-33 1.3E-38  243.9   0.0  173    8-187    47-219 (325)
306 tr|V9KPI3|V9KPI3_CALMI Musashi 100.0 3.9E-33 1.4E-38  251.6   0.0  176   12-189    29-204 (435)
307 tr|A0A175WAX0|A0A175WAX0_9PEZI 100.0 4.2E-33 1.5E-38  250.2   0.0  176   10-185   115-305 (367)
308 tr|A0A090LD06|A0A090LD06_STRRB 100.0 4.4E-33 1.6E-38  251.0   0.0  176   10-187   127-302 (430)
309 tr|A0A0G4J0H1|A0A0G4J0H1_PLABS 100.0 4.4E-33 1.6E-38  231.7   0.0  165   11-184    27-196 (197)
310 tr|W5AHI6|W5AHI6_WHEAT Unchara 100.0 4.4E-33 1.7E-38  256.9   0.0  170   13-185     2-171 (365)
311 tr|A0A1A9YR41|A0A1A9YR41_GLOFF 100.0 4.8E-33 1.7E-38  254.1   0.0  178    9-191     3-180 (490)
312 tr|B9H9L3|B9H9L3_POPTR Unchara 100.0 4.3E-33 1.7E-38  259.1   0.0  176   11-186   115-303 (326)
313 tr|B6K584|B6K584_SCHJY mRNA cl 100.0 5.1E-33 1.8E-38  242.5   0.0  169   13-188   119-287 (320)
314 tr|A0A0A1U6Y1|A0A0A1U6Y1_ENTIV 100.0 4.5E-33 1.8E-38  247.5   0.0  172   14-188     2-228 (237)
315 tr|A0A0R3W228|A0A0R3W228_TAEAS 100.0 5.3E-33 1.9E-38  250.6   0.0  181    8-189     7-187 (430)
316 tr|A0A061BGL7|A0A061BGL7_RHOTO 100.0 5.3E-33 1.9E-38  248.4   0.0  176    9-185    82-283 (333)
317 tr|A0A146HYX9|A0A146HYX9_9AGAR 100.0 4.7E-33 1.9E-38  282.2   0.0  172   14-187   123-298 (654)
318 tr|A0A182G718|A0A182G718_AEDAL 100.0 5.8E-33   2E-38  244.3   0.0  164   11-185    22-185 (345)
319 tr|A0A0N4ZUN4|A0A0N4ZUN4_PARTI 100.0   6E-33 2.1E-38  248.8   0.0  176   10-187   110-285 (408)
320 tr|E2BIC9|E2BIC9_HARSA RNA-bin 100.0 5.9E-33 2.1E-38  246.5   0.0  166   11-185    74-239 (311)
321 tr|G1LEV4|G1LEV4_AILME Unchara 100.0 6.2E-33 2.2E-38  246.3   0.0  176    8-189    96-271 (374)
322 tr|M5WFZ9|M5WFZ9_PRUPE Unchara 100.0 5.5E-33 2.2E-38  259.3   0.0  156   11-166    69-229 (345)
323 tr|A0A0L0G9C5|A0A0L0G9C5_9EUKA 100.0 6.3E-33 2.3E-38  258.2   0.0  176   12-187    83-260 (503)
324 tr|R0LZ63|R0LZ63_ANAPL Heterog 100.0 6.8E-33 2.4E-38  245.0   0.0  172   11-188    95-266 (359)
325 tr|W5NR02|W5NR02_SHEEP Unchara 100.0 6.8E-33 2.4E-38  237.6   0.0  173   10-188    15-187 (278)
326 tr|A8PVS4|A8PVS4_MALGO Unchara 100.0 6.9E-33 2.4E-38  246.7   0.0  164   16-186     1-164 (367)
327 tr|A0A0P6HJC9|A0A0P6HJC9_9CRUS 100.0   7E-33 2.5E-38  258.3   0.0  179    8-188    74-252 (613)
328 tr|A0A0A0KXV0|A0A0A0KXV0_CUCSA 100.0 6.5E-33 2.6E-38  266.5   0.0  176   10-185    85-260 (421)
329 tr|A0A0R3W228|A0A0R3W228_TAEAS 100.0 7.5E-33 2.6E-38  249.6   0.0  181    9-190   232-412 (430)
330 tr|A0A0C9T6W2|A0A0C9T6W2_PLICR 100.0 7.4E-33 2.7E-38  231.7   0.0  162   12-181    35-196 (201)
331 tr|A0A074Z637|A0A074Z637_9TREM 100.0 7.9E-33 2.8E-38  246.7   0.0  181    9-189    74-254 (388)
332 tr|N1JEJ4|N1JEJ4_BLUG1 Nuclear 100.0 7.7E-33 2.8E-38  264.0   0.0  176   11-186   366-555 (611)
333 tr|A0A0A9ZI28|A0A0A9ZI28_LYGHE 100.0 8.3E-33   3E-38  252.6   0.0  175   11-188   141-315 (437)
334 tr|A0A0W4ZS06|A0A0W4ZS06_PNEJI 100.0 8.7E-33 3.1E-38  254.0   0.0  171   10-187   136-306 (440)
335 tr|A0A0C2N0C1|A0A0C2N0C1_THEKT 100.0 8.8E-33 3.2E-38  245.0   0.0  177   10-187    14-196 (314)
336 tr|A0A061DAW0|A0A061DAW0_BABBI 100.0 8.9E-33 3.3E-38  267.5   0.0  167   13-185   422-596 (685)
337 tr|A0A061EDL3|A0A061EDL3_THECC 100.0 8.9E-33 3.4E-38  248.3   0.0  141   46-189     1-143 (299)
338 tr|A0A0S7KRQ2|A0A0S7KRQ2_9TELE 100.0   1E-32 3.5E-38  240.2   0.0  180    8-189    14-193 (314)
339 tr|A0A0R3WBI3|A0A0R3WBI3_TAEAS 100.0 1.1E-32   4E-38  248.7   0.0  171   10-188    51-221 (387)
340 tr|A0A077RZT7|A0A077RZT7_WHEAT 100.0   1E-32   4E-38  273.8   0.0  167   15-187   112-279 (625)
341 tr|A0A146WUZ5|A0A146WUZ5_FUNHE 100.0 1.2E-32 4.3E-38  249.0   0.0  177   11-189    18-194 (419)
342 tr|A0A0K2TCT3|A0A0K2TCT3_LEPSM 100.0 1.2E-32 4.3E-38  248.0   0.0  181    8-188     9-192 (427)
343 tr|A0A176VIZ8|A0A176VIZ8_MARPO 100.0 1.1E-32 4.3E-38  261.5   0.0  174    8-186    19-195 (460)
344 tr|B0KWS8|B0KWS8_CALJA Heterog 100.0 1.2E-32 4.3E-38  226.3   0.0  187  132-372     2-188 (188)
345 tr|A0A0E0EMN0|A0A0E0EMN0_9ORYZ 100.0 1.3E-32 4.6E-38  250.6   0.0  174   12-188    21-195 (424)
346 tr|A0A0A1MNK8|A0A0A1MNK8_9FUNG 100.0 1.1E-32 4.7E-38  273.3   0.0  177   10-188   104-294 (494)
347 tr|A0A151P0T1|A0A151P0T1_ALLMI 100.0 1.4E-32 4.8E-38  240.7   0.0  176    7-188    56-231 (329)
348 tr|A0A1B6FAL6|A0A1B6FAL6_9HEMI 100.0 1.4E-32 4.8E-38  238.4   0.0  179    6-187    75-253 (304)
349 tr|A0A067D891|A0A067D891_CITSI  99.9 1.3E-32 5.2E-38  248.0   0.0  176    7-183    72-254 (275)
350 tr|A0A1D2MMV4|A0A1D2MMV4_ORCCI  99.9 1.6E-32 5.7E-38  244.5   0.0  163   12-185    90-252 (385)
351 tr|A0A1Q3EU11|A0A1Q3EU11_CULTA  99.9 1.9E-32 6.5E-38  245.0   0.0  180    8-189    92-271 (398)
352 tr|W4KI60|W4KI60_9HOMO Unchara  99.9 1.8E-32 6.6E-38  228.6   0.0  154   15-177     1-154 (195)
353 tr|A9S663|A9S663_PHYPA Predict  99.9 1.7E-32 6.7E-38  263.9   0.0  177   10-188   199-389 (439)
354 tr|A0A182VYZ6|A0A182VYZ6_9DIPT  99.9   2E-32 7.2E-38  251.9   0.0  176   11-188    57-232 (461)
355 tr|Q90626|Q90626_CHICK Ribonuc  99.9 2.1E-32 7.3E-38  235.5   0.0  167   14-187    73-239 (285)
356 tr|Q179S7|Q179S7_AEDAE AAEL005  99.9 2.1E-32 7.3E-38  236.1   0.0  167    9-186    31-197 (292)
357 tr|G5DY32|G5DY32_9PIPI Putativ  99.9 2.1E-32 7.4E-38  222.1   0.0   94   33-127     1-94  (185)
358 tr|A0A061DH47|A0A061DH47_THECC  99.9 2.1E-32 7.6E-38  237.0   0.0  171   12-188     4-183 (264)
359 tr|A0A022T5L8|A0A022T5L8_9HYME  99.9 2.1E-32   8E-38  258.8   0.0  165   14-189   106-270 (446)
360 tr|G4V9P3|G4V9P3_SCHMA Rna-bin  99.9 2.3E-32   8E-38  241.6   0.0  183    7-189    71-253 (346)
361 tr|A0A0P9H0X5|A0A0P9H0X5_RHOGW  99.9 2.2E-32 8.8E-38  268.4   0.0  177   10-188   251-441 (528)
362 tr|J9KAS4|J9KAS4_ACYPI Unchara  99.9 2.6E-32 9.2E-38  250.9   0.0  175   11-188   150-324 (465)
363 tr|A0A1A8NPR2|A0A1A8NPR2_9TELE  99.9 2.6E-32 9.5E-38  261.9   0.0  167   11-185   331-503 (570)
364 tr|A9S663|A9S663_PHYPA Predict  99.9 2.4E-32 9.7E-38  262.8   0.0  174   13-188   111-286 (439)
365 tr|A0A0G4H9X9|A0A0G4H9X9_9ALVE  99.9 2.4E-32 9.7E-38  242.2   0.0  169   10-180     8-221 (224)
366 tr|A0A0N5CC97|A0A0N5CC97_STREA  99.9   3E-32 1.1E-37  245.2   0.0  175   11-187   123-297 (422)
367 tr|G3U1U2|G3U1U2_LOXAF Unchara  99.9   3E-32 1.1E-37  240.3   0.0  176    7-189    18-194 (261)
368 tr|A0A1M8A148|A0A1M8A148_MALS4  99.9 3.3E-32 1.2E-37  244.3   0.0  169   11-186    92-260 (412)
369 tr|B4QNF3|B4QNF3_DROSI GD12423  99.9 3.4E-32 1.2E-37  240.0   0.0  179    9-189    24-202 (351)
370 tr|F8W646|F8W646_HUMAN Heterog  99.9 3.5E-32 1.2E-37  218.4   0.0  106    1-106     1-106 (156)
371 tr|A0A0D2ME29|A0A0D2ME29_9CHLO  99.9 3.6E-32 1.3E-37  243.0   0.0  169   11-184     7-176 (395)
372 tr|A0A0P6AZS5|A0A0P6AZS5_9CRUS  99.9 3.7E-32 1.3E-37  255.0   0.0  179    8-188    18-196 (654)
373 tr|F0YAQ8|F0YAQ8_AURAN Putativ  99.9 3.5E-32 1.4E-37  253.4   0.0  174    8-186     7-183 (350)
374 tr|A0A074SS81|A0A074SS81_HAMHA  99.9 4.1E-32 1.4E-37  245.9   0.0  176    8-186   117-295 (430)
375 tr|E3M8F0|E3M8F0_CAERE CRE-MSI  99.9 4.4E-32 1.5E-37  238.1   0.0  175   11-187    38-212 (335)
376 tr|M7B042|M7B042_CHEMY Heterog  99.9 4.8E-32 1.7E-37  250.6   0.0  175    8-188    24-198 (510)
377 tr|H2Y9C3|H2Y9C3_CIOSA Unchara  99.9 4.8E-32 1.7E-37  244.6   0.0  178   10-187     4-187 (389)
378 tr|A0A179I9I4|A0A179I9I4_CORDF  99.9 4.9E-32 1.7E-37  241.9   0.0  166   12-185   111-276 (365)
379 tr|A8WVH8|A8WVH8_CAEBR Protein  99.9 5.5E-32   2E-37  245.9   0.0  177   11-187    40-293 (398)
380 tr|V8NT83|V8NT83_OPHHA Heterog  99.9 5.8E-32   2E-37  247.4   0.0  172   11-188   234-405 (495)
381 tr|R7VCB8|R7VCB8_CAPTE Unchara  99.9 5.8E-32   2E-37  245.2   0.0  175   12-186     6-181 (453)
382 tr|Q177R3|Q177R3_AEDAE AAEL006  99.9   6E-32 2.1E-37  249.8   0.0  175   12-188   100-274 (482)
383 tr|A0A0Q9WSP7|A0A0Q9WSP7_DROVI  99.9 6.3E-32 2.2E-37  247.9   0.0  179    9-189    34-212 (511)
384 tr|A0A0L0H5H9|A0A0L0H5H9_SPIPN  99.9 6.7E-32 2.4E-37  245.0   0.0  172   12-190    71-245 (458)
385 tr|B9W6H6|B9W6H6_CANDC Pre-rRN  99.9 6.4E-32 2.4E-37  251.4   0.0  178    9-186   191-380 (423)
386 tr|L5KWG1|L5KWG1_PTEAL Putativ  99.9 7.2E-32 2.6E-37  209.7   0.0  123    3-125     1-123 (123)
387 tr|A0A1B0DKM3|A0A1B0DKM3_PHLPP  99.9 6.5E-32 2.6E-37  251.2   0.0  166   11-187   125-290 (307)
388 tr|A0A0D9X0V7|A0A0D9X0V7_9ORYZ  99.9 7.6E-32 2.7E-37  252.2   0.0  176   11-187   136-321 (605)
389 tr|A0A196SER6|A0A196SER6_9STRA  99.9 7.4E-32 2.8E-37  239.2   0.0  175   14-188     4-181 (276)
390 tr|A0A024U6Y1|A0A024U6Y1_9STRA  99.9   8E-32 2.9E-37  248.7   0.0  175   11-185   119-337 (440)
391 tr|A0A0C9Q1U3|A0A0C9Q1U3_9HYME  99.9   9E-32 3.2E-37  244.6   0.0  175   11-188   104-278 (420)
392 tr|M5XBC3|M5XBC3_PRUPE Unchara  99.9 8.9E-32 3.3E-37  244.3   0.0  175   11-186    91-278 (355)
393 tr|A2WVF7|A2WVF7_ORYSI Putativ  99.9 9.3E-32 3.4E-37  239.3   0.0  176   12-187    27-206 (312)
394 tr|A0A103YNH7|A0A103YNH7_CYNCS  99.9   1E-31 3.5E-37  252.9   0.0  172   13-185     5-188 (679)
395 tr|G8YC71|G8YC71_PICSO Piso0_0  99.9 9.8E-32 3.5E-37  248.4   0.0  167   12-185   159-325 (485)
396 tr|A0A0R1E374|A0A0R1E374_DROYA  99.9   1E-31 3.5E-37  245.9   0.0  179    9-189    24-202 (496)
397 tr|A0A1E4T0U3|A0A1E4T0U3_9ASCO  99.9 1.1E-31 3.8E-37  225.3   0.0  166   11-183    68-233 (234)
398 tr|A0A0C2MLU2|A0A0C2MLU2_THEKT  99.9 1.1E-31 3.9E-37  230.5   0.0  177    8-185    18-204 (279)
399 tr|A0A1B0FCC1|A0A1B0FCC1_GLOMM  99.9 1.2E-31 4.2E-37  253.5   0.0  174   12-188   203-376 (633)
400 tr|T1HPU8|T1HPU8_RHOPR Unchara  99.9 1.2E-31 4.4E-37  232.4   0.0  142   48-189     2-143 (249)
401 tr|A0A0N8P0U4|A0A0N8P0U4_DROAN  99.9 1.3E-31 4.5E-37  245.3   0.0  179    9-189    25-203 (497)
402 tr|N6ULM6|N6ULM6_DENPD Unchara  99.9 1.3E-31 4.6E-37  235.8   0.0  174   12-188    44-218 (297)
403 tr|A0A0E0ITF3|A0A0E0ITF3_ORYNI  99.9 1.4E-31 4.8E-37  265.7   0.0  175   12-187     4-210 (1498)
404 tr|A0A061GIS6|A0A061GIS6_THECC  99.9 1.2E-31 4.8E-37  265.6   0.0  180    8-189   206-399 (625)
405 tr|A0A195B8X7|A0A195B8X7_9HYME  99.9 1.5E-31 5.2E-37  246.9   0.0  174   13-187   112-285 (544)
406 tr|M7BWP8|M7BWP8_CHEMY Heterog  99.9 1.5E-31 5.4E-37  239.9   0.0  169   13-188   146-314 (409)
407 tr|V4CRF4|V4CRF4_LOTGI Unchara  99.9 1.6E-31 5.6E-37  220.2   0.0  164   12-184     2-166 (204)
408 tr|A0A137PF23|A0A137PF23_CONC2  99.9 1.6E-31 5.7E-37  242.7   0.0  175   12-187    82-261 (461)
409 tr|A0A077RZT7|A0A077RZT7_WHEAT  99.9 1.5E-31 5.7E-37  265.8   0.0  177   11-189   194-384 (625)
410 tr|S8CV42|S8CV42_9LAMI Unchara  99.9 1.5E-31 5.9E-37  252.9   0.0  177   10-186    88-264 (397)
411 tr|A0A1E4TX74|A0A1E4TX74_PACTA  99.9 1.9E-31 6.7E-37  244.2   0.0  168   12-186   115-282 (499)
412 tr|E3MS94|E3MS94_CAERE CRE-SQD  99.9   2E-31   7E-37  237.7   0.0  176   11-186    26-216 (334)
413 tr|E0W3Q3|E0W3Q3_PEDHC Putativ  99.9 1.9E-31 7.4E-37  233.4   0.0  168    9-182    13-184 (211)
414 tr|A0A1D2MLV6|A0A1D2MLV6_ORCCI  99.9 2.2E-31 7.9E-37  245.3   0.0  175   13-187   247-421 (532)
415 tr|A0A0K2UC81|A0A0K2UC81_LEPSM  99.9 2.3E-31 8.1E-37  240.6   0.0  176    9-187    24-199 (439)
416 tr|A0A074S086|A0A074S086_9HOMO  99.9 2.4E-31 8.5E-37  246.7   0.0  173    6-186   199-371 (525)
417 tr|L0PAV2|L0PAV2_PNEJ8 Unchara  99.9 2.6E-31 9.2E-37  237.7   0.0  165   16-187     1-165 (397)
418 tr|A0A165Z911|A0A165Z911_9HOMO  99.9 2.6E-31 9.2E-37  245.0   0.0  169   12-188    45-213 (475)
419 tr|R7QHG3|R7QHG3_CHOCR Putativ  99.9 2.7E-31 9.3E-37  244.3   0.0  171   12-186   152-326 (521)
420 tr|A0A060XCV0|A0A060XCV0_ONCMY  99.9 2.5E-31   1E-36  260.5   0.0  176   11-189    73-262 (523)
421 tr|M3XHI3|M3XHI3_LATCH Unchara  99.9 2.6E-31   1E-36  258.2   0.0  172   14-188    99-274 (548)
422 tr|A0A0R3WAZ3|A0A0R3WAZ3_TAEAS  99.9 2.7E-31 1.1E-36  263.2   0.0  175   12-186   313-511 (604)
423 tr|A0A0N5AKI6|A0A0N5AKI6_9BILA  99.9   3E-31 1.1E-36  239.8   0.0  165   11-185    36-200 (401)
424 tr|A4V6N1|A4V6N1_DUGJA HnRNP A  99.9 3.1E-31 1.1E-36  236.5   0.0  179   10-188    14-192 (386)
425 tr|B4PTJ1|B4PTJ1_DROYA Unchara  99.9 3.1E-31 1.1E-36  250.4   0.0  174   12-188   204-377 (637)
426 tr|B9G629|B9G629_ORYSJ Unchara  99.9   3E-31 1.1E-36  246.4   0.0  174    8-186    19-195 (391)
427 tr|A0A0D2MQZ2|A0A0D2MQZ2_9CHLO  99.9 3.3E-31 1.1E-36  238.3   0.0  183    7-189    11-200 (416)
428 tr|W4XQD9|W4XQD9_STRPU Unchara  99.9 3.2E-31 1.2E-36  250.4   0.0  163   12-190   109-271 (474)
429 tr|A0A0P5JB42|A0A0P5JB42_9CRUS  99.9 3.5E-31 1.2E-36  239.3   0.0  175   11-186   114-288 (435)
430 tr|A0A078GLB9|A0A078GLB9_BRANA  99.9 3.8E-31 1.3E-36  244.6   0.0  175   10-185     3-187 (553)
431 tr|Q7PUN6|Q7PUN6_ANOGA AGAP001  99.9 3.9E-31 1.4E-36  246.8   0.0  175   12-188   180-354 (556)
432 tr|A0A1E5RWD0|A0A1E5RWD0_9ASCO  99.9 3.6E-31 1.4E-36  261.9   0.0  178   11-190   226-417 (605)
433 tr|M0SB48|M0SB48_MUSAM Unchara  99.9 4.1E-31 1.4E-36  248.9   0.0  174   12-186     4-187 (679)
434 tr|G5BSV4|G5BSV4_HETGA Heterog  99.9 4.1E-31 1.4E-36  226.2   0.0  167   11-183   104-270 (271)
435 tr|D2K9J5|D2K9J5_ORNMO Apoptos  99.9 3.9E-31 1.5E-36  227.2   0.0  173    7-181    25-201 (204)
436 tr|T1GXY7|T1GXY7_MEGSC Unchara  99.9 4.3E-31 1.5E-36  234.2   0.0  172   12-186    84-255 (364)
437 tr|A0A162NKX3|A0A162NKX3_PHYB8  99.9 3.5E-31 1.5E-36  246.8   0.0  167    8-180    84-283 (286)
438 tr|A0A0P9H0X5|A0A0P9H0X5_RHOGW  99.9 3.8E-31 1.5E-36  259.9   0.0  172   14-187   162-337 (528)
439 tr|A0A067BU65|A0A067BU65_SAPPC  99.9 4.6E-31 1.6E-36  234.6   0.0  179   11-189     6-203 (374)
440 tr|A0A0E0KEA1|A0A0E0KEA1_ORYPU  99.9 4.4E-31 1.6E-36  236.6   0.0  174   12-185   143-320 (324)
441 tr|A0A1D2NI89|A0A1D2NI89_ORCCI  99.9 4.7E-31 1.7E-36  218.2   0.0  159   13-175    50-208 (209)
442 tr|A0A061GIS6|A0A061GIS6_THECC  99.9 4.7E-31 1.8E-36  261.6   0.0  171   14-187   122-294 (625)
443 tr|L5JXN7|L5JXN7_PTEAL Polyade  99.9 4.7E-31 1.9E-36  258.3   0.0  178   10-190   187-385 (512)
444 tr|A0A099NZ19|A0A099NZ19_PICKU  99.9 5.2E-31 1.9E-36  249.8   0.0  169   11-186   256-424 (636)
445 tr|A0A0V1CJW8|A0A0V1CJW8_TRIBR  99.9   5E-31 1.9E-36  264.6   0.0  177   10-189   189-380 (812)
446 tr|A0A067FPY2|A0A067FPY2_CITSI  99.9 5.4E-31   2E-36  239.1   0.0  176    9-184   155-360 (365)
447 tr|A0A0P5VQ05|A0A0P5VQ05_9CRUS  99.9 5.7E-31   2E-36  241.1   0.0  175   11-186   114-288 (498)
448 tr|A0A0F8B3E3|A0A0F8B3E3_CERFI  99.9 5.3E-31   2E-36  248.0   0.0  154   10-163   244-411 (412)
449 tr|I3J0S9|I3J0S9_ORENI Unchara  99.9 5.8E-31 2.1E-36  215.6   0.0  158   11-170    18-175 (180)
450 tr|K1PYK7|K1PYK7_CRAGI RNA-bin  99.9 5.5E-31 2.2E-36  260.6   0.0  178    8-185   157-341 (557)
451 tr|A0A0F7SXC5|A0A0F7SXC5_PHARH  99.9 6.7E-31 2.4E-36  244.2   0.0  171    8-186   133-303 (583)
452 tr|A0A139IMA9|A0A139IMA9_9PEZI  99.9 6.8E-31 2.4E-36  247.5   0.0  176   10-185   427-618 (680)
453 tr|A0A058ZGT4|A0A058ZGT4_9EUKA  99.9 6.9E-31 2.4E-36  235.2   0.0  173   12-185   126-305 (399)
454 tr|W3XPQ1|W3XPQ1_9PEZI Unchara  99.9 6.1E-31 2.4E-36  244.3   0.0  176    9-185    92-278 (307)
455 tr|F8P9L5|F8P9L5_SERL9 Putativ  99.9 7.1E-31 2.5E-36  220.9   0.0  168   13-188    64-231 (237)
456 tr|L8WNF8|L8WNF8_THACA RNA rec  99.9 7.2E-31 2.5E-36  248.3   0.0  174   10-183   106-288 (716)
457 tr|A0A0C9QIT3|A0A0C9QIT3_9HYME  99.9 6.9E-31 2.7E-36  248.7   0.0  173    8-186    90-282 (391)
458 tr|L5MAB8|L5MAB8_MYODS Coatome  99.9 7.9E-31 2.8E-36  237.9   0.0  109   73-181     2-110 (451)
459 tr|A0A1I8CB45|A0A1I8CB45_9BILA  99.9 8.2E-31 2.9E-36  226.7   0.0  175   10-186    88-262 (294)
460 tr|M3XHI3|M3XHI3_LATCH Unchara  99.9 8.1E-31 3.1E-36  254.9   0.0  176   11-189   188-377 (548)
461 tr|A0A0M5J9P1|A0A0M5J9P1_DROBS  99.9   9E-31 3.2E-36  243.0   0.0  168   10-188    57-224 (572)
462 tr|A0A0G4G7T6|A0A0G4G7T6_9ALVE  99.9 9.2E-31 3.2E-36  234.5   0.0  173   10-184    23-198 (401)
463 tr|A4V6K2|A4V6K2_DUGJA PRM10 p  99.9 9.4E-31 3.3E-36  229.0   0.0  174    8-189    66-239 (325)
464 tr|A0A023GH97|A0A023GH97_9ACAR  99.9 8.4E-31 3.4E-36  239.1   0.0  174   12-187    91-267 (273)
465 tr|B4GYW1|B4GYW1_DROPE GL27263  99.9 9.8E-31 3.4E-36  218.7   0.0  152    9-160    30-181 (226)
466 tr|I1FJI7|I1FJI7_AMPQE Unchara  99.9 9.8E-31 3.5E-36  232.0   0.0  183    8-190     7-190 (334)
467 tr|A0A172RVM8|A0A172RVM8_SCHMD  99.9 9.8E-31 3.5E-36  224.5   0.0  168   11-182     7-174 (240)
468 tr|A0A0A9WAG1|A0A0A9WAG1_LYGHE  99.9 9.6E-31 3.6E-36  238.4   0.0  164   13-188   105-268 (353)
469 tr|A0A0P5J451|A0A0P5J451_9CRUS  99.9 1.1E-30 3.7E-36  239.1   0.0  175   11-186   114-288 (492)
470 tr|A0A0C9QIT3|A0A0C9QIT3_9HYME  99.9 9.4E-31 3.7E-36  247.8   0.0  175    9-187     3-179 (391)
471 tr|A0A0N4WP00|A0A0N4WP00_HAEPC  99.9 1.1E-30 3.9E-36  237.9   0.0  166   11-186    95-260 (426)
472 tr|L5JXN7|L5JXN7_PTEAL Polyade  99.9   1E-30 4.1E-36  256.0   0.0  173   13-188    98-279 (512)
473 tr|A0A068XRR2|A0A068XRR2_HYMMI  99.9 1.2E-30 4.3E-36  235.3   0.0  176   12-187   123-313 (395)
474 tr|Q0TVC9|Q0TVC9_PHANO Unchara  99.9 1.1E-30 4.6E-36  244.5   0.0  176    9-185   124-306 (321)
475 tr|A0A1J7FPS0|A0A1J7FPS0_LUPAN  99.9 1.3E-30 4.6E-36  228.4   0.0  175   12-187     4-233 (328)
476 tr|I2JWM6|I2JWM6_DEKBR Subunit  99.9 1.3E-30 4.7E-36  225.7   0.0  164   16-186     1-164 (298)
477 tr|A0A078A5E8|A0A078A5E8_STYLE  99.9 1.4E-30 5.1E-36  236.8   0.0  173   10-185   130-312 (404)
478 tr|A0A1J7H161|A0A1J7H161_LUPAN  99.9 1.5E-30 5.2E-36  247.4   0.0  175   12-187     4-190 (756)
479 tr|M1BGT3|M1BGT3_SOLTU Unchara  99.9 1.5E-30 5.2E-36  240.1   0.0  176   11-189    12-188 (534)
480 tr|T2M7S0|T2M7S0_HYDVU RNA-bin  99.9 1.5E-30 5.3E-36  231.7   0.0  177   11-189    16-192 (378)
481 tr|A0A163JPF8|A0A163JPF8_ABSGL  99.9 1.4E-30 5.5E-36  227.3   0.0  169   16-187    11-200 (214)
482 tr|F2CU07|F2CU07_HORVD Predict  99.9 1.5E-30 5.6E-36  232.8   0.0  170    9-182    74-248 (285)
483 tr|A0A0L0NV30|A0A0L0NV30_9ASCO  99.9 1.6E-30 5.6E-36  238.9   0.0  166   12-184   159-324 (513)
484 tr|A0A022T6K5|A0A022T6K5_9HYME  99.9 1.4E-30 5.7E-36  274.4   0.0  177    8-186   615-796 (861)
485 tr|A0A0J9X4G9|A0A0J9X4G9_GEOCN  99.9 1.7E-30 5.8E-36  246.1   0.0  170   10-186   169-338 (723)
486 tr|A0A1Q9CEE7|A0A1Q9CEE7_SYMMI  99.9 1.7E-30   6E-36  256.5   0.0  181   11-191   325-522 (1328)
487 tr|A0A183CJV4|A0A183CJV4_GLOPA  99.9 1.8E-30 6.1E-36  241.8   0.0  175   11-187   175-349 (590)
488 tr|M5X3H8|M5X3H8_PRUPE Unchara  99.9 1.7E-30 6.7E-36  232.1   0.0  173    8-180    69-251 (251)
489 tr|A0A1E3PP49|A0A1E3PP49_9ASCO  99.9 1.9E-30 6.8E-36  242.7   0.0  167   12-185   182-348 (625)
490 tr|A0A0V1CJW8|A0A0V1CJW8_TRIBR  99.9 1.8E-30 6.9E-36  260.7   0.0  171   14-187   100-275 (812)
491 tr|R9A9W5|R9A9W5_WALI9 Nuclear  99.9   2E-30 7.1E-36  229.5   0.0  172    9-187    36-208 (337)
492 tr|A0A182KLT8|A0A182KLT8_9DIPT  99.9 2.1E-30 7.3E-36  235.1   0.0  175   12-188    73-247 (449)
493 tr|A0A1E3QBB0|A0A1E3QBB0_LIPST  99.9   2E-30 7.3E-36  231.5   0.0  173   12-184   108-294 (332)
494 tr|A0A067GGW0|A0A067GGW0_CITSI  99.9 2.1E-30 7.4E-36  228.6   0.0  179    9-187     2-192 (347)
495 tr|A0A0K8WI66|A0A0K8WI66_BACLA  99.9 2.1E-30 7.5E-36  237.1   0.0  173   12-187    63-235 (490)
496 tr|A0A0D9X981|A0A0D9X981_9ORYZ  99.9 2.4E-30 8.4E-36  234.5   0.0  175   12-189    19-194 (445)
497 tr|M7BCR4|M7BCR4_CHEMY Putativ  99.9 2.3E-30 8.4E-36  232.0   0.0  169   13-181     5-271 (342)
498 tr|A0A182PKI9|A0A182PKI9_9DIPT  99.9 2.5E-30 8.8E-36  238.3   0.0  175   12-188   154-328 (528)
499 tr|A1DBD2|A1DBD2_NEOFI Nucleic  99.9 2.3E-30   9E-36  236.6   0.0  174    7-183   119-294 (307)
500 tr|B4NJE1|B4NJE1_DROWI Unchara  99.9 2.6E-30 9.2E-36  243.0   0.0  173   12-187   217-389 (661)

