- 18:51:10.575 INFO: Searching 12365503 column state sequences.

- 18:51:10.638 INFO: /var/www/html/services/NetSurfP-2.0/tmp/60159C8700005A9B667A43BE/0000_NP_005893_1/0000_NP_005893_1_INPUT.fasta is in A2M, A3M or FASTA format

- 18:51:10.638 INFO: Iteration 1

- 18:51:10.728 INFO: Prefiltering database

- 18:51:23.019 INFO: HMMs passed 1st prefilter (gapless profile-profile alignment)  : 319280

- 18:51:25.313 INFO: HMMs passed 2nd prefilter (gapped profile-profile alignment)   : 1016

- 18:51:25.313 INFO: HMMs passed 2nd prefilter and not found in previous iterations : 1016

- 18:51:25.313 INFO: Scoring 1016 HMMs using HMM-HMM Viterbi alignment

- 18:51:25.554 INFO: Alternative alignment: 0

- 18:51:35.285 INFO: 1016 alignments done

- 18:51:35.289 INFO: Alternative alignment: 1

- 18:51:35.542 INFO: 882 alignments done

- 18:51:35.544 INFO: Alternative alignment: 2

- 18:51:35.592 INFO: 101 alignments done

- 18:51:35.592 INFO: Alternative alignment: 3

- 18:51:35.621 INFO: 12 alignments done

- 18:51:35.792 INFO: Realigning 500 HMM-HMM alignments using Maximum Accuracy algorithm

- 18:51:36.951 INFO: 452 sequences belonging to 452 database HMMs found with an E-value < 0.001

- 18:51:36.951 INFO: Number of effective sequences of resulting query HMM: Neff = 6.27638

- 18:51:36.969 INFO: Iteration 2

- 18:51:37.059 INFO: Prefiltering database

- 18:51:50.046 INFO: HMMs passed 1st prefilter (gapless profile-profile alignment)  : 901225

- 18:51:57.915 WARNING: Number of hits passing 2nd prefilter (reduced from 31202 to allowed maximum of 20000).
You can increase the allowed maximum using the -maxfilt <max> option.

- 18:51:58.097 INFO: HMMs passed 2nd prefilter (gapped profile-profile alignment)   : 20000

- 18:51:58.097 INFO: HMMs passed 2nd prefilter and not found in previous iterations : 19555

- 18:51:58.097 INFO: Scoring 19555 HMMs using HMM-HMM Viterbi alignment

- 18:51:58.298 INFO: Alternative alignment: 0

- 18:52:17.365 INFO: 2000 alignments done

- 18:52:32.891 INFO: 4000 alignments done

- 18:52:32.897 INFO: Stop after DB-HHM: 4000 because early stop  5.26364 < filter cutoff 20

- 18:52:32.897 INFO: Alternative alignment: 1

- 18:52:33.132 INFO: 516 alignments done

- 18:52:33.135 INFO: Alternative alignment: 2

- 18:52:33.248 INFO: 58 alignments done

- 18:52:33.248 INFO: Alternative alignment: 3

- 18:52:33.276 INFO: 7 alignments done

- 18:52:33.467 INFO: Rescoring previously found HMMs with Viterbi algorithm

- 18:52:33.768 INFO: Alternative alignment: 0

- 18:52:33.853 INFO: 445 alignments done

- 18:52:33.854 INFO: Alternative alignment: 1

- 18:52:33.945 INFO: 445 alignments done

- 18:52:33.945 INFO: Alternative alignment: 2

- 18:52:33.990 INFO: 37 alignments done

- 18:52:33.990 INFO: Alternative alignment: 3

- 18:52:34.010 INFO: 3 alignments done

- 18:52:34.168 INFO: Realigning 500 HMM-HMM alignments using Maximum Accuracy algorithm

- 18:52:35.199 INFO: 558 sequences belonging to 558 database HMMs found with an E-value < 0.001

- 18:52:35.199 INFO: Number of effective sequences of resulting query HMM: Neff = 6.52054

Query         0000_NP_005893_1
Match_columns 425
No_of_seqs    753 out of 1335
Neff          6.52054
Searched_HMMs 20320
Date          Sat Jan 30 18:52:35 2021
Command       /tools/src/netsurfp-2.0/hhsuite/bin/hhblits -i /var/www/html/services/NetSurfP-2.0/tmp/60159C8700005A9B667A43BE/0000_NP_005893_1/0000_NP_005893_1_INPUT.fasta -o /dev/null -ohhm /var/www/html/services/NetSurfP-2.0/tmp/60159C8700005A9B667A43BE/0000_NP_005893_1/0000_NP_005893_1_PROFILE.hhm -n 2 -d /net/nas/storage/databases/userdb/netsurfp2-db/uniclust30_2017_04/uniclust30_2017_04 -oa3m /var/www/html/services/NetSurfP-2.0/tmp/60159C8700005A9B667A43BE/0000_NP_005893_1/0000_NP_005893_1_MSA.a3m -cpu 10 

 No Hit                             Prob E-value P-value  Score    SS Cols Query HMM  Template HMM
  1 tr|I3N1J3|I3N1J3_ICTTR Mothers 100.0  1E-154  6E-160 1170.3   0.0  419    1-425     7-472 (472)
  2 tr|G1RRB2|G1RRB2_NOMLE Mothers 100.0  3E-152  1E-157 1106.5   0.0  425    1-425   187-611 (611)
  3 tr|A0A182V8X0|A0A182V8X0_ANOME 100.0  2E-149  7E-155 1112.2   0.0  411    1-425   118-602 (602)
  4 tr|H2RRN0|H2RRN0_TAKRU Mothers 100.0  7E-147  3E-152 1055.0   0.0  336    1-425     7-344 (344)
  5 tr|G1L9I9|G1L9I9_AILME Mothers 100.0  1E-143  6E-149 1027.5   0.0  361   63-425     1-363 (363)
  6 tr|G3WGZ1|G3WGZ1_SARHA Mothers 100.0  4E-140  1E-145 1011.9   0.0  364   58-425     3-367 (367)
  7 tr|H2YHM4|H2YHM4_CIOSA Mothers 100.0  1E-133  4E-139  997.6   0.0  422    1-425     1-629 (629)
  8 tr|A0A0P8XDS3|A0A0P8XDS3_DROAN 100.0  2E-133  8E-139  970.7   0.0  406    3-425   147-581 (581)
  9 tr|A0A139WG04|A0A139WG04_TRICA 100.0  4E-132  1E-137  967.5   0.0  406    1-425    17-454 (620)
 10 tr|A0A094ZEM0|A0A094ZEM0_SCHHA 100.0  8E-130  3E-135  961.4   0.0  423    2-425     1-654 (654)
 11 tr|A0A0N5E392|A0A0N5E392_TRIMR 100.0  5E-129  2E-134  937.9   0.0  411    3-425   132-560 (560)
 12 tr|A0A074Z266|A0A074Z266_9TREM 100.0  5E-129  2E-134  963.2   0.0  423    2-425     1-663 (663)
 13 tr|A0A146VGV2|A0A146VGV2_FUNHE 100.0  5E-128  2E-133  918.8   0.0  383    2-384     1-384 (477)
 14 tr|W6V6H0|W6V6H0_ECHGR Mothers 100.0  5E-128  2E-133  960.7   0.0  421    4-425     3-687 (687)
 15 tr|A0A143WDL7|A0A143WDL7_BLAGE 100.0  1E-127  5E-133  997.4   0.0  404    9-416    17-644 (651)
 16 tr|A0A154PB00|A0A154PB00_9HYME 100.0  2E-127  5E-133  984.6   0.0  410    1-425  1012-1464(1464)
 17 tr|A0A139WG28|A0A139WG28_TRICA 100.0  2E-127  6E-133  951.2   0.0  406    1-425   352-789 (789)
 18 tr|A0A0Q3LY59|A0A0Q3LY59_AMAAE 100.0  1E-124  4E-130  933.0   0.0  401    9-417   123-601 (607)
 19 tr|S9WKJ9|S9WKJ9_CAMFR Mothers 100.0  2E-122  7E-128  880.5   0.0  350   69-425     1-403 (403)
 20 tr|A0A0V1BXV2|A0A0V1BXV2_TRISP 100.0  1E-121  5E-127  958.5   0.0  411    2-424  1449-1871(2548)
 21 tr|A0A182P6G2|A0A182P6G2_9DIPT 100.0  1E-121  5E-127  884.2   0.0  322   69-425     2-370 (370)
 22 tr|A0A0N5ANC1|A0A0N5ANC1_9BILA 100.0  8E-121  3E-126  885.9   0.0  312    9-417    82-428 (432)
 23 tr|A0A1D5NWW6|A0A1D5NWW6_CHICK 100.0  4E-118  1E-123  869.3   0.0  353    9-417    95-494 (500)
 24 tr|A0A146N3I3|A0A146N3I3_FUNHE 100.0  2E-117  6E-123  862.0   0.0  377   48-425   115-593 (593)
 25 tr|A0A091LKR7|A0A091LKR7_CATAU 100.0  1E-115  4E-121  841.6   0.0  371   23-414     1-377 (377)
 26 tr|A0A0X3P7H7|A0A0X3P7H7_SCHSO 100.0  2E-115  7E-121  850.8   0.0  422    3-425     2-623 (623)
 27 tr|A0A068XT08|A0A068XT08_HYMMI 100.0  1E-112  5E-118  834.3   0.0  423    2-425     1-654 (654)
 28 tr|H2WL73|H2WL73_CAEJA Dwarfin 100.0  1E-112  5E-118  810.0   0.0  316    1-371     1-334 (334)
 29 tr|Q9CRR7|Q9CRR7_MOUSE Mothers 100.0  2E-112  8E-118  831.1   0.0  328    1-395     4-377 (377)
 30 tr|M7AN31|M7AN31_CHEMY Mothers 100.0  1E-111  4E-117  822.7   0.0  372    2-384     4-385 (601)
 31 tr|A0A068YE11|A0A068YE11_ECHMU 100.0  2E-110  7E-116  828.8   0.0  421    3-424     2-659 (774)
 32 tr|A0A068WJL1|A0A068WJL1_ECHGR 100.0  3E-110  9E-116  829.9   0.0  422    2-424    25-683 (798)
 33 tr|A0A0M3J077|A0A0M3J077_ANISI 100.0  5E-109  2E-114  801.4   0.0  338   77-425     1-377 (377)
 34 tr|A0A158QUQ9|A0A158QUQ9_9CEST 100.0  1E-107  3E-113  805.0   0.0  422    3-425     2-709 (709)
 35 tr|A0A1B6LR12|A0A1B6LR12_9HEMI 100.0  5E-106  2E-111  797.6   0.0  404    9-416   216-764 (771)
 36 tr|I1FWP2|I1FWP2_AMPQE Mothers 100.0  1E-104  4E-110  755.1   0.0  332    4-421    20-353 (447)
 37 tr|A0A1B0B381|A0A1B0B381_9MUSC 100.0  2E-104  7E-110  798.8   0.0  190  227-416   644-867 (874)
 38 tr|A0A182H6G8|A0A182H6G8_AEDAL 100.0  1E-102  4E-108  781.4   0.0  404    9-416   281-889 (897)
 39 tr|A0A182RUB1|A0A182RUB1_ANOFN 100.0  1E-101  4E-107  778.6   0.0  405    9-417   334-985 (991)
 40 tr|A0A0F8AVI9|A0A0F8AVI9_LARCR 100.0  2E-101  5E-107  788.8   0.0  389   23-417   810-1282(1288)
 41 tr|Q4T1H9|Q4T1H9_TETNG Mothers 100.0  2E-101  8E-107  757.2   0.0  391   13-416   109-590 (595)
 42 tr|A0A1A9U2W8|A0A1A9U2W8_ANOST 100.0  4E-101  2E-106  777.7   0.0  191  227-417   836-1057(1063)
 43 tr|A0A182P637|A0A182P637_9DIPT 100.0  9E-101  3E-106  774.7   0.0  190  227-416   816-1036(1043)
 44 tr|A0A182HTV9|A0A182HTV9_ANOAR 100.0  1E-100  4E-106  776.1   0.0  191  227-417   862-1083(1089)
 45 tr|A0A182FSF8|A0A182FSF8_ANOAL 100.0  3E-100  1E-105  772.2   0.0  190  227-416   852-1072(1079)
 46 tr|E0W3Y2|E0W3Y2_PEDHC Protein 100.0  6E-100  2E-105  725.6   0.0  287    1-293     8-300 (300)
 47 tr|A0A0M3K4Z9|A0A0M3K4Z9_ANISI 100.0 1.2E-99  5E-105  784.1   0.0  190  227-416   660-905 (911)
 48 tr|G4M186|G4M186_SCHMA Smad1,  100.0 8.3E-99  3E-104  757.9   0.0  369    3-425   611-981 (981)
 49 tr|A0A1I8HKN7|A0A1I8HKN7_9PLAT 100.0 9.8E-99  3E-104  716.9   0.0  308    9-416    60-406 (464)
 50 tr|A0A0P7WFH3|A0A0P7WFH3_9TELE 100.0 1.5E-98  6E-104  747.8   0.0  335    9-352    13-450 (497)
 51 tr|Q4SJG4|Q4SJG4_TETNG Mothers 100.0 4.7E-98  2E-103  737.1   0.0  404    9-417    14-518 (629)
 52 tr|A0A0V1EVX9|A0A0V1EVX9_TRIPS 100.0 1.6E-97  5E-103  746.9   0.0  401    9-416   392-938 (941)
 53 tr|A0A0V1L6I1|A0A0V1L6I1_9BILA 100.0 3.4E-97  1E-102  744.2   0.0  402    9-416   376-933 (936)
 54 tr|S9X2D9|S9X2D9_CAMFR Mothers 100.0 1.5E-96  5E-102  706.5   0.0  283   70-423    37-319 (498)
 55 tr|J9JYM8|J9JYM8_ACYPI Unchara 100.0 6.9E-95  3E-100  675.8   0.0  236  178-425     5-240 (240)
 56 tr|S9YEN5|S9YEN5_CAMFR Mothers 100.0 1.3E-94  5E-100  692.8   0.0  327   66-417   123-490 (496)
 57 tr|U1M5E5|U1M5E5_ASCSU Mothers 100.0 4.7E-94 1.7E-99  717.8   0.0  390   10-413   171-688 (697)
 58 tr|A8X7T9|A8X7T9_CAEBR Dwarfin 100.0 1.3E-92 5.1E-98  717.2   0.0  379    9-414   175-597 (603)
 59 tr|A0A182DX11|A0A182DX11_ONCOC 100.0   6E-92 2.1E-97  711.2   0.0  399    9-413   443-944 (955)
 60 tr|A0A0N4W0X8|A0A0N4W0X8_HAEPC 100.0   9E-92 3.3E-97  642.1   0.0  268   94-425     1-273 (273)
 61 tr|A0A095BWC9|A0A095BWC9_SCHHA 100.0 1.3E-91 4.7E-97  640.1   0.0  205  221-425    68-273 (273)
 62 tr|A0A183UKG8|A0A183UKG8_TOXCA 100.0 1.8E-91 6.8E-97  703.8   0.0  400    9-413   170-651 (659)
 63 tr|W8VLJ6|W8VLJ6_LACAG Mothers 100.0 2.1E-91 8.3E-97  661.8   0.0  270  115-389     2-315 (315)
 64 tr|L7TA28|L7TA28_SCHMD Smad2/3 100.0   7E-91 2.6E-96  649.1   0.0  307  102-420     1-327 (327)
 65 tr|I1G7F7|I1G7F7_AMPQE Mothers 100.0   7E-90 2.5E-95  679.0   0.0  415    4-423   275-702 (704)
 66 tr|A0A016T9K9|A0A016T9K9_9BILA 100.0 1.7E-89 6.2E-95  698.8   0.0  401    9-416   149-828 (842)
 67 tr|A0A151X5F3|A0A151X5F3_9HYME 100.0 3.4E-88 1.2E-93  693.1   0.0  191  226-416  1117-1340(1347)
 68 tr|S9XCE8|S9XCE8_CAMFR Mothers 100.0 7.2E-85 2.5E-90  604.7   0.0  229    1-386     1-239 (343)
 69 tr|G3SC38|G3SC38_GORGO Mothers 100.0 8.6E-85 3.7E-90  648.9   0.0  329   23-403    69-400 (401)
 70 tr|A0A1A6GWV5|A0A1A6GWV5_NEOLE 100.0 2.4E-83 8.4E-89  589.3   0.0  206  218-423    79-284 (315)
 71 tr|A0A1I7YCX1|A0A1I7YCX1_9BILA 100.0 1.2E-80 4.1E-86  610.9   0.0  399    9-413   167-649 (656)
 72 tr|A0A0K0EDX7|A0A0K0EDX7_STRER 100.0 1.3E-80 4.5E-86  617.4   0.0  395    9-414   188-657 (660)
 73 tr|A0A1I8H0F8|A0A1I8H0F8_9PLAT 100.0 4.3E-80 1.6E-85  594.7   0.0  303    1-424     3-317 (447)
 74 tr|A0A0B7APG9|A0A0B7APG9_9EUPU 100.0 6.4E-80 2.5E-85  575.9   0.0  236   75-310     3-264 (265)
 75 tr|A0A067QH14|A0A067QH14_ZOONE 100.0 6.4E-80 3.1E-85  607.8   0.0  304   33-402     1-306 (308)
 76 tr|A0A146PEC6|A0A146PEC6_FUNHE 100.0 3.5E-79 1.3E-84  600.8   0.0  328   26-403   182-510 (511)
 77 tr|A0A158QKX9|A0A158QKX9_HAEPC 100.0 4.2E-79 1.5E-84  581.6   0.0  283    9-414    29-348 (387)
 78 tr|T1KH52|T1KH52_TETUR Unchara 100.0 3.7E-78 1.3E-83  556.4   0.0  208  218-425   114-321 (321)
 79 tr|A0A158R528|A0A158R528_9BILA 100.0 1.4E-77 5.3E-83  621.2   0.0  376   25-404   680-1136(1136)
 80 tr|Q70TA8|Q70TA8_ECHMU Mothers 100.0 5.2E-77 1.9E-82  556.4   0.0  201  225-425   117-318 (318)
 81 tr|A0A182UCW7|A0A182UCW7_9DIPT 100.0 1.1E-76 4.2E-82  542.2   0.0  247   77-416     1-251 (258)
 82 tr|K7GLI5|K7GLI5_PIG Uncharact 100.0 1.2E-76 4.4E-82  514.8   0.0  189    1-278     4-194 (194)
 83 tr|U6P368|U6P368_HAECO Mothers 100.0 1.8E-76 6.4E-82  611.6   0.0  421    1-424     1-501 (1574)
 84 tr|M7AZU2|M7AZU2_CHEMY Mothers 100.0 6.6E-76 2.3E-81  565.7   0.0  197  217-413   152-349 (505)
 85 tr|A0A087XK77|A0A087XK77_POEFO 100.0 6.5E-76 2.6E-81  586.4   0.0  330   26-402   139-504 (506)
 86 tr|A0A146ZGG0|A0A146ZGG0_FUNHE 100.0 9.5E-75 3.3E-80  552.2   0.0  198  227-424   253-450 (451)
 87 tr|A0A158QG17|A0A158QG17_HYMDI 100.0 5.8E-74   2E-79  547.6   0.0  205  221-425   254-458 (458)
 88 tr|E4Y741|E4Y741_OIKDI Mothers 100.0 1.1E-72 3.8E-78  555.4   0.0  335   60-420    12-347 (661)
 89 tr|G5E0U9|G5E0U9_9PIPI Mothers 100.0 1.5E-72 5.4E-78  499.5   0.0  169  257-425    32-201 (201)
 90 tr|A0A183E8C5|A0A183E8C5_9BILA 100.0 7.7E-72 2.7E-77  521.3   0.0  204  221-424   158-361 (362)
 91 tr|A0A0D6LHI7|A0A0D6LHI7_9BILA 100.0 7.2E-71 2.6E-76  475.6   0.0  165  234-425     2-166 (166)
 92 tr|A0A0R3WMU1|A0A0R3WMU1_HYDTA 100.0 1.3E-70 4.5E-76  535.2   0.0  204  222-425   361-576 (576)
 93 tr|A0A1A9X1J9|A0A1A9X1J9_9MUSC 100.0 4.8E-70 1.7E-75  555.9   0.0  111   25-136   555-667 (1143)
 94 tr|G3ULK3|G3ULK3_LOXAF Mothers 100.0 1.1E-69   4E-75  522.9   0.0  322   26-402    81-404 (405)
 95 tr|A0A1A6HPR2|A0A1A6HPR2_NEOLE 100.0 2.4E-69 8.9E-75  496.6   0.0  171    1-174    31-208 (260)
 96 tr|V9LBG1|V9LBG1_CALMI Mothers 100.0 9.4E-69 3.3E-74  485.9   0.0  215    1-215    14-230 (273)
 97 tr|G7YQV8|G7YQV8_CLOSI Mitogen 100.0   8E-68 2.8E-73  550.2   0.0  202  222-423  1526-1727(1727)
 98 tr|A0A0P5AW03|A0A0P5AW03_9CRUS 100.0   1E-67 3.9E-73  524.3   0.0  124    9-136    13-138 (515)
 99 tr|A0A1D1WA18|A0A1D1WA18_RAMVA 100.0 2.7E-67 9.4E-73  477.3   0.0  205  221-425    72-277 (277)
100 tr|A0A158QVE2|A0A158QVE2_9CEST 100.0 2.9E-67 1.1E-72  478.4   0.0  189  227-415     5-239 (240)
101 tr|U6NX60|U6NX60_HAECO Mothers 100.0 4.5E-67 1.6E-72  528.5   0.0  399    9-414   318-941 (941)
102 tr|A0A0N4X714|A0A0N4X714_HAEPC 100.0   2E-66 7.2E-72  481.1   0.0  271   46-350     4-287 (297)
103 tr|A0A0V0J6U0|A0A0V0J6U0_SCHSO 100.0 1.2E-65 4.1E-71  466.9   0.0  199  227-425    79-278 (278)
104 tr|H3AI41|H3AI41_LATCH Unchara 100.0 1.5E-65 5.4E-71  493.0   0.0  191  227-417   178-406 (412)
105 tr|A0A146UPC3|A0A146UPC3_FUNHE 100.0 7.2E-65 2.5E-70  469.9   0.0  198  227-424    74-325 (326)
106 tr|A0A158R528|A0A158R528_9BILA 100.0 1.3E-64 4.7E-70  525.7   0.0  375   23-405    73-596 (1136)
107 tr|A0A183K2K5|A0A183K2K5_9TREM 100.0 2.6E-63   9E-69  470.0   0.0  201  225-425   206-407 (407)
108 tr|G5C2B0|G5C2B0_HETGA Mothers 100.0 4.4E-63 1.5E-68  465.1   0.0  265    2-273     4-312 (378)
109 tr|A0A146Z808|A0A146Z808_FUNHE 100.0 5.3E-63 1.9E-68  465.6   0.0  193  225-417   151-381 (387)
110 tr|A0A068XFU7|A0A068XFU7_HYMMI 100.0 8.1E-63 2.8E-68  467.7   0.0  199  227-425   218-417 (417)
111 tr|A0A0X3PVD1|A0A0X3PVD1_SCHSO 100.0 1.3E-62 4.5E-68  445.1   0.0  149    1-152     8-157 (244)
112 tr|C3ZFF5|C3ZFF5_BRAFL Mothers 100.0   3E-62 1.1E-67  490.9   0.0  327   25-401   520-851 (854)
113 tr|A0A0R3Q5E3|A0A0R3Q5E3_9BILA 100.0 3.2E-62 1.2E-67  462.1   0.0  146    1-146    22-176 (347)
114 tr|I1FGT6|I1FGT6_AMPQE Mothers 100.0 7.8E-62 2.7E-67  443.9   0.0  274   10-363     7-285 (288)
115 tr|A0A1S3J4E9|A0A1S3J4E9_LINUN 100.0 1.3E-61 4.6E-67  454.8   0.0  191  226-416   135-363 (374)
116 tr|G4VAI1|G4VAI1_SCHMA Putativ 100.0 1.5E-61 5.2E-67  471.2   0.0  201  225-425   358-559 (559)
117 tr|A0A060Y004|A0A060Y004_ONCMY 100.0 5.7E-61   2E-66  435.8   0.0  166  218-383    96-262 (274)
118 tr|W8CCH4|W8CCH4_CERCA Mothers 100.0 7.6E-61 2.7E-66  460.2   0.0  191  226-416   248-472 (479)
119 tr|A0A0N4YBE7|A0A0N4YBE7_NIPBR 100.0 1.1E-60   4E-66  462.5   0.0  298    9-346   161-465 (472)
120 tr|V8NXX3|V8NXX3_OPHHA Mothers 100.0 1.5E-60 5.2E-66  397.7   0.0  140  222-424     2-142 (142)
121 tr|A0A0S7HJ33|A0A0S7HJ33_9TELE 100.0 1.4E-60 5.5E-66  414.6   0.0  134    2-135     1-134 (147)
122 tr|B4GDZ0|B4GDZ0_DROPE Mothers 100.0 1.5E-60 6.4E-66  483.4   0.0  278   28-401   223-505 (508)
123 tr|B0W698|B0W698_CULQU Smad4 O 100.0   2E-60 7.2E-66  472.5   0.0  124    9-136   218-343 (723)
124 tr|G5C5G3|G5C5G3_HETGA Mothers 100.0 2.5E-60 1.2E-65  435.8   0.0  172  226-402     5-181 (183)
125 tr|A0A0R3TUF2|A0A0R3TUF2_HYMNN 100.0   4E-60 1.4E-65  461.4   0.0  140    3-143     2-141 (559)
126 tr|A0A0P5F4U1|A0A0P5F4U1_9CRUS 100.0 4.3E-60 1.5E-65  451.8   0.0  191  226-416   207-435 (442)
127 tr|A0A0R3S6L7|A0A0R3S6L7_9BILA 100.0 8.2E-60 3.1E-65  458.5   0.0  195  225-424   228-422 (423)
128 tr|G7Y6W2|G7Y6W2_CLOSI Mothers 100.0 1.5E-59 5.1E-65  454.5   0.0  204  222-425   313-517 (517)
129 tr|U4TVN6|U4TVN6_DENPD Unchara 100.0 2.4E-59 8.6E-65  437.6   0.0  191  227-417   123-351 (357)
130 tr|G0NK68|G0NK68_CAEBE Dwarfin 100.0 3.8E-59 1.5E-64  468.9   0.0  396   25-425    31-557 (557)
131 tr|V5IIQ1|V5IIQ1_IXORI Putativ 100.0 8.3E-59 3.1E-64  448.9   0.0  125    9-137    16-142 (405)
132 tr|F1DT95|F1DT95_SCHMD Smad4 O 100.0 1.6E-58 5.6E-64  429.8   0.0  190  227-416    80-309 (339)
133 tr|E5RZD1|E5RZD1_TRISP Putativ 100.0 1.8E-58 6.4E-64  441.0   0.0  191  226-416   221-442 (445)
134 tr|H2KTB1|H2KTB1_CLOSI Mothers 100.0   3E-58   1E-63  428.3   0.0  191  226-416    38-307 (341)
135 tr|A0A0N5A8D4|A0A0N5A8D4_9BILA 100.0 4.7E-58 1.7E-63  419.8   0.0  204  221-424    86-290 (291)
136 tr|A0A1I8C053|A0A1I8C053_MELHA 100.0 3.6E-57 1.3E-62  427.9   0.0  205  221-425   187-399 (399)
137 tr|A0A195F1C0|A0A195F1C0_9HYME 100.0 3.9E-57 1.4E-62  443.8   0.0  315   35-401   148-552 (555)
138 tr|R4GHM2|R4GHM2_CHICK Unchara 100.0 5.5E-57 2.1E-62  422.9   0.0  288   40-402    11-299 (300)
139 tr|A0A177AS11|A0A177AS11_9METZ 100.0   6E-57 2.2E-62  379.6   0.0  133  289-425     2-134 (134)
140 tr|A0A1I7SQS2|A0A1I7SQS2_BURXY 100.0 2.2E-56 7.7E-62  430.9   0.0  324    9-342    75-446 (494)
141 tr|S9X3L4|S9X3L4_CAMFR Unchara 100.0 2.4E-56 8.3E-62  386.0   0.0  131    1-134     4-135 (182)
142 tr|A0A183HJJ1|A0A183HJJ1_9BILA 100.0 8.5E-56   3E-61  398.7   0.0  183  224-406    36-222 (253)
143 tr|T1GAI3|T1GAI3_MEGSC Unchara 100.0 8.5E-56   3E-61  388.5   0.0  172  178-360    29-200 (205)
144 tr|A0A0N0BFF6|A0A0N0BFF6_9HYME 100.0 1.9E-55 6.8E-61  432.9   0.0  314   35-402   215-541 (628)
145 tr|A0A151NFJ8|A0A151NFJ8_ALLMI 100.0 1.9E-55 7.6E-61  405.8   0.0  169  227-403    46-214 (215)
146 tr|A0A0P5ZKV9|A0A0P5ZKV9_9CRUS 100.0 3.7E-55 1.3E-60  425.4   0.0  183  226-408   271-491 (534)
147 tr|A0A146RAS9|A0A146RAS9_FUNHE 100.0 3.7E-55 1.3E-60  402.0   0.0  166  219-384    28-194 (298)
148 tr|C1LFV7|C1LFV7_SCHJA MAD hom 100.0 3.9E-55 1.4E-60  420.9   0.0  193  225-417   168-418 (447)
149 tr|N6U1Y2|N6U1Y2_DENPD Unchara 100.0 5.6E-55 2.1E-60  382.3   0.0  125    9-137    16-142 (173)
150 tr|A0A183BIR5|A0A183BIR5_GLOPA 100.0 8.2E-55 2.9E-60  394.2   0.0  195  220-425    68-263 (263)
151 tr|A0A060YVG3|A0A060YVG3_ONCMY 100.0 9.4E-55 3.3E-60  382.0   0.0  134  292-425    72-205 (205)
152 tr|A0A158NLE2|A0A158NLE2_ATTCE 100.0 1.5E-54 5.5E-60  412.0   0.0  269   81-401   117-390 (393)
153 tr|S9XVF1|S9XVF1_CAMFR Mothers 100.0 2.7E-54 9.3E-60  376.8   0.0  130    2-134    64-194 (195)
154 tr|L5LF53|L5LF53_MYODS Protein 100.0 4.8E-54 1.7E-59  424.0   0.0  267   89-402   341-610 (612)
155 tr|Q8C2Z0|Q8C2Z0_MOUSE Putativ 100.0 7.8E-54 2.7E-59  373.6   0.0  131    2-135     4-135 (194)
156 tr|A0A1S3RQM5|A0A1S3RQM5_SALSA 100.0   1E-53 3.7E-59  382.2   0.0  134  292-425   103-236 (236)
157 tr|A0A0K3AVK9|A0A0K3AVK9_CAEEL 100.0 9.5E-54 3.7E-59  445.7   0.0  188  227-416   655-875 (895)
158 tr|A0A1I8AZR2|A0A1I8AZR2_MELHA 100.0 3.5E-53 1.2E-58  434.9   0.0  378    9-391    71-704 (1204)
159 tr|K7EEQ4|K7EEQ4_ORNAN Unchara 100.0   1E-52 3.7E-58  355.0   0.0  124    9-136    17-142 (153)
160 tr|A0A154NYQ8|A0A154NYQ8_9HYME 100.0 3.1E-52 1.1E-57  402.7   0.0  268   81-401   218-494 (497)
161 tr|L9L2Q5|L9L2Q5_TUPCH Mothers 100.0 3.3E-52 1.2E-57  398.0   0.0  266   46-402   161-437 (438)
162 tr|U3IBC8|U3IBC8_ANAPL Mothers 100.0 3.5E-52 1.2E-57  355.9   0.0  163   84-294     1-165 (166)
163 tr|L9JA14|L9JA14_TUPCH Mothers 100.0 3.6E-52 1.3E-57  380.7   0.0  135  291-425   151-285 (285)
164 tr|A0A1A9X1J9|A0A1A9X1J9_9MUSC 100.0 4.7E-52 1.7E-57  425.5   0.0  124    9-136    65-190 (1143)
165 tr|A0A183AQB8|A0A183AQB8_9TREM 100.0 5.4E-52 1.9E-57  375.3   0.0  144  282-425   115-258 (258)
166 tr|A0A183E549|A0A183E549_9BILA 100.0 1.3E-51 4.6E-57  368.3   0.0  174  224-409     1-176 (233)
167 tr|A0A0R3R1U4|A0A0R3R1U4_9BILA 100.0 6.3E-51 2.2E-56  379.1   0.0  183  226-424   151-333 (334)
168 tr|A0A0D6M079|A0A0D6M079_9BILA 100.0 8.5E-51 3.1E-56  362.3   0.0  181  227-411    34-217 (217)
169 tr|S4RVK9|S4RVK9_PETMA Unchara 100.0 1.2E-50 4.3E-56  377.5   0.0  125    9-137    16-142 (305)
170 tr|A0A183BFK0|A0A183BFK0_9TREM 100.0 1.8E-50 6.6E-56  355.2   0.0  131    1-134     8-139 (180)
171 tr|T1PQI6|T1PQI6_MUSDO MH1 dom 100.0 2.4E-50 8.6E-56  366.2   0.0  126    9-138    61-188 (255)
172 tr|Q5DBJ6|Q5DBJ6_SCHJA SJCHGC0 100.0 2.6E-50 9.1E-56  354.8   0.0  149  218-366    57-206 (207)
173 tr|A0A177B2H4|A0A177B2H4_9METZ 100.0 3.3E-50 1.1E-55  407.9   0.0  266    9-286   624-952 (952)
174 tr|A0A0P6INP4|A0A0P6INP4_9CRUS 100.0 8.4E-50   3E-55  340.0   0.0  118   16-137     1-120 (161)
175 tr|A0A131ZAZ5|A0A131ZAZ5_RHIAP 100.0 8.4E-50   3E-55  369.6   0.0  125    9-137    25-151 (308)
176 tr|V8NEJ4|V8NEJ4_OPHHA Mothers 100.0 9.1E-50 3.2E-55  363.2   0.0  150    2-154     8-158 (272)
177 tr|A0A1D5PJL5|A0A1D5PJL5_CHICK 100.0   1E-49 3.6E-55  369.6   0.0  252   87-402    30-288 (290)
178 tr|A0A1I8FSD9|A0A1I8FSD9_9PLAT 100.0 1.2E-49   4E-55  378.4   0.0  367    8-419    10-409 (410)
179 tr|A0A0K8VRS6|A0A0K8VRS6_BACLA 100.0 5.6E-49   2E-54  379.4   0.0  299   33-401   122-430 (432)
180 tr|E1FWQ5|E1FWQ5_LOALO MH1 dom 100.0 6.9E-49 2.4E-54  382.7   0.0  276    9-290   189-521 (543)
181 tr|A7SFA9|A7SFA9_NEMVE Predict 100.0 7.3E-49 2.7E-54  322.1   0.0  110   24-134     2-113 (113)
182 tr|A0A146ZHR0|A0A146ZHR0_FUNHE 100.0 1.4E-48 4.9E-54  372.3   0.0  188  225-412    86-330 (424)
183 tr|A0A146UMC8|A0A146UMC8_FUNHE 100.0 1.5E-48 5.3E-54  368.9   0.0  189  225-413    67-386 (387)
184 tr|W8BNZ5|W8BNZ5_CERCA Mothers 100.0 1.9E-48 6.5E-54  358.1   0.0  125    9-137    44-170 (296)
185 tr|A0A162S1Y3|A0A162S1Y3_9CRUS 100.0 2.2E-48 7.8E-54  378.8   0.0  319   29-401   148-533 (536)
186 tr|A0A146UMT4|A0A146UMT4_FUNHE 100.0 2.9E-48   1E-53  368.0   0.0  188  225-412    86-330 (398)
187 tr|E4XF28|E4XF28_OIKDI Mothers 100.0 4.1E-48 1.5E-53  359.2   0.0  309   80-424     3-322 (323)
188 tr|A0A182ZYS9|A0A182ZYS9_BIOGL 100.0 4.2E-48 1.5E-53  365.9   0.0  125    9-137    13-139 (387)
189 tr|A0A1S3QMC6|A0A1S3QMC6_SALSA 100.0 1.3E-47 4.4E-53  310.5   0.0  114  272-385     1-114 (114)
190 tr|A0A1B6H975|A0A1B6H975_9HEMI 100.0 1.9E-47 6.7E-53  367.3   0.0  124    9-136   218-343 (458)
191 tr|M7BIZ5|M7BIZ5_CHEMY Mothers 100.0 2.1E-47 7.4E-53  330.0   0.0   90    9-135    10-101 (178)
192 tr|A0A0P5ECT5|A0A0P5ECT5_9CRUS 100.0 3.7E-47 1.3E-52  368.1   0.0   82  227-308   389-473 (499)
193 tr|A0A1I8MSR2|A0A1I8MSR2_MUSDO 100.0 7.8E-47 2.8E-52  377.4   0.0  321   31-401   293-642 (645)
194 tr|B3KYA8|B3KYA8_HUMAN cDNA FL 100.0 1.3E-46 4.9E-52  343.4   0.0  170  227-402    68-237 (238)
195 tr|E4XWJ6|E4XWJ6_OIKDI Unchara 100.0 1.7E-46 5.8E-52  356.8   0.0  187  228-414    63-256 (406)
196 tr|A0A1L8F5B3|A0A1L8F5B3_XENLA 100.0 3.1E-46 1.1E-51  348.5   0.0  255   28-402    72-328 (338)
197 tr|S4RHE4|S4RHE4_PETMA Unchara 100.0 3.3E-46 1.2E-51  309.7   0.0  126   69-197     1-126 (128)
198 tr|A0A183LW78|A0A183LW78_9TREM 100.0 3.7E-46 1.4E-51  315.3   0.0  126    2-134     9-135 (137)
199 tr|A0A0N0P9E4|A0A0N0P9E4_PAPXU 100.0 6.2E-45 2.2E-50  369.0   0.0  124    9-136   204-329 (910)
200 tr|A0A1E1WL89|A0A1E1WL89_PECGO 100.0 6.9E-45 2.4E-50  316.9   0.0  142    4-145     1-146 (188)
201 tr|A0A1P6C4E5|A0A1P6C4E5_BRUMA 100.0 2.8E-44 9.8E-50  317.7   0.0  131    1-136     2-136 (210)
202 tr|A0A0R3U5G2|A0A0R3U5G2_9CEST 100.0 5.4E-44 1.9E-49  317.4   0.0  139  287-425    24-218 (218)
203 tr|W5K8C6|W5K8C6_ASTMX Unchara 100.0 6.5E-44 2.4E-49  311.5   0.0  131  287-417     1-168 (174)
204 tr|A0A183X4F2|A0A183X4F2_TRIRE 100.0 1.6E-43 5.7E-49  313.9   0.0  123    8-134    16-142 (215)
205 tr|A0A0C2J427|A0A0C2J427_THEKT 100.0 3.3E-43 1.1E-48  338.1   0.0  321   26-353    34-401 (452)
206 tr|A0A0R3WP47|A0A0R3WP47_HYDTA 100.0 5.7E-43   2E-48  304.7   0.0  132    2-134    16-147 (186)
207 tr|A0A183BGD5|A0A183BGD5_9TREM 100.0 6.8E-43 2.4E-48  312.2   0.0  123    8-134    42-166 (228)
208 tr|A0A0N5ALG2|A0A0N5ALG2_9BILA 100.0 1.4E-42 4.9E-48  324.4   0.0  196  228-424   102-318 (319)
209 tr|G7YI42|G7YI42_CLOSI Mothers 100.0 3.5E-42 1.2E-47  321.9   0.0  139    6-147    13-152 (339)
210 tr|H3EZI2|H3EZI2_PRIPA Unchara 100.0 3.6E-42 1.3E-47  304.7   0.0   67   81-147     4-71  (211)
211 tr|A0A183VSB0|A0A183VSB0_TRIRE 100.0 6.6E-42 2.3E-47  328.9   0.0  141    2-143     1-141 (448)
212 tr|A0A0N4U9G2|A0A0N4U9G2_DRAME 100.0 1.3E-41 4.5E-47  324.1   0.0  194  221-414   204-397 (408)
213 tr|G6CR51|G6CR51_DANPL Mothers 100.0 2.4E-41 8.6E-47  322.8   0.0  252   86-401   156-412 (415)
214 tr|B0W697|B0W697_CULQU Smad4 O 100.0 3.1E-41 1.1E-46  299.2   0.0  135  282-416    12-177 (213)
215 tr|E5RZD0|E5RZD0_TRISP Mothers 100.0 4.5E-41 1.6E-46  306.0   0.0  111   25-136   137-249 (264)
216 tr|Q27W07|Q27W07_NEMVE Smad4 O 100.0 5.3E-41 1.9E-46  298.6   0.0  126    8-134    21-149 (218)
217 tr|G3HQJ4|G3HQJ4_CRIGR Mothers 100.0 9.1E-41 3.3E-46  307.1   0.0  165  228-398    79-243 (256)
218 tr|H2VPQ3|H2VPQ3_CAEJA Unchara 100.0   1E-40 3.5E-46  308.3   0.0  206  220-425    93-301 (301)
219 tr|A0A183DX34|A0A183DX34_9BILA 100.0 1.2E-40 4.3E-46  301.0   0.0  123    9-136    70-213 (248)
220 tr|A0A1I9GAH3|A0A1I9GAH3_BRUMA 100.0 1.3E-40 4.6E-46  273.8   0.0  117  221-337     7-123 (124)
221 tr|D2GYU3|D2GYU3_AILME Putativ 100.0 1.4E-40 4.8E-46  326.5   0.0  170  227-402   394-563 (565)
222 tr|A0A0M3IQL2|A0A0M3IQL2_ASCLU 100.0 1.4E-40 4.9E-46  271.2   0.0  101   33-133     2-106 (117)
223 tr|A0A0N4ZWP2|A0A0N4ZWP2_PARTI 100.0 2.2E-40 7.8E-46  333.7   0.0  121    9-134    19-141 (802)
224 tr|A0A0N5C457|A0A0N5C457_STREA 100.0 4.4E-40 1.6E-45  331.7   0.0  122    9-135    19-142 (807)
225 tr|A0A183CPN8|A0A183CPN8_GLOPA 100.0   5E-40 1.7E-45  303.9   0.0  195  220-414    77-289 (302)
226 tr|A0A0N4YSH1|A0A0N4YSH1_NIPBR 100.0 5.6E-40 1.9E-45  287.3   0.0  155  240-394     1-158 (191)
227 tr|A0A0P4WNK2|A0A0P4WNK2_9CRUS 100.0 6.2E-40 2.2E-45  310.1   0.0  154  226-379   122-313 (374)
228 tr|A0A183SH89|A0A183SH89_SCHSO 100.0 7.4E-40 2.6E-45  310.0   0.0  141    2-143    15-180 (379)
229 tr|A0A183EKH5|A0A183EKH5_9BILA 100.0 1.2E-39 4.2E-45  277.7   0.0  104   33-136     4-111 (157)
230 tr|A0A0K0E0W2|A0A0K0E0W2_STRER 100.0 1.2E-39 4.2E-45  328.6   0.0  122    9-135    19-142 (806)
231 tr|A0A0M3KIE1|A0A0M3KIE1_ANISI 100.0 1.4E-39 4.8E-45  275.0   0.0  109   26-134    20-132 (148)
232 tr|S7QBV3|S7QBV3_MYOBR Mothers 100.0 1.4E-39   5E-45  289.6   0.0  126  286-411    10-171 (218)
233 tr|G3INE2|G3INE2_CRIGR Mothers 100.0 4.4E-39 1.6E-44  262.6   0.0   88   48-135     1-88  (117)
234 tr|A0A1I8F9A2|A0A1I8F9A2_9PLAT 100.0 5.2E-39 1.8E-44  311.4   0.0  286   80-418   189-483 (484)
235 tr|A0A0K2TUL2|A0A0K2TUL2_LEPSM 100.0 5.3E-39   2E-44  290.4   0.0  169  228-403    32-202 (215)
236 tr|A0A077SMW2|A0A077SMW2_9METZ 100.0 8.7E-39   3E-44  283.9   0.0  125   10-138    10-136 (213)
237 tr|D6WRP2|D6WRP2_TRICA SMAD fa 100.0 1.4E-38 4.9E-44  296.6   0.0  289   25-418    23-319 (323)
238 tr|V5FXH6|V5FXH6_ANOGL Mothers 100.0 1.8E-38 6.2E-44  292.0   0.0  123  226-348   158-284 (286)
239 tr|W4XF34|W4XF34_STRPU Unchara 100.0 2.7E-38 9.3E-44  288.5   0.0  168  228-403    97-264 (266)
240 tr|A0A091KMM4|A0A091KMM4_COLST 100.0 2.9E-38 1.1E-43  269.9   0.0  134  258-401     5-138 (139)
241 tr|A0A183UTS2|A0A183UTS2_TOXCA 100.0 3.7E-38 1.3E-43  265.4   0.0  134  292-425     3-144 (144)
242 tr|A0A183DW38|A0A183DW38_9BILA 100.0 4.7E-38 1.7E-43  299.8   0.0  115   22-138    88-212 (403)
243 tr|A0A0C2CVU1|A0A0C2CVU1_9BILA 100.0 7.3E-38 2.6E-43  289.7   0.0  128    1-133   135-279 (301)
244 tr|A0A1I7SZS5|A0A1I7SZS5_9PELO 100.0 7.5E-38 2.6E-43  324.3   0.0  185  228-414  1024-1241(1264)
245 tr|A0A1B6FLX0|A0A1B6FLX0_9HEMI 100.0 1.5E-37 5.4E-43  292.4   0.0  128  226-353   202-333 (352)
246 tr|W2TEU3|W2TEU3_NECAM MH2 dom 100.0 1.8E-37 6.5E-43  282.5   0.0  198  227-424    35-240 (241)
247 tr|A0A183T8N2|A0A183T8N2_SCHSO 100.0   8E-37 2.8E-42  260.9   0.0  117  227-343     8-128 (158)
248 tr|A0A077SP58|A0A077SP58_9METZ 100.0 9.8E-37 3.6E-42  297.5   0.0  370    8-403     6-417 (421)
249 tr|A0A1I8ARA2|A0A1I8ARA2_9BILA 100.0 1.1E-36   4E-42  278.5   0.0  108   25-133    65-176 (270)
250 tr|A0A183GRP7|A0A183GRP7_HELBK 100.0 1.2E-36 4.2E-42  261.0   0.0  113   23-137    39-153 (163)
251 tr|A0A0K0DFM2|A0A0K0DFM2_ANGCA 100.0   4E-36 1.5E-41  267.1   0.0  149  266-414     8-185 (189)
252 tr|A0A0C2GM82|A0A0C2GM82_9BILA 100.0 4.7E-36 1.7E-41  298.7   0.0  198  228-425   315-528 (528)
253 tr|A0A1I8GN38|A0A1I8GN38_9PLAT 100.0 5.1E-36 1.8E-41  271.5   0.0  184  228-414    49-238 (248)
254 tr|A0A0R3UJP8|A0A0R3UJP8_9CEST 100.0 8.3E-36 2.9E-41  286.4   0.0  124    9-136    39-164 (429)
255 tr|A0A183B8C1|A0A183B8C1_9TREM 100.0 9.6E-36 3.4E-41  263.8   0.0  117  227-343    56-176 (207)
256 tr|A0A1I8AF83|A0A1I8AF83_9BILA 100.0 1.3E-35 4.6E-41  285.7   0.0  346   10-371     6-389 (439)
257 tr|K1QIR4|K1QIR4_CRAGI Mothers 100.0 1.3E-35 4.6E-41  273.9   0.0  169  228-402   121-289 (291)
258 tr|A0A158PEA5|A0A158PEA5_ANGCS 100.0 2.7E-35 9.5E-41  272.0   0.0  123    9-136   145-269 (292)
259 tr|A0A0K0FC00|A0A0K0FC00_9BILA 100.0 3.7E-35 1.3E-40  277.6   0.0  195  223-419   119-314 (321)
260 tr|A0A090L8K3|A0A090L8K3_STRRB 100.0 7.8E-35 2.7E-40  293.8   0.0  121    9-134    19-141 (783)
261 tr|A0A183NN14|A0A183NN14_9TREM 100.0 7.9E-35 2.8E-40  261.8   0.0  136  277-412     5-196 (232)
262 tr|A0A1I7RHS1|A0A1I7RHS1_BURXY 100.0   1E-34 3.6E-40  270.5   0.0  188  228-416    74-263 (316)
263 tr|A0A183G3K6|A0A183G3K6_HELBK 100.0 1.8E-34 6.6E-40  284.1   0.0  178  228-407   290-499 (518)
264 tr|A0A183FBF4|A0A183FBF4_HELBK 100.0 4.8E-34 1.7E-39  242.6   0.0  120  286-405    28-149 (151)
265 tr|A0A183CG27|A0A183CG27_GLOPA 100.0   5E-34 1.8E-39  291.9   0.0  184  231-414   744-945 (958)
266 tr|A0A0N4VV20|A0A0N4VV20_HAEPC 100.0 5.3E-34 1.9E-39  270.6   0.0  186  228-413   148-341 (342)
267 tr|A0A1I7S0X0|A0A1I7S0X0_BURXY 100.0 6.7E-34 2.3E-39  293.5   0.0  120    9-133   293-414 (1110)
268 tr|G0NB70|G0NB70_CAEBE CBN-SMA 100.0 1.9E-33   7E-39  246.7   0.0  127   16-147    14-145 (178)
269 tr|A0A146ZGA8|A0A146ZGA8_FUNHE 100.0 3.1E-33 1.1E-38  249.7   0.0  143  267-409    20-217 (217)
270 tr|E9IJM6|E9IJM6_SOLIN Putativ 100.0 3.4E-33 1.2E-38  258.5   0.0  169  229-401     4-238 (294)
271 tr|A0A158QJF9|A0A158QJF9_HYMNN  99.9 1.4E-32 4.9E-38  264.3   0.0  121  225-345   231-355 (424)
272 tr|A0A1S3PWF0|A0A1S3PWF0_SALSA  99.9 1.4E-32   5E-38  220.9   0.0   95  198-292     3-97  (104)
273 tr|A0A0S7I3T3|A0A0S7I3T3_9TELE  99.9 2.2E-32 7.7E-38  238.8   0.0  100  301-400    48-182 (182)
274 tr|A0A182YZ59|A0A182YZ59_BIOGL  99.9 5.6E-32   2E-37  258.1   0.0  110  294-404   268-377 (390)
275 tr|A0A0D8XDC7|A0A0D8XDC7_DICVI  99.9   7E-32 2.5E-37  227.4   0.0  113  293-405    25-139 (141)
276 tr|A0A0N4V0U8|A0A0N4V0U8_ENTVE  99.9 1.8E-31 6.4E-37  233.7   0.0  106   10-120    36-143 (185)
277 tr|K7HHP2|K7HHP2_CAEJA Unchara  99.9 9.9E-31 3.5E-36  231.2   0.0  194    1-267     1-196 (198)
278 tr|A0A0F5C291|A0A0F5C291_PRIPA  99.9 1.2E-30 4.2E-36  234.6   0.0   87   46-134     8-95  (226)
279 tr|S9YPX9|S9YPX9_CAMFR Mothers  99.9 1.2E-30 4.3E-36  235.9   0.0  133  266-402   104-236 (237)
280 tr|A0A0P6C975|A0A0P6C975_9CRUS  99.9 2.4E-30 8.3E-36  255.7   0.0  265   29-345    63-395 (566)
281 tr|A0A1I8GHQ6|A0A1I8GHQ6_9PLAT  99.9 2.9E-30   1E-35  268.8   0.0  184  228-414  1034-1223(1233)
282 tr|A0A0C2CVU1|A0A0C2CVU1_9BILA  99.9 3.6E-30 1.3E-35  239.4   0.0  113    1-118     8-131 (301)
283 tr|A0A0B1SI70|A0A0B1SI70_OESDE  99.9 6.2E-30 2.2E-35  223.4   0.0  125  226-350    22-149 (180)
284 tr|A0A0S7IK52|A0A0S7IK52_9TELE  99.9 7.1E-30 2.5E-35  218.9   0.0  116  282-402    38-155 (157)
285 tr|I1F199|I1F199_AMPQE Unchara  99.9 9.3E-30 3.3E-35  229.9   0.0  126  292-417    70-224 (234)
286 tr|A0A1I7X6W3|A0A1I7X6W3_HETBA  99.9 1.3E-29 4.4E-35  208.1   0.0  100   11-110    13-117 (117)
287 tr|A0A0D8XET4|A0A0D8XET4_DICVI  99.9 2.2E-29 7.7E-35  246.0   0.0  325   26-353    24-473 (491)
288 tr|A0A0N4V0U9|A0A0N4V0U9_ENTVE  99.9 2.5E-29 8.6E-35  249.3   0.0  181  227-407   328-533 (585)
289 tr|A0A131YKD8|A0A131YKD8_RHIAP  99.9 2.5E-29 8.9E-35  231.8   0.0  167  227-401    91-270 (277)
290 tr|A0A146UIW1|A0A146UIW1_FUNHE  99.9 4.1E-29 1.5E-34  214.8   0.0  129  267-395    20-160 (160)
291 tr|A0A183RP08|A0A183RP08_9TREM  99.9 4.4E-29 1.6E-34  233.3   0.0  113  225-337   200-313 (313)
292 tr|D2HZV6|D2HZV6_AILME Putativ  99.9 5.6E-29 1.9E-34  229.9   0.0   75   61-135   205-279 (281)
293 tr|G3UX42|G3UX42_MOUSE Mothers  99.9 1.1E-28 3.8E-34  226.4   0.0  178   25-273    75-264 (264)
294 tr|A0A0K0IR90|A0A0K0IR90_BRUMA  99.9 1.2E-28 4.1E-34  212.3   0.0  102    9-114    45-148 (161)
295 tr|A0A1I8H0F8|A0A1I8H0F8_9PLAT  99.9 1.8E-28 6.4E-34  240.6   0.0  134  286-425   311-447 (447)
296 tr|R0LV88|R0LV88_ANAPL Mothers  99.9 4.8E-28 1.7E-33  213.4   0.0  117  228-347    57-173 (190)
297 tr|G0PLJ0|G0PLJ0_CAEBE Putativ  99.9 5.2E-28 1.9E-33  236.5   0.0  196  227-425   198-412 (412)
298 tr|A0A0M3KC66|A0A0M3KC66_ANISI  99.9 7.1E-28 2.5E-33  207.9   0.0   64  362-425   100-163 (163)
299 tr|A0A0S7J2H0|A0A0S7J2H0_9TELE  99.9 8.2E-28 2.9E-33  196.3   0.0   80  219-298    25-105 (112)
300 tr|A0A061I3U8|A0A061I3U8_CRIGR  99.9 9.2E-28 3.2E-33  199.4   0.0   89  292-380     9-97  (125)
301 tr|A0A1B1W2F1|A0A1B1W2F1_RANSY  99.9 1.4E-27 5.1E-33  187.7   0.0   84  266-349     1-86  (89)
302 tr|A0A183GK81|A0A183GK81_HELBK  99.9 2.3E-27   8E-33  202.3   0.0  120  289-408    21-142 (149)
303 tr|G3IM29|G3IM29_CRIGR Mothers  99.9 2.4E-27 8.4E-33  204.4   0.0   87  293-379    73-159 (161)
304 tr|A0A183G3K5|A0A183G3K5_HELBK  99.9 2.4E-27 8.4E-33  185.0   0.0   82   38-120     1-84  (85)
305 tr|F5GUE5|F5GUE5_CAEEL Unchara  99.9 2.5E-27 8.7E-33  223.2   0.0  187  227-414   129-321 (331)
306 tr|A0A1S3RP49|A0A1S3RP49_SALSA  99.9 3.8E-27 1.3E-32  194.4   0.0   79  218-296    25-104 (119)
307 tr|A0A183C450|A0A183C450_GLOPA  99.9 4.5E-27 1.6E-32  250.9   0.0  123    9-136   819-958 (1989)
308 tr|A0A1I8F8W2|A0A1I8F8W2_9PLAT  99.9 5.4E-27 1.9E-32  235.9   0.0  193  221-415   158-381 (682)
309 tr|A0A1P6C598|A0A1P6C598_BRUMA  99.9 6.9E-27 2.4E-32  217.7   0.0  102    9-114   182-285 (296)
310 tr|A0A1I7ZSS5|A0A1I7ZSS5_9BILA  99.9 7.4E-27 2.6E-32  230.5   0.0  186  228-414   338-524 (538)
311 tr|A0A060YMQ0|A0A060YMQ0_ONCMY  99.9 9.3E-27 3.6E-32  213.0   0.0  113   29-144    54-167 (199)
312 tr|H3DTR3|H3DTR3_PRIPA Mothers  99.9 1.2E-26 4.4E-32  222.4   0.0   96  227-322   290-387 (391)
313 tr|A0A1I7ZRW6|A0A1I7ZRW6_9BILA  99.9 3.9E-26 1.4E-31  216.5   0.0  186  228-414   115-335 (349)
314 tr|G3IN07|G3IN07_CRIGR Mothers  99.9   6E-26 2.1E-31  183.5   0.0   81  217-297    15-96  (104)
315 tr|A0A183I261|A0A183I261_9BILA  99.9 1.1E-25 3.7E-31  215.7   0.0   73   65-138   127-219 (383)
316 tr|H2W002|H2W002_CAEJA Unchara  99.9 1.3E-25 4.7E-31  213.5   0.0  108   25-133   226-335 (358)
317 tr|A0A183GVC6|A0A183GVC6_HELBK  99.9 1.7E-25 6.1E-31  185.0   0.0   67   81-147    21-88  (120)
318 tr|A0A0F5BW85|A0A0F5BW85_PRIPA  99.9   2E-25   7E-31  222.2   0.0  188  227-414   346-569 (585)
319 tr|A0A0F5CXK8|A0A0F5CXK8_PRIPA  99.9 2.1E-25 7.3E-31  213.9   0.0  121    9-133   163-318 (387)
320 tr|A0A0P4XQW2|A0A0P4XQW2_9CRUS  99.9 2.3E-25 7.9E-31  179.6   0.0   81    1-84      4-85  (102)
321 tr|H3EAD5|H3EAD5_PRIPA Unchara  99.9 2.3E-25 8.1E-31  192.6   0.0  129  266-425    32-162 (162)
322 tr|A0A183R143|A0A183R143_9TREM  99.9 2.8E-25 9.9E-31  170.0   0.0   56  359-420     4-59  (75)
323 tr|H2ULD2|H2ULD2_TAKRU Unchara  99.8 3.1E-25 1.2E-30  211.9   0.0  112   26-141   162-274 (285)
324 tr|A0A0K0DFM1|A0A0K0DFM1_ANGCA  99.8 3.9E-25 1.4E-30  194.0   0.0   81   23-104    63-145 (180)
325 tr|A0A182SRK2|A0A182SRK2_9DIPT  99.8 5.1E-25 1.8E-30  187.0   0.0   62   72-133    10-71  (142)
326 tr|A0A0C2GZZ4|A0A0C2GZZ4_9BILA  99.8 5.7E-25   2E-30  182.9   0.0   67   81-147    20-87  (124)
327 tr|A0A183VAU6|A0A183VAU6_TOXCA  99.8 8.5E-25 3.5E-30  221.1   0.0  345   25-401     9-408 (412)
328 tr|A0A1D1V6X0|A0A1D1V6X0_RAMVA  99.8 1.3E-24 4.4E-30  214.3   0.0  166  227-402   331-506 (515)
329 tr|A0A0C2G807|A0A0C2G807_9BILA  99.8 1.3E-24 4.5E-30  183.6   0.0   67   81-147    24-91  (137)
330 tr|H0YL71|H0YL71_HUMAN Mothers  99.8 1.5E-24 5.1E-30  172.1   0.0   90  107-196     2-91  (92)
331 tr|T1KEQ6|T1KEQ6_TETUR Unchara  99.8 2.6E-24 9.3E-30  192.0   0.0   71   46-117   125-196 (204)
332 tr|A0A177B3C0|A0A177B3C0_9METZ  99.8 3.8E-24 1.3E-29  213.5   0.0  251    3-273     6-276 (592)
333 tr|A0A183S0S5|A0A183S0S5_9TREM  99.8 4.2E-24 1.5E-29  172.5   0.0   78  221-298    12-89  (102)
334 tr|H3FIC0|H3FIC0_PRIPA Unchara  99.8 6.8E-24 2.4E-29  207.3   0.0  121    9-133   272-420 (463)
335 tr|A0A183D880|A0A183D880_9BILA  99.8   2E-23 7.1E-29  157.7   0.0   63   72-134     2-64  (69)
336 tr|E4XXS7|E4XXS7_OIKDI Unchara  99.8 2.3E-23   8E-29  195.5   0.0  192  222-415    94-304 (307)
337 tr|A0A0F5CZ33|A0A0F5CZ33_PRIPA  99.8 3.8E-23 1.3E-28  191.6   0.0  106    9-116   111-218 (274)
338 tr|A0A0C9RIL2|A0A0C9RIL2_9HYME  99.8 4.2E-23 1.5E-28  198.8   0.0  103   35-140    96-260 (345)
339 tr|A0A016SFN2|A0A016SFN2_9BILA  99.8 8.1E-23 2.9E-28  193.3   0.0  118   23-142    30-149 (329)
340 tr|A0A183BC70|A0A183BC70_9TREM  99.8 8.5E-23   3E-28  179.0   0.0   73  220-292    98-170 (175)
341 tr|A0A1E1WCZ2|A0A1E1WCZ2_PECGO  99.8 1.3E-22 4.5E-28  166.8   0.0   73    1-76     40-113 (113)
342 tr|A0A074Z2G5|A0A074Z2G5_9TREM  99.8 1.5E-22 5.3E-28  192.2   0.0  101  222-322     2-103 (339)
343 tr|A0A1I8J4D9|A0A1I8J4D9_9PLAT  99.8 1.7E-22 6.1E-28  187.4   0.0  112  235-346   130-246 (263)
344 tr|K7H3R6|K7H3R6_CAEJA Unchara  99.8 4.8E-22 1.7E-27  193.5   0.0  195  227-422   226-429 (432)
345 tr|A0A0N4XRS6|A0A0N4XRS6_NIPBR  99.8 4.9E-22 1.7E-27  172.6   0.0   61   83-143     2-63  (163)
346 tr|A0A1I8CN05|A0A1I8CN05_9BILA  99.8   5E-22 1.8E-27  210.1   0.0  106   26-132    47-154 (1392)
347 tr|A0A195B298|A0A195B298_9HYME  99.8 5.3E-22 1.8E-27  186.4   0.0  101   35-140   144-245 (304)
348 tr|W4YR14|W4YR14_STRPU Unchara  99.8 6.3E-22 2.2E-27  185.1   0.0  129    9-143   104-248 (293)
349 tr|V5GYL6|V5GYL6_ANOGL Mothers  99.8 6.6E-22 2.3E-27  180.0   0.0  127    4-143    55-188 (232)
350 tr|A0A183WHP2|A0A183WHP2_TRIRE  99.8 6.9E-22 2.4E-27  156.7   0.0   77  221-297    11-88  (90)
351 tr|S9XXU8|S9XXU8_CAMFR Unchara  99.7 8.2E-22 2.9E-27  194.1   0.0   87  293-379   262-348 (488)
352 tr|W5QA57|W5QA57_SHEEP Unchara  99.7 8.5E-22   3E-27  161.5   0.0   70    1-70      1-70  (106)
353 tr|H3FQN4|H3FQN4_PRIPA Unchara  99.7 8.7E-22   3E-27  174.1   0.0  130  289-418     1-166 (185)
354 tr|T1GPZ3|T1GPZ3_MEGSC Unchara  99.7 8.7E-22   3E-27  161.8   0.0   73    2-77     33-106 (112)
355 tr|A8XFY2|A8XFY2_CAEBR Dwarfin  99.7 8.7E-22 3.1E-27  196.9   0.0  320   25-355    43-461 (585)
356 tr|W5L997|W5L997_ASTMX Unchara  99.7 1.1E-21 4.2E-27  181.4   0.0  116   25-143    63-179 (238)
357 tr|A0A1A6GXW1|A0A1A6GXW1_NEOLE  99.7 1.2E-21 4.5E-27  155.8   0.0   71    1-71      1-71  (85)
358 tr|A0A0C2GAQ4|A0A0C2GAQ4_9BILA  99.7 1.4E-21 4.8E-27  160.0   0.0   72  226-297    25-96  (109)
359 tr|A0A146UMG4|A0A146UMG4_FUNHE  99.7   2E-21 7.1E-27  183.3   0.0   97  225-321    67-168 (315)
360 tr|A0A0N4VXZ0|A0A0N4VXZ0_HAEPC  99.7 2.3E-21 7.9E-27  146.5   0.0   57  350-406     4-60  (68)
361 tr|X1XTL8|X1XTL8_ACYPI Unchara  99.7 2.3E-21   8E-27  169.6   0.0  100  286-385    35-170 (170)
362 tr|A0A068X427|A0A068X427_HYMMI  99.7 2.8E-21 9.8E-27  170.1   0.0   55  362-416    83-137 (178)
363 tr|A0A146UJB4|A0A146UJB4_FUNHE  99.7 3.1E-21 1.1E-26  157.3   0.0   80  330-409    17-106 (106)
364 tr|A0A0N4VGD1|A0A0N4VGD1_ENTVE  99.7   4E-21 1.4E-26  183.7   0.0  272   26-403    10-310 (316)
365 tr|K7JPP0|K7JPP0_NASVI Unchara  99.7 5.5E-21 1.9E-26  172.2   0.0  186  229-416     8-198 (212)
366 tr|A0A183DJT2|A0A183DJT2_9BILA  99.7 1.1E-20 3.9E-26  165.8   0.0   72  221-292    78-149 (173)
367 tr|A0A068CMY8|A0A068CMY8_HOFMI  99.7 1.2E-20 4.1E-26  179.1   0.0  162  227-401   162-327 (328)
368 tr|H3FGJ6|H3FGJ6_PRIPA Unchara  99.7 1.2E-20 4.3E-26  181.5   0.0  106   10-117   209-317 (376)
369 tr|E4XWJ7|E4XWJ7_OIKDI Unchara  99.7 1.7E-20 5.9E-26  179.2   0.0  153  227-379   132-300 (350)
370 tr|A0A1B0GNU4|A0A1B0GNU4_PHLPP  99.7 2.5E-20 9.1E-26  142.5   0.0   66    4-69      1-67  (67)
371 tr|L5K3G8|L5K3G8_PTEAL Mothers  99.7   4E-20 1.4E-25  156.9   0.0   70    1-70      1-70  (136)
372 tr|A0A183HJL3|A0A183HJL3_9BILA  99.7 4.3E-20 1.5E-25  133.9   0.0   38  369-406     1-38  (54)
373 tr|W4YQ93|W4YQ93_STRPU Unchara  99.7 6.3E-20 2.2E-25  145.0   0.0   67    9-78     12-80  (87)
374 tr|A0A1I7XIY6|A0A1I7XIY6_HETBA  99.7 7.9E-20 2.8E-25  185.4   0.0  119  295-413   268-393 (672)
375 tr|A0A1A6GRL1|A0A1A6GRL1_NEOLE  99.7   1E-19 3.7E-25  165.8   0.0  117   25-143    45-173 (221)
376 tr|A0A183TED5|A0A183TED5_SCHSO  99.7 1.1E-19 3.9E-25  164.6   0.0   57  361-417    63-119 (218)
377 tr|A0A091D4I5|A0A091D4I5_FUKDA  99.6 1.8E-19 6.3E-25  158.9   0.0   70    1-70      1-70  (177)
378 tr|A0A183EJT0|A0A183EJT0_9BILA  99.6 1.9E-19 6.6E-25  146.7   0.0   60  349-408    35-95  (104)
379 tr|A0A146M6H1|A0A146M6H1_LYGHE  99.6 1.9E-19 6.9E-25  148.0   0.0   66    9-77     37-104 (105)
380 tr|A0A023ZSQ8|A0A023ZSQ8_SCHMD  99.6   2E-19   7E-25  142.3   0.0   52  362-413    20-71  (87)
381 tr|A0A1I8BEY2|A0A1I8BEY2_MELHA  99.6 2.2E-19 7.7E-25  153.5   0.0  120  240-413     1-128 (142)
382 tr|A0A1E1XKR0|A0A1E1XKR0_9ACAR  99.6 1.2E-18   4E-24  159.1   0.0  103   31-140   103-206 (228)
383 tr|A0A060WJ39|A0A060WJ39_ONCMY  99.6 1.3E-18 4.7E-24  121.9   0.0   42  384-425     4-45  (45)
384 tr|L5LWB0|L5LWB0_MYODS Mothers  99.6 2.1E-18 7.4E-24  132.9   0.0   59  361-419    12-70  (74)
385 tr|A0A1I7X747|A0A1I7X747_HETBA  99.6 2.8E-18 9.8E-24  144.4   0.0   72  222-293    54-126 (126)
386 tr|H3DXH7|H3DXH7_PRIPA Unchara  99.6 4.6E-18 1.6E-23  153.0   0.0  183  228-412     3-193 (203)
387 tr|A0A0D6LLY3|A0A0D6LLY3_9BILA  99.5   7E-18 2.5E-23  151.4   0.0  138  230-367    25-170 (198)
388 tr|A0A0V0GDT3|A0A0V0GDT3_TRIDM  99.5 8.1E-18 2.9E-23  156.7   0.0  121    9-144     9-131 (254)
389 tr|A0A1I7Z5J4|A0A1I7Z5J4_9BILA  99.5 1.1E-17 3.7E-23  154.2   0.0  116   10-131    15-132 (242)
390 tr|G4VFA9|G4VFA9_SCHMA Mothers  99.5 1.2E-17 4.2E-23  172.9   0.0  172  228-401   518-768 (780)
391 tr|G7YKY6|G7YKY6_CLOSI SMAD mo  99.5 1.5E-17 5.2E-23  175.8   0.0   83    8-134   397-481 (1164)
392 tr|A0A074ZPY9|A0A074ZPY9_9TREM  99.5 2.2E-17 7.8E-23  170.3   0.0  110  292-401   657-784 (795)
393 tr|R0JFM8|R0JFM8_ANAPL Mothers  99.5 2.3E-17 8.2E-23  141.2   0.0   70    1-70      1-80  (140)
394 tr|A0A061I3U1|A0A061I3U1_CRIGR  99.5 2.2E-17 8.2E-23  153.9   0.0  103  278-380    91-193 (239)
395 tr|V8NCH2|V8NCH2_OPHHA Unchara  99.5 3.1E-17 1.1E-22  143.0   0.0   69  107-175     2-70  (159)
396 tr|B7PPM5|B7PPM5_IXOSC Putativ  99.5 3.4E-17 1.2E-22  149.8   0.0  117    5-134    67-195 (228)
397 tr|A0A0N4YEC0|A0A0N4YEC0_NIPBR  99.5 4.4E-17 1.5E-22  122.6   0.0   48   72-120     5-52  (64)
398 tr|A0A0T6BG99|A0A0T6BG99_9SCAR  99.5 4.7E-17 1.6E-22  143.4   0.0  100   10-132    10-110 (171)
399 tr|T1GA92|T1GA92_MEGSC Unchara  99.5 5.4E-17 1.9E-22  139.0   0.0   58  219-276    82-140 (140)
400 tr|A0A0R3TZ94|A0A0R3TZ94_HYMNN  99.5 7.7E-17 2.7E-22  129.6   0.0   42  362-403    51-92  (93)
401 tr|G3W274|G3W274_SARHA Unchara  99.5 7.8E-17 2.7E-22  124.2   0.0   58  289-346    10-67  (73)
402 tr|U6PIA7|U6PIA7_HAECO MAD hom  99.5 9.4E-17 3.3E-22  153.6   0.0  140    1-142     1-168 (334)
403 tr|A0A1I7SGQ1|A0A1I7SGQ1_BURXY  99.5   1E-16 3.6E-22  130.8   0.0   53  361-413    47-100 (102)
404 tr|A0A1B6HPU7|A0A1B6HPU7_9HEMI  99.5   1E-16 3.6E-22  143.4   0.0   56  226-281   132-189 (190)
405 tr|A0A132A3X8|A0A132A3X8_SARSC  99.5   1E-16 3.6E-22  140.5   0.0  119  281-401    43-163 (164)
406 tr|A0A183FA99|A0A183FA99_HELBK  99.5 1.1E-16   4E-22  127.9   0.0   68  227-294     9-77  (90)
407 tr|A0A0D6LFA7|A0A0D6LFA7_9BILA  99.5 1.1E-16   4E-22  138.6   0.0  113    1-142     1-122 (151)
408 tr|H3FQN1|H3FQN1_PRIPA Unchara  99.4 1.6E-16 5.5E-22  141.5   0.0  108    9-118    16-148 (182)
409 tr|N6UBX7|N6UBX7_DENPD Unchara  99.4 1.7E-16 5.8E-22  126.0   0.0   64    4-70      5-68  (86)
410 tr|A0A182ZZL3|A0A182ZZL3_9TREM  99.4 2.5E-16 8.6E-22  133.0   0.0   44  362-405    73-116 (126)
411 tr|A0A146UJG4|A0A146UJG4_FUNHE  99.4 2.6E-16   9E-22  151.0   0.0  102  221-322    72-260 (338)
412 tr|A0A1I7RYD1|A0A1I7RYD1_BURXY  99.4 2.8E-16   1E-21  161.2   0.0  154  228-401   430-593 (593)
413 tr|A0A1I7ZNP3|A0A1I7ZNP3_9BILA  99.4 2.8E-16   1E-21  155.3   0.0  109   28-138   127-236 (392)
414 tr|A0A0J7KSI3|A0A0J7KSI3_LASNI  99.4 3.4E-16 1.2E-21  152.5   0.0   52   81-134   297-348 (365)
415 tr|S9WTH2|S9WTH2_CAMFR Unchara  99.4   4E-16 1.4E-21  126.2   0.0   81  227-309     6-87  (96)
416 tr|W4XBJ1|W4XBJ1_STRPU Unchara  99.4 4.1E-16 1.4E-21  151.0   0.0  168  228-403   177-350 (371)
417 tr|E4XBL2|E4XBL2_OIKDI Unchara  99.4 4.4E-16 1.5E-21  159.0   0.0  184  228-413   399-607 (670)
418 tr|A0A1I8CPW6|A0A1I8CPW6_9BILA  99.4 5.8E-16   2E-21  163.9   0.0  102   27-129   192-295 (1125)
419 tr|A0A099Z3Q2|A0A099Z3Q2_TINGU  99.4 8.7E-16 3.1E-21  131.2   0.0  100   41-143     1-102 (135)
420 tr|A0A183EBJ0|A0A183EBJ0_9BILA  99.4 1.4E-15 4.9E-21  130.6   0.0   76  223-298    59-134 (139)
421 tr|A0A0N4XPL5|A0A0N4XPL5_NIPBR  99.3   2E-15   7E-21  121.3   0.0   69  288-356     7-77  (91)
422 tr|E2BMY3|E2BMY3_HARSA Mothers  99.3 2.3E-15 8.1E-21  132.3   0.0   58   81-140    37-94  (163)
423 tr|F4WW62|F4WW62_ACREC Mothers  99.3 4.2E-15 1.5E-20  137.0   0.0   59   80-140   116-174 (233)
424 tr|T1JHA7|T1JHA7_STRMM Unchara  99.3 4.2E-15 1.5E-20  143.9   0.0  112   27-143   213-325 (361)
425 tr|A0A0L7LBG4|A0A0L7LBG4_9NEOP  99.3 6.3E-15 2.2E-20  119.6   0.0   67    4-70      1-69  (96)
426 tr|A0A1J1IZQ5|A0A1J1IZQ5_9DIPT  99.3 6.7E-15 2.3E-20  136.9   0.0   99   28-135    81-192 (251)
427 tr|A0A0M3JBZ2|A0A0M3JBZ2_ANISI  99.2 1.6E-14 5.7E-20  119.5   0.0   74    2-78      4-80  (108)
428 tr|A0A1S3K648|A0A1S3K648_LINUN  99.2 1.7E-14   6E-20  155.3   0.0  185  225-416  1109-1299(1445)
429 tr|E4XYE7|E4XYE7_OIKDI Unchara  99.2 3.2E-14 1.1E-19  136.7   0.0   96   34-132   217-322 (329)
430 tr|A0A183WHY2|A0A183WHY2_TRIRE  99.2 3.8E-14 1.3E-19  136.8   0.0   67  225-291   275-342 (342)
431 tr|S4RG13|S4RG13_PETMA Unchara  99.2 3.9E-14 1.4E-19  125.9   0.0   92   30-129    81-173 (174)
432 tr|A0A0R3UL14|A0A0R3UL14_9CEST  99.2 4.3E-14 1.6E-19  134.6   0.0  173  229-403    33-248 (258)
433 tr|A0A0R3SQD1|A0A0R3SQD1_HYMDI  99.2 5.1E-14 1.8E-19  130.3   0.0   66  227-292   165-231 (235)
434 tr|E2ATB2|E2ATB2_CAMFO Mothers  99.2 7.1E-14 2.5E-19  131.1   0.0   61   78-140   123-183 (264)
435 tr|A0A1I8BHY9|A0A1I8BHY9_MELHA  99.2 8.4E-14   3E-19  146.7   0.0  124  280-403   756-902 (953)
436 tr|A0A0K0D936|A0A0K0D936_ANGCA  99.2 8.5E-14   3E-19  107.8   0.0   59   24-82      4-65  (72)
437 tr|A0A0B6XXC7|A0A0B6XXC7_9EUPU  99.2 9.7E-14 3.5E-19  101.5   0.0   49  116-165     2-50  (51)
438 tr|E3M5B7|E3M5B7_CAERE Putativ  99.1 1.5E-13 5.1E-19  133.3   0.0  181  243-424   163-351 (352)
439 tr|A0A0C2H6A0|A0A0C2H6A0_9BILA  99.1 2.2E-13 7.7E-19  116.4   0.0   64  226-289    22-86  (130)
440 tr|A0A182Q311|A0A182Q311_9DIPT  99.0 6.7E-13 2.3E-18  110.3   0.0   67    4-70      1-68  (108)
441 tr|A0A182KDJ2|A0A182KDJ2_9DIPT  99.0   7E-13 2.5E-18  112.5   0.0   67    4-70      1-68  (123)
442 tr|D6W7H1|D6W7H1_TRICA Unchara  99.0 6.2E-13 2.5E-18  138.6   0.0  177  227-411    52-234 (453)
443 tr|A0A0R3UL18|A0A0R3UL18_9CEST  99.0 8.5E-13   3E-18  126.3   0.0   70  227-296   120-190 (305)
444 tr|I1EIV8|I1EIV8_AMPQE Unchara  99.0 9.7E-13 3.4E-18   93.4   0.0   37  369-405     1-37  (45)
445 tr|A0A183E550|A0A183E550_9BILA  99.0 1.6E-12 5.6E-18  111.5   0.0   40   77-116    81-120 (131)
446 tr|A0A0K8UF68|A0A0K8UF68_BACLA  99.0 1.6E-12 5.7E-18  122.1   0.0   93   32-134   121-218 (259)
447 tr|A0A068XPH7|A0A068XPH7_HYMMI  99.0 1.8E-12 6.3E-18  125.1   0.0  172  229-402   108-316 (326)
448 tr|A0A0K0CU93|A0A0K0CU93_ANGCA  99.0 1.8E-12 6.3E-18  109.8   0.0   78   26-132    22-99  (121)
449 tr|A0A183GCY2|A0A183GCY2_HELBK  99.0 1.7E-12 6.4E-18  110.2   0.0   79    9-98      8-89  (111)
450 tr|A0A1D1VJB4|A0A1D1VJB4_RAMVA  98.9 3.8E-12 1.3E-17  129.2   0.0  175  227-408   103-285 (544)
451 tr|A0A1A9WXQ6|A0A1A9WXQ6_9MUSC  98.9 3.9E-12 1.4E-17  110.6   0.0   54    3-59     46-100 (143)
452 tr|A0A183WLH9|A0A183WLH9_TRIRE  98.9 6.8E-12 2.4E-17   93.6   0.0   53  288-340     5-57  (57)
453 tr|A0A0R3PF73|A0A0R3PF73_ANGCS  98.9 8.4E-12   3E-17  114.4   0.0  101  237-337    91-191 (208)
454 tr|A0A1I8C675|A0A1I8C675_9BILA  98.9 9.1E-12 3.2E-17  134.5   0.0  198  223-425  1081-1283(1283)
455 tr|H3DTR2|H3DTR2_PRIPA Unchara  98.8 1.4E-11   5E-17   90.3   0.0   42    1-45      1-42  (52)
456 tr|H3FWS7|H3FWS7_PRIPA Mothers  98.8 2.9E-11   1E-16  119.3   0.0  319   58-400    31-368 (388)
457 tr|H2X8H8|H2X8H8_CAEJA Unchara  98.8 3.8E-11 1.3E-16  100.2   0.0   57  362-418    32-89  (107)
458 tr|C7C1K6|C7C1K6_PIG SMAD fami  98.7 5.9E-11 2.1E-16   84.0   0.0   41   14-57      1-42  (43)
459 tr|A0A0N0PDF5|A0A0N0PDF5_PAPMA  98.7 1.1E-10 4.1E-16  111.3   0.0  180  227-423    33-223 (242)
460 tr|E9IJM6|E9IJM6_SOLIN Putativ  98.6 1.7E-10 6.1E-16  110.7   0.0   36  366-401   256-291 (294)
461 tr|A0A183E550|A0A183E550_9BILA  98.6   2E-10 7.1E-16   99.2   0.0   45  103-147     1-46  (131)
462 tr|A0A0D8YA08|A0A0D8YA08_DICVI  98.6 2.3E-10 8.2E-16  105.1   0.0   65   15-82     40-156 (204)
463 tr|E4XDI6|E4XDI6_OIKDI Unchara  98.6 2.5E-10 8.7E-16  106.0   0.0  178  229-415    15-195 (220)
464 tr|A0A1I8A2M9|A0A1I8A2M9_9BILA  98.6 2.9E-10   1E-15  102.5   0.0  101   26-130    42-143 (177)
465 tr|E4Y782|E4Y782_OIKDI Unchara  98.6 3.5E-10 1.2E-15   93.7   0.0   67   66-132    10-78  (100)
466 tr|A0A0K2UWU6|A0A0K2UWU6_LEPSM  98.5 4.1E-10 1.4E-15  111.6   0.0  121    9-131    37-174 (389)
467 tr|A0A091GQL5|A0A091GQL5_BUCRH  98.5 4.6E-10 1.6E-15   77.7   0.0   38   31-68      1-38  (38)
468 tr|A0A1I8AUX8|A0A1I8AUX8_9BILA  98.5 1.1E-09 3.9E-15  102.8   0.0   80   52-132     2-81  (237)
469 tr|A0A0C2CVW5|A0A0C2CVW5_9BILA  98.4 1.2E-09 4.2E-15   96.6   0.0   59    9-70     81-141 (150)
470 tr|E4YQ10|E4YQ10_OIKDI Unchara  98.4 1.4E-09 4.9E-15  108.8   0.0  266   78-352   115-413 (417)
471 tr|A0A1B6IJF9|A0A1B6IJF9_9HEMI  98.4 1.6E-09 5.8E-15   95.5   0.0   28  109-136     1-28  (148)
472 tr|A0A1A9W590|A0A1A9W590_9MUSC  98.4 1.9E-09 6.7E-15  109.8   0.0   93   31-133   264-376 (501)
473 tr|A0A1I8A7D8|A0A1I8A7D8_9BILA  98.4   2E-09 6.9E-15  111.2   0.0  120  234-353   360-482 (590)
474 tr|W2TZZ7|W2TZZ7_NECAM Unchara  98.4 2.1E-09 7.4E-15   86.7   0.0   36  112-147     2-38  (84)
475 tr|A0A068CRN2|A0A068CRN2_HOFMI  98.4 2.6E-09 9.2E-15  103.7   0.0  161  227-404   148-309 (310)
476 tr|A8WXH4|A8WXH4_CAEBR Protein  98.3 3.2E-09 1.1E-14  107.9   0.0  156  229-388   276-451 (486)
477 tr|A0A0B7BX22|A0A0B7BX22_9EUPU  98.3 3.4E-09 1.2E-14   80.1   0.0   52    4-56      6-57  (58)
478 tr|A0A0R3RKM1|A0A0R3RKM1_9BILA  98.3 4.3E-09 1.5E-14  100.1   0.0  151  228-401    88-252 (256)
479 tr|A0A183BCM9|A0A183BCM9_9TREM  98.3 4.6E-09 1.6E-14  104.5   0.0  110  291-401   244-371 (386)
480 tr|A0A183W0V8|A0A183W0V8_TRIRE  98.3 4.9E-09 1.7E-14  105.4   0.0  114  289-402   248-417 (428)
481 tr|A0A183JDC7|A0A183JDC7_9TREM  98.3 6.3E-09 2.2E-14  108.4   0.0  111  291-401   418-592 (604)
482 tr|W2TXV8|W2TXV8_NECAM Unchara  98.2 8.9E-09 3.1E-14   92.9   0.0  153  236-401     2-168 (169)
483 tr|T1F4Y5|T1F4Y5_HELRO Unchara  98.2 9.2E-09 3.2E-14  106.0   0.0   52  266-317   214-268 (550)
484 tr|A0A0C2I8W0|A0A0C2I8W0_THEKT  98.2 9.5E-09 3.3E-14   90.4   0.0  101   26-130    32-136 (141)
485 tr|A0A183XPD6|A0A183XPD6_WUCBA  98.2   1E-08 3.9E-14  100.5   0.0  174  228-409    67-257 (273)
486 tr|A0A194QRV1|A0A194QRV1_PAPMA  98.2 1.5E-08 5.4E-14  108.7   0.0   49  260-308   868-918 (919)
487 tr|A0A0R3Q109|A0A0R3Q109_ANGCS  98.2 1.6E-08 5.6E-14  100.3   0.0   69    9-81    292-362 (365)
488 tr|A0A0D6M322|A0A0D6M322_9BILA  98.1 1.9E-08 6.8E-14   98.3   0.0   67  288-354   196-279 (320)
489 tr|H9JVB2|H9JVB2_BOMMO Unchara  98.1 2.5E-08 8.8E-14   86.4   0.0   74   46-135    22-95  (126)
490 tr|A0A0Q5VPH7|A0A0Q5VPH7_DROER  98.1 2.5E-08 9.5E-14  110.7   0.0  176  227-409    52-234 (1029)
491 tr|A0A1B6D1E1|A0A1B6D1E1_9HEMI  98.1 3.2E-08 1.1E-13   96.9   0.0  180  227-413    84-268 (321)
492 tr|A0A1I7WGF1|A0A1I7WGF1_HETBA  98.1 3.9E-08 1.4E-13   88.7   0.0   78  325-402    21-98  (165)
493 tr|I3RSU2|I3RSU2_SCHMD SMED-SM  98.0 4.7E-08 1.6E-13   89.4   0.0  106  294-401    60-168 (182)
494 tr|A0A0P6BFH2|A0A0P6BFH2_9CRUS  98.0 5.8E-08 2.1E-13  102.2   0.0  171  227-407   155-331 (576)
495 tr|A0A0F6MXA2|A0A0F6MXA2_PAPDA  98.0 7.4E-08 2.6E-13   70.7   0.0   42   18-59      2-45  (48)
496 tr|A0A1J1IK81|A0A1J1IK81_9DIPT  98.0 7.6E-08 2.7E-13  104.0   0.0  175  227-409   509-691 (961)
497 tr|N6T8V7|N6T8V7_DENPD Unchara  98.0 7.5E-08 2.8E-13   95.3   0.0  174  227-411    13-192 (302)
498 tr|A0A1I8NID1|A0A1I8NID1_MUSDO  97.9   1E-07 3.7E-13  105.1   0.0  176  227-409    52-234 (1332)
499 tr|A9URE2|A9URE2_MONBE Predict  97.9 1.1E-07 3.7E-13   98.0   0.0  170  228-410   332-504 (512)
500 tr|H3FD85|H3FD85_PRIPA Unchara  97.9 1.4E-07 4.8E-13   99.8   0.0  161  228-404    23-196 (693)

