- 18:07:12.696 INFO: Searching 12365503 column state sequences.

- 18:07:12.765 INFO: /var/www/html/services/NetSurfP-2.0/tmp/60159237000051DEA09EAF9E/0000_sp_P0DTC9_1_NCAP_SARS2/0000_sp_P0DTC9_1_NCAP_SARS2_INPUT.fasta is in A2M, A3M or FASTA format

- 18:07:12.766 INFO: Iteration 1

- 18:07:12.867 INFO: Prefiltering database

- 18:07:26.258 INFO: HMMs passed 1st prefilter (gapless profile-profile alignment)  : 356800

- 18:07:29.378 INFO: HMMs passed 2nd prefilter (gapped profile-profile alignment)   : 4337

- 18:07:29.378 INFO: HMMs passed 2nd prefilter and not found in previous iterations : 4337

- 18:07:29.378 INFO: Scoring 4337 HMMs using HMM-HMM Viterbi alignment

- 18:07:29.836 INFO: Alternative alignment: 0

- 18:07:49.036 INFO: 2000 alignments done

- 18:08:04.536 INFO: 4000 alignments done

- 18:08:04.544 INFO: Stop after DB-HHM: 4000 because early stop  1.70658 < filter cutoff 20

- 18:08:04.544 INFO: Alternative alignment: 1

- 18:08:05.552 INFO: 3300 alignments done

- 18:08:05.558 INFO: Alternative alignment: 2

- 18:08:05.942 INFO: 804 alignments done

- 18:08:05.943 INFO: Alternative alignment: 3

- 18:08:06.141 INFO: 289 alignments done

- 18:08:06.363 INFO: Realigning 500 HMM-HMM alignments using Maximum Accuracy algorithm

- 18:08:07.720 INFO: 20 sequences belonging to 20 database HMMs found with an E-value < 0.001

- 18:08:07.720 INFO: Number of effective sequences of resulting query HMM: Neff = 3.71159

- 18:08:07.906 INFO: Iteration 2

- 18:08:08.006 INFO: Prefiltering database

- 18:08:21.147 INFO: HMMs passed 1st prefilter (gapless profile-profile alignment)  : 602078

- 18:08:27.015 INFO: HMMs passed 2nd prefilter (gapped profile-profile alignment)   : 14741

- 18:08:27.015 INFO: HMMs passed 2nd prefilter and not found in previous iterations : 14721

- 18:08:27.015 INFO: Scoring 14721 HMMs using HMM-HMM Viterbi alignment

- 18:08:27.230 INFO: Alternative alignment: 0

- 18:08:44.415 INFO: 2000 alignments done

- 18:08:59.317 INFO: 4000 alignments done

- 18:08:59.325 INFO: Stop after DB-HHM: 4000 because early stop  6.91074 < filter cutoff 20

- 18:08:59.325 INFO: Alternative alignment: 1

- 18:09:00.306 INFO: 3352 alignments done

- 18:09:00.314 INFO: Alternative alignment: 2

- 18:09:00.729 INFO: 1106 alignments done

- 18:09:00.738 INFO: Alternative alignment: 3

- 18:09:00.892 INFO: 326 alignments done

- 18:09:01.094 INFO: Rescoring previously found HMMs with Viterbi algorithm

- 18:09:01.421 INFO: Alternative alignment: 0

- 18:09:01.438 INFO: 20 alignments done

- 18:09:01.438 INFO: Alternative alignment: 1

- 18:09:01.456 INFO: 20 alignments done

- 18:09:01.456 INFO: Alternative alignment: 2

- 18:09:01.464 INFO: 3 alignments done

- 18:09:01.464 INFO: Alternative alignment: 3

- 18:09:01.651 INFO: Realigning 500 HMM-HMM alignments using Maximum Accuracy algorithm

- 18:09:03.220 INFO: 24 sequences belonging to 24 database HMMs found with an E-value < 0.001

- 18:09:03.220 INFO: Number of effective sequences of resulting query HMM: Neff = 3.73309

Query         0000_sp_P0DTC9_1_NCAP_SARS2
Match_columns 419
No_of_seqs    81 out of 105
Neff          3.73309
Searched_HMMs 15950
Date          Sat Jan 30 18:09:03 2021
Command       /tools/src/netsurfp-2.0/hhsuite/bin/hhblits -i /var/www/html/services/NetSurfP-2.0/tmp/60159237000051DEA09EAF9E/0000_sp_P0DTC9_1_NCAP_SARS2/0000_sp_P0DTC9_1_NCAP_SARS2_INPUT.fasta -o /dev/null -ohhm /var/www/html/services/NetSurfP-2.0/tmp/60159237000051DEA09EAF9E/0000_sp_P0DTC9_1_NCAP_SARS2/0000_sp_P0DTC9_1_NCAP_SARS2_PROFILE.hhm -n 2 -d /net/nas/storage/databases/userdb/netsurfp2-db/uniclust30_2017_04/uniclust30_2017_04 -oa3m /var/www/html/services/NetSurfP-2.0/tmp/60159237000051DEA09EAF9E/0000_sp_P0DTC9_1_NCAP_SARS2/0000_sp_P0DTC9_1_NCAP_SARS2_MSA.a3m -cpu 10 

 No Hit                             Prob E-value P-value  Score    SS Cols Query HMM  Template HMM
  1 tr|A0A023YAJ4|A0A023YAJ4_9BETC 100.0  1E-111  4E-117  838.1   0.0  387    8-416     3-400 (434)
  2 tr|F1DAZ5|F1DAZ5_9BETC Nucleoc 100.0  6E-103  2E-108  776.3   0.0  371    5-381     3-392 (467)
  3 sp|Q0Q462|NCAP_BC512 Nucleopro 100.0  1E-100  5E-106  765.8   0.0  308   48-368    16-342 (394)
  4 tr|A0A0D3MU65|A0A0D3MU65_9BETC 100.0 7.4E-82 2.6E-87  611.2   0.0  358    8-373     3-371 (413)
  5 tr|Q5GN04|Q5GN04_9GAMC Nucleop 100.0 1.3E-78 5.3E-84  600.0   0.0  326   47-391    36-369 (414)
  6 tr|Q83357|Q83357_9BETC Nucleop 100.0 1.9E-71 7.1E-77  547.8   0.0  327   15-361    28-380 (425)
  7 tr|H9BR21|H9BR21_9NIDO Nucleoc 100.0 2.7E-61 1.1E-66  469.9   0.0  296   44-387     5-305 (342)
  8 tr|A0A166ZM40|A0A166ZM40_9NIDO 100.0 6.6E-57 2.3E-62  427.6   0.0  266   48-322    14-307 (308)
  9 tr|Q6T1D2|Q6T1D2_CVHSA Nucleoc 100.0 1.8E-54 6.3E-60  404.7   0.0  261    1-261     1-262 (262)
 10 tr|A0A1B0Y0L9|A0A1B0Y0L9_9BETC 100.0 4.5E-39 1.6E-44  298.7   0.0  140   48-188    40-181 (231)
 11 tr|Q1HVN6|Q1HVN6_CVH22 Truncat 100.0 1.2E-38 4.3E-44  299.1   0.0  177   48-233    20-196 (256)
 12 tr|Q6J1D3|Q6J1D3_9GAMC Nucleoc 100.0 1.1E-36 3.8E-42  277.3   0.0  185   77-280     2-189 (192)
 13 tr|E2GK73|E2GK73_9BETC Nucleoc  99.9 4.1E-31 1.5E-36  232.8   0.0  107   83-190     2-109 (142)
 14 tr|E5Q338|E5Q338_9ALPC Nucleoc  99.9 8.5E-29   3E-34  235.9   0.0  235  115-366     2-268 (277)
 15 tr|A0A0C5PXZ3|A0A0C5PXZ3_CVHOC  99.9 1.7E-27 5.9E-33  211.6   0.0  140   49-189     5-146 (148)
 16 tr|V9VND5|V9VND5_9GAMC Nucleoc  99.9 2.2E-27 7.8E-33  217.5   0.0  142  223-370    29-170 (184)
 17 tr|A0EXH3|A0EXH3_9GAMC Nucleoc  99.9 5.1E-27 1.8E-32  202.0   0.0   91   42-133    25-116 (116)
 18 tr|Q80GN7|Q80GN7_9BETC DIssE R  99.8 3.9E-25 1.4E-30  230.3   0.0  137  216-364   585-734 (805)
 19 tr|Q80JP4|Q80JP4_9ALPC Nucleoc  99.8   9E-25 3.1E-30  194.5   0.0  114  106-232     2-115 (147)
 20 tr|A0A1C9ULP7|A0A1C9ULP7_9BETC  99.7 1.3E-20 4.4E-26  167.7   0.0   88  290-377     2-89  (140)
 21 tr|I2B1L1|I2B1L1_9ALPC Nucleoc  99.7 6.9E-20 2.4E-25  162.9   0.0   99  256-362     1-99  (138)
 22 tr|A0A0C5PN45|A0A0C5PN45_CVHOC  99.6 2.6E-18 9.1E-24  154.6   0.0  139  137-288     3-148 (148)
 23 tr|Q7M006|Q7M006_9BETC RNA-dir  97.9 1.7E-07 5.9E-13  105.1   0.0   56  266-324  1117-1172(1174)
 24 tr|F2VD83|F2VD83_9GAMC Nucleoc  96.6  0.0002 6.9E-10   65.6   0.0   59  335-393     2-67  (108)
 25 tr|R9V9N5|R9V9N5_PSEPU Unchara  94.7   0.017 5.9E-08   59.4   0.0   14  180-193   172-185 (227)
 26 tr|A0A1E4GFH2|A0A1E4GFH2_9RHIZ  94.7   0.017 6.1E-08   66.0   0.0    8  260-267   579-586 (730)
 27 tr|A0A1A8U2W2|A0A1A8U2W2_NOTFU  94.5   0.023   8E-08   46.0   0.0   28  178-205     7-34  (44)
 28 tr|A0A177AER3|A0A177AER3_9PEZI  94.2   0.033 1.2E-07   53.9   0.0   11  299-309    93-103 (136)
 29 tr|A0A182LNJ4|A0A182LNJ4_9DIPT  93.8    0.05 1.8E-07   56.1   0.0    3  203-205   114-116 (223)
 30 tr|A0A151ZEK1|A0A151ZEK1_9MYCE  93.7   0.053 1.9E-07   48.7   0.0    1  157-157    23-23  (79)
 31 tr|A0A0D2L101|A0A0D2L101_9CHLO  93.7   0.054 1.9E-07   59.6   0.0   27  180-206   213-239 (417)
 32 tr|A0A0D9A6A1|A0A0D9A6A1_9PSED  93.7   0.056   2E-07   46.6   0.0    1  225-225    54-54  (61)
 33 tr|A0A183K2P6|A0A183K2P6_9TREM  93.4   0.071 2.5E-07   49.7   0.0   28  178-205    36-65  (100)
 34 tr|A0A1B6HY50|A0A1B6HY50_9HEMI  93.4   0.074 2.6E-07   59.6   0.0   41  167-207    54-97  (495)
 35 tr|G1XQ06|G1XQ06_ARTOA Unchara  93.2   0.086   3E-07   49.0   0.0   12  179-190    48-59  (97)
 36 tr|A0A1D2VBU2|A0A1D2VBU2_9ASCO  92.4    0.15 5.2E-07   54.1   0.0   49  179-231   182-230 (268)
 37 tr|A0A094D6R9|A0A094D6R9_9PEZI  92.2    0.17 5.8E-07   59.0   0.0   31  178-208    39-69  (739)
 38 tr|U6G0I2|U6G0I2_9EIME Unchara  92.2    0.17 5.9E-07   54.1   0.0   20  180-199    70-89  (286)
 39 tr|A0A1A6G512|A0A1A6G512_NEOLE  92.1    0.18 6.4E-07   50.4   0.0    2  203-204    50-51  (161)
 40 tr|A0A087ZXP7|A0A087ZXP7_APIME  92.0    0.19 6.6E-07   52.9   0.0    1  277-277   105-105 (246)
 41 tr|A0A0V1NDD4|A0A0V1NDD4_9BILA  92.0    0.19 6.7E-07   41.4   0.0   19  180-198    13-31  (45)
 42 tr|X6N622|X6N622_RETFI Unchara  91.9     0.2 6.9E-07   57.6   0.0   17  318-334   303-319 (613)
 43 tr|A0A0S4TGD9|A0A0S4TGD9_CRYHO  91.4    0.26 9.2E-07   57.2   0.0   11   80-90    409-419 (672)
 44 tr|A0A0A0LAH9|A0A0A0LAH9_CUCSA  91.2    0.28 9.9E-07   59.4   0.0    6  271-276  1205-1210(1253)
 45 tr|A0A1R1YD03|A0A1R1YD03_9FUNG  91.0    0.31 1.1E-06   50.0   0.0    1  181-181   125-125 (190)
 46 tr|A0A0S4TJQ7|A0A0S4TJQ7_CRYHO  91.0    0.24 1.1E-06   61.1   0.0   19  178-196   736-754 (916)
 47 tr|A0A0V0IE99|A0A0V0IE99_SOLCH  90.9    0.26 1.1E-06   52.0   0.0   12  197-208    41-52  (203)
 48 tr|A0A059D4P3|A0A059D4P3_EUCGR  90.9    0.29 1.1E-06   60.7   0.0    1  267-267  1132-1132(1184)
 49 tr|A0A1A8VS47|A0A1A8VS47_PLAMA  90.8    0.34 1.2E-06   62.5   0.0    7  145-151  1582-1588(4199)
 50 tr|A0A087ZXP8|A0A087ZXP8_APIME  90.7    0.36 1.3E-06   48.1   0.0    7  193-199    12-18  (149)
 51 tr|E1ZLE0|E1ZLE0_CHLVA Putativ  90.5    0.39 1.4E-06   51.7   0.0    3  272-274   136-138 (289)
 52 tr|A0A183QB35|A0A183QB35_9TREM  90.4     0.4 1.4E-06   41.0   0.0    1  198-198    25-25  (54)
 53 tr|A0A1S4DSI2|A0A1S4DSI2_CUCME  90.3    0.35 1.5E-06   60.2   0.0    7  264-270  1047-1053(1110)
 54 tr|A0A0C3G7M4|A0A0C3G7M4_9HOMO  89.9    0.49 1.7E-06   51.4   0.0    7  132-138    91-97  (305)
 55 tr|Q9SWW2|Q9SWW2_9EUGL Putativ  89.7    0.52 1.8E-06   49.8   0.0    4  115-118   135-138 (236)
 56 tr|A0A0C2GWB7|A0A0C2GWB7_9BILA  89.7    0.53 1.9E-06   47.0   0.0   11  194-204   121-131 (149)
 57 tr|Q65580|Q65580_9ALPH UL6 pro  89.6    0.55 1.9E-06   47.5   0.0    2  170-171    87-88  (162)
 58 tr|F4WV85|F4WV85_ACREC Leukocy  89.4    0.45   2E-06   57.6   0.0    9  128-136   217-225 (690)
 59 tr|A0A151T665|A0A151T665_CAJCA  88.9    0.68 2.4E-06   56.2   0.0   25  288-312  1042-1066(1101)
 60 tr|A0A182IHD2|A0A182IHD2_ANOAR  88.9    0.69 2.4E-06   47.1   0.0    1  189-189   112-112 (169)
 61 tr|A0A0P5V1K9|A0A0P5V1K9_9CRUS  88.7    0.72 2.5E-06   50.7   0.0   20  117-136   169-188 (332)
 62 tr|A0A0S4TFW4|A0A0S4TFW4_CRYHO  88.3    0.81 2.9E-06   52.3   0.0    8  111-118   376-383 (499)
 63 tr|Q7T9U3|Q7T9U3_GVAO P6.9 OS=  88.3    0.76 2.9E-06   40.0   0.0   10  198-207    34-43  (55)
 64 tr|W2TXP5|W2TXP5_NECAM Unchara  88.0    0.89 3.1E-06   49.1   0.0   26  320-345   148-173 (276)
 65 tr|F2TXI4|F2TXI4_SALR5 Putativ  87.9    0.91 3.2E-06   53.0   0.0   28  168-195   142-169 (621)
 66 tr|A0A061DF79|A0A061DF79_THECC  87.8    0.94 3.3E-06   53.3   0.0    6  262-267   151-156 (683)
 67 tr|A5DJV6|A5DJV6_PICGU Unchara  87.6    0.74 3.5E-06   55.5   0.0    1  129-129   463-463 (621)
 68 tr|L8X9G9|L8X9G9_THACA RNA rec  87.5       1 3.6E-06   42.2   0.0   21  180-200     9-29  (90)
 69 tr|H2YFS0|H2YFS0_CIOSA Unchara  87.3     1.1 3.7E-06   50.0   0.0   14  106-119   195-208 (362)
 70 tr|A0A061BCV8|A0A061BCV8_CYBFA  87.3     1.1 3.8E-06   52.7   0.0   29  178-206    91-119 (664)
 71 tr|Q8JKH1|Q8JKH1_9VIRU Orf142   87.2     1.1 3.8E-06   41.4   0.0   28  166-193    20-47  (82)
 72 tr|W8QHX7|W8QHX7_9PSED Nucleoi  87.1     1.1   4E-06   40.3   0.0    1  184-184    33-33  (66)
 73 tr|A0A1C3L0G9|A0A1C3L0G9_9APIC  86.8     1.2 4.3E-06   53.9   0.0   14  180-193   147-160 (983)
 74 tr|N0E6R8|N0E6R8_WHEAT DEAD-bo  86.7     1.2 4.4E-06   53.1   0.0   16  114-129   555-570 (814)
 75 tr|K1Q599|K1Q599_CRAGI Zinc fi  86.4     1.3 4.7E-06   49.6   0.0    1   52-52    104-104 (333)
 76 tr|A0A0B1SPF3|A0A0B1SPF3_OESDE  86.2     1.4 4.9E-06   48.2   0.0   15  125-139    38-52  (298)
 77 sp|Q54K19|MYBD_DICDI Myb-like   86.2     1.4 4.9E-06   51.4   0.0   19  178-196   332-350 (595)
 78 tr|A0A088ATI2|A0A088ATI2_APIME  86.2     1.3   5E-06   52.9   0.0    6  258-263   385-390 (624)
 79 tr|H2T130|H2T130_TAKRU Unchara  86.1     1.1 5.1E-06   56.1   0.0   11  285-295   832-842 (915)
 80 tr|A0A0C2ER43|A0A0C2ER43_9PEZI  86.0     1.4 5.1E-06   54.1   0.0   24  128-151   737-760 (942)
 81 tr|A0A0Q3FTV5|A0A0Q3FTV5_BRADI  86.0     1.5 5.2E-06   54.5   0.0   20  101-120  1166-1185(1370)
 82 tr|A0A0Q3JWI9|A0A0Q3JWI9_BRADI  86.0     1.5 5.2E-06   54.5   0.0   20  101-120  1165-1184(1369)
 83 tr|H2XY34|H2XY34_CIOIN Unchara  85.9     1.5 5.2E-06   48.7   0.0   22  114-135   148-169 (342)
 84 tr|A0A139A552|A0A139A552_GONPR  85.8     1.5 5.4E-06   53.8   0.0   23  287-309  1129-1151(1155)
 85 tr|E3MI99|E3MI99_CAERE Putativ  85.7     1.5 5.4E-06   52.9   0.0   10  116-125   219-228 (929)
 86 tr|A0A0D3HQ28|A0A0D3HQ28_9ORYZ  85.7     1.6 5.4E-06   54.4   0.0    1  309-309  1360-1360(1396)
 87 tr|A0A0D3HQ27|A0A0D3HQ27_9ORYZ  85.6     1.6 5.6E-06   54.3   0.0    1  309-309  1360-1360(1397)
 88 tr|A0A0E0F8S8|A0A0E0F8S8_9ORYZ  85.5     1.6 5.7E-06   54.2   0.0    1  309-309  1361-1361(1397)
 89 tr|A0A0E0RC47|A0A0E0RC47_ORYRU  85.5     1.6 5.7E-06   54.2   0.0    2   84-85   1136-1137(1398)
 90 tr|Q2QZE8|Q2QZE8_ORYSJ Os11g06  85.5     1.6 5.7E-06   54.2   0.0    2   84-85   1136-1137(1398)
 91 tr|A0A0N4XXW3|A0A0N4XXW3_NIPBR  85.4     1.3 5.8E-06   47.2   0.0   23  121-143    41-63  (198)
 92 tr|N1QVM7|N1QVM7_AEGTA DEAD-bo  85.3     1.7 5.9E-06   53.6   0.0    1  149-149   997-997 (1205)
 93 tr|M8CA11|M8CA11_AEGTA DEAD-bo  85.3     1.7 5.9E-06   51.9   0.0   11  286-296   671-681 (766)
 94 tr|I1R267|I1R267_ORYGL Unchara  85.3     1.7   6E-06   54.1   0.0    1  110-110  1193-1193(1398)
 95 tr|Q91EW9|Q91EW9_GVCPM ORF86 P  85.2     1.7 6.1E-06   37.0   0.0    1  206-206    36-36  (49)
 96 tr|M8AMT4|M8AMT4_AEGTA Unchara  85.2     1.6 6.1E-06   48.8   0.0   12  291-302   151-162 (326)
 97 tr|M0S0A6|M0S0A6_MUSAM Unchara  85.1     1.7 6.1E-06   53.0   0.0   10  180-189   933-942 (1056)
 98 tr|W5CNM4|W5CNM4_WHEAT Unchara  85.1     1.8 6.2E-06   46.5   0.0   26  180-205    55-80  (241)
 99 tr|A0A139AWU4|A0A139AWU4_GONPR  85.0     1.8 6.3E-06   52.4   0.0    8  284-291   801-808 (906)
100 tr|A0A1S3JE23|A0A1S3JE23_LINUN  84.8     1.9 6.5E-06   54.8   0.0   20  306-325   733-752 (1902)
101 tr|L8HAG2|L8HAG2_ACACA RNAbind  84.8     1.9 6.5E-06   50.1   0.0   16  105-120   319-334 (533)
102 tr|A0A0N1FNW6|A0A0N1FNW6_9ACTN  84.7     1.9 6.7E-06   46.6   0.0   10  180-189   188-197 (258)
103 tr|A0A0D2WNA3|A0A0D2WNA3_CAPO3  84.6       2 6.8E-06   52.2   0.0    5  167-171    18-22  (938)
104 tr|A0A096U538|A0A096U538_MAIZE  84.5       2   7E-06   53.5   0.0    1  146-146  1184-1184(1353)
105 tr|A0A1S3DDQ2|A0A1S3DDQ2_DIACI  84.5       2   7E-06   52.5   0.0   10  291-300   231-240 (1024)
106 tr|A0A0J8CNY8|A0A0J8CNY8_BETVU  84.4       2   7E-06   52.9   0.0   10  142-151   981-990 (1170)
107 tr|A0A0J8FHS8|A0A0J8FHS8_BETVU  84.4       2 7.1E-06   52.9   0.0   10  142-151   992-1001(1181)
108 sp|Q54Z40|MYBH_DICDI Myb-like   84.2     2.1 7.3E-06   52.9   0.0   26  180-205  1075-1100(1217)
109 tr|A0A0V0VRP6|A0A0V0VRP6_9BILA  83.9     2.1 7.7E-06   48.6   0.0    6  146-151   300-305 (362)
110 tr|A0A0S4TC45|A0A0S4TC45_CRYHO  83.9     2.2 7.7E-06   52.7   0.0    7  214-220   916-922 (1055)
111 tr|A0A061R1Q2|A0A061R1Q2_9CHLO  83.9     2.2 7.7E-06   47.5   0.0   16  178-193   192-207 (341)
112 tr|G3NYH2|G3NYH2_GASAC Unchara  83.7       2   8E-06   48.8   0.0   29  115-143   202-230 (342)
113 tr|A0A0N5BTT2|A0A0N5BTT2_STREA  83.6     2.3 8.1E-06   39.4   0.0   11  180-190    37-47  (80)
114 tr|A0A0D2VIX1|A0A0D2VIX1_CAPO3  83.6     2.2 8.2E-06   52.6   0.0   12  285-296   235-246 (906)
115 tr|A0A023G623|A0A023G623_9ACAR  83.5     2.4 8.3E-06   52.8   0.0   12  217-228   125-136 (1327)
116 tr|M7YNE7|M7YNE7_TRIUA DEAD-bo  83.5     2.4 8.4E-06   54.1   0.0    6  146-151  1768-1773(1979)
117 tr|A0A0L8FLR3|A0A0L8FLR3_OCTBM  83.4     2.4 8.4E-06   45.2   0.0   22  129-151    64-85  (224)
118 tr|M0YT85|M0YT85_HORVD Unchara  83.4     2.3 8.5E-06   51.0   0.0   12  194-205   584-595 (716)
119 tr|A0A1D6GE70|A0A1D6GE70_MAIZE  83.3     2.4 8.5E-06   39.8   0.0   18  180-197     4-21  (87)
120 tr|B4LIX3|B4LIX3_DROVI Unchara  83.3     2.2 8.6E-06   54.8   0.0   60  262-324   289-353 (1375)
121 tr|A0A0L0SL24|A0A0L0SL24_ALLMA  83.3     2.5 8.6E-06   46.0   0.0   19  191-209    84-102 (268)
122 tr|L8HJJ2|L8HJJ2_ACACA RNA rec  83.3     2.5 8.6E-06   51.6   0.0   13  124-136   527-539 (964)
123 tr|W5NJ66|W5NJ66_LEPOC Unchara  83.2     2.5 8.8E-06   53.9   0.0   10  101-111   140-149 (1991)
124 tr|T2JFL4|T2JFL4_CROWT Unchara  83.2     2.5 8.8E-06   41.9   0.0   16  180-195    66-81  (126)
125 tr|M8A0H9|M8A0H9_TRIUA DEAD-bo  82.9     2.6 9.2E-06   51.4   0.0    9   99-107   531-539 (959)
126 tr|W5J642|W5J642_ANODA Unchara  82.8     2.7 9.3E-06   54.4   0.0    9   53-61    247-255 (2555)
127 tr|A0A1I8HYE7|A0A1I8HYE7_9PLAT  82.7     2.7 9.5E-06   52.6   0.0   36   40-75    853-890 (1414)
128 tr|H2TLK5|H2TLK5_TAKRU Unchara  82.7     2.3 9.6E-06   50.5   0.0   46  155-200    35-84  (490)
129 tr|A0A0R3X5F1|A0A0R3X5F1_HYDTA  82.6     2.7 9.6E-06   52.9   0.0   41  272-312   921-963 (1571)
130 tr|A0A182IXL1|A0A182IXL1_9DIPT  82.6     2.6 9.7E-06   50.4   0.0   41  130-171   191-231 (643)
131 tr|A0A0E0J5E1|A0A0E0J5E1_ORYNI  82.5     2.8 9.8E-06   52.5   0.0    2   84-85   1136-1137(1398)
132 tr|F6R6M9|F6R6M9_CIOIN Unchara  82.5     2.8 9.9E-06   48.2   0.0   15  218-232   405-419 (462)
133 tr|A0A0L0HF79|A0A0L0HF79_SPIPN  82.4     2.9   1E-05   53.1   0.0   10  339-348   935-944 (1725)
134 tr|D0MZ70|D0MZ70_PHYIT Pre-mRN  82.3     2.8   1E-05   46.5   0.0   27  172-198   174-200 (297)
135 tr|E9Q494|E9Q494_MOUSE Thyroid  82.3     2.9   1E-05   37.0   0.0   25  180-204    16-40  (59)
136 tr|E9PML1|E9PML1_HUMAN Thyroid  82.3     2.9   1E-05   34.6   0.0    5  182-186    18-22  (40)
137 tr|A0A1B6C7B0|A0A1B6C7B0_9HEMI  82.2     2.9   1E-05   44.8   0.0   49   78-137    35-83  (234)
138 tr|U6KCB9|U6KCB9_9EIME Cycloph  82.1       3   1E-05   45.6   0.0   13  180-192   171-183 (271)
139 tr|A0A194QSL8|A0A194QSL8_PAPMA  82.1       3   1E-05   51.0   0.0    1  147-147   374-374 (955)
140 tr|I3LB45|I3LB45_PIG Uncharact  82.1       3 1.1E-05   35.4   0.0   24  180-203    16-39  (46)
141 tr|H2WE34|H2WE34_CAEJA Unchara  82.0     2.8 1.1E-05   53.7   0.0    5  227-231  1376-1380(1515)
142 tr|A0A0E0BMA6|A0A0E0BMA6_9ORYZ  82.0       3 1.1E-05   54.3   0.0   14  180-193  1241-1254(2900)
143 tr|A0A0C2FDD6|A0A0C2FDD6_9BILA  81.7     3.2 1.1E-05   40.7   0.0   12  194-205    27-38  (113)
144 tr|A0A1A8W1V0|A0A1A8W1V0_PLAMA  81.7     3.2 1.1E-05   52.4   0.0    3  331-333   380-382 (1581)
145 tr|A0A0M3KFE7|A0A0M3KFE7_ANISI  81.7     3.1 1.1E-05   40.5   0.0   21  304-324    76-96  (104)
146 tr|A0A1J4MD92|A0A1J4MD92_9CRYT  81.6     3.2 1.1E-05   50.9   0.0    9  301-309   829-837 (995)
147 tr|X6ND54|X6ND54_RETFI Unchara  81.5     3.3 1.2E-05   53.0   0.0   16  399-414  1223-1238(1967)
148 tr|A0A1E1X1Z3|A0A1E1X1Z3_9ACAR  81.4     3.1 1.2E-05   41.3   0.0   21  155-175    58-78  (116)
149 tr|A0A0B0DIT4|A0A0B0DIT4_NEUCS  81.4     2.5 1.2E-05   52.9   0.0   11  267-277   814-824 (825)
150 tr|U6LRW1|U6LRW1_9EIME Unchara  81.4     3.3 1.2E-05   50.9   0.0   19  180-198   776-794 (1045)
151 tr|F6HE23|F6HE23_VITVI Putativ  81.3     3.3 1.2E-05   51.2   0.0   16  180-195  1022-1037(1153)
152 tr|A0A093YVZ9|A0A093YVZ9_9PEZI  81.3     3.4 1.2E-05   36.9   0.0   11  180-190     4-14  (61)
153 tr|A0A0L0D3D3|A0A0L0D3D3_THETB  81.2     3.4 1.2E-05   49.8   0.0    5  227-231   331-335 (773)
154 tr|A0A0P6G1V1|A0A0P6G1V1_9CRUS  81.1     3.4 1.2E-05   47.0   0.0   28  116-143   160-188 (383)
155 tr|A0A0P5HNC8|A0A0P5HNC8_9CRUS  81.1     3.4 1.2E-05   45.0   0.0   37  107-143    33-70  (265)
156 tr|A0A131ZA74|A0A131ZA74_RHIAP  81.1     3.5 1.2E-05   46.3   0.0   10  357-366   281-290 (350)
157 tr|V7BQS2|V7BQS2_PHAVU Unchara  80.8     3.6 1.3E-05   51.1   0.0   26  111-136   990-1015(1180)
158 tr|A0A1A8VUT6|A0A1A8VUT6_PLAMA  80.8     3.6 1.3E-05   53.6   0.0   13  194-206  2196-2208(2765)
159 tr|A0A068XRA0|A0A068XRA0_HYMMI  80.7     3.2 1.3E-05   52.2   0.0    3  115-117   681-683 (998)
160 tr|A0A1B6E597|A0A1B6E597_9HEMI  80.6     3.7 1.3E-05   41.9   0.0   27  179-205    60-86  (151)
161 tr|A0A0V0IT79|A0A0V0IT79_SOLCH  80.6     3.5 1.3E-05   49.9   0.0    1  184-184   575-575 (687)
162 tr|A0A101MEK2|A0A101MEK2_9EURO  80.5     3.2 1.3E-05   46.8   0.0    7  270-276   114-120 (299)
163 tr|A0A0A9VRP7|A0A0A9VRP7_LYGHE  80.5     3.3 1.3E-05   50.9   0.0   17  117-133   475-491 (746)
164 tr|A0A0P5YJ81|A0A0P5YJ81_9CRUS  80.5     3.7 1.3E-05   48.4   0.0   13  268-280   253-265 (554)
165 tr|E4YLL8|E4YLL8_OIKDI Unchara  80.4     3.8 1.3E-05   47.3   0.0    8  273-280   346-353 (467)
166 tr|A0A1A8KIT6|A0A1A8KIT6_NOTKU  80.4     3.6 1.3E-05   52.7   0.0   39  167-205   663-702 (1407)
167 tr|A0A058Z4E8|A0A058Z4E8_9EUKA  80.1       4 1.4E-05   47.6   0.0    9   68-76    351-359 (509)
168 tr|A0A1B6H8N7|A0A1B6H8N7_9HEMI  80.1       4 1.4E-05   48.1   0.0   27  180-206   531-559 (580)
169 tr|A0A1B3IZA4|A0A1B3IZA4_9NIDO  80.0       4 1.4E-05   38.3   0.0   25  352-376     1-25  (84)
170 tr|A0A1C3YM64|A0A1C3YM64_GIBZE  79.8     4.1 1.4E-05   45.1   0.0   24  180-203    54-77  (302)
171 tr|E5T5V5|E5T5V5_TRISP Unchara  79.8     4.2 1.5E-05   39.9   0.0    6  165-170    49-54  (111)
172 tr|A0A146VAI7|A0A146VAI7_FUNHE  79.7     4.2 1.5E-05   48.3   0.0    1  195-195    30-30  (634)
173 tr|Q4S780|Q4S780_TETNG Chromos  79.7       4 1.5E-05   46.2   0.0    1  195-195    25-25  (340)
174 tr|K3VZK8|K3VZK8_FUSPC Unchara  79.6     4.2 1.5E-05   48.2   0.0   27  178-204   536-562 (626)
175 tr|A0A0S7FUU3|A0A0S7FUU3_9TELE  79.6     4.3 1.5E-05   43.7   0.0   20  180-199   188-207 (231)
176 tr|D8LWY4|D8LWY4_BLAHO Unchara  79.5     4.1 1.5E-05   48.0   0.0   33   81-114   221-253 (516)
177 tr|U6GAI6|U6GAI6_9EIME Dual sp  79.5     4.3 1.5E-05   46.5   0.0   20  180-199   344-363 (416)
178 tr|W5KCC0|W5KCC0_ASTMX Unchara  79.4     3.9 1.5E-05   50.4   0.0    4   70-73     35-38  (739)
179 tr|G4T7C2|G4T7C2_SERID Related  79.3     4.4 1.5E-05   49.9   0.0   16  181-196   418-433 (1022)
180 tr|A0A167PFX8|A0A167PFX8_PHYB8  79.0     4.6 1.6E-05   42.5   0.0   21  180-200    41-61  (189)
181 tr|A0A1C3KM25|A0A1C3KM25_9APIC  79.0     4.6 1.6E-05   54.4   0.0   13  273-285  4915-4927(5345)
182 tr|Q1A4M9|Q1A4M9_9BBAC p6.9 OS  78.9     4.7 1.6E-05   35.7   0.0    6  201-206    37-42  (57)
183 tr|F7G0B5|F7G0B5_CALJA Unchara  78.9     4.4 1.6E-05   45.9   0.0    6   87-92    124-129 (337)
184 tr|W6UZY0|W6UZY0_ECHGR Lariat   78.6     4.8 1.7E-05   50.9   0.0   13  180-192   808-820 (1460)
185 tr|A0A0V0VV34|A0A0V0VV34_9BILA  78.6     4.8 1.7E-05   42.7   0.0    9  145-153   138-146 (202)
186 tr|Q3UUS9|Q3UUS9_MOUSE Putativ  78.6     4.9 1.7E-05   35.8   0.0   27  180-206    29-55  (59)
187 tr|U6MQ30|U6MQ30_9EIME RIO1 fa  78.5     4.7 1.7E-05   48.8   0.0   18  180-197   506-523 (694)
188 tr|K1R435|K1R435_CRAGI Splicin  78.4       5 1.7E-05   47.2   0.0   22  117-138   407-428 (553)
189 tr|A0A0D8YAQ7|A0A0D8YAQ7_DICVI  78.3       5 1.8E-05   44.3   0.0   11  180-190    86-96  (286)
190 tr|A0A1I8B7K1|A0A1I8B7K1_MELHA  78.3       5 1.8E-05   44.3   0.0   11  140-151   216-226 (285)
191 tr|E4X0X2|E4X0X2_OIKDI Unchara  78.2     5.1 1.8E-05   45.0   0.0   26  179-204   303-331 (336)
192 tr|A0A1N1T0K5|A0A1N1T0K5_9MYCO  78.1       5 1.8E-05   45.1   0.0   22  178-199    34-55  (327)
193 tr|A0A0P5RGK9|A0A0P5RGK9_9CRUS  78.1     5.2 1.8E-05   44.5   0.0   31  113-143    77-108 (303)
194 tr|A0A060CY72|A0A060CY72_9GAMA  78.0     5.2 1.8E-05   46.2   0.0   13  192-204    40-52  (443)
195 tr|L7LXV2|L7LXV2_9ACAR Putativ  78.0     5.2 1.8E-05   37.8   0.0   13  177-189    65-77  (85)
196 tr|A0A0P5HSU6|A0A0P5HSU6_9CRUS  77.9     5.2 1.8E-05   44.6   0.0   34  110-143    82-116 (311)
197 tr|A0A1A8YXZ6|A0A1A8YXZ6_9APIC  77.8     5.3 1.9E-05   50.7   0.0   17  269-285   386-402 (1561)
198 tr|A0A1A7WU96|A0A1A7WU96_9TELE  77.8     5.3 1.9E-05   49.1   0.0   15  129-143   332-346 (882)
199 tr|D8TRY6|D8TRY6_VOLCA Putativ  77.7     5.4 1.9E-05   52.9   0.0    9  397-405  3081-3089(3567)
200 tr|A0A023EJ21|A0A023EJ21_AEDAL  77.6     5.1 1.9E-05   42.6   0.0   20  180-199   148-167 (186)
201 tr|A0A146VRB0|A0A146VRB0_FUNHE  77.5     5.5 1.9E-05   46.0   0.0   29  169-197   177-206 (444)
202 tr|A0A058Z4Y7|A0A058Z4Y7_9EUKA  77.5     5.5 1.9E-05   44.3   0.0   16  180-195   198-213 (302)
203 tr|A0A1G9ISX3|A0A1G9ISX3_9DELT  77.4     5.6   2E-05   41.3   0.0    6  180-185    62-67  (167)
204 tr|A0A096NXC1|A0A096NXC1_PAPAN  77.3     5.6   2E-05   48.7   0.0   26  180-205   190-215 (888)
205 tr|A0A0D2U7B8|A0A0D2U7B8_CAPO3  77.3     5.7   2E-05   47.4   0.0   15  329-343   248-262 (629)
206 tr|A0A183KV94|A0A183KV94_9TREM  77.2     5.7   2E-05   40.5   0.0    1  185-185    79-79  (144)
207 tr|A0A0D9XVH0|A0A0D9XVH0_9ORYZ  77.2     5.3   2E-05   51.4   0.0   12  285-296  1352-1363(1387)
208 tr|W9R868|W9R868_9ROSA DEAD-bo  77.1     5.8   2E-05   49.5   0.0    1  185-185  1003-1003(1142)
209 tr|S8BP54|S8BP54_DACHA Unchara  77.1     5.8   2E-05   45.4   0.0    1  203-203   376-376 (401)
210 tr|Q4UI71|Q4UI71_THEAN RNA-bin  77.0     5.7   2E-05   44.3   0.0   13  111-123   138-150 (303)
211 tr|A0A0L0D561|A0A0L0D561_THETB  77.0     5.9 2.1E-05   49.5   0.0   11  331-341  1130-1140(1160)
212 tr|Q6JKC4|Q6JKC4_9CBAC P6.9 OS  76.8     5.8 2.1E-05   37.8   0.0   30  168-197    28-57  (86)
213 tr|S8AAR8|S8AAR8_DACHA Unchara  76.8       6 2.1E-05   44.8   0.0   18  180-197    86-103 (357)
214 tr|Q10BE5|Q10BE5_ORYSJ Os03g08  76.8     5.7 2.1E-05   43.4   0.0    5  306-310   116-120 (242)
215 tr|U6N3T7|U6N3T7_9EIME SET dom  76.7       6 2.1E-05   50.2   0.0   12  327-338  1355-1366(1470)
216 tr|G7IKZ2|G7IKZ2_MEDTR DEAD-bo  76.5     6.2 2.2E-05   49.3   0.0    1  203-203  1082-1082(1175)
217 tr|A0A0B2PC38|A0A0B2PC38_GLYSO  76.4     5.3 2.2E-05   41.3   0.0    8  268-275    87-94  (144)
218 tr|A0A182JK67|A0A182JK67_9DIPT  76.3     6.3 2.2E-05   48.6   0.0   24  180-203   661-684 (964)
219 tr|A0A0P5A760|A0A0P5A760_9CRUS  76.3     6.3 2.2E-05   41.5   0.0    6  308-313   138-143 (186)
220 tr|K3ZGX2|K3ZGX2_SETIT Unchara  76.2     6.4 2.2E-05   49.7   0.0    3  146-148  1156-1158(1346)
221 tr|C1N114|C1N114_MICPC Predict  76.1     6.5 2.3E-05   46.2   0.0   17  180-196   358-374 (525)
222 tr|A0A060YQ27|A0A060YQ27_ONCMY  76.0     6.1 2.3E-05   43.1   0.0   19  118-136    62-80  (229)
223 tr|X6P414|X6P414_RETFI Unchara  76.0     6.5 2.3E-05   48.9   0.0   22  111-132   553-574 (1085)
224 tr|B4FC88|B4FC88_MAIZE Unchara  76.0     6.6 2.3E-05   40.9   0.0   27  318-344   106-132 (168)
225 tr|A0A0D2UK75|A0A0D2UK75_CAPO3  75.9     6.6 2.3E-05   50.8   0.0    1  329-329   235-235 (1996)
226 tr|S8DQQ2|S8DQQ2_9LAMI Unchara  75.9     6.6 2.3E-05   41.7   0.0   11  195-205    80-90  (198)
227 tr|G5BM60|G5BM60_HETGA Unchara  75.9     6.6 2.3E-05   39.9   0.0    6  172-177    82-87  (141)
228 tr|E9Q5X3|E9Q5X3_MOUSE Thyroid  75.9     6.6 2.3E-05   34.1   0.0   24  180-203    16-39  (50)
229 tr|A0A1B6HD42|A0A1B6HD42_9HEMI  75.8     6.6 2.3E-05   39.0   0.0   26  180-205    64-91  (118)
230 tr|W6MRW0|W6MRW0_9ASCO Unchara  75.8     6.7 2.3E-05   46.2   0.0   24  180-203   310-333 (528)
231 tr|J9JYM1|J9JYM1_ACYPI Unchara  75.6     6.8 2.4E-05   46.0   0.0    8  283-290   157-164 (515)
232 tr|A0A194R1T3|A0A194R1T3_PAPMA  75.6     6.8 2.4E-05   46.9   0.0    4  116-119   514-517 (656)
233 tr|E3T4F4|E3T4F4_CROVB Putativ  75.5     6.9 2.4E-05   40.9   0.0    1  183-183    34-34  (171)
234 tr|A0A067ENL9|A0A067ENL9_CITSI  75.4     6.9 2.4E-05   34.5   0.0    1  188-188    13-13  (55)
235 tr|V8PEW1|V8PEW1_OPHHA TNF rec  75.4     6.9 2.4E-05   45.2   0.0   17  254-270   365-381 (432)
236 tr|H2YPQ0|H2YPQ0_CIOSA Unchara  75.3     6.7 2.5E-05   48.0   0.0   19   73-91     47-65  (750)
237 tr|A0A0G4GMU3|A0A0G4GMU3_VITBC  75.3       7 2.5E-05   49.5   0.0   30   98-127   836-867 (1384)
238 tr|A0A0A1U8N8|A0A0A1U8N8_ENTIV  75.3       7 2.5E-05   42.3   0.0   10  166-175   173-182 (231)
239 tr|K7J7P8|K7J7P8_NASVI Unchara  75.3     7.1 2.5E-05   49.4   0.0    7  354-360   883-889 (1366)
240 tr|Q2H4I5|Q2H4I5_CHAGB Unchara  75.2     6.3 2.5E-05   44.6   0.0    9   68-76     92-100 (293)
241 tr|W4XW60|W4XW60_STRPU Unchara  75.2     7.1 2.5E-05   50.1   0.0   16  121-136   280-295 (1695)
242 tr|A0A175YQW4|A0A175YQW4_DAUCA  75.2     7.1 2.5E-05   48.9   0.0    8   84-91    982-989 (1166)
243 tr|A0A1I8N022|A0A1I8N022_MUSDO  75.1     7.2 2.5E-05   44.7   0.0   22  150-175   259-280 (392)
244 tr|H9GHT5|H9GHT5_ANOCA Unchara  75.1     7.2 2.5E-05   45.5   0.0   14  284-297   402-415 (475)
245 tr|A0A058Z0V7|A0A058Z0V7_9EUKA  74.9     7.3 2.6E-05   52.4   0.0   12  284-295  4266-4277(4364)
246 tr|A0A146VCQ6|A0A146VCQ6_FUNHE  74.8     7.4 2.6E-05   44.1   0.0   57  301-359   200-256 (351)
247 tr|A5DUC3|A5DUC3_LODEL Unchara  74.8     7.4 2.6E-05   47.3   0.0   14  161-174   482-495 (769)
248 tr|A0A146VPG3|A0A146VPG3_FUNHE  74.7     5.3 2.6E-05   49.8   0.0    6  157-162   285-290 (720)
249 tr|A0A077ZK50|A0A077ZK50_TRITR  74.6     7.6 2.7E-05   41.6   0.0   27  180-206    32-63  (211)
250 tr|A0A183WTU8|A0A183WTU8_TRIRE  74.5     7.6 2.7E-05   45.3   0.0   26  165-190   375-401 (478)
251 tr|A4L236|A4L236_9VIRU Putativ  74.5     7.6 2.7E-05   36.9   0.0   14  176-189     6-19  (86)
252 tr|W4YHR4|W4YHR4_STRPU Unchara  74.5     7.7 2.7E-05   48.8   0.0   13   70-82    297-309 (1241)
253 tr|W4YHR4|W4YHR4_STRPU Unchara  74.5     7.7 2.7E-05   48.8   0.0   13   70-82    297-309 (1241)
254 tr|Q5CT41|Q5CT41_CRYPI Unchara  74.4     7.1 2.7E-05   49.2   0.0   12  269-280   883-894 (963)
255 tr|A0A0D2SC36|A0A0D2SC36_GOSRA  74.4     7.7 2.7E-05   48.6   0.0    4   85-88    861-864 (1154)
256 tr|A0A131XQF5|A0A131XQF5_9ACAR  74.4     7.7 2.7E-05   50.8   0.0   24  181-204    73-96  (2436)
257 tr|A0A058Z4N4|A0A058Z4N4_9EUKA  74.4     7.7 2.7E-05   49.5   0.0   19  180-198   646-664 (1565)
258 tr|K7EDN0|K7EDN0_ORNAN Unchara  74.4     7.8 2.7E-05   35.6   0.0    1  184-184    48-48  (69)
259 tr|A0A1R4FXX6|A0A1R4FXX6_9MICO  74.3     7.8 2.7E-05   37.0   0.0   22  184-205    57-78  (89)
260 tr|A0A1I8IKU9|A0A1I8IKU9_9PLAT  74.3     7.8 2.7E-05   42.5   0.0    5  326-330   178-182 (254)
261 tr|W8BET2|W8BET2_CERCA Unchara  74.2     7.6 2.7E-05   46.1   0.0    1  262-262   350-350 (528)
262 tr|B9HX85|B9HX85_POPTR Unchara  74.2     7.9 2.8E-05   47.1   0.0   11  201-211   706-716 (765)
263 tr|A0A1A8WTX6|A0A1A8WTX6_PLAMA  74.0       8 2.8E-05   49.4   0.0    2  170-171   442-443 (1547)
264 tr|E9J3X5|E9J3X5_SOLIN Putativ  74.0     8.1 2.8E-05   46.7   0.0   23  367-389   661-683 (712)
265 tr|S4NJX4|S4NJX4_9NEOP Unchara  73.7     8.2 2.9E-05   38.3   0.0    1  185-185     8-8   (115)
266 tr|A0A093ZM22|A0A093ZM22_9PEZI  73.7     8.3 2.9E-05   48.5   0.0   19  181-199   202-220 (1213)
267 tr|S8DMA3|S8DMA3_9LAMI Unchara  73.6     8.4 2.9E-05   45.7   0.0    2  167-168   477-478 (563)
268 tr|U6GQD5|U6GQD5_EIMAC WD doma  73.5     8.4   3E-05   46.4   0.0   26  178-205   390-415 (673)
269 tr|A0A0B2W0B0|A0A0B2W0B0_TOXCA  73.5     8.4   3E-05   45.5   0.0   12  310-321   225-236 (535)
270 tr|A0A194QP36|A0A194QP36_PAPMA  73.3     8.1   3E-05   42.1   0.0   25  329-353   181-207 (217)
271 tr|F0Y6D4|F0Y6D4_AURAN Putativ  73.2     8.7   3E-05   48.1   0.0    8  130-137   760-767 (1129)
272 tr|A0A182PRN5|A0A182PRN5_9DIPT  73.2     8.7 3.1E-05   47.2   0.0   25  263-289   530-554 (855)
273 tr|H2WBR0|H2WBR0_CAEJA Unchara  73.2     7.5 3.1E-05   49.0   0.0   31  329-359   215-245 (845)
274 tr|A0A0K9PRG2|A0A0K9PRG2_ZOSMR  73.2     8.7 3.1E-05   48.3   0.0    6  181-186  1077-1082(1187)
275 tr|M4A3E3|M4A3E3_XIPMA Unchara  73.1     7.7 3.1E-05   49.0   0.0    6   71-76    316-321 (904)
276 tr|A0A1B6GDD0|A0A1B6GDD0_9HEMI  73.1     8.8 3.1E-05   40.2   0.0   13   97-109    40-52  (170)
277 tr|A0A094AQA4|A0A094AQA4_9PEZI  73.1     8.8 3.1E-05   43.6   0.0   10  180-189    99-108 (351)
278 tr|A0A0V1MMI8|A0A0V1MMI8_9BILA  73.0     8.9 3.1E-05   39.4   0.0    9  180-188    36-44  (148)
279 tr|C1FJ47|C1FJ47_MICCC Unchara  72.9     8.9 3.1E-05   45.7   0.0    4  330-333   479-482 (588)
280 tr|A0A182U296|A0A182U296_9DIPT  72.9     8.8 3.1E-05   48.0   0.0   53  307-359   867-930 (1003)
281 tr|Q7FS92|Q7FS92_SORBI Putativ  72.8       9 3.2E-05   48.7   0.0   30  167-196   145-174 (1418)
282 tr|A0A0P4WEG9|A0A0P4WEG9_9EUCA  72.7     9.1 3.2E-05   42.6   0.0   20  117-136    52-71  (287)
283 tr|D8M8P4|D8M8P4_BLAHO Unchara  72.6     9.2 3.2E-05   40.2   0.0    9  180-188    82-90  (175)
284 tr|A0A146XSD5|A0A146XSD5_FUNHE  72.5     9.3 3.2E-05   44.7   0.0   30  178-207   290-321 (478)
285 tr|U6GE36|U6GE36_EIMAC Unchara  72.4     9.3 3.3E-05   41.9   0.0    9  167-175   165-173 (252)
286 tr|V4BWL4|V4BWL4_LOTGI Unchara  72.4     9.4 3.3E-05   48.0   0.0   10  299-308   434-443 (1184)
287 tr|U6PYE2|U6PYE2_HAECO Cleavag  72.3     9.4 3.3E-05   39.0   0.0   16  178-193    96-111 (142)
288 tr|M5XQA2|M5XQA2_PRUPE Unchara  72.3     9.4 3.3E-05   47.9   0.0    2   86-87    870-871 (1129)
289 tr|A0A1I8I9C3|A0A1I8I9C3_9PLAT  72.2     9.6 3.4E-05   46.3   0.0   20  180-199   581-600 (733)
290 tr|A0A0L0DAI4|A0A0L0DAI4_THETB  72.1     9.6 3.4E-05   47.1   0.0   13  303-315   745-757 (916)
291 tr|A0A1I8JA00|A0A1I8JA00_9PLAT  72.1     9.6 3.4E-05   42.9   0.0   22   65-90    180-201 (317)
292 tr|A0A090MEH4|A0A090MEH4_9HYPO  72.1     8.6 3.4E-05   42.1   0.0   24  180-203    49-72  (219)
293 tr|A0A0P5EIL0|A0A0P5EIL0_9CRUS  72.0     9.7 3.4E-05   47.3   0.0   22   78-99    604-625 (997)
294 tr|A0A1D5TSQ5|A0A1D5TSQ5_WHEAT  72.0     9.6 3.4E-05   48.1   0.0   21  179-199   274-294 (1152)
295 tr|G3I925|G3I925_CRIGR U2 smal  71.8     9.9 3.5E-05   40.1   0.0   27  180-206   134-162 (181)
296 tr|A0A182LE51|A0A182LE51_9DIPT  71.7      10 3.5E-05   44.1   0.0   53   85-144   135-189 (427)
297 tr|E0VCN9|E0VCN9_PEDHC Pre-mRN  71.7      10 3.5E-05   46.3   0.0   14  335-348   162-175 (761)
298 tr|F9XCG3|F9XCG3_ZYMTI Unchara  71.6     9.4 3.5E-05   46.1   0.0   11  180-190   114-124 (578)
299 tr|U6MPF9|U6MPF9_9EIME Zinc fi  71.5      10 3.6E-05   40.8   0.0    9  180-188   162-170 (209)
300 tr|B2ATX0|B2ATX0_PODAN Podospo  71.5     9.7 3.6E-05   44.1   0.0    5   70-74    133-137 (376)
301 tr|A0A058ZFC5|A0A058ZFC5_9EUKA  71.4      10 3.6E-05   46.5   0.0   12  158-169   157-168 (826)
302 tr|E9I621|E9I621_DAPPU Putativ  71.2      10 3.7E-05   40.1   0.0   11  180-190    75-85  (185)
303 tr|A0A196S654|A0A196S654_9STRA  71.1      11 3.7E-05   48.8   0.0   23  168-190  1443-1465(1687)
304 tr|A0A0P6H0V1|A0A0P6H0V1_9CRUS  71.1      11 3.7E-05   45.9   0.0   68  257-325   384-451 (707)
305 tr|A0A0L0CQ88|A0A0L0CQ88_LUCCU  70.8      10 3.8E-05   45.2   0.0    1  185-185   463-463 (524)
306 tr|U6G1W2|U6G1W2_9EIME Unchara  70.6      11 3.9E-05   48.9   0.0   12  178-189   371-382 (1452)
307 tr|A0A0L8H978|A0A0L8H978_OCTBM  70.6      11 3.9E-05   37.3   0.0    1  168-168    42-42  (111)
308 tr|A0A0P5UIA9|A0A0P5UIA9_9CRUS  70.5      11 3.9E-05   48.0   0.0   23   78-100   806-828 (1266)
309 tr|S2JGK3|S2JGK3_MUCC1 Unchara  70.5      10 3.9E-05   46.2   0.0    9   40-48    255-263 (608)
310 tr|K4AVY7|K4AVY7_SOLLC Unchara  70.4      11 3.9E-05   47.6   0.0    1  132-132  1040-1040(1221)
311 tr|A2AJI3|A2AJI3_MOUSE Thyroid  70.4      11 3.9E-05   33.2   0.0   20  180-199    16-35  (53)
312 tr|G0N5E8|G0N5E8_CAEBE Putativ  70.3      11   4E-05   38.8   0.0   19  181-199   111-129 (148)
313 tr|A0A0N5C1A2|A0A0N5C1A2_STREA  70.2      11   4E-05   37.2   0.0   16  180-195    62-77  (100)
314 tr|A0A0V1C245|A0A0V1C245_TRISP  70.2      11   4E-05   43.2   0.0    7  145-151    29-35  (381)
315 tr|A0A0A0L544|A0A0A0L544_CUCSA  70.2      11   4E-05   47.4   0.0   13  292-304  1148-1160(1193)
316 tr|M0W7A2|M0W7A2_HORVD Unchara  70.1      11   4E-05   45.5   0.0   16  284-299   506-521 (603)
317 tr|U6P135|U6P135_HAECO RNA rec  70.0      11 4.1E-05   42.3   0.0    5   99-103   141-145 (266)
318 tr|U6GRS1|U6GRS1_9EIME Unchara  69.8      12 4.2E-05   38.4   0.0    7  193-199    37-43  (141)
319 tr|K7IN07|K7IN07_NASVI Unchara  69.7      12 4.2E-05   45.6   0.0   33  337-369   664-696 (721)
320 tr|A0A165CK62|A0A165CK62_EXIGL  69.7      12 4.2E-05   46.0   0.0   13  301-313   749-761 (822)
321 tr|A0A1S3DB41|A0A1S3DB41_DIACI  69.5      12 4.2E-05   41.6   0.0   24  165-188    43-66  (275)
322 tr|A0A0L0CI55|A0A0L0CI55_LUCCU  69.3      10 4.3E-05   49.3   0.0   29  286-314   493-523 (1095)
323 tr|A0A0L0HA58|A0A0L0HA58_SPIPN  69.3      11 4.3E-05   42.1   0.0   22  269-299   118-139 (250)
324 tr|A0A078JC75|A0A078JC75_BRANA  69.2      12 4.4E-05   44.7   0.0   13  180-192   511-523 (591)
325 tr|A0A1A9W031|A0A1A9W031_9MUSC  69.1      12 4.4E-05   44.7   0.0   38  167-205   470-510 (600)
326 tr|T1PGL3|T1PGL3_MUSDO Protein  69.1      13 4.4E-05   45.5   0.0    3  168-170   210-212 (733)
327 tr|U6MKY9|U6MKY9_9EIME Unchara  69.1      13 4.4E-05   47.7   0.0   10  180-189    54-63  (1433)
328 tr|X0IVQ4|X0IVQ4_FUSOX Unchara  69.1     9.7 4.4E-05   47.8   0.0    8  270-277   703-710 (711)
329 tr|A0A1A9VGW9|A0A1A9VGW9_GLOAU  69.0      13 4.4E-05   45.3   0.0    6  133-138   559-564 (708)
330 tr|W8C790|W8C790_CERCA Protein  69.0      13 4.4E-05   45.9   0.0   19  301-319   410-428 (841)
331 tr|G5C2W0|G5C2W0_HETGA Calcium  68.9     9.1 4.5E-05   47.6   0.0   19  103-121   474-492 (647)
332 tr|F2UQ99|F2UQ99_SALR5 Putativ  68.8      13 4.5E-05   42.2   0.0   28  180-207    45-72  (328)
333 tr|A0A0L0SK06|A0A0L0SK06_ALLMA  68.7      13 4.5E-05   45.7   0.0   20  277-296   657-676 (802)
334 tr|A0A0S3S4K6|A0A0S3S4K6_PHAAN  68.7      13 4.6E-05   47.0   0.0    4   85-88   1018-1021(1188)
335 tr|G0NJK2|G0NJK2_CAEBE Putativ  68.7      12 4.6E-05   47.2   0.0    1  203-203   106-106 (804)
336 tr|A0A1D2MPA0|A0A1D2MPA0_ORCCI  68.6      13 4.6E-05   45.1   0.0   30  178-207   645-678 (697)
337 tr|A0A1D6RPF4|A0A1D6RPF4_WHEAT  68.6      12 4.6E-05   41.6   0.0   63  263-325   136-206 (255)
338 tr|B4QLZ8|B4QLZ8_DROSI GD13607  68.6      12 4.6E-05   45.7   0.0   26   37-62    433-458 (612)
339 tr|H0WL67|H0WL67_OTOGA Unchara  68.5     9.8 4.6E-05   48.9   0.0    1  207-207    56-56  (932)
340 tr|D3B9N8|D3B9N8_POLPA Unchara  68.4      13 4.6E-05   41.2   0.0    5   85-89    115-119 (266)
341 tr|A0A151ZDC2|A0A151ZDC2_9MYCE  68.4      13 4.7E-05   44.6   0.0   14   35-48    268-281 (613)
342 tr|A0A0V1NU56|A0A0V1NU56_9BILA  68.4      13 4.7E-05   38.8   0.0   20  180-199   129-148 (164)
343 tr|A0A0V1KK50|A0A0V1KK50_9BILA  68.4      13 4.7E-05   36.2   0.0   19  180-198    65-83  (92)
344 tr|A0A0L0DM22|A0A0L0DM22_THETB  68.3      13 4.7E-05   45.7   0.0   51  180-230    75-125 (820)
345 tr|A0A0S4TCB2|A0A0S4TCB2_CRYHO  68.3      13 4.7E-05   47.4   0.0   14  218-231   874-887 (999)
346 tr|M3IS24|M3IS24_CANMX Pre-mRN  68.1      14 4.8E-05   42.8   0.0   20  174-193   311-330 (390)
347 tr|A0A0Q3MS99|A0A0Q3MS99_AMAAE  68.1      12 4.8E-05   40.1   0.0    4  173-176    96-99  (185)
348 tr|A0A150GYY4|A0A150GYY4_GONPE  68.1      14 4.8E-05   40.8   0.0    9   99-107    33-41  (250)
349 tr|G0MMF6|G0MMF6_CAEBE Putativ  68.1      14 4.8E-05   42.9   0.0    1   87-87    127-127 (401)
350 tr|K4BT71|K4BT71_SOLLC Unchara  68.1      12 4.8E-05   45.9   0.0   25  322-346   421-445 (611)
351 tr|H2W2M5|H2W2M5_CAEJA Unchara  68.0      14 4.8E-05   42.3   0.0    9  180-188   117-125 (355)
352 tr|A0A0V1P0E0|A0A0V1P0E0_9BILA  68.0      14 4.8E-05   46.1   0.0    7  146-152   884-890 (946)
353 tr|A0A1A6HQ12|A0A1A6HQ12_NEOLE  68.0      14 4.8E-05   40.8   0.0   27  179-206   151-177 (251)
354 tr|A0A058ZFS4|A0A058ZFS4_9EUKA  67.9      14 4.8E-05   44.6   0.0   10  308-317   191-200 (624)
355 tr|M3ZTC1|M3ZTC1_XIPMA Zinc fi  67.8      12 4.9E-05   42.8   0.0    1   90-90    127-127 (315)
356 tr|A5BLJ1|A5BLJ1_VITVI Putativ  67.8      13 4.9E-05   45.6   0.0   15  112-126   113-127 (720)
357 tr|A0A0L0DLZ6|A0A0L0DLZ6_THETB  67.8      14 4.9E-05   48.0   0.0   35  260-301   270-304 (1794)
358 tr|F2DGI1|F2DGI1_HORVD Predict  67.7      14 4.9E-05   44.8   0.0    4  344-347   620-623 (674)
359 tr|A0A067EFX6|A0A067EFX6_CITSI  67.7      14 4.9E-05   35.9   0.0    1  260-260    72-72  (96)
360 tr|A0A0R4IE57|A0A0R4IE57_DANRE  67.5      14   5E-05   48.0   0.0   11  257-267   650-660 (1853)
361 tr|A0A0K8WBX5|A0A0K8WBX5_BACLA  67.5      14   5E-05   47.0   0.0   19  301-319   376-394 (1190)
362 tr|J3M2Y7|J3M2Y7_ORYBR Unchara  67.4      14   5E-05   46.8   0.0   19  338-356   926-944 (1227)
363 tr|F0ZF98|F0ZF98_DICPU Putativ  67.4      14   5E-05   46.0   0.0   14  180-193   833-846 (958)
364 tr|A0A1B9FRD7|A0A1B9FRD7_9TREE  67.4      14   5E-05   44.2   0.0   14   63-76    382-395 (579)
365 tr|A0A161HHQ6|A0A161HHQ6_9ASCO  67.4      14   5E-05   43.7   0.0    1  198-198   177-177 (519)
366 tr|A0A058Z8K0|A0A058Z8K0_9EUKA  67.3      14 5.1E-05   43.6   0.0   23  294-316   179-201 (500)
367 tr|Q19225|Q19225_CAEEL Unchara  67.3      15 5.1E-05   37.4   0.0   26  180-205    67-92  (130)
368 tr|A0A084VJ55|A0A084VJ55_ANOSI  67.3      13 5.1E-05   45.8   0.0   11  269-279   512-522 (666)
369 tr|A0A182F261|A0A182F261_ANOAL  67.2      15 5.1E-05   42.2   0.0   13  301-313   227-239 (360)
370 tr|R4GIP8|R4GIP8_CHICK Unchara  67.2      11 5.1E-05   50.3   0.0   15  261-275   972-986 (1344)
371 tr|C1DZE7|C1DZE7_MICCC Splicin  67.2      13 5.1E-05   41.1   0.0   14  194-207   210-223 (234)
372 tr|A0A0K0FHF3|A0A0K0FHF3_9BILA  67.2      15 5.1E-05   34.6   0.0   20  180-199    35-54  (76)
373 tr|A1CQS9|A1CQS9_ASPCL Unchara  67.2      15 5.1E-05   41.4   0.0   11  194-204   281-291 (303)
374 tr|A0A1R3IY18|A0A1R3IY18_9ROSI  67.1      15 5.2E-05   46.0   0.0   22  178-199   131-152 (979)
375 tr|A0A0L0SUI2|A0A0L0SUI2_ALLMA  67.0      15 5.2E-05   43.1   0.0    5  223-227   413-417 (455)
376 tr|A0A067K7F3|A0A067K7F3_JATCU  67.0      15 5.2E-05   46.5   0.0    9  283-291  1116-1124(1176)
377 tr|A0A087XJP4|A0A087XJP4_POEFO  67.0      14 5.2E-05   44.8   0.0    7  360-366   239-245 (554)
378 tr|A0A0D1XD29|A0A0D1XD29_9PEZI  66.9      15 5.3E-05   39.9   0.0   26  180-205   189-214 (219)
379 tr|A0A0L0DFC9|A0A0L0DFC9_THETB  66.9      15 5.3E-05   41.1   0.0   31  178-208   146-178 (286)
380 tr|A0A0N7ZAW7|A0A0N7ZAW7_9EUCA  66.8      15 5.3E-05   46.3   0.0   10  339-348  1048-1057(1111)
381 tr|J9P295|J9P295_CANLF Unchara  66.7      15 5.3E-05   42.6   0.0   16  180-195   370-385 (408)
382 tr|U6LGU4|U6LGU4_9EIME Cycloph  66.7      15 5.3E-05   44.0   0.0    3  218-220   299-301 (586)
383 tr|F9WBG2|F9WBG2_TRYCI Unchara  66.7      15 5.3E-05   37.5   0.0   20  180-199   106-125 (135)
384 tr|H2TQP3|H2TQP3_TAKRU Unchara  66.6      13 5.4E-05   46.8   0.0   23  310-335   264-286 (748)
385 tr|C3XX98|C3XX98_BRAFL Putativ  66.6      15 5.4E-05   42.0   0.0   22  179-200   147-168 (360)
386 tr|A0A0N8E619|A0A0N8E619_9CRUS  66.5      15 5.4E-05   37.6   0.0   19  119-137    64-82  (138)
387 tr|M0YT86|M0YT86_HORVD Unchara  66.5      16 5.4E-05   45.1   0.0    5  146-150   575-579 (786)
388 tr|B5DWF5|B5DWF5_DROPS Unchara  66.4      13 5.5E-05   46.9   0.0   27  180-206   327-353 (719)
389 tr|R1F8W2|R1F8W2_EMIHU Unchara  66.3      16 5.5E-05   43.5   0.0   14  194-207    37-50  (519)
390 tr|W4YNN4|W4YNN4_STRPU Unchara  66.2      16 5.5E-05   45.5   0.0    7   46-52    485-491 (912)
391 tr|A0A091DKC8|A0A091DKC8_FUKDA  66.1      16 5.6E-05   41.8   0.0    1  117-117   235-235 (349)
392 tr|A0A197K0M9|A0A197K0M9_9FUNG  66.0      16 5.6E-05   42.0   0.0   25  340-364   307-331 (366)
393 tr|A0A138ZWJ6|A0A138ZWJ6_GONPR  66.0      16 5.6E-05   39.7   0.0   25  180-204     7-31  (219)
394 tr|A0A0P5UBQ8|A0A0P5UBQ8_9CRUS  66.0      16 5.7E-05   45.1   0.0   63  262-325   518-580 (832)
395 tr|A0A0K0DA88|A0A0K0DA88_ANGCA  65.9      16 5.7E-05   43.6   0.0    4  274-277   190-193 (550)
396 tr|E1ZIJ3|E1ZIJ3_CHLVA Putativ  65.8      16 5.7E-05   39.8   0.0    4  111-114    46-49  (224)
397 tr|Q54I03|Q54I03_DICDI Unchara  65.7      16 5.8E-05   42.8   0.0   20  178-197   165-184 (449)
398 tr|A0A1I7WML4|A0A1I7WML4_HETBA  65.6      17 5.8E-05   38.5   0.0   31  175-205   139-170 (172)
399 tr|A0A1D2N0S4|A0A1D2N0S4_ORCCI  65.6      17 5.8E-05   43.4   0.0   17  133-151   421-437 (532)
400 tr|V9F3U1|V9F3U1_PHYPR Unchara  65.5      17 5.8E-05   45.0   0.0   10   83-92    618-627 (836)
401 tr|F2U9U3|F2U9U3_SALR5 Putativ  65.5      17 5.8E-05   43.0   0.0    8  128-135   390-397 (484)
402 tr|D7G7T4|D7G7T4_ECTSI Protein  65.4      17 5.9E-05   46.1   0.0    1  180-180   739-739 (1150)
403 tr|Q4S7Z0|Q4S7Z0_TETNG Chromos  65.4      17 5.9E-05   46.4   0.0   11   15-25     40-50  (1292)
404 tr|A0A177WB05|A0A177WB05_BATDE  65.2      17   6E-05   44.8   0.0   15   48-62    278-292 (798)
405 tr|U5H5E1|U5H5E1_USTV1 Unchara  65.2      17   6E-05   42.0   0.0   10  219-228   280-289 (379)
406 tr|A0A1A8Z0T5|A0A1A8Z0T5_9APIC  65.1      17   6E-05   36.5   0.0    9  180-188    52-60  (119)
407 tr|U6K3V0|U6K3V0_9EIME Unchara  65.1      17   6E-05   46.8   0.0    2  225-226  1239-1240(1481)
408 tr|A0A0F2MCL8|A0A0F2MCL8_SPOSC  65.0      15 6.1E-05   45.4   0.0    9  128-136    74-82  (634)
409 tr|A0A0M3J1X7|A0A0M3J1X7_ANISI  64.9      17 6.1E-05   39.7   0.0    1  181-181    64-64  (231)
410 tr|A0A0V1N2Q0|A0A0V1N2Q0_9BILA  64.8      18 6.2E-05   40.8   0.0    7  225-231    98-104 (297)
411 tr|D0IQE6|D0IQE6_DROME MIP1336  64.8      18 6.2E-05   38.6   0.0    9  224-232   104-112 (183)
412 tr|A0A167NTH6|A0A167NTH6_9PEZI  64.8      18 6.2E-05   41.7   0.0   22  258-280   193-214 (362)
413 tr|K0T531|K0T531_THAOC Unchara  64.6      18 6.3E-05   43.3   0.0   26  180-205   359-384 (550)
414 tr|A0A182V546|A0A182V546_ANOME  64.6      18 6.3E-05   45.0   0.0   39  249-289   538-588 (886)
415 tr|A0A139IKG1|A0A139IKG1_9PEZI  64.5      18 6.3E-05   41.4   0.0   10  219-228    86-95  (346)
416 tr|A0A182W9V2|A0A182W9V2_9DIPT  64.3      18 6.4E-05   45.1   0.0    1  309-309   307-307 (938)
417 tr|A0A060YFC2|A0A060YFC2_ONCMY  64.3      18 6.4E-05   41.8   0.0   16  117-132    60-75  (386)
418 tr|M7BKG6|M7BKG6_CHEMY Serine/  64.2      17 6.4E-05   41.1   0.0   13  180-192   242-254 (285)
419 tr|X6LL02|X6LL02_RETFI Unchara  64.2      18 6.5E-05   41.4   0.0   11  180-190   228-238 (353)
420 sp|P41726|BVCP_GVCL DNA-bindin  64.2      18 6.5E-05   32.6   0.0    1  181-181    16-16  (58)
421 tr|A0A0K1Y859|A0A0K1Y859_9VIRU  64.2      18 6.5E-05   45.9   0.0   23  177-199   816-838 (1191)
422 tr|L7MJL8|L7MJL8_9ACAR Putativ  64.1      18 6.5E-05   45.9   0.0    4  114-117    31-34  (933)
423 tr|A0A0P5BH96|A0A0P5BH96_9CRUS  64.0      19 6.5E-05   40.7   0.0   12   79-90     97-108 (301)
424 tr|U6K5W7|U6K5W7_9EIME Unchara  64.0      19 6.5E-05   39.3   0.0   20  171-190    83-103 (221)
425 tr|X6MKR5|X6MKR5_RETFI Unchara  64.0      19 6.5E-05   43.8   0.0   24  178-201   251-274 (656)
426 tr|A0A124PI21|A0A124PI21_9BURK  64.0      19 6.5E-05   38.3   0.0    8  167-174    57-64  (178)
427 tr|F1L9M6|F1L9M6_ASCSU Transfo  63.9      18 6.6E-05   41.2   0.0    9  268-276   137-145 (317)
428 tr|A0A152A5H9|A0A152A5H9_9MYCE  63.7      19 6.7E-05   42.0   0.0   11  117-127   275-285 (414)
429 tr|E2BN92|E2BN92_HARSA IWS1-li  63.7      16 6.7E-05   44.9   0.0   19  395-413   279-297 (545)
430 tr|A0A146VAT6|A0A146VAT6_FUNHE  63.6      14 6.7E-05   46.4   0.0    1  363-363   340-340 (708)
431 tr|U6MSC8|U6MSC8_9EIME Cycloph  63.6      16 6.7E-05   45.1   0.0   19  180-198   341-359 (592)
432 tr|K1S302|K1S302_CRAGI Tetratr  63.5      19 6.8E-05   46.1   0.0   33   69-107  1072-1104(1328)
433 tr|A0A1D2JE58|A0A1D2JE58_PARBR  63.5      19 6.8E-05   36.8   0.0   11  180-190   115-125 (134)
434 tr|L9KVI8|L9KVI8_TUPCH Cyclin-  63.5      19 6.8E-05   41.7   0.0   13  180-192   357-369 (390)
435 tr|W4YFV4|W4YFV4_STRPU Unchara  63.5      19 6.8E-05   45.1   0.0   25  259-293   631-655 (966)
436 tr|V3ZSC6|V3ZSC6_LOTGI Unchara  63.5      19 6.8E-05   45.6   0.0    7  356-362   900-906 (1155)
437 tr|A0A1D2MH84|A0A1D2MH84_ORCCI  63.4      19 6.8E-05   39.9   0.0   25  113-137    75-99  (255)
438 tr|A0A0P4W578|A0A0P4W578_9EUCA  63.4      19 6.8E-05   38.3   0.0   21  117-137     8-28  (170)
439 tr|M0V0L8|M0V0L8_HORVV Unchara  63.4      20 6.8E-05   36.1   0.0    8  271-278    82-89  (117)
440 tr|Q9BIC2|Q9BIC2_CAEEL Unchara  63.4      17 6.8E-05   46.4   0.0   38  329-366   418-459 (925)
441 tr|A0A1R1XLN4|A0A1R1XLN4_9FUNG  63.4      19 6.8E-05   44.5   0.0   15  336-350   628-642 (730)
442 tr|A0A0S4TFP4|A0A0S4TFP4_CRYHO  63.3      19 6.9E-05   45.2   0.0    1  118-118   805-805 (933)
443 tr|A0A1I8PXZ4|A0A1I8PXZ4_STOCA  63.2      19 6.9E-05   45.3   0.0   12  311-322   849-860 (953)
444 tr|D8M8N2|D8M8N2_BLAHO Unchara  63.2      20 6.9E-05   43.1   0.0   11   29-39    180-190 (569)
445 tr|A0A058Z802|A0A058Z802_9EUKA  63.2      20   7E-05   45.2   0.0    3  149-151   838-840 (1022)
446 tr|A0A0P4WJ79|A0A0P4WJ79_9EUCA  63.0      20   7E-05   39.4   0.0    5  329-333   225-229 (235)
447 tr|W5LL41|W5LL41_ASTMX Unchara  63.0      20   7E-05   38.0   0.0    8  192-199    52-59  (173)
448 tr|A0A1A9TQ64|A0A1A9TQ64_ANOST  62.9      20 7.1E-05   46.0   0.0   14  180-193   943-956 (1350)
449 tr|A0A058Z3Z9|A0A058Z3Z9_9EUKA  62.8      20 7.1E-05   47.7   0.0   13  115-127   483-495 (2472)
450 tr|A0A0N8EDN0|A0A0N8EDN0_9CRUS  62.8      20 7.2E-05   39.0   0.0    1  195-195   122-122 (217)
451 tr|A0A182NQK6|A0A182NQK6_9DIPT  62.7      20 7.2E-05   44.1   0.0   20  180-199   415-434 (770)
452 tr|A0A1D3TC99|A0A1D3TC99_PLAMA  62.7      21 7.2E-05   44.6   0.0   88  112-207   173-260 (881)
453 tr|A0A1B0AIK0|A0A1B0AIK0_GLOPL  62.6      21 7.3E-05   39.9   0.0    5   42-46     68-72  (266)
454 tr|T1IZ58|T1IZ58_STRMM Unchara  62.4      21 7.4E-05   39.4   0.0   11  126-136    92-102 (240)
455 tr|K9KC18|K9KC18_HORSE Serine/  62.2      21 7.4E-05   34.5   0.0    1  188-188    15-15  (89)
456 tr|D7FSA5|D7FSA5_ECTSI Unchara  62.2      21 7.5E-05   45.6   0.0   10  329-338   664-673 (1237)
457 tr|M0W7A1|M0W7A1_HORVD Unchara  62.1      21 7.5E-05   43.8   0.0    4  344-347   686-689 (740)
458 tr|A0A1B6G945|A0A1B6G945_9HEMI  62.1      21 7.5E-05   38.6   0.0   13  101-113    76-88  (204)
459 tr|A0A182USB5|A0A182USB5_ANOME  61.9      22 7.6E-05   44.8   0.0    1  309-309   304-304 (997)
460 tr|A0A1A6FUU9|A0A1A6FUU9_NEOLE  61.9      22 7.6E-05   39.6   0.0   14  130-143    22-35  (261)
461 tr|W2SUZ5|W2SUZ5_NECAM Unchara  61.8      22 7.7E-05   36.0   0.0   14  180-193     7-20  (121)
462 tr|A0A146L6Y6|A0A146L6Y6_LYGHE  61.7      22 7.7E-05   46.3   0.0   27  194-220   166-192 (1617)
463 tr|R1FS35|R1FS35_EMIHU Unchara  61.6      22 7.8E-05   38.8   0.0   25  187-211    24-48  (219)
464 tr|A0A0A1WL51|A0A0A1WL51_BACCU  61.6      19 7.8E-05   46.9   0.0   10  333-342   504-513 (1069)
465 tr|U6LVM5|U6LVM5_9EIME Unchara  61.5      22 7.8E-05   45.9   0.0   18   49-66   1171-1188(1478)
466 tr|A0A1I8Q7L8|A0A1I8Q7L8_STOCA  61.5      22 7.8E-05   45.5   0.0    1  149-149   556-556 (1084)
467 tr|A0A1Q9D257|A0A1Q9D257_SYMMI  61.5      22 7.8E-05   46.6   0.0   23  177-199  1352-1374(1880)
468 tr|A0A146SWB4|A0A146SWB4_FUNHE  61.4      23 7.9E-05   40.1   0.0   16  120-135    24-39  (294)
469 tr|A0A139A8W1|A0A139A8W1_GONPR  61.4      23 7.9E-05   44.2   0.0   26  178-203   711-736 (861)
470 tr|A0A195FW83|A0A195FW83_9HYME  61.3      23 7.9E-05   46.1   0.0   22  257-278   845-866 (1597)
471 tr|U3JA80|U3JA80_DANRE Serine/  61.3      22   8E-05   37.2   0.0   10  194-203    70-79  (148)
472 tr|K7MB77|K7MB77_SOYBN Unchara  61.2      23   8E-05   45.2   0.0   11  291-301  1143-1153(1201)
473 tr|A0A182INF1|A0A182INF1_9DIPT  61.2      23   8E-05   44.3   0.0   14  327-340   659-672 (903)
474 tr|A0A1I8Q7S2|A0A1I8Q7S2_STOCA  61.0      22 8.1E-05   45.4   0.0    1  149-149   554-554 (1082)
475 tr|A0A0L0FYI7|A0A0L0FYI7_9EUKA  61.0      23 8.1E-05   41.3   0.0   14  198-211    84-97  (399)
476 tr|A0A0N4UXN5|A0A0N4UXN5_ENTVE  61.0      23 8.1E-05   41.4   0.0   20  309-328   200-219 (414)
477 tr|E2AGX6|E2AGX6_CAMFO Another  61.0      23 8.1E-05   45.0   0.0   22  104-125   661-682 (1128)
478 tr|A0A183I0L1|A0A183I0L1_9BILA  60.9      23 8.1E-05   33.5   0.0   14  180-193    29-42  (76)
479 tr|B0W5Y4|B0W5Y4_CULQU Putativ  60.9      22 8.1E-05   44.6   0.0   29  171-199   556-586 (790)
480 tr|E1ZGL1|E1ZGL1_CHLVA Putativ  60.9      22 8.2E-05   41.4   0.0   32  334-365   258-291 (354)
481 tr|A0A146II01|A0A146II01_9AGAR  60.9      22 8.2E-05   46.0   0.0    5   42-46     45-49  (1091)
482 tr|A0A182MG37|A0A182MG37_9DIPT  60.8      23 8.2E-05   39.0   0.0   24  176-199   202-225 (237)
483 tr|A0A061H1T8|A0A061H1T8_9BASI  60.8      23 8.2E-05   42.2   0.0    7  121-127   234-240 (514)
484 tr|A0A1S3JLX9|A0A1S3JLX9_LINUN  60.7      24 8.3E-05   40.2   0.0   19  121-139   133-151 (313)
485 tr|A0A177WJ05|A0A177WJ05_BATDE  60.7      24 8.3E-05   42.8   0.0   16   44-59    256-271 (610)
486 tr|A0A0P5YJI8|A0A0P5YJI8_9CRUS  60.6      24 8.3E-05   41.6   0.0   10  269-278   146-155 (447)
487 tr|U6LLU0|U6LLU0_9EIME Unchara  60.5      24 8.4E-05   43.7   0.0   37  165-204   272-308 (791)
488 tr|A0A183KCD7|A0A183KCD7_9TREM  60.4      24 8.4E-05   34.7   0.0    1  181-181    53-53  (99)
489 tr|W5K190|W5K190_ASTMX Unchara  60.4      24 8.4E-05   32.5   0.0   22  148-169    15-36  (65)
490 tr|A0A0L0DAR8|A0A0L0DAR8_THETB  60.4      24 8.5E-05   44.8   0.0   22  178-199   160-181 (1111)
491 tr|A0A182P643|A0A182P643_9DIPT  60.3      24 8.5E-05   43.5   0.0   12  307-318   464-475 (748)
492 tr|A0A182HVD3|A0A182HVD3_ANOAR  60.3      24 8.5E-05   44.4   0.0    1  309-309   304-304 (1000)
493 tr|A0A0Q3Q4P5|A0A0Q3Q4P5_AMAAE  60.2      24 8.6E-05   37.4   0.0   25  180-205   140-164 (171)
494 tr|A0A194V916|A0A194V916_9PEZI  60.0      23 8.7E-05   41.4   0.0   31  169-199    23-53  (354)
495 tr|Q070L8|Q070L8_CPRVZ Unchara  59.9      25 8.7E-05   41.7   0.0   11  210-220   416-426 (476)
496 tr|A0A1A8X6W6|A0A1A8X6W6_PLAMA  59.8      25 8.8E-05   34.9   0.0   14  180-193    41-54  (104)
497 tr|I1G6C5|I1G6C5_AMPQE Unchara  59.7      25 8.8E-05   42.9   0.0    9  167-175   149-157 (650)
498 tr|A0A016U109|A0A016U109_9BILA  59.7      25 8.8E-05   36.4   0.0   21  178-198    55-75  (142)
499 tr|X6LHL8|X6LHL8_RETFI Unchara  59.7      25 8.9E-05   35.8   0.0   19  180-198    27-45  (125)
500 tr|W4YNQ3|W4YNQ3_STRPU Unchara  59.7      25 8.9E-05   43.6   0.0    6  343-348   731-736 (804)

